[0.249s] Invoking command in '/home/lennoxtr/turtlebot3_ws/src/build/velocity_msg': CMAKE_PREFIX_PATH=/opt/ros/humble /usr/bin/cmake --build /home/lennoxtr/turtlebot3_ws/src/build/velocity_msg -- -j12 -l12
[0.280s] [35m[1mConsolidate compiler generated dependencies of target velocity_msg__rosidl_generator_c[0m
[0.298s] [  3%] Built target velocity_msg__cpp
[0.298s] [ 12%] Built target velocity_msg__rosidl_generator_c
[0.298s] [ 12%] Built target ament_cmake_python_copy_velocity_msg
[0.302s] [35m[1mConsolidate compiler generated dependencies of target velocity_msg__rosidl_typesupport_introspection_cpp[0m
[0.304s] [35m[1mConsolidate compiler generated dependencies of target velocity_msg__rosidl_typesupport_fastrtps_c[0m
[0.306s] [35m[1mConsolidate compiler generated dependencies of target velocity_msg__rosidl_typesupport_cpp[0m
[0.306s] [35m[1mConsolidate compiler generated dependencies of target velocity_msg__rosidl_typesupport_introspection_c[0m
[0.306s] [35m[1mConsolidate compiler generated dependencies of target velocity_msg__rosidl_typesupport_c[0m
[0.306s] [35m[1mConsolidate compiler generated dependencies of target velocity_msg__rosidl_typesupport_fastrtps_cpp[0m
[0.310s] [ 22%] Built target velocity_msg__rosidl_typesupport_c
[0.311s] [ 32%] Built target velocity_msg__rosidl_typesupport_introspection_c
[0.311s] [ 41%] Built target velocity_msg__rosidl_typesupport_cpp
[0.311s] [ 61%] Built target velocity_msg__rosidl_typesupport_fastrtps_c
[0.311s] [ 61%] Built target velocity_msg__rosidl_typesupport_introspection_cpp
[0.312s] [ 70%] Built target velocity_msg__rosidl_typesupport_fastrtps_cpp
[0.329s] [ 70%] Built target velocity_msg
[0.352s] [ 74%] Built target velocity_msg__py
[0.353s] [35m[1mConsolidate compiler generated dependencies of target velocity_msg__rosidl_generator_py[0m
[0.362s] [ 80%] Built target velocity_msg__rosidl_generator_py
[0.373s] [35m[1mConsolidate compiler generated dependencies of target velocity_msg__rosidl_typesupport_introspection_c__pyext[0m
[0.374s] [35m[1mConsolidate compiler generated dependencies of target velocity_msg__rosidl_typesupport_fastrtps_c__pyext[0m
[0.374s] [35m[1mConsolidate compiler generated dependencies of target velocity_msg__rosidl_typesupport_c__pyext[0m
[0.380s] [ 87%] Built target velocity_msg__rosidl_typesupport_introspection_c__pyext
[0.383s] [ 93%] Built target velocity_msg__rosidl_typesupport_c__pyext
[0.384s] [100%] Built target velocity_msg__rosidl_typesupport_fastrtps_c__pyext
[0.489s] running egg_info
[0.489s] writing velocity_msg.egg-info/PKG-INFO
[0.489s] writing dependency_links to velocity_msg.egg-info/dependency_links.txt
[0.489s] writing top-level names to velocity_msg.egg-info/top_level.txt
[0.492s] reading manifest file 'velocity_msg.egg-info/SOURCES.txt'
[0.492s] writing manifest file 'velocity_msg.egg-info/SOURCES.txt'
[0.516s] [100%] Built target ament_cmake_python_build_velocity_msg_egg
[0.634s] Invoked command in '/home/lennoxtr/turtlebot3_ws/src/build/velocity_msg' returned '0': CMAKE_PREFIX_PATH=/opt/ros/humble /usr/bin/cmake --build /home/lennoxtr/turtlebot3_ws/src/build/velocity_msg -- -j12 -l12
[0.668s] Invoking command in '/home/lennoxtr/turtlebot3_ws/src/build/velocity_msg': CMAKE_PREFIX_PATH=/opt/ros/humble /usr/bin/cmake --install /home/lennoxtr/turtlebot3_ws/src/build/velocity_msg
[0.674s] -- Install configuration: ""
[0.675s] -- Up-to-date: /home/lennoxtr/turtlebot3_ws/src/install/velocity_msg/share/ament_index/resource_index/rosidl_interfaces/velocity_msg
[0.675s] -- Up-to-date: /home/lennoxtr/turtlebot3_ws/src/install/velocity_msg/include/velocity_msg/velocity_msg
[0.675s] -- Up-to-date: /home/lennoxtr/turtlebot3_ws/src/install/velocity_msg/include/velocity_msg/velocity_msg/msg
[0.675s] -- Up-to-date: /home/lennoxtr/turtlebot3_ws/src/install/velocity_msg/include/velocity_msg/velocity_msg/msg/velocity.h
[0.675s] -- Up-to-date: /home/lennoxtr/turtlebot3_ws/src/install/velocity_msg/include/velocity_msg/velocity_msg/msg/detail
[0.675s] -- Up-to-date: /home/lennoxtr/turtlebot3_ws/src/install/velocity_msg/include/velocity_msg/velocity_msg/msg/detail/velocity__type_support.h
[0.675s] -- Up-to-date: /home/lennoxtr/turtlebot3_ws/src/install/velocity_msg/include/velocity_msg/velocity_msg/msg/detail/velocity__functions.h
[0.675s] -- Up-to-date: /home/lennoxtr/turtlebot3_ws/src/install/velocity_msg/include/velocity_msg/velocity_msg/msg/detail/velocity__struct.h
[0.675s] -- Up-to-date: /home/lennoxtr/turtlebot3_ws/src/install/velocity_msg/include/velocity_msg/velocity_msg/msg/detail/velocity__functions.c
[0.675s] -- Up-to-date: /home/lennoxtr/turtlebot3_ws/src/install/velocity_msg/include/velocity_msg/velocity_msg/msg/rosidl_generator_c__visibility_control.h
[0.675s] -- Up-to-date: /home/lennoxtr/turtlebot3_ws/src/install/velocity_msg/share/velocity_msg/environment/library_path.sh
[0.675s] -- Up-to-date: /home/lennoxtr/turtlebot3_ws/src/install/velocity_msg/share/velocity_msg/environment/library_path.dsv
[0.675s] -- Up-to-date: /home/lennoxtr/turtlebot3_ws/src/install/velocity_msg/lib/libvelocity_msg__rosidl_generator_c.so
[0.675s] -- Up-to-date: /home/lennoxtr/turtlebot3_ws/src/install/velocity_msg/include/velocity_msg/velocity_msg
[0.676s] -- Up-to-date: /home/lennoxtr/turtlebot3_ws/src/install/velocity_msg/include/velocity_msg/velocity_msg/msg
[0.676s] -- Up-to-date: /home/lennoxtr/turtlebot3_ws/src/install/velocity_msg/include/velocity_msg/velocity_msg/msg/rosidl_typesupport_fastrtps_c__visibility_control.h
[0.676s] -- Up-to-date: /home/lennoxtr/turtlebot3_ws/src/install/velocity_msg/include/velocity_msg/velocity_msg/msg/detail
[0.676s] -- Up-to-date: /home/lennoxtr/turtlebot3_ws/src/install/velocity_msg/include/velocity_msg/velocity_msg/msg/detail/velocity__rosidl_typesupport_fastrtps_c.h
[0.676s] -- Up-to-date: /home/lennoxtr/turtlebot3_ws/src/install/velocity_msg/lib/libvelocity_msg__rosidl_typesupport_fastrtps_c.so
[0.676s] -- Up-to-date: /home/lennoxtr/turtlebot3_ws/src/install/velocity_msg/include/velocity_msg/velocity_msg
[0.676s] -- Up-to-date: /home/lennoxtr/turtlebot3_ws/src/install/velocity_msg/include/velocity_msg/velocity_msg/msg
[0.676s] -- Up-to-date: /home/lennoxtr/turtlebot3_ws/src/install/velocity_msg/include/velocity_msg/velocity_msg/msg/rosidl_typesupport_introspection_c__visibility_control.h
[0.676s] -- Up-to-date: /home/lennoxtr/turtlebot3_ws/src/install/velocity_msg/include/velocity_msg/velocity_msg/msg/detail
[0.676s] -- Up-to-date: /home/lennoxtr/turtlebot3_ws/src/install/velocity_msg/include/velocity_msg/velocity_msg/msg/detail/velocity__rosidl_typesupport_introspection_c.h
[0.676s] -- Up-to-date: /home/lennoxtr/turtlebot3_ws/src/install/velocity_msg/include/velocity_msg/velocity_msg/msg/detail/velocity__type_support.c
[0.676s] -- Up-to-date: /home/lennoxtr/turtlebot3_ws/src/install/velocity_msg/lib/libvelocity_msg__rosidl_typesupport_introspection_c.so
[0.676s] -- Up-to-date: /home/lennoxtr/turtlebot3_ws/src/install/velocity_msg/lib/libvelocity_msg__rosidl_typesupport_c.so
[0.676s] -- Up-to-date: /home/lennoxtr/turtlebot3_ws/src/install/velocity_msg/include/velocity_msg/velocity_msg
[0.677s] -- Up-to-date: /home/lennoxtr/turtlebot3_ws/src/install/velocity_msg/include/velocity_msg/velocity_msg/msg
[0.677s] -- Up-to-date: /home/lennoxtr/turtlebot3_ws/src/install/velocity_msg/include/velocity_msg/velocity_msg/msg/velocity.hpp
[0.677s] -- Up-to-date: /home/lennoxtr/turtlebot3_ws/src/install/velocity_msg/include/velocity_msg/velocity_msg/msg/detail
[0.677s] -- Up-to-date: /home/lennoxtr/turtlebot3_ws/src/install/velocity_msg/include/velocity_msg/velocity_msg/msg/detail/velocity__traits.hpp
[0.677s] -- Up-to-date: /home/lennoxtr/turtlebot3_ws/src/install/velocity_msg/include/velocity_msg/velocity_msg/msg/detail/velocity__builder.hpp
[0.677s] -- Up-to-date: /home/lennoxtr/turtlebot3_ws/src/install/velocity_msg/include/velocity_msg/velocity_msg/msg/detail/velocity__struct.hpp
[0.677s] -- Up-to-date: /home/lennoxtr/turtlebot3_ws/src/install/velocity_msg/include/velocity_msg/velocity_msg
[0.677s] -- Up-to-date: /home/lennoxtr/turtlebot3_ws/src/install/velocity_msg/include/velocity_msg/velocity_msg/msg
[0.677s] -- Up-to-date: /home/lennoxtr/turtlebot3_ws/src/install/velocity_msg/include/velocity_msg/velocity_msg/msg/rosidl_typesupport_fastrtps_cpp__visibility_control.h
[0.677s] -- Up-to-date: /home/lennoxtr/turtlebot3_ws/src/install/velocity_msg/include/velocity_msg/velocity_msg/msg/detail
[0.677s] -- Up-to-date: /home/lennoxtr/turtlebot3_ws/src/install/velocity_msg/include/velocity_msg/velocity_msg/msg/detail/dds_fastrtps
[0.677s] -- Up-to-date: /home/lennoxtr/turtlebot3_ws/src/install/velocity_msg/include/velocity_msg/velocity_msg/msg/detail/velocity__rosidl_typesupport_fastrtps_cpp.hpp
[0.677s] -- Up-to-date: /home/lennoxtr/turtlebot3_ws/src/install/velocity_msg/lib/libvelocity_msg__rosidl_typesupport_fastrtps_cpp.so
[0.677s] -- Up-to-date: /home/lennoxtr/turtlebot3_ws/src/install/velocity_msg/include/velocity_msg/velocity_msg
[0.677s] -- Up-to-date: /home/lennoxtr/turtlebot3_ws/src/install/velocity_msg/include/velocity_msg/velocity_msg/msg
[0.678s] -- Up-to-date: /home/lennoxtr/turtlebot3_ws/src/install/velocity_msg/include/velocity_msg/velocity_msg/msg/detail
[0.678s] -- Up-to-date: /home/lennoxtr/turtlebot3_ws/src/install/velocity_msg/include/velocity_msg/velocity_msg/msg/detail/velocity__type_support.cpp
[0.678s] -- Up-to-date: /home/lennoxtr/turtlebot3_ws/src/install/velocity_msg/include/velocity_msg/velocity_msg/msg/detail/velocity__rosidl_typesupport_introspection_cpp.hpp
[0.678s] -- Up-to-date: /home/lennoxtr/turtlebot3_ws/src/install/velocity_msg/lib/libvelocity_msg__rosidl_typesupport_introspection_cpp.so
[0.678s] -- Up-to-date: /home/lennoxtr/turtlebot3_ws/src/install/velocity_msg/lib/libvelocity_msg__rosidl_typesupport_cpp.so
[0.678s] -- Up-to-date: /home/lennoxtr/turtlebot3_ws/src/install/velocity_msg/share/velocity_msg/environment/pythonpath.sh
[0.678s] -- Up-to-date: /home/lennoxtr/turtlebot3_ws/src/install/velocity_msg/share/velocity_msg/environment/pythonpath.dsv
[0.678s] -- Up-to-date: /home/lennoxtr/turtlebot3_ws/src/install/velocity_msg/local/lib/python3.10/dist-packages/velocity_msg-0.0.0-py3.10.egg-info
[0.678s] -- Installing: /home/lennoxtr/turtlebot3_ws/src/install/velocity_msg/local/lib/python3.10/dist-packages/velocity_msg-0.0.0-py3.10.egg-info/dependency_links.txt
[0.678s] -- Installing: /home/lennoxtr/turtlebot3_ws/src/install/velocity_msg/local/lib/python3.10/dist-packages/velocity_msg-0.0.0-py3.10.egg-info/SOURCES.txt
[0.678s] -- Installing: /home/lennoxtr/turtlebot3_ws/src/install/velocity_msg/local/lib/python3.10/dist-packages/velocity_msg-0.0.0-py3.10.egg-info/PKG-INFO
[0.678s] -- Installing: /home/lennoxtr/turtlebot3_ws/src/install/velocity_msg/local/lib/python3.10/dist-packages/velocity_msg-0.0.0-py3.10.egg-info/top_level.txt
[0.678s] -- Up-to-date: /home/lennoxtr/turtlebot3_ws/src/install/velocity_msg/local/lib/python3.10/dist-packages/velocity_msg
[0.678s] -- Up-to-date: /home/lennoxtr/turtlebot3_ws/src/install/velocity_msg/local/lib/python3.10/dist-packages/velocity_msg/velocity_msg_s__rosidl_typesupport_c.cpython-310-x86_64-linux-gnu.so
[0.678s] -- Up-to-date: /home/lennoxtr/turtlebot3_ws/src/install/velocity_msg/local/lib/python3.10/dist-packages/velocity_msg/_velocity_msg_s.ep.rosidl_typesupport_c.c
[0.679s] -- Up-to-date: /home/lennoxtr/turtlebot3_ws/src/install/velocity_msg/local/lib/python3.10/dist-packages/velocity_msg/velocity_msg_s__rosidl_typesupport_fastrtps_c.cpython-310-x86_64-linux-gnu.so
[0.679s] -- Up-to-date: /home/lennoxtr/turtlebot3_ws/src/install/velocity_msg/local/lib/python3.10/dist-packages/velocity_msg/__init__.py
[0.679s] -- Up-to-date: /home/lennoxtr/turtlebot3_ws/src/install/velocity_msg/local/lib/python3.10/dist-packages/velocity_msg/velocity_msg_s__rosidl_typesupport_introspection_c.cpython-310-x86_64-linux-gnu.so
[0.679s] -- Up-to-date: /home/lennoxtr/turtlebot3_ws/src/install/velocity_msg/local/lib/python3.10/dist-packages/velocity_msg/msg
[0.679s] -- Up-to-date: /home/lennoxtr/turtlebot3_ws/src/install/velocity_msg/local/lib/python3.10/dist-packages/velocity_msg/msg/__init__.py
[0.679s] -- Up-to-date: /home/lennoxtr/turtlebot3_ws/src/install/velocity_msg/local/lib/python3.10/dist-packages/velocity_msg/msg/_velocity.py
[0.679s] -- Up-to-date: /home/lennoxtr/turtlebot3_ws/src/install/velocity_msg/local/lib/python3.10/dist-packages/velocity_msg/msg/_velocity_s.c
[0.679s] -- Up-to-date: /home/lennoxtr/turtlebot3_ws/src/install/velocity_msg/local/lib/python3.10/dist-packages/velocity_msg/libvelocity_msg__rosidl_generator_py.so
[0.679s] -- Up-to-date: /home/lennoxtr/turtlebot3_ws/src/install/velocity_msg/local/lib/python3.10/dist-packages/velocity_msg/_velocity_msg_s.ep.rosidl_typesupport_fastrtps_c.c
[0.679s] -- Up-to-date: /home/lennoxtr/turtlebot3_ws/src/install/velocity_msg/local/lib/python3.10/dist-packages/velocity_msg/_velocity_msg_s.ep.rosidl_typesupport_introspection_c.c
[0.698s] Listing '/home/lennoxtr/turtlebot3_ws/src/install/velocity_msg/local/lib/python3.10/dist-packages/velocity_msg'...
[0.698s] Listing '/home/lennoxtr/turtlebot3_ws/src/install/velocity_msg/local/lib/python3.10/dist-packages/velocity_msg/msg'...
[0.701s] -- Up-to-date: /home/lennoxtr/turtlebot3_ws/src/install/velocity_msg/local/lib/python3.10/dist-packages/velocity_msg/velocity_msg_s__rosidl_typesupport_fastrtps_c.cpython-310-x86_64-linux-gnu.so
[0.701s] -- Up-to-date: /home/lennoxtr/turtlebot3_ws/src/install/velocity_msg/local/lib/python3.10/dist-packages/velocity_msg/velocity_msg_s__rosidl_typesupport_introspection_c.cpython-310-x86_64-linux-gnu.so
[0.701s] -- Up-to-date: /home/lennoxtr/turtlebot3_ws/src/install/velocity_msg/local/lib/python3.10/dist-packages/velocity_msg/velocity_msg_s__rosidl_typesupport_c.cpython-310-x86_64-linux-gnu.so
[0.701s] -- Up-to-date: /home/lennoxtr/turtlebot3_ws/src/install/velocity_msg/lib/libvelocity_msg__rosidl_generator_py.so
[0.702s] -- Up-to-date: /home/lennoxtr/turtlebot3_ws/src/install/velocity_msg/share/velocity_msg/msg/Velocity.idl
[0.702s] -- Up-to-date: /home/lennoxtr/turtlebot3_ws/src/install/velocity_msg/share/velocity_msg/msg/Velocity.msg
[0.702s] -- Up-to-date: /home/lennoxtr/turtlebot3_ws/src/install/velocity_msg/share/ament_index/resource_index/package_run_dependencies/velocity_msg
[0.702s] -- Up-to-date: /home/lennoxtr/turtlebot3_ws/src/install/velocity_msg/share/ament_index/resource_index/parent_prefix_path/velocity_msg
[0.702s] -- Up-to-date: /home/lennoxtr/turtlebot3_ws/src/install/velocity_msg/share/velocity_msg/environment/ament_prefix_path.sh
[0.702s] -- Up-to-date: /home/lennoxtr/turtlebot3_ws/src/install/velocity_msg/share/velocity_msg/environment/ament_prefix_path.dsv
[0.702s] -- Up-to-date: /home/lennoxtr/turtlebot3_ws/src/install/velocity_msg/share/velocity_msg/environment/path.sh
[0.702s] -- Up-to-date: /home/lennoxtr/turtlebot3_ws/src/install/velocity_msg/share/velocity_msg/environment/path.dsv
[0.702s] -- Up-to-date: /home/lennoxtr/turtlebot3_ws/src/install/velocity_msg/share/velocity_msg/local_setup.bash
[0.702s] -- Up-to-date: /home/lennoxtr/turtlebot3_ws/src/install/velocity_msg/share/velocity_msg/local_setup.sh
[0.702s] -- Up-to-date: /home/lennoxtr/turtlebot3_ws/src/install/velocity_msg/share/velocity_msg/local_setup.zsh
[0.702s] -- Up-to-date: /home/lennoxtr/turtlebot3_ws/src/install/velocity_msg/share/velocity_msg/local_setup.dsv
[0.702s] -- Installing: /home/lennoxtr/turtlebot3_ws/src/install/velocity_msg/share/velocity_msg/package.dsv
[0.703s] -- Up-to-date: /home/lennoxtr/turtlebot3_ws/src/install/velocity_msg/share/ament_index/resource_index/packages/velocity_msg
[0.703s] -- Up-to-date: /home/lennoxtr/turtlebot3_ws/src/install/velocity_msg/share/velocity_msg/cmake/export_velocity_msg__rosidl_generator_cExport.cmake
[0.703s] -- Up-to-date: /home/lennoxtr/turtlebot3_ws/src/install/velocity_msg/share/velocity_msg/cmake/export_velocity_msg__rosidl_generator_cExport-noconfig.cmake
[0.703s] -- Up-to-date: /home/lennoxtr/turtlebot3_ws/src/install/velocity_msg/share/velocity_msg/cmake/export_velocity_msg__rosidl_typesupport_fastrtps_cExport.cmake
[0.703s] -- Up-to-date: /home/lennoxtr/turtlebot3_ws/src/install/velocity_msg/share/velocity_msg/cmake/export_velocity_msg__rosidl_typesupport_fastrtps_cExport-noconfig.cmake
[0.703s] -- Up-to-date: /home/lennoxtr/turtlebot3_ws/src/install/velocity_msg/share/velocity_msg/cmake/velocity_msg__rosidl_typesupport_introspection_cExport.cmake
[0.703s] -- Up-to-date: /home/lennoxtr/turtlebot3_ws/src/install/velocity_msg/share/velocity_msg/cmake/velocity_msg__rosidl_typesupport_introspection_cExport-noconfig.cmake
[0.703s] -- Up-to-date: /home/lennoxtr/turtlebot3_ws/src/install/velocity_msg/share/velocity_msg/cmake/velocity_msg__rosidl_typesupport_cExport.cmake
[0.703s] -- Up-to-date: /home/lennoxtr/turtlebot3_ws/src/install/velocity_msg/share/velocity_msg/cmake/velocity_msg__rosidl_typesupport_cExport-noconfig.cmake
[0.703s] -- Up-to-date: /home/lennoxtr/turtlebot3_ws/src/install/velocity_msg/share/velocity_msg/cmake/export_velocity_msg__rosidl_generator_cppExport.cmake
[0.703s] -- Up-to-date: /home/lennoxtr/turtlebot3_ws/src/install/velocity_msg/share/velocity_msg/cmake/export_velocity_msg__rosidl_typesupport_fastrtps_cppExport.cmake
[0.703s] -- Up-to-date: /home/lennoxtr/turtlebot3_ws/src/install/velocity_msg/share/velocity_msg/cmake/export_velocity_msg__rosidl_typesupport_fastrtps_cppExport-noconfig.cmake
[0.703s] -- Up-to-date: /home/lennoxtr/turtlebot3_ws/src/install/velocity_msg/share/velocity_msg/cmake/velocity_msg__rosidl_typesupport_introspection_cppExport.cmake
[0.704s] -- Up-to-date: /home/lennoxtr/turtlebot3_ws/src/install/velocity_msg/share/velocity_msg/cmake/velocity_msg__rosidl_typesupport_introspection_cppExport-noconfig.cmake
[0.704s] -- Up-to-date: /home/lennoxtr/turtlebot3_ws/src/install/velocity_msg/share/velocity_msg/cmake/velocity_msg__rosidl_typesupport_cppExport.cmake
[0.704s] -- Up-to-date: /home/lennoxtr/turtlebot3_ws/src/install/velocity_msg/share/velocity_msg/cmake/velocity_msg__rosidl_typesupport_cppExport-noconfig.cmake
[0.704s] -- Up-to-date: /home/lennoxtr/turtlebot3_ws/src/install/velocity_msg/share/velocity_msg/cmake/export_velocity_msg__rosidl_generator_pyExport.cmake
[0.704s] -- Up-to-date: /home/lennoxtr/turtlebot3_ws/src/install/velocity_msg/share/velocity_msg/cmake/export_velocity_msg__rosidl_generator_pyExport-noconfig.cmake
[0.704s] -- Up-to-date: /home/lennoxtr/turtlebot3_ws/src/install/velocity_msg/share/velocity_msg/cmake/rosidl_cmake-extras.cmake
[0.704s] -- Up-to-date: /home/lennoxtr/turtlebot3_ws/src/install/velocity_msg/share/velocity_msg/cmake/ament_cmake_export_include_directories-extras.cmake
[0.704s] -- Up-to-date: /home/lennoxtr/turtlebot3_ws/src/install/velocity_msg/share/velocity_msg/cmake/ament_cmake_export_libraries-extras.cmake
[0.704s] -- Up-to-date: /home/lennoxtr/turtlebot3_ws/src/install/velocity_msg/share/velocity_msg/cmake/ament_cmake_export_targets-extras.cmake
[0.704s] -- Up-to-date: /home/lennoxtr/turtlebot3_ws/src/install/velocity_msg/share/velocity_msg/cmake/rosidl_cmake_export_typesupport_targets-extras.cmake
[0.704s] -- Up-to-date: /home/lennoxtr/turtlebot3_ws/src/install/velocity_msg/share/velocity_msg/cmake/ament_cmake_export_dependencies-extras.cmake
[0.704s] -- Up-to-date: /home/lennoxtr/turtlebot3_ws/src/install/velocity_msg/share/velocity_msg/cmake/rosidl_cmake_export_typesupport_libraries-extras.cmake
[0.704s] -- Up-to-date: /home/lennoxtr/turtlebot3_ws/src/install/velocity_msg/share/velocity_msg/cmake/velocity_msgConfig.cmake
[0.704s] -- Up-to-date: /home/lennoxtr/turtlebot3_ws/src/install/velocity_msg/share/velocity_msg/cmake/velocity_msgConfig-version.cmake
[0.704s] -- Up-to-date: /home/lennoxtr/turtlebot3_ws/src/install/velocity_msg/share/velocity_msg/package.xml
[0.706s] Invoked command in '/home/lennoxtr/turtlebot3_ws/src/build/velocity_msg' returned '0': CMAKE_PREFIX_PATH=/opt/ros/humble /usr/bin/cmake --install /home/lennoxtr/turtlebot3_ws/src/build/velocity_msg
