[0.008s] Invoking command in '/home/lennoxtr/turtlebot3_ws/src/build/turtlebot3_simulations': AMENT_PREFIX_PATH=/home/lennoxtr/turtlebot3_ws/src/install/turtlebot3_gazebo:/home/lennoxtr/turtlebot3_ws/src/install/turtlebot3_fake_node:${AMENT_PREFIX_PATH} CMAKE_PREFIX_PATH=/home/lennoxtr/turtlebot3_ws/src/install/turtlebot3_gazebo:/home/lennoxtr/turtlebot3_ws/src/install/turtlebot3_fake_node:/opt/ros/humble /usr/bin/cmake --build /home/lennoxtr/turtlebot3_ws/src/build/turtlebot3_simulations -- -j12 -l12
[0.035s] Invoked command in '/home/lennoxtr/turtlebot3_ws/src/build/turtlebot3_simulations' returned '0': AMENT_PREFIX_PATH=/home/lennoxtr/turtlebot3_ws/src/install/turtlebot3_gazebo:/home/lennoxtr/turtlebot3_ws/src/install/turtlebot3_fake_node:${AMENT_PREFIX_PATH} CMAKE_PREFIX_PATH=/home/lennoxtr/turtlebot3_ws/src/install/turtlebot3_gazebo:/home/lennoxtr/turtlebot3_ws/src/install/turtlebot3_fake_node:/opt/ros/humble /usr/bin/cmake --build /home/lennoxtr/turtlebot3_ws/src/build/turtlebot3_simulations -- -j12 -l12
[0.054s] Invoking command in '/home/lennoxtr/turtlebot3_ws/src/build/turtlebot3_simulations': AMENT_PREFIX_PATH=/home/lennoxtr/turtlebot3_ws/src/install/turtlebot3_gazebo:/home/lennoxtr/turtlebot3_ws/src/install/turtlebot3_fake_node:${AMENT_PREFIX_PATH} CMAKE_PREFIX_PATH=/home/lennoxtr/turtlebot3_ws/src/install/turtlebot3_gazebo:/home/lennoxtr/turtlebot3_ws/src/install/turtlebot3_fake_node:/opt/ros/humble /usr/bin/cmake --install /home/lennoxtr/turtlebot3_ws/src/build/turtlebot3_simulations
[0.059s] -- Install configuration: ""
[0.060s] -- Up-to-date: /home/lennoxtr/turtlebot3_ws/src/install/turtlebot3_simulations/share/ament_index/resource_index/package_run_dependencies/turtlebot3_simulations
[0.060s] -- Up-to-date: /home/lennoxtr/turtlebot3_ws/src/install/turtlebot3_simulations/share/ament_index/resource_index/parent_prefix_path/turtlebot3_simulations
[0.060s] -- Up-to-date: /home/lennoxtr/turtlebot3_ws/src/install/turtlebot3_simulations/share/turtlebot3_simulations/environment/ament_prefix_path.sh
[0.060s] -- Up-to-date: /home/lennoxtr/turtlebot3_ws/src/install/turtlebot3_simulations/share/turtlebot3_simulations/environment/ament_prefix_path.dsv
[0.060s] -- Up-to-date: /home/lennoxtr/turtlebot3_ws/src/install/turtlebot3_simulations/share/turtlebot3_simulations/environment/path.sh
[0.060s] -- Up-to-date: /home/lennoxtr/turtlebot3_ws/src/install/turtlebot3_simulations/share/turtlebot3_simulations/environment/path.dsv
[0.060s] -- Up-to-date: /home/lennoxtr/turtlebot3_ws/src/install/turtlebot3_simulations/share/turtlebot3_simulations/local_setup.bash
[0.060s] -- Up-to-date: /home/lennoxtr/turtlebot3_ws/src/install/turtlebot3_simulations/share/turtlebot3_simulations/local_setup.sh
[0.060s] -- Up-to-date: /home/lennoxtr/turtlebot3_ws/src/install/turtlebot3_simulations/share/turtlebot3_simulations/local_setup.zsh
[0.060s] -- Up-to-date: /home/lennoxtr/turtlebot3_ws/src/install/turtlebot3_simulations/share/turtlebot3_simulations/local_setup.dsv
[0.060s] -- Up-to-date: /home/lennoxtr/turtlebot3_ws/src/install/turtlebot3_simulations/share/turtlebot3_simulations/package.dsv
[0.060s] -- Up-to-date: /home/lennoxtr/turtlebot3_ws/src/install/turtlebot3_simulations/share/ament_index/resource_index/packages/turtlebot3_simulations
[0.060s] -- Up-to-date: /home/lennoxtr/turtlebot3_ws/src/install/turtlebot3_simulations/share/turtlebot3_simulations/cmake/turtlebot3_simulationsConfig.cmake
[0.061s] -- Up-to-date: /home/lennoxtr/turtlebot3_ws/src/install/turtlebot3_simulations/share/turtlebot3_simulations/cmake/turtlebot3_simulationsConfig-version.cmake
[0.061s] -- Up-to-date: /home/lennoxtr/turtlebot3_ws/src/install/turtlebot3_simulations/share/turtlebot3_simulations/package.xml
[0.062s] Invoked command in '/home/lennoxtr/turtlebot3_ws/src/build/turtlebot3_simulations' returned '0': AMENT_PREFIX_PATH=/home/lennoxtr/turtlebot3_ws/src/install/turtlebot3_gazebo:/home/lennoxtr/turtlebot3_ws/src/install/turtlebot3_fake_node:${AMENT_PREFIX_PATH} CMAKE_PREFIX_PATH=/home/lennoxtr/turtlebot3_ws/src/install/turtlebot3_gazebo:/home/lennoxtr/turtlebot3_ws/src/install/turtlebot3_fake_node:/opt/ros/humble /usr/bin/cmake --install /home/lennoxtr/turtlebot3_ws/src/build/turtlebot3_simulations
