[0.011s] Invoking command in '/home/lennoxtr/turtlebot3_ws/src/build/turtlebot3_gazebo': CMAKE_PREFIX_PATH=/opt/ros/humble /usr/bin/cmake /home/lennoxtr/turtlebot3_ws/src/turtlebot3_simulations/turtlebot3_gazebo -DCMAKE_INSTALL_PREFIX=/home/lennoxtr/turtlebot3_ws/src/install/turtlebot3_gazebo
[0.074s] -- The C compiler identification is GNU 11.4.0
[0.130s] -- The CXX compiler identification is GNU 11.4.0
[0.137s] -- Detecting C compiler ABI info
[0.186s] -- Detecting C compiler ABI info - done
[0.191s] -- Check for working C compiler: /usr/bin/cc - skipped
[0.192s] -- Detecting C compile features
[0.192s] -- Detecting C compile features - done
[0.195s] -- Detecting CXX compiler ABI info
[0.250s] -- Detecting CXX compiler ABI info - done
[0.259s] -- Check for working CXX compiler: /usr/bin/c++ - skipped
[0.259s] -- Detecting CXX compile features
[0.260s] -- Detecting CXX compile features - done
[0.262s] -- Found ament_cmake: 1.3.10 (/opt/ros/humble/share/ament_cmake/cmake)
[0.363s] -- Found Python3: /usr/bin/python3 (found version "3.10.12") found components: Interpreter 
[0.441s] -- Found rclpy: 3.3.14 (/opt/ros/humble/share/rclpy/cmake)
[0.448s] [33mCMake Warning (dev) at /usr/share/cmake-3.22/Modules/FindPackageHandleStandardArgs.cmake:438 (message):
[0.448s]   The package name passed to `find_package_handle_standard_args` (PkgConfig)
[0.448s]   does not match the name of the calling package (gazebo).  This can lead to
[0.448s]   problems in calling code that expects `find_package` result variables
[0.448s]   (e.g., `_FOUND`) to follow a certain pattern.
[0.448s] Call Stack (most recent call first):
[0.449s]   /usr/share/cmake-3.22/Modules/FindPkgConfig.cmake:99 (find_package_handle_standard_args)
[0.449s]   /usr/lib/x86_64-linux-gnu/cmake/gazebo/gazebo-config.cmake:72 (include)
[0.449s]   CMakeLists.txt:24 (find_package)
[0.449s] This warning is for project developers.  Use -Wno-dev to suppress it.
[0.449s] [0m
[0.449s] -- Found PkgConfig: /usr/bin/pkg-config (found version "0.29.2") 
[0.452s] -- Checking for module 'bullet>=2.82'
[0.460s] --   Found bullet, version 3.05
[0.531s] -- Found fcl: /usr/include (found suitable version "0.7.0", minimum required is "0.5.0") 
[0.562s] -- Found assimp: /usr/include (found version "5.2.0") 
[0.587s] -- Found DART: /usr/include (Required is at least version "6.6") found components: dart 
[0.722s] -- Found Boost: /usr/lib/x86_64-linux-gnu/cmake/Boost-1.74.0/BoostConfig.cmake (found suitable version "1.74.0", minimum required is "1.40.0") found components: thread system filesystem program_options regex iostreams date_time 
[0.739s] -- Found Protobuf: /usr/lib/x86_64-linux-gnu/libprotobuf.so (found version "3.12.4") 
[0.744s] -- Looking for ignition-math6 -- found version 6.15.1
[0.751s] -- Searching for dependencies of ignition-math6
[0.753s] -- Looking for OGRE...
[0.753s] -- OGRE_PREFIX_WATCH changed.
[0.757s] -- Checking for module 'OGRE'
[0.764s] --   Found OGRE, version 1.9.0
[0.786s] -- Found Ogre Ghadamon (1.9.0)
[0.793s] -- Found OGRE: optimized;/usr/lib/x86_64-linux-gnu/libOgreMain.so;debug;/usr/lib/x86_64-linux-gnu/libOgreMain.so
[0.800s] -- Looking for OGRE_Paging...
[0.804s] -- Found OGRE_Paging: optimized;/usr/lib/x86_64-linux-gnu/libOgrePaging.so;debug;/usr/lib/x86_64-linux-gnu/libOgrePaging.so
[0.804s] -- Looking for OGRE_Terrain...
[0.807s] -- Found OGRE_Terrain: optimized;/usr/lib/x86_64-linux-gnu/libOgreTerrain.so;debug;/usr/lib/x86_64-linux-gnu/libOgreTerrain.so
[0.807s] -- Looking for OGRE_Property...
[0.810s] -- Found OGRE_Property: optimized;/usr/lib/x86_64-linux-gnu/libOgreProperty.so;debug;/usr/lib/x86_64-linux-gnu/libOgreProperty.so
[0.810s] -- Looking for OGRE_RTShaderSystem...
[0.814s] -- Found OGRE_RTShaderSystem: optimized;/usr/lib/x86_64-linux-gnu/libOgreRTShaderSystem.so;debug;/usr/lib/x86_64-linux-gnu/libOgreRTShaderSystem.so
[0.814s] -- Looking for OGRE_Volume...
[0.817s] -- Found OGRE_Volume: optimized;/usr/lib/x86_64-linux-gnu/libOgreVolume.so;debug;/usr/lib/x86_64-linux-gnu/libOgreVolume.so
[0.818s] -- Looking for OGRE_Overlay...
[0.821s] -- Found OGRE_Overlay: optimized;/usr/lib/x86_64-linux-gnu/libOgreOverlay.so;debug;/usr/lib/x86_64-linux-gnu/libOgreOverlay.so
[0.888s] -- Looking for ignition-math6 -- found version 6.15.1
[0.890s] -- Looking for ignition-transport8 -- found version 8.2.1
[0.890s] -- Searching for dependencies of ignition-transport8
[0.903s] -- Found Protobuf: /usr/lib/x86_64-linux-gnu/libprotobuf.so (found suitable version "3.12.4", minimum required is "3") 
[0.910s] -- Config-file not installed for ZeroMQ -- checking for pkg-config
[0.913s] -- Checking for module 'libzmq >= 4'
[0.923s] --   Found libzmq , version 4.3.4
[0.944s] -- Found ZeroMQ: TRUE (Required is at least version "4") 
[0.948s] -- Checking for module 'uuid'
[0.956s] --   Found uuid, version 2.37.2
[0.976s] -- Found UUID: TRUE  
[0.978s] -- Looking for ignition-msgs5 -- found version 5.8.1
[0.978s] -- Searching for dependencies of ignition-msgs5
[0.991s] -- Looking for ignition-math6 -- found version 6.15.1
[0.995s] -- Checking for module 'tinyxml2'
[1.003s] --   Found tinyxml2, version 9.0.0
[1.024s] -- Looking for ignition-msgs5 -- found version 5.8.1
[1.026s] -- Looking for ignition-common3 -- found version 3.14.0
[1.027s] -- Searching for dependencies of ignition-common3
[1.027s] -- Looking for dlfcn.h - found
[1.028s] -- Looking for libdl - found
[1.029s] -- Found DL: TRUE  
[1.037s] -- Found tinyobjloader: /usr/lib/x86_64-linux-gnu/cmake/tinyobjloader/tinyobjloader-config.cmake (found version "2.0.0") 
[1.038s] -- Searching for <ignition-common3> component [graphics]
[1.039s] -- Looking for ignition-common3-graphics -- found version 3.14.0
[1.039s] -- Searching for dependencies of ignition-common3-graphics
[1.039s] -- Looking for ignition-math6 -- found version 6.15.1
[1.042s] -- Looking for ignition-fuel_tools4 -- found version 4.4.0
[1.042s] -- Searching for dependencies of ignition-fuel_tools4
[1.093s] -- Found CURL: /usr/lib/x86_64-linux-gnu/libcurl.so (found version "7.81.0")  
[1.102s] -- Checking for module 'jsoncpp'
[1.110s] --   Found jsoncpp, version 1.9.5
[1.131s] -- Found JSONCPP: TRUE  
[1.135s] -- Checking for module 'libzip'
[1.143s] --   Found libzip, version 1.7.3
[1.165s] -- Found ZIP: TRUE  
[1.165s] -- Looking for ignition-common3 -- found version 3.14.0
[1.165s] -- Looking for ignition-math6 -- found version 6.15.1
[1.166s] -- Looking for ignition-msgs5 -- found version 5.8.1
[1.170s] -- Found gazebo_ros_pkgs: 3.7.0 (/opt/ros/humble/share/gazebo_ros_pkgs/cmake)
[1.171s] -- Found geometry_msgs: 4.2.4 (/opt/ros/humble/share/geometry_msgs/cmake)
[1.190s] -- Found rosidl_generator_c: 3.1.5 (/opt/ros/humble/share/rosidl_generator_c/cmake)
[1.193s] -- Found rosidl_adapter: 3.1.5 (/opt/ros/humble/share/rosidl_adapter/cmake)
[1.199s] -- Found rosidl_generator_cpp: 3.1.5 (/opt/ros/humble/share/rosidl_generator_cpp/cmake)
[1.207s] -- Using all available rosidl_typesupport_c: rosidl_typesupport_fastrtps_c;rosidl_typesupport_introspection_c
[1.217s] -- Using all available rosidl_typesupport_cpp: rosidl_typesupport_fastrtps_cpp;rosidl_typesupport_introspection_cpp
[1.243s] -- Found nav_msgs: 4.2.4 (/opt/ros/humble/share/nav_msgs/cmake)
[1.255s] -- Found rclcpp: 16.0.10 (/opt/ros/humble/share/rclcpp/cmake)
[1.279s] -- Found rmw_implementation_cmake: 6.1.2 (/opt/ros/humble/share/rmw_implementation_cmake/cmake)
[1.281s] -- Found rmw_fastrtps_cpp: 6.2.7 (/opt/ros/humble/share/rmw_fastrtps_cpp/cmake)
[1.349s] -- Found OpenSSL: /usr/lib/x86_64-linux-gnu/libcrypto.so (found version "3.0.2")  
[1.377s] -- Found FastRTPS: /opt/ros/humble/include  
[1.426s] -- Using RMW implementation 'rmw_fastrtps_cpp' as default
[1.436s] -- Found Threads: TRUE  
[1.483s] -- Found sensor_msgs: 4.2.4 (/opt/ros/humble/share/sensor_msgs/cmake)
[1.505s] -- Found tf2: 0.25.8 (/opt/ros/humble/share/tf2/cmake)
[1.595s] -- Configuring done
[1.634s] -- Generating done
[1.637s] -- Build files have been written to: /home/lennoxtr/turtlebot3_ws/src/build/turtlebot3_gazebo
[1.655s] Invoked command in '/home/lennoxtr/turtlebot3_ws/src/build/turtlebot3_gazebo' returned '0': CMAKE_PREFIX_PATH=/opt/ros/humble /usr/bin/cmake /home/lennoxtr/turtlebot3_ws/src/turtlebot3_simulations/turtlebot3_gazebo -DCMAKE_INSTALL_PREFIX=/home/lennoxtr/turtlebot3_ws/src/install/turtlebot3_gazebo
[1.657s] Invoking command in '/home/lennoxtr/turtlebot3_ws/src/build/turtlebot3_gazebo': CMAKE_PREFIX_PATH=/opt/ros/humble /usr/bin/cmake --build /home/lennoxtr/turtlebot3_ws/src/build/turtlebot3_gazebo -- -j12 -l12
[1.699s] [ 12%] [32mBuilding CXX object CMakeFiles/turtlebot3_drive.dir/src/turtlebot3_drive.cpp.o[0m
[1.701s] [ 37%] [32mBuilding CXX object CMakeFiles/obstacle2.dir/models/turtlebot3_dqn_world/obstacle_plugin/obstacle2.cc.o[0m
[1.701s] [ 37%] [32mBuilding CXX object CMakeFiles/obstacles.dir/models/turtlebot3_dqn_world/obstacle_plugin/obstacles.cc.o[0m
[1.702s] [ 50%] [32mBuilding CXX object CMakeFiles/obstacle1.dir/models/turtlebot3_dqn_world/obstacle_plugin/obstacle1.cc.o[0m
[10.199s] [ 62%] [32m[1mLinking CXX executable turtlebot3_drive[0m
[10.407s] [ 75%] [32m[1mLinking CXX shared library libobstacle2.so[0m
[10.474s] [ 87%] [32m[1mLinking CXX shared library libobstacle1.so[0m
[10.488s] [100%] [32m[1mLinking CXX shared library libobstacles.so[0m
[10.606s] [100%] Built target obstacle2
[10.653s] [100%] Built target obstacle1
[10.663s] [100%] Built target obstacles
[10.680s] [100%] Built target turtlebot3_drive
[10.688s] Invoked command in '/home/lennoxtr/turtlebot3_ws/src/build/turtlebot3_gazebo' returned '0': CMAKE_PREFIX_PATH=/opt/ros/humble /usr/bin/cmake --build /home/lennoxtr/turtlebot3_ws/src/build/turtlebot3_gazebo -- -j12 -l12
[10.710s] Invoking command in '/home/lennoxtr/turtlebot3_ws/src/build/turtlebot3_gazebo': CMAKE_PREFIX_PATH=/opt/ros/humble /usr/bin/cmake --install /home/lennoxtr/turtlebot3_ws/src/build/turtlebot3_gazebo
[10.715s] -- Install configuration: ""
[10.715s] -- Installing: /home/lennoxtr/turtlebot3_ws/src/install/turtlebot3_gazebo/lib/turtlebot3_gazebo/turtlebot3_drive
[10.718s] -- Set runtime path of "/home/lennoxtr/turtlebot3_ws/src/install/turtlebot3_gazebo/lib/turtlebot3_gazebo/turtlebot3_drive" to ""
[10.718s] -- Installing: /home/lennoxtr/turtlebot3_ws/src/install/turtlebot3_gazebo/share/turtlebot3_gazebo//launch
[10.718s] -- Installing: /home/lennoxtr/turtlebot3_ws/src/install/turtlebot3_gazebo/share/turtlebot3_gazebo//launch/turtlebot3_dqn_stage3.launch.py
[10.718s] -- Installing: /home/lennoxtr/turtlebot3_ws/src/install/turtlebot3_gazebo/share/turtlebot3_gazebo//launch/dummy.urdf
[10.719s] -- Installing: /home/lennoxtr/turtlebot3_ws/src/install/turtlebot3_gazebo/share/turtlebot3_gazebo//launch/spawn_turtlebot_with_node.py
[10.719s] -- Installing: /home/lennoxtr/turtlebot3_ws/src/install/turtlebot3_gazebo/share/turtlebot3_gazebo//launch/turtlebot3_dqn_stage4.launch.py
[10.719s] -- Installing: /home/lennoxtr/turtlebot3_ws/src/install/turtlebot3_gazebo/share/turtlebot3_gazebo//launch/turtlebot3_dqn_stage1.launch.py
[10.719s] -- Installing: /home/lennoxtr/turtlebot3_ws/src/install/turtlebot3_gazebo/share/turtlebot3_gazebo//launch/spawn_turtlebot3.launch.py
[10.719s] -- Installing: /home/lennoxtr/turtlebot3_ws/src/install/turtlebot3_gazebo/share/turtlebot3_gazebo//launch/turtlebot3_house.launch.py
[10.719s] -- Installing: /home/lennoxtr/turtlebot3_ws/src/install/turtlebot3_gazebo/share/turtlebot3_gazebo//launch/start_world_launch.py
[10.720s] -- Installing: /home/lennoxtr/turtlebot3_ws/src/install/turtlebot3_gazebo/share/turtlebot3_gazebo//launch/spawn_turtlebot_launch.py
[10.720s] -- Installing: /home/lennoxtr/turtlebot3_ws/src/install/turtlebot3_gazebo/share/turtlebot3_gazebo//launch/multi_spawn_turtlebot_launch.py
[10.720s] -- Installing: /home/lennoxtr/turtlebot3_ws/src/install/turtlebot3_gazebo/share/turtlebot3_gazebo//launch/empty_world.launch.py
[10.720s] -- Installing: /home/lennoxtr/turtlebot3_ws/src/install/turtlebot3_gazebo/share/turtlebot3_gazebo//launch/turtlebot3_dqn_stage2.launch.py
[10.720s] -- Installing: /home/lennoxtr/turtlebot3_ws/src/install/turtlebot3_gazebo/share/turtlebot3_gazebo//launch/turtlebot3_world.launch.py
[10.720s] -- Installing: /home/lennoxtr/turtlebot3_ws/src/install/turtlebot3_gazebo/share/turtlebot3_gazebo//launch/robot_state_publisher.launch.py
[10.720s] -- Installing: /home/lennoxtr/turtlebot3_ws/src/install/turtlebot3_gazebo/share/turtlebot3_gazebo//models
[10.720s] -- Installing: /home/lennoxtr/turtlebot3_ws/src/install/turtlebot3_gazebo/share/turtlebot3_gazebo//models/turtlebot3_waffle_pi
[10.720s] -- Installing: /home/lennoxtr/turtlebot3_ws/src/install/turtlebot3_gazebo/share/turtlebot3_gazebo//models/turtlebot3_waffle_pi/model.config
[10.721s] -- Installing: /home/lennoxtr/turtlebot3_ws/src/install/turtlebot3_gazebo/share/turtlebot3_gazebo//models/turtlebot3_waffle_pi/model-1_4_.sdf
[10.721s] -- Installing: /home/lennoxtr/turtlebot3_ws/src/install/turtlebot3_gazebo/share/turtlebot3_gazebo//models/turtlebot3_waffle_pi/model.sdf
[10.721s] -- Installing: /home/lennoxtr/turtlebot3_ws/src/install/turtlebot3_gazebo/share/turtlebot3_gazebo//models/turtlebot3_dqn_world
[10.721s] -- Installing: /home/lennoxtr/turtlebot3_ws/src/install/turtlebot3_gazebo/share/turtlebot3_gazebo//models/turtlebot3_dqn_world/model.config
[10.721s] -- Installing: /home/lennoxtr/turtlebot3_ws/src/install/turtlebot3_gazebo/share/turtlebot3_gazebo//models/turtlebot3_dqn_world/obstacle_plugin
[10.721s] -- Installing: /home/lennoxtr/turtlebot3_ws/src/install/turtlebot3_gazebo/share/turtlebot3_gazebo//models/turtlebot3_dqn_world/obstacle_plugin/obstacle1.cc
[10.721s] -- Installing: /home/lennoxtr/turtlebot3_ws/src/install/turtlebot3_gazebo/share/turtlebot3_gazebo//models/turtlebot3_dqn_world/obstacle_plugin/obstacle2.cc
[10.721s] -- Installing: /home/lennoxtr/turtlebot3_ws/src/install/turtlebot3_gazebo/share/turtlebot3_gazebo//models/turtlebot3_dqn_world/obstacle_plugin/CMakeLists.txt
[10.721s] -- Installing: /home/lennoxtr/turtlebot3_ws/src/install/turtlebot3_gazebo/share/turtlebot3_gazebo//models/turtlebot3_dqn_world/obstacle_plugin/obstacles.cc
[10.721s] -- Installing: /home/lennoxtr/turtlebot3_ws/src/install/turtlebot3_gazebo/share/turtlebot3_gazebo//models/turtlebot3_dqn_world/obstacles
[10.721s] -- Installing: /home/lennoxtr/turtlebot3_ws/src/install/turtlebot3_gazebo/share/turtlebot3_gazebo//models/turtlebot3_dqn_world/obstacles/model.config
[10.721s] -- Installing: /home/lennoxtr/turtlebot3_ws/src/install/turtlebot3_gazebo/share/turtlebot3_gazebo//models/turtlebot3_dqn_world/obstacles/model.sdf
[10.722s] -- Installing: /home/lennoxtr/turtlebot3_ws/src/install/turtlebot3_gazebo/share/turtlebot3_gazebo//models/turtlebot3_dqn_world/goal_box
[10.722s] -- Installing: /home/lennoxtr/turtlebot3_ws/src/install/turtlebot3_gazebo/share/turtlebot3_gazebo//models/turtlebot3_dqn_world/goal_box/model.config
[10.722s] -- Installing: /home/lennoxtr/turtlebot3_ws/src/install/turtlebot3_gazebo/share/turtlebot3_gazebo//models/turtlebot3_dqn_world/goal_box/model.sdf
[10.722s] -- Installing: /home/lennoxtr/turtlebot3_ws/src/install/turtlebot3_gazebo/share/turtlebot3_gazebo//models/turtlebot3_dqn_world/inner_walls
[10.722s] -- Installing: /home/lennoxtr/turtlebot3_ws/src/install/turtlebot3_gazebo/share/turtlebot3_gazebo//models/turtlebot3_dqn_world/inner_walls/model.config
[10.722s] -- Installing: /home/lennoxtr/turtlebot3_ws/src/install/turtlebot3_gazebo/share/turtlebot3_gazebo//models/turtlebot3_dqn_world/inner_walls/model.sdf
[10.722s] -- Installing: /home/lennoxtr/turtlebot3_ws/src/install/turtlebot3_gazebo/share/turtlebot3_gazebo//models/turtlebot3_dqn_world/obstacle2
[10.722s] -- Installing: /home/lennoxtr/turtlebot3_ws/src/install/turtlebot3_gazebo/share/turtlebot3_gazebo//models/turtlebot3_dqn_world/obstacle2/model.config
[10.722s] -- Installing: /home/lennoxtr/turtlebot3_ws/src/install/turtlebot3_gazebo/share/turtlebot3_gazebo//models/turtlebot3_dqn_world/obstacle2/model.sdf
[10.723s] -- Installing: /home/lennoxtr/turtlebot3_ws/src/install/turtlebot3_gazebo/share/turtlebot3_gazebo//models/turtlebot3_dqn_world/model.sdf
[10.723s] -- Installing: /home/lennoxtr/turtlebot3_ws/src/install/turtlebot3_gazebo/share/turtlebot3_gazebo//models/turtlebot3_dqn_world/obstacle1
[10.723s] -- Installing: /home/lennoxtr/turtlebot3_ws/src/install/turtlebot3_gazebo/share/turtlebot3_gazebo//models/turtlebot3_dqn_world/obstacle1/model.config
[10.723s] -- Installing: /home/lennoxtr/turtlebot3_ws/src/install/turtlebot3_gazebo/share/turtlebot3_gazebo//models/turtlebot3_dqn_world/obstacle1/model.sdf
[10.723s] -- Installing: /home/lennoxtr/turtlebot3_ws/src/install/turtlebot3_gazebo/share/turtlebot3_gazebo//models/turtlebot3_burger
[10.723s] -- Installing: /home/lennoxtr/turtlebot3_ws/src/install/turtlebot3_gazebo/share/turtlebot3_gazebo//models/turtlebot3_burger/model.config
[10.723s] -- Installing: /home/lennoxtr/turtlebot3_ws/src/install/turtlebot3_gazebo/share/turtlebot3_gazebo//models/turtlebot3_burger/model_2.sdf
[10.723s] -- Installing: /home/lennoxtr/turtlebot3_ws/src/install/turtlebot3_gazebo/share/turtlebot3_gazebo//models/turtlebot3_burger/model.sdf
[10.723s] -- Installing: /home/lennoxtr/turtlebot3_ws/src/install/turtlebot3_gazebo/share/turtlebot3_gazebo//models/turtlebot3_burger/model-1_4.sdf
[10.724s] -- Installing: /home/lennoxtr/turtlebot3_ws/src/install/turtlebot3_gazebo/share/turtlebot3_gazebo//models/turtlebot3_house
[10.724s] -- Installing: /home/lennoxtr/turtlebot3_ws/src/install/turtlebot3_gazebo/share/turtlebot3_gazebo//models/turtlebot3_house/model.config
[10.724s] -- Installing: /home/lennoxtr/turtlebot3_ws/src/install/turtlebot3_gazebo/share/turtlebot3_gazebo//models/turtlebot3_house/model.sdf
[10.724s] -- Installing: /home/lennoxtr/turtlebot3_ws/src/install/turtlebot3_gazebo/share/turtlebot3_gazebo//models/turtlebot3_waffle
[10.724s] -- Installing: /home/lennoxtr/turtlebot3_ws/src/install/turtlebot3_gazebo/share/turtlebot3_gazebo//models/turtlebot3_waffle/model.config
[10.724s] -- Installing: /home/lennoxtr/turtlebot3_ws/src/install/turtlebot3_gazebo/share/turtlebot3_gazebo//models/turtlebot3_waffle/model.sdf
[10.724s] -- Installing: /home/lennoxtr/turtlebot3_ws/src/install/turtlebot3_gazebo/share/turtlebot3_gazebo//models/turtlebot3_waffle/model-1_4.sdf
[10.725s] -- Installing: /home/lennoxtr/turtlebot3_ws/src/install/turtlebot3_gazebo/share/turtlebot3_gazebo//models/turtlebot3_common
[10.725s] -- Installing: /home/lennoxtr/turtlebot3_ws/src/install/turtlebot3_gazebo/share/turtlebot3_gazebo//models/turtlebot3_common/meshes
[10.725s] -- Installing: /home/lennoxtr/turtlebot3_ws/src/install/turtlebot3_gazebo/share/turtlebot3_gazebo//models/turtlebot3_common/meshes/tire.dae
[10.725s] -- Installing: /home/lennoxtr/turtlebot3_ws/src/install/turtlebot3_gazebo/share/turtlebot3_gazebo//models/turtlebot3_common/meshes/waffle_pi_base.dae
[10.725s] -- Installing: /home/lennoxtr/turtlebot3_ws/src/install/turtlebot3_gazebo/share/turtlebot3_gazebo//models/turtlebot3_common/meshes/waffle_base.dae
[10.725s] -- Installing: /home/lennoxtr/turtlebot3_ws/src/install/turtlebot3_gazebo/share/turtlebot3_gazebo//models/turtlebot3_common/meshes/lds.dae
[10.725s] -- Installing: /home/lennoxtr/turtlebot3_ws/src/install/turtlebot3_gazebo/share/turtlebot3_gazebo//models/turtlebot3_common/meshes/r200.dae
[10.726s] -- Installing: /home/lennoxtr/turtlebot3_ws/src/install/turtlebot3_gazebo/share/turtlebot3_gazebo//models/turtlebot3_common/meshes/burger_base.dae
[10.726s] -- Installing: /home/lennoxtr/turtlebot3_ws/src/install/turtlebot3_gazebo/share/turtlebot3_gazebo//models/turtlebot3_common/model.config
[10.726s] -- Installing: /home/lennoxtr/turtlebot3_ws/src/install/turtlebot3_gazebo/share/turtlebot3_gazebo//models/turtlebot3_world
[10.726s] -- Installing: /home/lennoxtr/turtlebot3_ws/src/install/turtlebot3_gazebo/share/turtlebot3_gazebo//models/turtlebot3_world/meshes
[10.726s] -- Installing: /home/lennoxtr/turtlebot3_ws/src/install/turtlebot3_gazebo/share/turtlebot3_gazebo//models/turtlebot3_world/meshes/hexagon.dae
[10.726s] -- Installing: /home/lennoxtr/turtlebot3_ws/src/install/turtlebot3_gazebo/share/turtlebot3_gazebo//models/turtlebot3_world/meshes/wall.dae
[10.727s] -- Installing: /home/lennoxtr/turtlebot3_ws/src/install/turtlebot3_gazebo/share/turtlebot3_gazebo//models/turtlebot3_world/model.config
[10.727s] -- Installing: /home/lennoxtr/turtlebot3_ws/src/install/turtlebot3_gazebo/share/turtlebot3_gazebo//models/turtlebot3_world/model.sdf
[10.727s] -- Installing: /home/lennoxtr/turtlebot3_ws/src/install/turtlebot3_gazebo/share/turtlebot3_gazebo//models/turtlebot3_world/model-1_4.sdf
[10.727s] -- Installing: /home/lennoxtr/turtlebot3_ws/src/install/turtlebot3_gazebo/share/turtlebot3_gazebo//rviz
[10.727s] -- Installing: /home/lennoxtr/turtlebot3_ws/src/install/turtlebot3_gazebo/share/turtlebot3_gazebo//rviz/tb3_gazebo.rviz
[10.727s] -- Installing: /home/lennoxtr/turtlebot3_ws/src/install/turtlebot3_gazebo/share/turtlebot3_gazebo//urdf
[10.727s] -- Installing: /home/lennoxtr/turtlebot3_ws/src/install/turtlebot3_gazebo/share/turtlebot3_gazebo//urdf/common_properties.urdf
[10.727s] -- Installing: /home/lennoxtr/turtlebot3_ws/src/install/turtlebot3_gazebo/share/turtlebot3_gazebo//urdf/turtlebot3_waffle.urdf
[10.727s] -- Installing: /home/lennoxtr/turtlebot3_ws/src/install/turtlebot3_gazebo/share/turtlebot3_gazebo//urdf/turtlebot3_waffle_pi.urdf
[10.728s] -- Installing: /home/lennoxtr/turtlebot3_ws/src/install/turtlebot3_gazebo/share/turtlebot3_gazebo//urdf/turtlebot3_burger.urdf
[10.728s] -- Installing: /home/lennoxtr/turtlebot3_ws/src/install/turtlebot3_gazebo/share/turtlebot3_gazebo//worlds
[10.728s] -- Installing: /home/lennoxtr/turtlebot3_ws/src/install/turtlebot3_gazebo/share/turtlebot3_gazebo//worlds/turtlebot3_dqn_stage2.world
[10.728s] -- Installing: /home/lennoxtr/turtlebot3_ws/src/install/turtlebot3_gazebo/share/turtlebot3_gazebo//worlds/turtlebot3_house.world
[10.728s] -- Installing: /home/lennoxtr/turtlebot3_ws/src/install/turtlebot3_gazebo/share/turtlebot3_gazebo//worlds/turtlebot3_dqn_stage1.world
[10.728s] -- Installing: /home/lennoxtr/turtlebot3_ws/src/install/turtlebot3_gazebo/share/turtlebot3_gazebo//worlds/turtlebot3_dqn_stage4.world
[10.728s] -- Installing: /home/lennoxtr/turtlebot3_ws/src/install/turtlebot3_gazebo/share/turtlebot3_gazebo//worlds/empty_world.world
[10.728s] -- Installing: /home/lennoxtr/turtlebot3_ws/src/install/turtlebot3_gazebo/share/turtlebot3_gazebo//worlds/turtlebot3_world.world
[10.729s] -- Installing: /home/lennoxtr/turtlebot3_ws/src/install/turtlebot3_gazebo/share/turtlebot3_gazebo//worlds/turtlebot3_dqn_stage3.world
[10.729s] -- Installing: /home/lennoxtr/turtlebot3_ws/src/install/turtlebot3_gazebo/include/
[10.729s] -- Installing: /home/lennoxtr/turtlebot3_ws/src/install/turtlebot3_gazebo/include//turtlebot3_gazebo
[10.729s] -- Installing: /home/lennoxtr/turtlebot3_ws/src/install/turtlebot3_gazebo/include//turtlebot3_gazebo/turtlebot3_drive.hpp
[10.729s] -- Installing: /home/lennoxtr/turtlebot3_ws/src/install/turtlebot3_gazebo/lib/turtlebot3_gazebo/spawn_turtlebot_launch.py
[10.729s] -- Installing: /home/lennoxtr/turtlebot3_ws/src/install/turtlebot3_gazebo/share/ament_index/resource_index/package_run_dependencies/turtlebot3_gazebo
[10.729s] -- Installing: /home/lennoxtr/turtlebot3_ws/src/install/turtlebot3_gazebo/share/ament_index/resource_index/parent_prefix_path/turtlebot3_gazebo
[10.729s] -- Installing: /home/lennoxtr/turtlebot3_ws/src/install/turtlebot3_gazebo/share/turtlebot3_gazebo/environment/ament_prefix_path.sh
[10.729s] -- Installing: /home/lennoxtr/turtlebot3_ws/src/install/turtlebot3_gazebo/share/turtlebot3_gazebo/environment/ament_prefix_path.dsv
[10.729s] -- Installing: /home/lennoxtr/turtlebot3_ws/src/install/turtlebot3_gazebo/share/turtlebot3_gazebo/environment/path.sh
[10.730s] -- Installing: /home/lennoxtr/turtlebot3_ws/src/install/turtlebot3_gazebo/share/turtlebot3_gazebo/environment/path.dsv
[10.730s] -- Installing: /home/lennoxtr/turtlebot3_ws/src/install/turtlebot3_gazebo/share/turtlebot3_gazebo/local_setup.bash
[10.730s] -- Installing: /home/lennoxtr/turtlebot3_ws/src/install/turtlebot3_gazebo/share/turtlebot3_gazebo/local_setup.sh
[10.730s] -- Installing: /home/lennoxtr/turtlebot3_ws/src/install/turtlebot3_gazebo/share/turtlebot3_gazebo/local_setup.zsh
[10.730s] -- Installing: /home/lennoxtr/turtlebot3_ws/src/install/turtlebot3_gazebo/share/turtlebot3_gazebo/local_setup.dsv
[10.730s] -- Installing: /home/lennoxtr/turtlebot3_ws/src/install/turtlebot3_gazebo/share/turtlebot3_gazebo/package.dsv
[10.730s] -- Installing: /home/lennoxtr/turtlebot3_ws/src/install/turtlebot3_gazebo/share/ament_index/resource_index/packages/turtlebot3_gazebo
[10.730s] -- Installing: /home/lennoxtr/turtlebot3_ws/src/install/turtlebot3_gazebo/share/turtlebot3_gazebo/cmake/ament_cmake_export_include_directories-extras.cmake
[10.730s] -- Installing: /home/lennoxtr/turtlebot3_ws/src/install/turtlebot3_gazebo/share/turtlebot3_gazebo/cmake/ament_cmake_export_dependencies-extras.cmake
[10.730s] -- Installing: /home/lennoxtr/turtlebot3_ws/src/install/turtlebot3_gazebo/share/turtlebot3_gazebo/cmake/turtlebot3_gazeboConfig.cmake
[10.730s] -- Installing: /home/lennoxtr/turtlebot3_ws/src/install/turtlebot3_gazebo/share/turtlebot3_gazebo/cmake/turtlebot3_gazeboConfig-version.cmake
[10.730s] -- Installing: /home/lennoxtr/turtlebot3_ws/src/install/turtlebot3_gazebo/share/turtlebot3_gazebo/package.xml
[10.732s] Invoked command in '/home/lennoxtr/turtlebot3_ws/src/build/turtlebot3_gazebo' returned '0': CMAKE_PREFIX_PATH=/opt/ros/humble /usr/bin/cmake --install /home/lennoxtr/turtlebot3_ws/src/build/turtlebot3_gazebo
