[0.020s] Invoking command in '/home/lennoxtr/turtlebot3_ws/src/build/robot_goal': CMAKE_PREFIX_PATH=${CMAKE_PREFIX_PATH}:/home/lennoxtr/turtlebot3_ws/src/install/robot_goal_pub:/home/lennoxtr/turtlebot3_ws/src/install/goal_input:/opt/ros/humble /usr/bin/cmake --build /home/lennoxtr/turtlebot3_ws/src/build/robot_goal -- -j12 -l12
[0.065s] [  3%] Built target robot_goal__cpp
[0.068s] [ 12%] Built target robot_goal__rosidl_generator_c
[0.089s] [ 12%] Built target ament_cmake_python_copy_robot_goal
[0.106s] [ 22%] Built target robot_goal__rosidl_typesupport_cpp
[0.116s] [ 32%] Built target robot_goal__rosidl_typesupport_fastrtps_cpp
[0.116s] [ 41%] Built target robot_goal__rosidl_typesupport_introspection_cpp
[0.123s] [ 61%] Built target robot_goal__rosidl_typesupport_c
[0.123s] [ 70%] Built target robot_goal__rosidl_typesupport_fastrtps_c
[0.124s] [ 70%] Built target robot_goal__rosidl_typesupport_introspection_c
[0.155s] [ 70%] Built target robot_goal
[0.179s] [ 74%] Built target robot_goal__py
[0.215s] [ 80%] Built target robot_goal__rosidl_generator_py
[0.232s] [ 87%] Built target robot_goal__rosidl_typesupport_introspection_c__pyext
[0.239s] [ 93%] Built target robot_goal__rosidl_typesupport_fastrtps_c__pyext
[0.240s] [100%] Built target robot_goal__rosidl_typesupport_c__pyext
[0.351s] running egg_info
[0.352s] writing robot_goal.egg-info/PKG-INFO
[0.352s] writing dependency_links to robot_goal.egg-info/dependency_links.txt
[0.352s] writing top-level names to robot_goal.egg-info/top_level.txt
[0.354s] reading manifest file 'robot_goal.egg-info/SOURCES.txt'
[0.354s] writing manifest file 'robot_goal.egg-info/SOURCES.txt'
[0.379s] [100%] Built target ament_cmake_python_build_robot_goal_egg
[0.389s] Invoked command in '/home/lennoxtr/turtlebot3_ws/src/build/robot_goal' returned '0': CMAKE_PREFIX_PATH=${CMAKE_PREFIX_PATH}:/home/lennoxtr/turtlebot3_ws/src/install/robot_goal_pub:/home/lennoxtr/turtlebot3_ws/src/install/goal_input:/opt/ros/humble /usr/bin/cmake --build /home/lennoxtr/turtlebot3_ws/src/build/robot_goal -- -j12 -l12
[0.444s] Invoking command in '/home/lennoxtr/turtlebot3_ws/src/build/robot_goal': CMAKE_PREFIX_PATH=${CMAKE_PREFIX_PATH}:/home/lennoxtr/turtlebot3_ws/src/install/robot_goal_pub:/home/lennoxtr/turtlebot3_ws/src/install/goal_input:/opt/ros/humble /usr/bin/cmake --install /home/lennoxtr/turtlebot3_ws/src/build/robot_goal
[0.451s] -- Install configuration: ""
[0.452s] -- Up-to-date: /home/lennoxtr/turtlebot3_ws/src/install/robot_goal/share/ament_index/resource_index/rosidl_interfaces/robot_goal
[0.452s] -- Up-to-date: /home/lennoxtr/turtlebot3_ws/src/install/robot_goal/include/robot_goal/robot_goal
[0.452s] -- Up-to-date: /home/lennoxtr/turtlebot3_ws/src/install/robot_goal/include/robot_goal/robot_goal/msg
[0.452s] -- Up-to-date: /home/lennoxtr/turtlebot3_ws/src/install/robot_goal/include/robot_goal/robot_goal/msg/goal.h
[0.453s] -- Up-to-date: /home/lennoxtr/turtlebot3_ws/src/install/robot_goal/include/robot_goal/robot_goal/msg/detail
[0.453s] -- Up-to-date: /home/lennoxtr/turtlebot3_ws/src/install/robot_goal/include/robot_goal/robot_goal/msg/detail/goal__type_support.h
[0.453s] -- Up-to-date: /home/lennoxtr/turtlebot3_ws/src/install/robot_goal/include/robot_goal/robot_goal/msg/detail/goal__functions.c
[0.453s] -- Up-to-date: /home/lennoxtr/turtlebot3_ws/src/install/robot_goal/include/robot_goal/robot_goal/msg/detail/goal__functions.h
[0.453s] -- Up-to-date: /home/lennoxtr/turtlebot3_ws/src/install/robot_goal/include/robot_goal/robot_goal/msg/detail/goal__struct.h
[0.453s] -- Up-to-date: /home/lennoxtr/turtlebot3_ws/src/install/robot_goal/include/robot_goal/robot_goal/msg/rosidl_generator_c__visibility_control.h
[0.453s] -- Up-to-date: /home/lennoxtr/turtlebot3_ws/src/install/robot_goal/share/robot_goal/environment/library_path.sh
[0.453s] -- Up-to-date: /home/lennoxtr/turtlebot3_ws/src/install/robot_goal/share/robot_goal/environment/library_path.dsv
[0.453s] -- Up-to-date: /home/lennoxtr/turtlebot3_ws/src/install/robot_goal/lib/librobot_goal__rosidl_generator_c.so
[0.453s] -- Up-to-date: /home/lennoxtr/turtlebot3_ws/src/install/robot_goal/include/robot_goal/robot_goal
[0.454s] -- Up-to-date: /home/lennoxtr/turtlebot3_ws/src/install/robot_goal/include/robot_goal/robot_goal/msg
[0.454s] -- Up-to-date: /home/lennoxtr/turtlebot3_ws/src/install/robot_goal/include/robot_goal/robot_goal/msg/rosidl_typesupport_fastrtps_c__visibility_control.h
[0.454s] -- Up-to-date: /home/lennoxtr/turtlebot3_ws/src/install/robot_goal/include/robot_goal/robot_goal/msg/detail
[0.454s] -- Up-to-date: /home/lennoxtr/turtlebot3_ws/src/install/robot_goal/include/robot_goal/robot_goal/msg/detail/goal__rosidl_typesupport_fastrtps_c.h
[0.454s] -- Up-to-date: /home/lennoxtr/turtlebot3_ws/src/install/robot_goal/lib/librobot_goal__rosidl_typesupport_fastrtps_c.so
[0.454s] -- Up-to-date: /home/lennoxtr/turtlebot3_ws/src/install/robot_goal/include/robot_goal/robot_goal
[0.454s] -- Up-to-date: /home/lennoxtr/turtlebot3_ws/src/install/robot_goal/include/robot_goal/robot_goal/msg
[0.454s] -- Up-to-date: /home/lennoxtr/turtlebot3_ws/src/install/robot_goal/include/robot_goal/robot_goal/msg/rosidl_typesupport_introspection_c__visibility_control.h
[0.454s] -- Up-to-date: /home/lennoxtr/turtlebot3_ws/src/install/robot_goal/include/robot_goal/robot_goal/msg/detail
[0.454s] -- Up-to-date: /home/lennoxtr/turtlebot3_ws/src/install/robot_goal/include/robot_goal/robot_goal/msg/detail/goal__type_support.c
[0.454s] -- Up-to-date: /home/lennoxtr/turtlebot3_ws/src/install/robot_goal/include/robot_goal/robot_goal/msg/detail/goal__rosidl_typesupport_introspection_c.h
[0.454s] -- Up-to-date: /home/lennoxtr/turtlebot3_ws/src/install/robot_goal/lib/librobot_goal__rosidl_typesupport_introspection_c.so
[0.454s] -- Up-to-date: /home/lennoxtr/turtlebot3_ws/src/install/robot_goal/lib/librobot_goal__rosidl_typesupport_c.so
[0.455s] -- Up-to-date: /home/lennoxtr/turtlebot3_ws/src/install/robot_goal/include/robot_goal/robot_goal
[0.455s] -- Up-to-date: /home/lennoxtr/turtlebot3_ws/src/install/robot_goal/include/robot_goal/robot_goal/msg
[0.455s] -- Up-to-date: /home/lennoxtr/turtlebot3_ws/src/install/robot_goal/include/robot_goal/robot_goal/msg/goal.hpp
[0.455s] -- Up-to-date: /home/lennoxtr/turtlebot3_ws/src/install/robot_goal/include/robot_goal/robot_goal/msg/detail
[0.455s] -- Up-to-date: /home/lennoxtr/turtlebot3_ws/src/install/robot_goal/include/robot_goal/robot_goal/msg/detail/goal__struct.hpp
[0.455s] -- Up-to-date: /home/lennoxtr/turtlebot3_ws/src/install/robot_goal/include/robot_goal/robot_goal/msg/detail/goal__traits.hpp
[0.455s] -- Up-to-date: /home/lennoxtr/turtlebot3_ws/src/install/robot_goal/include/robot_goal/robot_goal/msg/detail/goal__builder.hpp
[0.455s] -- Up-to-date: /home/lennoxtr/turtlebot3_ws/src/install/robot_goal/include/robot_goal/robot_goal
[0.455s] -- Up-to-date: /home/lennoxtr/turtlebot3_ws/src/install/robot_goal/include/robot_goal/robot_goal/msg
[0.455s] -- Up-to-date: /home/lennoxtr/turtlebot3_ws/src/install/robot_goal/include/robot_goal/robot_goal/msg/rosidl_typesupport_fastrtps_cpp__visibility_control.h
[0.455s] -- Up-to-date: /home/lennoxtr/turtlebot3_ws/src/install/robot_goal/include/robot_goal/robot_goal/msg/detail
[0.455s] -- Up-to-date: /home/lennoxtr/turtlebot3_ws/src/install/robot_goal/include/robot_goal/robot_goal/msg/detail/goal__rosidl_typesupport_fastrtps_cpp.hpp
[0.455s] -- Up-to-date: /home/lennoxtr/turtlebot3_ws/src/install/robot_goal/include/robot_goal/robot_goal/msg/detail/dds_fastrtps
[0.455s] -- Up-to-date: /home/lennoxtr/turtlebot3_ws/src/install/robot_goal/lib/librobot_goal__rosidl_typesupport_fastrtps_cpp.so
[0.456s] -- Up-to-date: /home/lennoxtr/turtlebot3_ws/src/install/robot_goal/include/robot_goal/robot_goal
[0.456s] -- Up-to-date: /home/lennoxtr/turtlebot3_ws/src/install/robot_goal/include/robot_goal/robot_goal/msg
[0.456s] -- Up-to-date: /home/lennoxtr/turtlebot3_ws/src/install/robot_goal/include/robot_goal/robot_goal/msg/detail
[0.456s] -- Up-to-date: /home/lennoxtr/turtlebot3_ws/src/install/robot_goal/include/robot_goal/robot_goal/msg/detail/goal__rosidl_typesupport_introspection_cpp.hpp
[0.456s] -- Up-to-date: /home/lennoxtr/turtlebot3_ws/src/install/robot_goal/include/robot_goal/robot_goal/msg/detail/goal__type_support.cpp
[0.456s] -- Up-to-date: /home/lennoxtr/turtlebot3_ws/src/install/robot_goal/lib/librobot_goal__rosidl_typesupport_introspection_cpp.so
[0.456s] -- Up-to-date: /home/lennoxtr/turtlebot3_ws/src/install/robot_goal/lib/librobot_goal__rosidl_typesupport_cpp.so
[0.456s] -- Up-to-date: /home/lennoxtr/turtlebot3_ws/src/install/robot_goal/share/robot_goal/environment/pythonpath.sh
[0.456s] -- Up-to-date: /home/lennoxtr/turtlebot3_ws/src/install/robot_goal/share/robot_goal/environment/pythonpath.dsv
[0.456s] -- Up-to-date: /home/lennoxtr/turtlebot3_ws/src/install/robot_goal/local/lib/python3.10/dist-packages/robot_goal-0.0.0-py3.10.egg-info
[0.456s] -- Installing: /home/lennoxtr/turtlebot3_ws/src/install/robot_goal/local/lib/python3.10/dist-packages/robot_goal-0.0.0-py3.10.egg-info/dependency_links.txt
[0.456s] -- Installing: /home/lennoxtr/turtlebot3_ws/src/install/robot_goal/local/lib/python3.10/dist-packages/robot_goal-0.0.0-py3.10.egg-info/SOURCES.txt
[0.456s] -- Installing: /home/lennoxtr/turtlebot3_ws/src/install/robot_goal/local/lib/python3.10/dist-packages/robot_goal-0.0.0-py3.10.egg-info/PKG-INFO
[0.456s] -- Installing: /home/lennoxtr/turtlebot3_ws/src/install/robot_goal/local/lib/python3.10/dist-packages/robot_goal-0.0.0-py3.10.egg-info/top_level.txt
[0.456s] -- Up-to-date: /home/lennoxtr/turtlebot3_ws/src/install/robot_goal/local/lib/python3.10/dist-packages/robot_goal
[0.457s] -- Up-to-date: /home/lennoxtr/turtlebot3_ws/src/install/robot_goal/local/lib/python3.10/dist-packages/robot_goal/robot_goal_s__rosidl_typesupport_introspection_c.cpython-310-x86_64-linux-gnu.so
[0.457s] -- Up-to-date: /home/lennoxtr/turtlebot3_ws/src/install/robot_goal/local/lib/python3.10/dist-packages/robot_goal/_robot_goal_s.ep.rosidl_typesupport_introspection_c.c
[0.457s] -- Up-to-date: /home/lennoxtr/turtlebot3_ws/src/install/robot_goal/local/lib/python3.10/dist-packages/robot_goal/__init__.py
[0.457s] -- Up-to-date: /home/lennoxtr/turtlebot3_ws/src/install/robot_goal/local/lib/python3.10/dist-packages/robot_goal/robot_goal_s__rosidl_typesupport_fastrtps_c.cpython-310-x86_64-linux-gnu.so
[0.457s] -- Up-to-date: /home/lennoxtr/turtlebot3_ws/src/install/robot_goal/local/lib/python3.10/dist-packages/robot_goal/librobot_goal__rosidl_generator_py.so
[0.457s] -- Up-to-date: /home/lennoxtr/turtlebot3_ws/src/install/robot_goal/local/lib/python3.10/dist-packages/robot_goal/msg
[0.457s] -- Up-to-date: /home/lennoxtr/turtlebot3_ws/src/install/robot_goal/local/lib/python3.10/dist-packages/robot_goal/msg/_goal_s.c
[0.457s] -- Up-to-date: /home/lennoxtr/turtlebot3_ws/src/install/robot_goal/local/lib/python3.10/dist-packages/robot_goal/msg/__init__.py
[0.457s] -- Up-to-date: /home/lennoxtr/turtlebot3_ws/src/install/robot_goal/local/lib/python3.10/dist-packages/robot_goal/msg/_goal.py
[0.457s] -- Up-to-date: /home/lennoxtr/turtlebot3_ws/src/install/robot_goal/local/lib/python3.10/dist-packages/robot_goal/_robot_goal_s.ep.rosidl_typesupport_fastrtps_c.c
[0.457s] -- Up-to-date: /home/lennoxtr/turtlebot3_ws/src/install/robot_goal/local/lib/python3.10/dist-packages/robot_goal/_robot_goal_s.ep.rosidl_typesupport_c.c
[0.457s] -- Up-to-date: /home/lennoxtr/turtlebot3_ws/src/install/robot_goal/local/lib/python3.10/dist-packages/robot_goal/robot_goal_s__rosidl_typesupport_c.cpython-310-x86_64-linux-gnu.so
[0.478s] Listing '/home/lennoxtr/turtlebot3_ws/src/install/robot_goal/local/lib/python3.10/dist-packages/robot_goal'...
[0.478s] Listing '/home/lennoxtr/turtlebot3_ws/src/install/robot_goal/local/lib/python3.10/dist-packages/robot_goal/msg'...
[0.482s] -- Up-to-date: /home/lennoxtr/turtlebot3_ws/src/install/robot_goal/local/lib/python3.10/dist-packages/robot_goal/robot_goal_s__rosidl_typesupport_fastrtps_c.cpython-310-x86_64-linux-gnu.so
[0.482s] -- Up-to-date: /home/lennoxtr/turtlebot3_ws/src/install/robot_goal/local/lib/python3.10/dist-packages/robot_goal/robot_goal_s__rosidl_typesupport_introspection_c.cpython-310-x86_64-linux-gnu.so
[0.483s] -- Up-to-date: /home/lennoxtr/turtlebot3_ws/src/install/robot_goal/local/lib/python3.10/dist-packages/robot_goal/robot_goal_s__rosidl_typesupport_c.cpython-310-x86_64-linux-gnu.so
[0.484s] -- Up-to-date: /home/lennoxtr/turtlebot3_ws/src/install/robot_goal/lib/librobot_goal__rosidl_generator_py.so
[0.484s] -- Up-to-date: /home/lennoxtr/turtlebot3_ws/src/install/robot_goal/share/robot_goal/msg/Goal.idl
[0.484s] -- Up-to-date: /home/lennoxtr/turtlebot3_ws/src/install/robot_goal/share/robot_goal/msg/Goal.msg
[0.484s] -- Up-to-date: /home/lennoxtr/turtlebot3_ws/src/install/robot_goal/share/ament_index/resource_index/package_run_dependencies/robot_goal
[0.484s] -- Up-to-date: /home/lennoxtr/turtlebot3_ws/src/install/robot_goal/share/ament_index/resource_index/parent_prefix_path/robot_goal
[0.484s] -- Up-to-date: /home/lennoxtr/turtlebot3_ws/src/install/robot_goal/share/robot_goal/environment/ament_prefix_path.sh
[0.484s] -- Up-to-date: /home/lennoxtr/turtlebot3_ws/src/install/robot_goal/share/robot_goal/environment/ament_prefix_path.dsv
[0.484s] -- Up-to-date: /home/lennoxtr/turtlebot3_ws/src/install/robot_goal/share/robot_goal/environment/path.sh
[0.484s] -- Up-to-date: /home/lennoxtr/turtlebot3_ws/src/install/robot_goal/share/robot_goal/environment/path.dsv
[0.484s] -- Up-to-date: /home/lennoxtr/turtlebot3_ws/src/install/robot_goal/share/robot_goal/local_setup.bash
[0.484s] -- Up-to-date: /home/lennoxtr/turtlebot3_ws/src/install/robot_goal/share/robot_goal/local_setup.sh
[0.485s] -- Up-to-date: /home/lennoxtr/turtlebot3_ws/src/install/robot_goal/share/robot_goal/local_setup.zsh
[0.485s] -- Up-to-date: /home/lennoxtr/turtlebot3_ws/src/install/robot_goal/share/robot_goal/local_setup.dsv
[0.485s] -- Installing: /home/lennoxtr/turtlebot3_ws/src/install/robot_goal/share/robot_goal/package.dsv
[0.485s] -- Up-to-date: /home/lennoxtr/turtlebot3_ws/src/install/robot_goal/share/ament_index/resource_index/packages/robot_goal
[0.485s] -- Up-to-date: /home/lennoxtr/turtlebot3_ws/src/install/robot_goal/share/robot_goal/cmake/export_robot_goal__rosidl_generator_cExport.cmake
[0.485s] -- Up-to-date: /home/lennoxtr/turtlebot3_ws/src/install/robot_goal/share/robot_goal/cmake/export_robot_goal__rosidl_generator_cExport-noconfig.cmake
[0.485s] -- Up-to-date: /home/lennoxtr/turtlebot3_ws/src/install/robot_goal/share/robot_goal/cmake/export_robot_goal__rosidl_typesupport_fastrtps_cExport.cmake
[0.485s] -- Up-to-date: /home/lennoxtr/turtlebot3_ws/src/install/robot_goal/share/robot_goal/cmake/export_robot_goal__rosidl_typesupport_fastrtps_cExport-noconfig.cmake
[0.485s] -- Up-to-date: /home/lennoxtr/turtlebot3_ws/src/install/robot_goal/share/robot_goal/cmake/robot_goal__rosidl_typesupport_introspection_cExport.cmake
[0.485s] -- Up-to-date: /home/lennoxtr/turtlebot3_ws/src/install/robot_goal/share/robot_goal/cmake/robot_goal__rosidl_typesupport_introspection_cExport-noconfig.cmake
[0.485s] -- Up-to-date: /home/lennoxtr/turtlebot3_ws/src/install/robot_goal/share/robot_goal/cmake/robot_goal__rosidl_typesupport_cExport.cmake
[0.485s] -- Up-to-date: /home/lennoxtr/turtlebot3_ws/src/install/robot_goal/share/robot_goal/cmake/robot_goal__rosidl_typesupport_cExport-noconfig.cmake
[0.485s] -- Up-to-date: /home/lennoxtr/turtlebot3_ws/src/install/robot_goal/share/robot_goal/cmake/export_robot_goal__rosidl_generator_cppExport.cmake
[0.485s] -- Up-to-date: /home/lennoxtr/turtlebot3_ws/src/install/robot_goal/share/robot_goal/cmake/export_robot_goal__rosidl_typesupport_fastrtps_cppExport.cmake
[0.485s] -- Up-to-date: /home/lennoxtr/turtlebot3_ws/src/install/robot_goal/share/robot_goal/cmake/export_robot_goal__rosidl_typesupport_fastrtps_cppExport-noconfig.cmake
[0.485s] -- Up-to-date: /home/lennoxtr/turtlebot3_ws/src/install/robot_goal/share/robot_goal/cmake/robot_goal__rosidl_typesupport_introspection_cppExport.cmake
[0.486s] -- Up-to-date: /home/lennoxtr/turtlebot3_ws/src/install/robot_goal/share/robot_goal/cmake/robot_goal__rosidl_typesupport_introspection_cppExport-noconfig.cmake
[0.486s] -- Up-to-date: /home/lennoxtr/turtlebot3_ws/src/install/robot_goal/share/robot_goal/cmake/robot_goal__rosidl_typesupport_cppExport.cmake
[0.486s] -- Up-to-date: /home/lennoxtr/turtlebot3_ws/src/install/robot_goal/share/robot_goal/cmake/robot_goal__rosidl_typesupport_cppExport-noconfig.cmake
[0.486s] -- Up-to-date: /home/lennoxtr/turtlebot3_ws/src/install/robot_goal/share/robot_goal/cmake/export_robot_goal__rosidl_generator_pyExport.cmake
[0.486s] -- Up-to-date: /home/lennoxtr/turtlebot3_ws/src/install/robot_goal/share/robot_goal/cmake/export_robot_goal__rosidl_generator_pyExport-noconfig.cmake
[0.486s] -- Up-to-date: /home/lennoxtr/turtlebot3_ws/src/install/robot_goal/share/robot_goal/cmake/rosidl_cmake-extras.cmake
[0.486s] -- Up-to-date: /home/lennoxtr/turtlebot3_ws/src/install/robot_goal/share/robot_goal/cmake/ament_cmake_export_include_directories-extras.cmake
[0.486s] -- Up-to-date: /home/lennoxtr/turtlebot3_ws/src/install/robot_goal/share/robot_goal/cmake/ament_cmake_export_libraries-extras.cmake
[0.486s] -- Up-to-date: /home/lennoxtr/turtlebot3_ws/src/install/robot_goal/share/robot_goal/cmake/ament_cmake_export_targets-extras.cmake
[0.486s] -- Up-to-date: /home/lennoxtr/turtlebot3_ws/src/install/robot_goal/share/robot_goal/cmake/rosidl_cmake_export_typesupport_targets-extras.cmake
[0.486s] -- Up-to-date: /home/lennoxtr/turtlebot3_ws/src/install/robot_goal/share/robot_goal/cmake/ament_cmake_export_dependencies-extras.cmake
[0.486s] -- Up-to-date: /home/lennoxtr/turtlebot3_ws/src/install/robot_goal/share/robot_goal/cmake/rosidl_cmake_export_typesupport_libraries-extras.cmake
[0.486s] -- Up-to-date: /home/lennoxtr/turtlebot3_ws/src/install/robot_goal/share/robot_goal/cmake/robot_goalConfig.cmake
[0.486s] -- Up-to-date: /home/lennoxtr/turtlebot3_ws/src/install/robot_goal/share/robot_goal/cmake/robot_goalConfig-version.cmake
[0.486s] -- Up-to-date: /home/lennoxtr/turtlebot3_ws/src/install/robot_goal/share/robot_goal/package.xml
[0.494s] Invoked command in '/home/lennoxtr/turtlebot3_ws/src/build/robot_goal' returned '0': CMAKE_PREFIX_PATH=${CMAKE_PREFIX_PATH}:/home/lennoxtr/turtlebot3_ws/src/install/robot_goal_pub:/home/lennoxtr/turtlebot3_ws/src/install/goal_input:/opt/ros/humble /usr/bin/cmake --install /home/lennoxtr/turtlebot3_ws/src/build/robot_goal
