-- The C compiler identification is GNU 11.4.0
-- The CXX compiler identification is GNU 11.4.0
-- Detecting C compiler ABI info
-- Detecting C compiler ABI info - done
-- Check for working C compiler: /usr/bin/cc - skipped
-- Detecting C compile features
-- Detecting C compile features - done
-- Detecting CXX compiler ABI info
-- Detecting CXX compiler ABI info - done
-- Check for working CXX compiler: /usr/bin/c++ - skipped
-- Detecting CXX compile features
-- Detecting CXX compile features - done
-- Found ament_cmake: 1.3.10 (/opt/ros/humble/share/ament_cmake/cmake)
-- Found Python3: /usr/bin/python3 (found version "3.10.12") found components: Interpreter 
-- Found rosidl_default_generators: 1.2.0 (/opt/ros/humble/share/rosidl_default_generators/cmake)
-- Using all available rosidl_typesupport_c: rosidl_typesupport_fastrtps_c;rosidl_typesupport_introspection_c
-- Found rosidl_adapter: 3.1.5 (/opt/ros/humble/share/rosidl_adapter/cmake)
-- Using all available rosidl_typesupport_cpp: rosidl_typesupport_fastrtps_cpp;rosidl_typesupport_introspection_cpp
-- Found ament_cmake_ros: 0.10.0 (/opt/ros/humble/share/ament_cmake_ros/cmake)
-- Using all available rosidl_typesupport_c: rosidl_typesupport_fastrtps_c;rosidl_typesupport_introspection_c
-- Using all available rosidl_typesupport_cpp: rosidl_typesupport_fastrtps_cpp;rosidl_typesupport_introspection_cpp
-- Found PythonInterp: /usr/bin/python3 (found suitable version "3.10.12", minimum required is "3.6") 
-- Found python_cmake_module: 0.10.0 (/opt/ros/humble/share/python_cmake_module/cmake)
-- Found PythonLibs: /usr/lib/x86_64-linux-gnu/libpython3.10.so (found suitable version "3.10.12", minimum required is "3.5") 
-- Using PYTHON_EXECUTABLE: /usr/bin/python3
-- Using PYTHON_INCLUDE_DIRS: /usr/include/python3.10
-- Using PYTHON_LIBRARIES: /usr/lib/x86_64-linux-gnu/libpython3.10.so
-- Found PythonExtra: .so  
-- Found ament_lint_auto: 0.12.11 (/opt/ros/humble/share/ament_lint_auto/cmake)
-- Added test 'lint_cmake' to check CMake code style
-- Added test 'xmllint' to check XML markup files
-- Configuring done
-- Generating done
-- Build files have been written to: /home/lennoxtr/turtlebot3_ws/src/build/robot_goal
[  3%] [34m[1mGenerating C code for ROS interfaces[0m
[  6%] [34m[1mGenerating C++ code for ROS interfaces[0m
[  6%] Built target ament_cmake_python_copy_robot_goal
running egg_info
creating robot_goal.egg-info
writing robot_goal.egg-info/PKG-INFO
writing dependency_links to robot_goal.egg-info/dependency_links.txt
writing top-level names to robot_goal.egg-info/top_level.txt
writing manifest file 'robot_goal.egg-info/SOURCES.txt'
reading manifest file 'robot_goal.egg-info/SOURCES.txt'
writing manifest file 'robot_goal.egg-info/SOURCES.txt'
[  6%] Built target robot_goal__cpp
[  9%] [34m[1mGenerating C++ type support dispatch for ROS interfaces[0m
[ 12%] [34m[1mGenerating C++ type support for eProsima Fast-RTPS[0m
[ 16%] [34m[1mGenerating C++ introspection for ROS interfaces[0m
[ 16%] Built target ament_cmake_python_build_robot_goal_egg
[ 19%] [32mBuilding C object CMakeFiles/robot_goal__rosidl_generator_c.dir/rosidl_generator_c/robot_goal/msg/detail/goal__functions.c.o[0m
[ 22%] [32m[1mLinking C shared library librobot_goal__rosidl_generator_c.so[0m
[ 22%] Built target robot_goal__rosidl_generator_c
[ 29%] [34m[1mGenerating C type support dispatch for ROS interfaces[0m
[ 29%] [34m[1mGenerating C introspection for ROS interfaces[0m
[ 32%] [34m[1mGenerating C type support for eProsima Fast-RTPS[0m
[ 35%] [32mBuilding CXX object CMakeFiles/robot_goal__rosidl_typesupport_cpp.dir/rosidl_typesupport_cpp/robot_goal/msg/goal__type_support.cpp.o[0m
[ 38%] [32mBuilding CXX object CMakeFiles/robot_goal__rosidl_typesupport_fastrtps_cpp.dir/rosidl_typesupport_fastrtps_cpp/robot_goal/msg/detail/dds_fastrtps/goal__type_support.cpp.o[0m
[ 41%] [32mBuilding CXX object CMakeFiles/robot_goal__rosidl_typesupport_c.dir/rosidl_typesupport_c/robot_goal/msg/goal__type_support.cpp.o[0m
[ 45%] [32m[1mLinking CXX shared library librobot_goal__rosidl_typesupport_c.so[0m
[ 48%] [32mBuilding CXX object CMakeFiles/robot_goal__rosidl_typesupport_introspection_cpp.dir/rosidl_typesupport_introspection_cpp/robot_goal/msg/detail/goal__type_support.cpp.o[0m
[ 48%] Built target robot_goal__rosidl_typesupport_c
[ 51%] [32mBuilding C object CMakeFiles/robot_goal__rosidl_typesupport_introspection_c.dir/rosidl_typesupport_introspection_c/robot_goal/msg/detail/goal__type_support.c.o[0m
[ 54%] [32m[1mLinking C shared library librobot_goal__rosidl_typesupport_introspection_c.so[0m
[ 54%] Built target robot_goal__rosidl_typesupport_introspection_c
[ 58%] [32mBuilding CXX object CMakeFiles/robot_goal__rosidl_typesupport_fastrtps_c.dir/rosidl_typesupport_fastrtps_c/robot_goal/msg/detail/goal__type_support_c.cpp.o[0m
[ 61%] [32m[1mLinking CXX shared library librobot_goal__rosidl_typesupport_cpp.so[0m
[ 61%] Built target robot_goal__rosidl_typesupport_cpp
[ 64%] [32m[1mLinking CXX shared library librobot_goal__rosidl_typesupport_fastrtps_cpp.so[0m
[ 64%] Built target robot_goal__rosidl_typesupport_fastrtps_cpp
[ 67%] [32m[1mLinking CXX shared library librobot_goal__rosidl_typesupport_fastrtps_c.so[0m
[ 70%] [32m[1mLinking CXX shared library librobot_goal__rosidl_typesupport_introspection_cpp.so[0m
[ 70%] Built target robot_goal__rosidl_typesupport_fastrtps_c
[ 70%] Built target robot_goal__rosidl_typesupport_introspection_cpp
[ 70%] Built target robot_goal
[ 74%] [34m[1mGenerating Python code for ROS interfaces[0m
[ 74%] Built target robot_goal__py
[ 77%] [32mBuilding C object CMakeFiles/robot_goal__rosidl_generator_py.dir/rosidl_generator_py/robot_goal/msg/_goal_s.c.o[0m
[ 80%] [32m[1mLinking C shared library rosidl_generator_py/robot_goal/librobot_goal__rosidl_generator_py.so[0m
[ 80%] Built target robot_goal__rosidl_generator_py
[ 83%] [32mBuilding C object CMakeFiles/robot_goal__rosidl_typesupport_c__pyext.dir/rosidl_generator_py/robot_goal/_robot_goal_s.ep.rosidl_typesupport_c.c.o[0m
[ 87%] [32mBuilding C object CMakeFiles/robot_goal__rosidl_typesupport_fastrtps_c__pyext.dir/rosidl_generator_py/robot_goal/_robot_goal_s.ep.rosidl_typesupport_fastrtps_c.c.o[0m
[ 90%] [32mBuilding C object CMakeFiles/robot_goal__rosidl_typesupport_introspection_c__pyext.dir/rosidl_generator_py/robot_goal/_robot_goal_s.ep.rosidl_typesupport_introspection_c.c.o[0m
[ 93%] [32m[1mLinking C shared library rosidl_generator_py/robot_goal/robot_goal_s__rosidl_typesupport_fastrtps_c.cpython-310-x86_64-linux-gnu.so[0m
[ 96%] [32m[1mLinking C shared library rosidl_generator_py/robot_goal/robot_goal_s__rosidl_typesupport_c.cpython-310-x86_64-linux-gnu.so[0m
[ 96%] Built target robot_goal__rosidl_typesupport_fastrtps_c__pyext
[100%] [32m[1mLinking C shared library rosidl_generator_py/robot_goal/robot_goal_s__rosidl_typesupport_introspection_c.cpython-310-x86_64-linux-gnu.so[0m
[100%] Built target robot_goal__rosidl_typesupport_c__pyext
[100%] Built target robot_goal__rosidl_typesupport_introspection_c__pyext
-- Install configuration: ""
-- Installing: /home/lennoxtr/turtlebot3_ws/src/install/robot_goal/share/ament_index/resource_index/rosidl_interfaces/robot_goal
-- Installing: /home/lennoxtr/turtlebot3_ws/src/install/robot_goal/include/robot_goal/robot_goal
-- Installing: /home/lennoxtr/turtlebot3_ws/src/install/robot_goal/include/robot_goal/robot_goal/msg
-- Installing: /home/lennoxtr/turtlebot3_ws/src/install/robot_goal/include/robot_goal/robot_goal/msg/goal.h
-- Installing: /home/lennoxtr/turtlebot3_ws/src/install/robot_goal/include/robot_goal/robot_goal/msg/detail
-- Installing: /home/lennoxtr/turtlebot3_ws/src/install/robot_goal/include/robot_goal/robot_goal/msg/detail/goal__type_support.h
-- Installing: /home/lennoxtr/turtlebot3_ws/src/install/robot_goal/include/robot_goal/robot_goal/msg/detail/goal__functions.c
-- Installing: /home/lennoxtr/turtlebot3_ws/src/install/robot_goal/include/robot_goal/robot_goal/msg/detail/goal__functions.h
-- Installing: /home/lennoxtr/turtlebot3_ws/src/install/robot_goal/include/robot_goal/robot_goal/msg/detail/goal__struct.h
-- Installing: /home/lennoxtr/turtlebot3_ws/src/install/robot_goal/include/robot_goal/robot_goal/msg/rosidl_generator_c__visibility_control.h
-- Installing: /home/lennoxtr/turtlebot3_ws/src/install/robot_goal/share/robot_goal/environment/library_path.sh
-- Installing: /home/lennoxtr/turtlebot3_ws/src/install/robot_goal/share/robot_goal/environment/library_path.dsv
-- Installing: /home/lennoxtr/turtlebot3_ws/src/install/robot_goal/lib/librobot_goal__rosidl_generator_c.so
-- Set runtime path of "/home/lennoxtr/turtlebot3_ws/src/install/robot_goal/lib/librobot_goal__rosidl_generator_c.so" to ""
-- Up-to-date: /home/lennoxtr/turtlebot3_ws/src/install/robot_goal/include/robot_goal/robot_goal
-- Up-to-date: /home/lennoxtr/turtlebot3_ws/src/install/robot_goal/include/robot_goal/robot_goal/msg
-- Installing: /home/lennoxtr/turtlebot3_ws/src/install/robot_goal/include/robot_goal/robot_goal/msg/rosidl_typesupport_fastrtps_c__visibility_control.h
-- Up-to-date: /home/lennoxtr/turtlebot3_ws/src/install/robot_goal/include/robot_goal/robot_goal/msg/detail
-- Installing: /home/lennoxtr/turtlebot3_ws/src/install/robot_goal/include/robot_goal/robot_goal/msg/detail/goal__rosidl_typesupport_fastrtps_c.h
-- Installing: /home/lennoxtr/turtlebot3_ws/src/install/robot_goal/lib/librobot_goal__rosidl_typesupport_fastrtps_c.so
-- Set runtime path of "/home/lennoxtr/turtlebot3_ws/src/install/robot_goal/lib/librobot_goal__rosidl_typesupport_fastrtps_c.so" to ""
-- Up-to-date: /home/lennoxtr/turtlebot3_ws/src/install/robot_goal/include/robot_goal/robot_goal
-- Up-to-date: /home/lennoxtr/turtlebot3_ws/src/install/robot_goal/include/robot_goal/robot_goal/msg
-- Installing: /home/lennoxtr/turtlebot3_ws/src/install/robot_goal/include/robot_goal/robot_goal/msg/rosidl_typesupport_introspection_c__visibility_control.h
-- Up-to-date: /home/lennoxtr/turtlebot3_ws/src/install/robot_goal/include/robot_goal/robot_goal/msg/detail
-- Installing: /home/lennoxtr/turtlebot3_ws/src/install/robot_goal/include/robot_goal/robot_goal/msg/detail/goal__type_support.c
-- Installing: /home/lennoxtr/turtlebot3_ws/src/install/robot_goal/include/robot_goal/robot_goal/msg/detail/goal__rosidl_typesupport_introspection_c.h
-- Installing: /home/lennoxtr/turtlebot3_ws/src/install/robot_goal/lib/librobot_goal__rosidl_typesupport_introspection_c.so
-- Set runtime path of "/home/lennoxtr/turtlebot3_ws/src/install/robot_goal/lib/librobot_goal__rosidl_typesupport_introspection_c.so" to ""
-- Installing: /home/lennoxtr/turtlebot3_ws/src/install/robot_goal/lib/librobot_goal__rosidl_typesupport_c.so
-- Set runtime path of "/home/lennoxtr/turtlebot3_ws/src/install/robot_goal/lib/librobot_goal__rosidl_typesupport_c.so" to ""
-- Up-to-date: /home/lennoxtr/turtlebot3_ws/src/install/robot_goal/include/robot_goal/robot_goal
-- Up-to-date: /home/lennoxtr/turtlebot3_ws/src/install/robot_goal/include/robot_goal/robot_goal/msg
-- Installing: /home/lennoxtr/turtlebot3_ws/src/install/robot_goal/include/robot_goal/robot_goal/msg/goal.hpp
-- Up-to-date: /home/lennoxtr/turtlebot3_ws/src/install/robot_goal/include/robot_goal/robot_goal/msg/detail
-- Installing: /home/lennoxtr/turtlebot3_ws/src/install/robot_goal/include/robot_goal/robot_goal/msg/detail/goal__struct.hpp
-- Installing: /home/lennoxtr/turtlebot3_ws/src/install/robot_goal/include/robot_goal/robot_goal/msg/detail/goal__traits.hpp
-- Installing: /home/lennoxtr/turtlebot3_ws/src/install/robot_goal/include/robot_goal/robot_goal/msg/detail/goal__builder.hpp
-- Up-to-date: /home/lennoxtr/turtlebot3_ws/src/install/robot_goal/include/robot_goal/robot_goal
-- Up-to-date: /home/lennoxtr/turtlebot3_ws/src/install/robot_goal/include/robot_goal/robot_goal/msg
-- Installing: /home/lennoxtr/turtlebot3_ws/src/install/robot_goal/include/robot_goal/robot_goal/msg/rosidl_typesupport_fastrtps_cpp__visibility_control.h
-- Up-to-date: /home/lennoxtr/turtlebot3_ws/src/install/robot_goal/include/robot_goal/robot_goal/msg/detail
-- Installing: /home/lennoxtr/turtlebot3_ws/src/install/robot_goal/include/robot_goal/robot_goal/msg/detail/goal__rosidl_typesupport_fastrtps_cpp.hpp
-- Installing: /home/lennoxtr/turtlebot3_ws/src/install/robot_goal/include/robot_goal/robot_goal/msg/detail/dds_fastrtps
-- Installing: /home/lennoxtr/turtlebot3_ws/src/install/robot_goal/lib/librobot_goal__rosidl_typesupport_fastrtps_cpp.so
-- Set runtime path of "/home/lennoxtr/turtlebot3_ws/src/install/robot_goal/lib/librobot_goal__rosidl_typesupport_fastrtps_cpp.so" to ""
-- Up-to-date: /home/lennoxtr/turtlebot3_ws/src/install/robot_goal/include/robot_goal/robot_goal
-- Up-to-date: /home/lennoxtr/turtlebot3_ws/src/install/robot_goal/include/robot_goal/robot_goal/msg
-- Up-to-date: /home/lennoxtr/turtlebot3_ws/src/install/robot_goal/include/robot_goal/robot_goal/msg/detail
-- Installing: /home/lennoxtr/turtlebot3_ws/src/install/robot_goal/include/robot_goal/robot_goal/msg/detail/goal__rosidl_typesupport_introspection_cpp.hpp
-- Installing: /home/lennoxtr/turtlebot3_ws/src/install/robot_goal/include/robot_goal/robot_goal/msg/detail/goal__type_support.cpp
-- Installing: /home/lennoxtr/turtlebot3_ws/src/install/robot_goal/lib/librobot_goal__rosidl_typesupport_introspection_cpp.so
-- Set runtime path of "/home/lennoxtr/turtlebot3_ws/src/install/robot_goal/lib/librobot_goal__rosidl_typesupport_introspection_cpp.so" to ""
-- Installing: /home/lennoxtr/turtlebot3_ws/src/install/robot_goal/lib/librobot_goal__rosidl_typesupport_cpp.so
-- Set runtime path of "/home/lennoxtr/turtlebot3_ws/src/install/robot_goal/lib/librobot_goal__rosidl_typesupport_cpp.so" to ""
-- Installing: /home/lennoxtr/turtlebot3_ws/src/install/robot_goal/share/robot_goal/environment/pythonpath.sh
-- Installing: /home/lennoxtr/turtlebot3_ws/src/install/robot_goal/share/robot_goal/environment/pythonpath.dsv
-- Installing: /home/lennoxtr/turtlebot3_ws/src/install/robot_goal/local/lib/python3.10/dist-packages/robot_goal-0.0.0-py3.10.egg-info
-- Installing: /home/lennoxtr/turtlebot3_ws/src/install/robot_goal/local/lib/python3.10/dist-packages/robot_goal-0.0.0-py3.10.egg-info/dependency_links.txt
-- Installing: /home/lennoxtr/turtlebot3_ws/src/install/robot_goal/local/lib/python3.10/dist-packages/robot_goal-0.0.0-py3.10.egg-info/SOURCES.txt
-- Installing: /home/lennoxtr/turtlebot3_ws/src/install/robot_goal/local/lib/python3.10/dist-packages/robot_goal-0.0.0-py3.10.egg-info/PKG-INFO
-- Installing: /home/lennoxtr/turtlebot3_ws/src/install/robot_goal/local/lib/python3.10/dist-packages/robot_goal-0.0.0-py3.10.egg-info/top_level.txt
-- Installing: /home/lennoxtr/turtlebot3_ws/src/install/robot_goal/local/lib/python3.10/dist-packages/robot_goal
-- Installing: /home/lennoxtr/turtlebot3_ws/src/install/robot_goal/local/lib/python3.10/dist-packages/robot_goal/robot_goal_s__rosidl_typesupport_introspection_c.cpython-310-x86_64-linux-gnu.so
-- Installing: /home/lennoxtr/turtlebot3_ws/src/install/robot_goal/local/lib/python3.10/dist-packages/robot_goal/_robot_goal_s.ep.rosidl_typesupport_introspection_c.c
-- Installing: /home/lennoxtr/turtlebot3_ws/src/install/robot_goal/local/lib/python3.10/dist-packages/robot_goal/__init__.py
-- Installing: /home/lennoxtr/turtlebot3_ws/src/install/robot_goal/local/lib/python3.10/dist-packages/robot_goal/robot_goal_s__rosidl_typesupport_fastrtps_c.cpython-310-x86_64-linux-gnu.so
-- Installing: /home/lennoxtr/turtlebot3_ws/src/install/robot_goal/local/lib/python3.10/dist-packages/robot_goal/librobot_goal__rosidl_generator_py.so
-- Installing: /home/lennoxtr/turtlebot3_ws/src/install/robot_goal/local/lib/python3.10/dist-packages/robot_goal/msg
-- Installing: /home/lennoxtr/turtlebot3_ws/src/install/robot_goal/local/lib/python3.10/dist-packages/robot_goal/msg/_goal_s.c
-- Installing: /home/lennoxtr/turtlebot3_ws/src/install/robot_goal/local/lib/python3.10/dist-packages/robot_goal/msg/__init__.py
-- Installing: /home/lennoxtr/turtlebot3_ws/src/install/robot_goal/local/lib/python3.10/dist-packages/robot_goal/msg/_goal.py
-- Installing: /home/lennoxtr/turtlebot3_ws/src/install/robot_goal/local/lib/python3.10/dist-packages/robot_goal/_robot_goal_s.ep.rosidl_typesupport_fastrtps_c.c
-- Installing: /home/lennoxtr/turtlebot3_ws/src/install/robot_goal/local/lib/python3.10/dist-packages/robot_goal/_robot_goal_s.ep.rosidl_typesupport_c.c
-- Installing: /home/lennoxtr/turtlebot3_ws/src/install/robot_goal/local/lib/python3.10/dist-packages/robot_goal/robot_goal_s__rosidl_typesupport_c.cpython-310-x86_64-linux-gnu.so
Listing '/home/lennoxtr/turtlebot3_ws/src/install/robot_goal/local/lib/python3.10/dist-packages/robot_goal'...
Compiling '/home/lennoxtr/turtlebot3_ws/src/install/robot_goal/local/lib/python3.10/dist-packages/robot_goal/__init__.py'...
Listing '/home/lennoxtr/turtlebot3_ws/src/install/robot_goal/local/lib/python3.10/dist-packages/robot_goal/msg'...
Compiling '/home/lennoxtr/turtlebot3_ws/src/install/robot_goal/local/lib/python3.10/dist-packages/robot_goal/msg/__init__.py'...
Compiling '/home/lennoxtr/turtlebot3_ws/src/install/robot_goal/local/lib/python3.10/dist-packages/robot_goal/msg/_goal.py'...
-- Installing: /home/lennoxtr/turtlebot3_ws/src/install/robot_goal/local/lib/python3.10/dist-packages/robot_goal/robot_goal_s__rosidl_typesupport_fastrtps_c.cpython-310-x86_64-linux-gnu.so
-- Set runtime path of "/home/lennoxtr/turtlebot3_ws/src/install/robot_goal/local/lib/python3.10/dist-packages/robot_goal/robot_goal_s__rosidl_typesupport_fastrtps_c.cpython-310-x86_64-linux-gnu.so" to ""
-- Installing: /home/lennoxtr/turtlebot3_ws/src/install/robot_goal/local/lib/python3.10/dist-packages/robot_goal/robot_goal_s__rosidl_typesupport_introspection_c.cpython-310-x86_64-linux-gnu.so
-- Set runtime path of "/home/lennoxtr/turtlebot3_ws/src/install/robot_goal/local/lib/python3.10/dist-packages/robot_goal/robot_goal_s__rosidl_typesupport_introspection_c.cpython-310-x86_64-linux-gnu.so" to ""
-- Installing: /home/lennoxtr/turtlebot3_ws/src/install/robot_goal/local/lib/python3.10/dist-packages/robot_goal/robot_goal_s__rosidl_typesupport_c.cpython-310-x86_64-linux-gnu.so
-- Set runtime path of "/home/lennoxtr/turtlebot3_ws/src/install/robot_goal/local/lib/python3.10/dist-packages/robot_goal/robot_goal_s__rosidl_typesupport_c.cpython-310-x86_64-linux-gnu.so" to ""
-- Installing: /home/lennoxtr/turtlebot3_ws/src/install/robot_goal/lib/librobot_goal__rosidl_generator_py.so
-- Set runtime path of "/home/lennoxtr/turtlebot3_ws/src/install/robot_goal/lib/librobot_goal__rosidl_generator_py.so" to ""
-- Installing: /home/lennoxtr/turtlebot3_ws/src/install/robot_goal/share/robot_goal/msg/Goal.idl
-- Installing: /home/lennoxtr/turtlebot3_ws/src/install/robot_goal/share/robot_goal/msg/Goal.msg
-- Installing: /home/lennoxtr/turtlebot3_ws/src/install/robot_goal/share/ament_index/resource_index/package_run_dependencies/robot_goal
-- Installing: /home/lennoxtr/turtlebot3_ws/src/install/robot_goal/share/ament_index/resource_index/parent_prefix_path/robot_goal
-- Installing: /home/lennoxtr/turtlebot3_ws/src/install/robot_goal/share/robot_goal/environment/ament_prefix_path.sh
-- Installing: /home/lennoxtr/turtlebot3_ws/src/install/robot_goal/share/robot_goal/environment/ament_prefix_path.dsv
-- Installing: /home/lennoxtr/turtlebot3_ws/src/install/robot_goal/share/robot_goal/environment/path.sh
-- Installing: /home/lennoxtr/turtlebot3_ws/src/install/robot_goal/share/robot_goal/environment/path.dsv
-- Installing: /home/lennoxtr/turtlebot3_ws/src/install/robot_goal/share/robot_goal/local_setup.bash
-- Installing: /home/lennoxtr/turtlebot3_ws/src/install/robot_goal/share/robot_goal/local_setup.sh
-- Installing: /home/lennoxtr/turtlebot3_ws/src/install/robot_goal/share/robot_goal/local_setup.zsh
-- Installing: /home/lennoxtr/turtlebot3_ws/src/install/robot_goal/share/robot_goal/local_setup.dsv
-- Installing: /home/lennoxtr/turtlebot3_ws/src/install/robot_goal/share/robot_goal/package.dsv
-- Installing: /home/lennoxtr/turtlebot3_ws/src/install/robot_goal/share/ament_index/resource_index/packages/robot_goal
-- Installing: /home/lennoxtr/turtlebot3_ws/src/install/robot_goal/share/robot_goal/cmake/export_robot_goal__rosidl_generator_cExport.cmake
-- Installing: /home/lennoxtr/turtlebot3_ws/src/install/robot_goal/share/robot_goal/cmake/export_robot_goal__rosidl_generator_cExport-noconfig.cmake
-- Installing: /home/lennoxtr/turtlebot3_ws/src/install/robot_goal/share/robot_goal/cmake/export_robot_goal__rosidl_typesupport_fastrtps_cExport.cmake
-- Installing: /home/lennoxtr/turtlebot3_ws/src/install/robot_goal/share/robot_goal/cmake/export_robot_goal__rosidl_typesupport_fastrtps_cExport-noconfig.cmake
-- Installing: /home/lennoxtr/turtlebot3_ws/src/install/robot_goal/share/robot_goal/cmake/robot_goal__rosidl_typesupport_introspection_cExport.cmake
-- Installing: /home/lennoxtr/turtlebot3_ws/src/install/robot_goal/share/robot_goal/cmake/robot_goal__rosidl_typesupport_introspection_cExport-noconfig.cmake
-- Installing: /home/lennoxtr/turtlebot3_ws/src/install/robot_goal/share/robot_goal/cmake/robot_goal__rosidl_typesupport_cExport.cmake
-- Installing: /home/lennoxtr/turtlebot3_ws/src/install/robot_goal/share/robot_goal/cmake/robot_goal__rosidl_typesupport_cExport-noconfig.cmake
-- Installing: /home/lennoxtr/turtlebot3_ws/src/install/robot_goal/share/robot_goal/cmake/export_robot_goal__rosidl_generator_cppExport.cmake
-- Installing: /home/lennoxtr/turtlebot3_ws/src/install/robot_goal/share/robot_goal/cmake/export_robot_goal__rosidl_typesupport_fastrtps_cppExport.cmake
-- Installing: /home/lennoxtr/turtlebot3_ws/src/install/robot_goal/share/robot_goal/cmake/export_robot_goal__rosidl_typesupport_fastrtps_cppExport-noconfig.cmake
-- Installing: /home/lennoxtr/turtlebot3_ws/src/install/robot_goal/share/robot_goal/cmake/robot_goal__rosidl_typesupport_introspection_cppExport.cmake
-- Installing: /home/lennoxtr/turtlebot3_ws/src/install/robot_goal/share/robot_goal/cmake/robot_goal__rosidl_typesupport_introspection_cppExport-noconfig.cmake
-- Installing: /home/lennoxtr/turtlebot3_ws/src/install/robot_goal/share/robot_goal/cmake/robot_goal__rosidl_typesupport_cppExport.cmake
-- Installing: /home/lennoxtr/turtlebot3_ws/src/install/robot_goal/share/robot_goal/cmake/robot_goal__rosidl_typesupport_cppExport-noconfig.cmake
-- Installing: /home/lennoxtr/turtlebot3_ws/src/install/robot_goal/share/robot_goal/cmake/export_robot_goal__rosidl_generator_pyExport.cmake
-- Installing: /home/lennoxtr/turtlebot3_ws/src/install/robot_goal/share/robot_goal/cmake/export_robot_goal__rosidl_generator_pyExport-noconfig.cmake
-- Installing: /home/lennoxtr/turtlebot3_ws/src/install/robot_goal/share/robot_goal/cmake/rosidl_cmake-extras.cmake
-- Installing: /home/lennoxtr/turtlebot3_ws/src/install/robot_goal/share/robot_goal/cmake/ament_cmake_export_include_directories-extras.cmake
-- Installing: /home/lennoxtr/turtlebot3_ws/src/install/robot_goal/share/robot_goal/cmake/ament_cmake_export_libraries-extras.cmake
-- Installing: /home/lennoxtr/turtlebot3_ws/src/install/robot_goal/share/robot_goal/cmake/ament_cmake_export_targets-extras.cmake
-- Installing: /home/lennoxtr/turtlebot3_ws/src/install/robot_goal/share/robot_goal/cmake/rosidl_cmake_export_typesupport_targets-extras.cmake
-- Installing: /home/lennoxtr/turtlebot3_ws/src/install/robot_goal/share/robot_goal/cmake/ament_cmake_export_dependencies-extras.cmake
-- Installing: /home/lennoxtr/turtlebot3_ws/src/install/robot_goal/share/robot_goal/cmake/rosidl_cmake_export_typesupport_libraries-extras.cmake
-- Installing: /home/lennoxtr/turtlebot3_ws/src/install/robot_goal/share/robot_goal/cmake/robot_goalConfig.cmake
-- Installing: /home/lennoxtr/turtlebot3_ws/src/install/robot_goal/share/robot_goal/cmake/robot_goalConfig-version.cmake
-- Installing: /home/lennoxtr/turtlebot3_ws/src/install/robot_goal/share/robot_goal/package.xml
