[0.015s] Invoking command in '/home/lennoxtr/turtlebot3_ws/src/build/robot_goal': CMAKE_PREFIX_PATH=/opt/ros/humble /usr/bin/cmake /home/lennoxtr/turtlebot3_ws/src/robot_goal -DCMAKE_INSTALL_PREFIX=/home/lennoxtr/turtlebot3_ws/src/install/robot_goal
[0.082s] -- The C compiler identification is GNU 11.4.0
[0.138s] -- The CXX compiler identification is GNU 11.4.0
[0.145s] -- Detecting C compiler ABI info
[0.194s] -- Detecting C compiler ABI info - done
[0.199s] -- Check for working C compiler: /usr/bin/cc - skipped
[0.200s] -- Detecting C compile features
[0.200s] -- Detecting C compile features - done
[0.203s] -- Detecting CXX compiler ABI info
[0.258s] -- Detecting CXX compiler ABI info - done
[0.263s] -- Check for working CXX compiler: /usr/bin/c++ - skipped
[0.263s] -- Detecting CXX compile features
[0.263s] -- Detecting CXX compile features - done
[0.266s] -- Found ament_cmake: 1.3.10 (/opt/ros/humble/share/ament_cmake/cmake)
[0.371s] -- Found Python3: /usr/bin/python3 (found version "3.10.12") found components: Interpreter 
[0.449s] -- Found rosidl_default_generators: 1.2.0 (/opt/ros/humble/share/rosidl_default_generators/cmake)
[0.452s] -- Using all available rosidl_typesupport_c: rosidl_typesupport_fastrtps_c;rosidl_typesupport_introspection_c
[0.458s] -- Found rosidl_adapter: 3.1.5 (/opt/ros/humble/share/rosidl_adapter/cmake)
[0.496s] -- Using all available rosidl_typesupport_cpp: rosidl_typesupport_fastrtps_cpp;rosidl_typesupport_introspection_cpp
[0.700s] -- Found ament_cmake_ros: 0.10.0 (/opt/ros/humble/share/ament_cmake_ros/cmake)
[0.832s] -- Using all available rosidl_typesupport_c: rosidl_typesupport_fastrtps_c;rosidl_typesupport_introspection_c
[0.993s] -- Using all available rosidl_typesupport_cpp: rosidl_typesupport_fastrtps_cpp;rosidl_typesupport_introspection_cpp
[1.009s] -- Found PythonInterp: /usr/bin/python3 (found suitable version "3.10.12", minimum required is "3.6") 
[1.010s] -- Found python_cmake_module: 0.10.0 (/opt/ros/humble/share/python_cmake_module/cmake)
[1.029s] -- Found PythonLibs: /usr/lib/x86_64-linux-gnu/libpython3.10.so (found suitable version "3.10.12", minimum required is "3.5") 
[1.029s] -- Using PYTHON_EXECUTABLE: /usr/bin/python3
[1.029s] -- Using PYTHON_INCLUDE_DIRS: /usr/include/python3.10
[1.029s] -- Using PYTHON_LIBRARIES: /usr/lib/x86_64-linux-gnu/libpython3.10.so
[1.043s] -- Found PythonExtra: .so  
[1.066s] -- Found ament_lint_auto: 0.12.11 (/opt/ros/humble/share/ament_lint_auto/cmake)
[1.083s] -- Added test 'lint_cmake' to check CMake code style
[1.084s] -- Added test 'xmllint' to check XML markup files
[1.085s] -- Configuring done
[1.102s] -- Generating done
[1.104s] -- Build files have been written to: /home/lennoxtr/turtlebot3_ws/src/build/robot_goal
[1.108s] Invoked command in '/home/lennoxtr/turtlebot3_ws/src/build/robot_goal' returned '0': CMAKE_PREFIX_PATH=/opt/ros/humble /usr/bin/cmake /home/lennoxtr/turtlebot3_ws/src/robot_goal -DCMAKE_INSTALL_PREFIX=/home/lennoxtr/turtlebot3_ws/src/install/robot_goal
[1.110s] Invoking command in '/home/lennoxtr/turtlebot3_ws/src/build/robot_goal': CMAKE_PREFIX_PATH=/opt/ros/humble /usr/bin/cmake --build /home/lennoxtr/turtlebot3_ws/src/build/robot_goal -- -j12 -l12
[1.136s] [  3%] [34m[1mGenerating C code for ROS interfaces[0m
[1.143s] [  6%] [34m[1mGenerating C++ code for ROS interfaces[0m
[1.149s] [  6%] Built target ament_cmake_python_copy_robot_goal
[1.310s] running egg_info
[1.310s] creating robot_goal.egg-info
[1.310s] writing robot_goal.egg-info/PKG-INFO
[1.311s] writing dependency_links to robot_goal.egg-info/dependency_links.txt
[1.311s] writing top-level names to robot_goal.egg-info/top_level.txt
[1.311s] writing manifest file 'robot_goal.egg-info/SOURCES.txt'
[1.313s] reading manifest file 'robot_goal.egg-info/SOURCES.txt'
[1.313s] writing manifest file 'robot_goal.egg-info/SOURCES.txt'
[1.314s] [  6%] Built target robot_goal__cpp
[1.322s] [  9%] [34m[1mGenerating C++ type support dispatch for ROS interfaces[0m
[1.322s] [ 12%] [34m[1mGenerating C++ type support for eProsima Fast-RTPS[0m
[1.322s] [ 16%] [34m[1mGenerating C++ introspection for ROS interfaces[0m
[1.337s] [ 16%] Built target ament_cmake_python_build_robot_goal_egg
[1.340s] [ 19%] [32mBuilding C object CMakeFiles/robot_goal__rosidl_generator_c.dir/rosidl_generator_c/robot_goal/msg/detail/goal__functions.c.o[0m
[1.372s] [ 22%] [32m[1mLinking C shared library librobot_goal__rosidl_generator_c.so[0m
[1.397s] [ 22%] Built target robot_goal__rosidl_generator_c
[1.404s] [ 29%] [34m[1mGenerating C type support dispatch for ROS interfaces[0m
[1.405s] [ 29%] [34m[1mGenerating C introspection for ROS interfaces[0m
[1.407s] [ 32%] [34m[1mGenerating C type support for eProsima Fast-RTPS[0m
[1.477s] [ 35%] [32mBuilding CXX object CMakeFiles/robot_goal__rosidl_typesupport_cpp.dir/rosidl_typesupport_cpp/robot_goal/msg/goal__type_support.cpp.o[0m
[1.501s] [ 38%] [32mBuilding CXX object CMakeFiles/robot_goal__rosidl_typesupport_fastrtps_cpp.dir/rosidl_typesupport_fastrtps_cpp/robot_goal/msg/detail/dds_fastrtps/goal__type_support.cpp.o[0m
[1.556s] [ 41%] [32mBuilding CXX object CMakeFiles/robot_goal__rosidl_typesupport_c.dir/rosidl_typesupport_c/robot_goal/msg/goal__type_support.cpp.o[0m
[1.577s] [ 45%] [32m[1mLinking CXX shared library librobot_goal__rosidl_typesupport_c.so[0m
[1.587s] [ 48%] [32mBuilding CXX object CMakeFiles/robot_goal__rosidl_typesupport_introspection_cpp.dir/rosidl_typesupport_introspection_cpp/robot_goal/msg/detail/goal__type_support.cpp.o[0m
[1.608s] [ 48%] Built target robot_goal__rosidl_typesupport_c
[1.623s] [ 51%] [32mBuilding C object CMakeFiles/robot_goal__rosidl_typesupport_introspection_c.dir/rosidl_typesupport_introspection_c/robot_goal/msg/detail/goal__type_support.c.o[0m
[1.651s] [ 54%] [32m[1mLinking C shared library librobot_goal__rosidl_typesupport_introspection_c.so[0m
[1.673s] [ 54%] Built target robot_goal__rosidl_typesupport_introspection_c
[1.673s] [ 58%] [32mBuilding CXX object CMakeFiles/robot_goal__rosidl_typesupport_fastrtps_c.dir/rosidl_typesupport_fastrtps_c/robot_goal/msg/detail/goal__type_support_c.cpp.o[0m
[1.673s] [ 61%] [32m[1mLinking CXX shared library librobot_goal__rosidl_typesupport_cpp.so[0m
[1.706s] [ 61%] Built target robot_goal__rosidl_typesupport_cpp
[1.780s] [ 64%] [32m[1mLinking CXX shared library librobot_goal__rosidl_typesupport_fastrtps_cpp.so[0m
[1.837s] [ 64%] Built target robot_goal__rosidl_typesupport_fastrtps_cpp
[1.897s] [ 67%] [32m[1mLinking CXX shared library librobot_goal__rosidl_typesupport_fastrtps_c.so[0m
[1.929s] [ 70%] [32m[1mLinking CXX shared library librobot_goal__rosidl_typesupport_introspection_cpp.so[0m
[1.952s] [ 70%] Built target robot_goal__rosidl_typesupport_fastrtps_c
[1.958s] [ 70%] Built target robot_goal__rosidl_typesupport_introspection_cpp
[1.972s] [ 70%] Built target robot_goal
[1.987s] [ 74%] [34m[1mGenerating Python code for ROS interfaces[0m
[2.187s] [ 74%] Built target robot_goal__py
[2.202s] [ 77%] [32mBuilding C object CMakeFiles/robot_goal__rosidl_generator_py.dir/rosidl_generator_py/robot_goal/msg/_goal_s.c.o[0m
[2.283s] [ 80%] [32m[1mLinking C shared library rosidl_generator_py/robot_goal/librobot_goal__rosidl_generator_py.so[0m
[2.311s] [ 80%] Built target robot_goal__rosidl_generator_py
[2.329s] [ 83%] [32mBuilding C object CMakeFiles/robot_goal__rosidl_typesupport_c__pyext.dir/rosidl_generator_py/robot_goal/_robot_goal_s.ep.rosidl_typesupport_c.c.o[0m
[2.331s] [ 87%] [32mBuilding C object CMakeFiles/robot_goal__rosidl_typesupport_fastrtps_c__pyext.dir/rosidl_generator_py/robot_goal/_robot_goal_s.ep.rosidl_typesupport_fastrtps_c.c.o[0m
[2.331s] [ 90%] [32mBuilding C object CMakeFiles/robot_goal__rosidl_typesupport_introspection_c__pyext.dir/rosidl_generator_py/robot_goal/_robot_goal_s.ep.rosidl_typesupport_introspection_c.c.o[0m
[2.396s] [ 93%] [32m[1mLinking C shared library rosidl_generator_py/robot_goal/robot_goal_s__rosidl_typesupport_fastrtps_c.cpython-310-x86_64-linux-gnu.so[0m
[2.419s] [ 96%] [32m[1mLinking C shared library rosidl_generator_py/robot_goal/robot_goal_s__rosidl_typesupport_c.cpython-310-x86_64-linux-gnu.so[0m
[2.421s] [ 96%] Built target robot_goal__rosidl_typesupport_fastrtps_c__pyext
[2.433s] [100%] [32m[1mLinking C shared library rosidl_generator_py/robot_goal/robot_goal_s__rosidl_typesupport_introspection_c.cpython-310-x86_64-linux-gnu.so[0m
[2.444s] [100%] Built target robot_goal__rosidl_typesupport_c__pyext
[2.458s] [100%] Built target robot_goal__rosidl_typesupport_introspection_c__pyext
[2.467s] Invoked command in '/home/lennoxtr/turtlebot3_ws/src/build/robot_goal' returned '0': CMAKE_PREFIX_PATH=/opt/ros/humble /usr/bin/cmake --build /home/lennoxtr/turtlebot3_ws/src/build/robot_goal -- -j12 -l12
[2.512s] Invoking command in '/home/lennoxtr/turtlebot3_ws/src/build/robot_goal': CMAKE_PREFIX_PATH=/opt/ros/humble /usr/bin/cmake --install /home/lennoxtr/turtlebot3_ws/src/build/robot_goal
[2.518s] -- Install configuration: ""
[2.518s] -- Installing: /home/lennoxtr/turtlebot3_ws/src/install/robot_goal/share/ament_index/resource_index/rosidl_interfaces/robot_goal
[2.518s] -- Installing: /home/lennoxtr/turtlebot3_ws/src/install/robot_goal/include/robot_goal/robot_goal
[2.518s] -- Installing: /home/lennoxtr/turtlebot3_ws/src/install/robot_goal/include/robot_goal/robot_goal/msg
[2.518s] -- Installing: /home/lennoxtr/turtlebot3_ws/src/install/robot_goal/include/robot_goal/robot_goal/msg/goal.h
[2.519s] -- Installing: /home/lennoxtr/turtlebot3_ws/src/install/robot_goal/include/robot_goal/robot_goal/msg/detail
[2.519s] -- Installing: /home/lennoxtr/turtlebot3_ws/src/install/robot_goal/include/robot_goal/robot_goal/msg/detail/goal__type_support.h
[2.519s] -- Installing: /home/lennoxtr/turtlebot3_ws/src/install/robot_goal/include/robot_goal/robot_goal/msg/detail/goal__functions.c
[2.519s] -- Installing: /home/lennoxtr/turtlebot3_ws/src/install/robot_goal/include/robot_goal/robot_goal/msg/detail/goal__functions.h
[2.519s] -- Installing: /home/lennoxtr/turtlebot3_ws/src/install/robot_goal/include/robot_goal/robot_goal/msg/detail/goal__struct.h
[2.519s] -- Installing: /home/lennoxtr/turtlebot3_ws/src/install/robot_goal/include/robot_goal/robot_goal/msg/rosidl_generator_c__visibility_control.h
[2.519s] -- Installing: /home/lennoxtr/turtlebot3_ws/src/install/robot_goal/share/robot_goal/environment/library_path.sh
[2.519s] -- Installing: /home/lennoxtr/turtlebot3_ws/src/install/robot_goal/share/robot_goal/environment/library_path.dsv
[2.519s] -- Installing: /home/lennoxtr/turtlebot3_ws/src/install/robot_goal/lib/librobot_goal__rosidl_generator_c.so
[2.519s] -- Set runtime path of "/home/lennoxtr/turtlebot3_ws/src/install/robot_goal/lib/librobot_goal__rosidl_generator_c.so" to ""
[2.519s] -- Up-to-date: /home/lennoxtr/turtlebot3_ws/src/install/robot_goal/include/robot_goal/robot_goal
[2.519s] -- Up-to-date: /home/lennoxtr/turtlebot3_ws/src/install/robot_goal/include/robot_goal/robot_goal/msg
[2.519s] -- Installing: /home/lennoxtr/turtlebot3_ws/src/install/robot_goal/include/robot_goal/robot_goal/msg/rosidl_typesupport_fastrtps_c__visibility_control.h
[2.519s] -- Up-to-date: /home/lennoxtr/turtlebot3_ws/src/install/robot_goal/include/robot_goal/robot_goal/msg/detail
[2.519s] -- Installing: /home/lennoxtr/turtlebot3_ws/src/install/robot_goal/include/robot_goal/robot_goal/msg/detail/goal__rosidl_typesupport_fastrtps_c.h
[2.520s] -- Installing: /home/lennoxtr/turtlebot3_ws/src/install/robot_goal/lib/librobot_goal__rosidl_typesupport_fastrtps_c.so
[2.520s] -- Set runtime path of "/home/lennoxtr/turtlebot3_ws/src/install/robot_goal/lib/librobot_goal__rosidl_typesupport_fastrtps_c.so" to ""
[2.520s] -- Up-to-date: /home/lennoxtr/turtlebot3_ws/src/install/robot_goal/include/robot_goal/robot_goal
[2.520s] -- Up-to-date: /home/lennoxtr/turtlebot3_ws/src/install/robot_goal/include/robot_goal/robot_goal/msg
[2.520s] -- Installing: /home/lennoxtr/turtlebot3_ws/src/install/robot_goal/include/robot_goal/robot_goal/msg/rosidl_typesupport_introspection_c__visibility_control.h
[2.520s] -- Up-to-date: /home/lennoxtr/turtlebot3_ws/src/install/robot_goal/include/robot_goal/robot_goal/msg/detail
[2.520s] -- Installing: /home/lennoxtr/turtlebot3_ws/src/install/robot_goal/include/robot_goal/robot_goal/msg/detail/goal__type_support.c
[2.520s] -- Installing: /home/lennoxtr/turtlebot3_ws/src/install/robot_goal/include/robot_goal/robot_goal/msg/detail/goal__rosidl_typesupport_introspection_c.h
[2.520s] -- Installing: /home/lennoxtr/turtlebot3_ws/src/install/robot_goal/lib/librobot_goal__rosidl_typesupport_introspection_c.so
[2.520s] -- Set runtime path of "/home/lennoxtr/turtlebot3_ws/src/install/robot_goal/lib/librobot_goal__rosidl_typesupport_introspection_c.so" to ""
[2.520s] -- Installing: /home/lennoxtr/turtlebot3_ws/src/install/robot_goal/lib/librobot_goal__rosidl_typesupport_c.so
[2.520s] -- Set runtime path of "/home/lennoxtr/turtlebot3_ws/src/install/robot_goal/lib/librobot_goal__rosidl_typesupport_c.so" to ""
[2.520s] -- Up-to-date: /home/lennoxtr/turtlebot3_ws/src/install/robot_goal/include/robot_goal/robot_goal
[2.520s] -- Up-to-date: /home/lennoxtr/turtlebot3_ws/src/install/robot_goal/include/robot_goal/robot_goal/msg
[2.521s] -- Installing: /home/lennoxtr/turtlebot3_ws/src/install/robot_goal/include/robot_goal/robot_goal/msg/goal.hpp
[2.521s] -- Up-to-date: /home/lennoxtr/turtlebot3_ws/src/install/robot_goal/include/robot_goal/robot_goal/msg/detail
[2.521s] -- Installing: /home/lennoxtr/turtlebot3_ws/src/install/robot_goal/include/robot_goal/robot_goal/msg/detail/goal__struct.hpp
[2.521s] -- Installing: /home/lennoxtr/turtlebot3_ws/src/install/robot_goal/include/robot_goal/robot_goal/msg/detail/goal__traits.hpp
[2.521s] -- Installing: /home/lennoxtr/turtlebot3_ws/src/install/robot_goal/include/robot_goal/robot_goal/msg/detail/goal__builder.hpp
[2.521s] -- Up-to-date: /home/lennoxtr/turtlebot3_ws/src/install/robot_goal/include/robot_goal/robot_goal
[2.521s] -- Up-to-date: /home/lennoxtr/turtlebot3_ws/src/install/robot_goal/include/robot_goal/robot_goal/msg
[2.521s] -- Installing: /home/lennoxtr/turtlebot3_ws/src/install/robot_goal/include/robot_goal/robot_goal/msg/rosidl_typesupport_fastrtps_cpp__visibility_control.h
[2.521s] -- Up-to-date: /home/lennoxtr/turtlebot3_ws/src/install/robot_goal/include/robot_goal/robot_goal/msg/detail
[2.521s] -- Installing: /home/lennoxtr/turtlebot3_ws/src/install/robot_goal/include/robot_goal/robot_goal/msg/detail/goal__rosidl_typesupport_fastrtps_cpp.hpp
[2.521s] -- Installing: /home/lennoxtr/turtlebot3_ws/src/install/robot_goal/include/robot_goal/robot_goal/msg/detail/dds_fastrtps
[2.521s] -- Installing: /home/lennoxtr/turtlebot3_ws/src/install/robot_goal/lib/librobot_goal__rosidl_typesupport_fastrtps_cpp.so
[2.521s] -- Set runtime path of "/home/lennoxtr/turtlebot3_ws/src/install/robot_goal/lib/librobot_goal__rosidl_typesupport_fastrtps_cpp.so" to ""
[2.521s] -- Up-to-date: /home/lennoxtr/turtlebot3_ws/src/install/robot_goal/include/robot_goal/robot_goal
[2.521s] -- Up-to-date: /home/lennoxtr/turtlebot3_ws/src/install/robot_goal/include/robot_goal/robot_goal/msg
[2.522s] -- Up-to-date: /home/lennoxtr/turtlebot3_ws/src/install/robot_goal/include/robot_goal/robot_goal/msg/detail
[2.522s] -- Installing: /home/lennoxtr/turtlebot3_ws/src/install/robot_goal/include/robot_goal/robot_goal/msg/detail/goal__rosidl_typesupport_introspection_cpp.hpp
[2.522s] -- Installing: /home/lennoxtr/turtlebot3_ws/src/install/robot_goal/include/robot_goal/robot_goal/msg/detail/goal__type_support.cpp
[2.522s] -- Installing: /home/lennoxtr/turtlebot3_ws/src/install/robot_goal/lib/librobot_goal__rosidl_typesupport_introspection_cpp.so
[2.522s] -- Set runtime path of "/home/lennoxtr/turtlebot3_ws/src/install/robot_goal/lib/librobot_goal__rosidl_typesupport_introspection_cpp.so" to ""
[2.522s] -- Installing: /home/lennoxtr/turtlebot3_ws/src/install/robot_goal/lib/librobot_goal__rosidl_typesupport_cpp.so
[2.522s] -- Set runtime path of "/home/lennoxtr/turtlebot3_ws/src/install/robot_goal/lib/librobot_goal__rosidl_typesupport_cpp.so" to ""
[2.522s] -- Installing: /home/lennoxtr/turtlebot3_ws/src/install/robot_goal/share/robot_goal/environment/pythonpath.sh
[2.522s] -- Installing: /home/lennoxtr/turtlebot3_ws/src/install/robot_goal/share/robot_goal/environment/pythonpath.dsv
[2.522s] -- Installing: /home/lennoxtr/turtlebot3_ws/src/install/robot_goal/local/lib/python3.10/dist-packages/robot_goal-0.0.0-py3.10.egg-info
[2.523s] -- Installing: /home/lennoxtr/turtlebot3_ws/src/install/robot_goal/local/lib/python3.10/dist-packages/robot_goal-0.0.0-py3.10.egg-info/dependency_links.txt
[2.523s] -- Installing: /home/lennoxtr/turtlebot3_ws/src/install/robot_goal/local/lib/python3.10/dist-packages/robot_goal-0.0.0-py3.10.egg-info/SOURCES.txt
[2.523s] -- Installing: /home/lennoxtr/turtlebot3_ws/src/install/robot_goal/local/lib/python3.10/dist-packages/robot_goal-0.0.0-py3.10.egg-info/PKG-INFO
[2.523s] -- Installing: /home/lennoxtr/turtlebot3_ws/src/install/robot_goal/local/lib/python3.10/dist-packages/robot_goal-0.0.0-py3.10.egg-info/top_level.txt
[2.523s] -- Installing: /home/lennoxtr/turtlebot3_ws/src/install/robot_goal/local/lib/python3.10/dist-packages/robot_goal
[2.523s] -- Installing: /home/lennoxtr/turtlebot3_ws/src/install/robot_goal/local/lib/python3.10/dist-packages/robot_goal/robot_goal_s__rosidl_typesupport_introspection_c.cpython-310-x86_64-linux-gnu.so
[2.523s] -- Installing: /home/lennoxtr/turtlebot3_ws/src/install/robot_goal/local/lib/python3.10/dist-packages/robot_goal/_robot_goal_s.ep.rosidl_typesupport_introspection_c.c
[2.523s] -- Installing: /home/lennoxtr/turtlebot3_ws/src/install/robot_goal/local/lib/python3.10/dist-packages/robot_goal/__init__.py
[2.523s] -- Installing: /home/lennoxtr/turtlebot3_ws/src/install/robot_goal/local/lib/python3.10/dist-packages/robot_goal/robot_goal_s__rosidl_typesupport_fastrtps_c.cpython-310-x86_64-linux-gnu.so
[2.523s] -- Installing: /home/lennoxtr/turtlebot3_ws/src/install/robot_goal/local/lib/python3.10/dist-packages/robot_goal/librobot_goal__rosidl_generator_py.so
[2.523s] -- Installing: /home/lennoxtr/turtlebot3_ws/src/install/robot_goal/local/lib/python3.10/dist-packages/robot_goal/msg
[2.523s] -- Installing: /home/lennoxtr/turtlebot3_ws/src/install/robot_goal/local/lib/python3.10/dist-packages/robot_goal/msg/_goal_s.c
[2.523s] -- Installing: /home/lennoxtr/turtlebot3_ws/src/install/robot_goal/local/lib/python3.10/dist-packages/robot_goal/msg/__init__.py
[2.523s] -- Installing: /home/lennoxtr/turtlebot3_ws/src/install/robot_goal/local/lib/python3.10/dist-packages/robot_goal/msg/_goal.py
[2.523s] -- Installing: /home/lennoxtr/turtlebot3_ws/src/install/robot_goal/local/lib/python3.10/dist-packages/robot_goal/_robot_goal_s.ep.rosidl_typesupport_fastrtps_c.c
[2.524s] -- Installing: /home/lennoxtr/turtlebot3_ws/src/install/robot_goal/local/lib/python3.10/dist-packages/robot_goal/_robot_goal_s.ep.rosidl_typesupport_c.c
[2.524s] -- Installing: /home/lennoxtr/turtlebot3_ws/src/install/robot_goal/local/lib/python3.10/dist-packages/robot_goal/robot_goal_s__rosidl_typesupport_c.cpython-310-x86_64-linux-gnu.so
[2.547s] Listing '/home/lennoxtr/turtlebot3_ws/src/install/robot_goal/local/lib/python3.10/dist-packages/robot_goal'...
[2.547s] Compiling '/home/lennoxtr/turtlebot3_ws/src/install/robot_goal/local/lib/python3.10/dist-packages/robot_goal/__init__.py'...
[2.547s] Listing '/home/lennoxtr/turtlebot3_ws/src/install/robot_goal/local/lib/python3.10/dist-packages/robot_goal/msg'...
[2.547s] Compiling '/home/lennoxtr/turtlebot3_ws/src/install/robot_goal/local/lib/python3.10/dist-packages/robot_goal/msg/__init__.py'...
[2.547s] Compiling '/home/lennoxtr/turtlebot3_ws/src/install/robot_goal/local/lib/python3.10/dist-packages/robot_goal/msg/_goal.py'...
[2.551s] -- Installing: /home/lennoxtr/turtlebot3_ws/src/install/robot_goal/local/lib/python3.10/dist-packages/robot_goal/robot_goal_s__rosidl_typesupport_fastrtps_c.cpython-310-x86_64-linux-gnu.so
[2.551s] -- Set runtime path of "/home/lennoxtr/turtlebot3_ws/src/install/robot_goal/local/lib/python3.10/dist-packages/robot_goal/robot_goal_s__rosidl_typesupport_fastrtps_c.cpython-310-x86_64-linux-gnu.so" to ""
[2.551s] -- Installing: /home/lennoxtr/turtlebot3_ws/src/install/robot_goal/local/lib/python3.10/dist-packages/robot_goal/robot_goal_s__rosidl_typesupport_introspection_c.cpython-310-x86_64-linux-gnu.so
[2.551s] -- Set runtime path of "/home/lennoxtr/turtlebot3_ws/src/install/robot_goal/local/lib/python3.10/dist-packages/robot_goal/robot_goal_s__rosidl_typesupport_introspection_c.cpython-310-x86_64-linux-gnu.so" to ""
[2.551s] -- Installing: /home/lennoxtr/turtlebot3_ws/src/install/robot_goal/local/lib/python3.10/dist-packages/robot_goal/robot_goal_s__rosidl_typesupport_c.cpython-310-x86_64-linux-gnu.so
[2.551s] -- Set runtime path of "/home/lennoxtr/turtlebot3_ws/src/install/robot_goal/local/lib/python3.10/dist-packages/robot_goal/robot_goal_s__rosidl_typesupport_c.cpython-310-x86_64-linux-gnu.so" to ""
[2.551s] -- Installing: /home/lennoxtr/turtlebot3_ws/src/install/robot_goal/lib/librobot_goal__rosidl_generator_py.so
[2.552s] -- Set runtime path of "/home/lennoxtr/turtlebot3_ws/src/install/robot_goal/lib/librobot_goal__rosidl_generator_py.so" to ""
[2.552s] -- Installing: /home/lennoxtr/turtlebot3_ws/src/install/robot_goal/share/robot_goal/msg/Goal.idl
[2.552s] -- Installing: /home/lennoxtr/turtlebot3_ws/src/install/robot_goal/share/robot_goal/msg/Goal.msg
[2.552s] -- Installing: /home/lennoxtr/turtlebot3_ws/src/install/robot_goal/share/ament_index/resource_index/package_run_dependencies/robot_goal
[2.552s] -- Installing: /home/lennoxtr/turtlebot3_ws/src/install/robot_goal/share/ament_index/resource_index/parent_prefix_path/robot_goal
[2.552s] -- Installing: /home/lennoxtr/turtlebot3_ws/src/install/robot_goal/share/robot_goal/environment/ament_prefix_path.sh
[2.552s] -- Installing: /home/lennoxtr/turtlebot3_ws/src/install/robot_goal/share/robot_goal/environment/ament_prefix_path.dsv
[2.552s] -- Installing: /home/lennoxtr/turtlebot3_ws/src/install/robot_goal/share/robot_goal/environment/path.sh
[2.552s] -- Installing: /home/lennoxtr/turtlebot3_ws/src/install/robot_goal/share/robot_goal/environment/path.dsv
[2.552s] -- Installing: /home/lennoxtr/turtlebot3_ws/src/install/robot_goal/share/robot_goal/local_setup.bash
[2.552s] -- Installing: /home/lennoxtr/turtlebot3_ws/src/install/robot_goal/share/robot_goal/local_setup.sh
[2.552s] -- Installing: /home/lennoxtr/turtlebot3_ws/src/install/robot_goal/share/robot_goal/local_setup.zsh
[2.552s] -- Installing: /home/lennoxtr/turtlebot3_ws/src/install/robot_goal/share/robot_goal/local_setup.dsv
[2.553s] -- Installing: /home/lennoxtr/turtlebot3_ws/src/install/robot_goal/share/robot_goal/package.dsv
[2.553s] -- Installing: /home/lennoxtr/turtlebot3_ws/src/install/robot_goal/share/ament_index/resource_index/packages/robot_goal
[2.553s] -- Installing: /home/lennoxtr/turtlebot3_ws/src/install/robot_goal/share/robot_goal/cmake/export_robot_goal__rosidl_generator_cExport.cmake
[2.553s] -- Installing: /home/lennoxtr/turtlebot3_ws/src/install/robot_goal/share/robot_goal/cmake/export_robot_goal__rosidl_generator_cExport-noconfig.cmake
[2.553s] -- Installing: /home/lennoxtr/turtlebot3_ws/src/install/robot_goal/share/robot_goal/cmake/export_robot_goal__rosidl_typesupport_fastrtps_cExport.cmake
[2.553s] -- Installing: /home/lennoxtr/turtlebot3_ws/src/install/robot_goal/share/robot_goal/cmake/export_robot_goal__rosidl_typesupport_fastrtps_cExport-noconfig.cmake
[2.553s] -- Installing: /home/lennoxtr/turtlebot3_ws/src/install/robot_goal/share/robot_goal/cmake/robot_goal__rosidl_typesupport_introspection_cExport.cmake
[2.553s] -- Installing: /home/lennoxtr/turtlebot3_ws/src/install/robot_goal/share/robot_goal/cmake/robot_goal__rosidl_typesupport_introspection_cExport-noconfig.cmake
[2.553s] -- Installing: /home/lennoxtr/turtlebot3_ws/src/install/robot_goal/share/robot_goal/cmake/robot_goal__rosidl_typesupport_cExport.cmake
[2.553s] -- Installing: /home/lennoxtr/turtlebot3_ws/src/install/robot_goal/share/robot_goal/cmake/robot_goal__rosidl_typesupport_cExport-noconfig.cmake
[2.553s] -- Installing: /home/lennoxtr/turtlebot3_ws/src/install/robot_goal/share/robot_goal/cmake/export_robot_goal__rosidl_generator_cppExport.cmake
[2.553s] -- Installing: /home/lennoxtr/turtlebot3_ws/src/install/robot_goal/share/robot_goal/cmake/export_robot_goal__rosidl_typesupport_fastrtps_cppExport.cmake
[2.554s] -- Installing: /home/lennoxtr/turtlebot3_ws/src/install/robot_goal/share/robot_goal/cmake/export_robot_goal__rosidl_typesupport_fastrtps_cppExport-noconfig.cmake
[2.554s] -- Installing: /home/lennoxtr/turtlebot3_ws/src/install/robot_goal/share/robot_goal/cmake/robot_goal__rosidl_typesupport_introspection_cppExport.cmake
[2.554s] -- Installing: /home/lennoxtr/turtlebot3_ws/src/install/robot_goal/share/robot_goal/cmake/robot_goal__rosidl_typesupport_introspection_cppExport-noconfig.cmake
[2.554s] -- Installing: /home/lennoxtr/turtlebot3_ws/src/install/robot_goal/share/robot_goal/cmake/robot_goal__rosidl_typesupport_cppExport.cmake
[2.554s] -- Installing: /home/lennoxtr/turtlebot3_ws/src/install/robot_goal/share/robot_goal/cmake/robot_goal__rosidl_typesupport_cppExport-noconfig.cmake
[2.554s] -- Installing: /home/lennoxtr/turtlebot3_ws/src/install/robot_goal/share/robot_goal/cmake/export_robot_goal__rosidl_generator_pyExport.cmake
[2.554s] -- Installing: /home/lennoxtr/turtlebot3_ws/src/install/robot_goal/share/robot_goal/cmake/export_robot_goal__rosidl_generator_pyExport-noconfig.cmake
[2.554s] -- Installing: /home/lennoxtr/turtlebot3_ws/src/install/robot_goal/share/robot_goal/cmake/rosidl_cmake-extras.cmake
[2.554s] -- Installing: /home/lennoxtr/turtlebot3_ws/src/install/robot_goal/share/robot_goal/cmake/ament_cmake_export_include_directories-extras.cmake
[2.554s] -- Installing: /home/lennoxtr/turtlebot3_ws/src/install/robot_goal/share/robot_goal/cmake/ament_cmake_export_libraries-extras.cmake
[2.554s] -- Installing: /home/lennoxtr/turtlebot3_ws/src/install/robot_goal/share/robot_goal/cmake/ament_cmake_export_targets-extras.cmake
[2.554s] -- Installing: /home/lennoxtr/turtlebot3_ws/src/install/robot_goal/share/robot_goal/cmake/rosidl_cmake_export_typesupport_targets-extras.cmake
[2.554s] -- Installing: /home/lennoxtr/turtlebot3_ws/src/install/robot_goal/share/robot_goal/cmake/ament_cmake_export_dependencies-extras.cmake
[2.554s] -- Installing: /home/lennoxtr/turtlebot3_ws/src/install/robot_goal/share/robot_goal/cmake/rosidl_cmake_export_typesupport_libraries-extras.cmake
[2.555s] -- Installing: /home/lennoxtr/turtlebot3_ws/src/install/robot_goal/share/robot_goal/cmake/robot_goalConfig.cmake
[2.555s] -- Installing: /home/lennoxtr/turtlebot3_ws/src/install/robot_goal/share/robot_goal/cmake/robot_goalConfig-version.cmake
[2.555s] -- Installing: /home/lennoxtr/turtlebot3_ws/src/install/robot_goal/share/robot_goal/package.xml
[2.557s] Invoked command in '/home/lennoxtr/turtlebot3_ws/src/build/robot_goal' returned '0': CMAKE_PREFIX_PATH=/opt/ros/humble /usr/bin/cmake --install /home/lennoxtr/turtlebot3_ws/src/build/robot_goal
