running egg_info
writing ../build/goal_input/goal_input.egg-info/PKG-INFO
writing dependency_links to ../build/goal_input/goal_input.egg-info/dependency_links.txt
writing entry points to ../build/goal_input/goal_input.egg-info/entry_points.txt
writing requirements to ../build/goal_input/goal_input.egg-info/requires.txt
writing top-level names to ../build/goal_input/goal_input.egg-info/top_level.txt
reading manifest file '../build/goal_input/goal_input.egg-info/SOURCES.txt'
adding license file 'LICENSE'
writing manifest file '../build/goal_input/goal_input.egg-info/SOURCES.txt'
running build
running build_py
running install
running install_lib
running install_data
running install_egg_info
removing '/home/lennoxtr/turtlebot3_ws/src/install/goal_input/lib/python3.10/site-packages/goal_input-0.0.0-py3.10.egg-info' (and everything under it)
Copying ../build/goal_input/goal_input.egg-info to /home/lennoxtr/turtlebot3_ws/src/install/goal_input/lib/python3.10/site-packages/goal_input-0.0.0-py3.10.egg-info
running install_scripts
Installing ask_input script to /home/lennoxtr/turtlebot3_ws/src/install/goal_input/lib/goal_input
writing list of installed files to '/home/lennoxtr/turtlebot3_ws/src/build/goal_input/install.log'
