[0.074s] DEBUG:colcon:Command line arguments: ['/usr/bin/colcon', 'build']
[0.074s] DEBUG:colcon:Parsed command line arguments: Namespace(log_base=None, log_level=None, verb_name='build', build_base='build', install_base='install', merge_install=False, symlink_install=False, test_result_base=None, continue_on_error=False, executor='parallel', parallel_workers=12, event_handlers=None, ignore_user_meta=False, metas=['./colcon.meta'], base_paths=['.'], packages_ignore=None, packages_ignore_regex=None, paths=None, packages_up_to=None, packages_up_to_regex=None, packages_above=None, packages_above_and_dependencies=None, packages_above_depth=None, packages_select_by_dep=None, packages_skip_by_dep=None, packages_skip_up_to=None, packages_select_build_failed=False, packages_skip_build_finished=False, packages_select_test_failures=False, packages_skip_test_passed=False, packages_select=None, packages_skip=None, packages_select_regex=None, packages_skip_regex=None, packages_start=None, packages_end=None, allow_overriding=[], cmake_args=None, cmake_target=None, cmake_target_skip_unavailable=False, cmake_clean_cache=False, cmake_clean_first=False, cmake_force_configure=False, ament_cmake_args=None, catkin_cmake_args=None, catkin_skip_building_tests=False, mixin_files=None, mixin=None, verb_parser=<colcon_mixin.mixin.mixin_argument.MixinArgumentDecorator object at 0x7218e3a42b60>, verb_extension=<colcon_core.verb.build.BuildVerb object at 0x7218e3a425c0>, main=<bound method BuildVerb.main of <colcon_core.verb.build.BuildVerb object at 0x7218e3a425c0>>, mixin_verb=('build',))
[0.185s] Level 1:colcon.colcon_core.package_discovery:discover_packages(colcon_meta) check parameters
[0.186s] Level 1:colcon.colcon_core.package_discovery:discover_packages(recursive) check parameters
[0.186s] Level 1:colcon.colcon_core.package_discovery:discover_packages(ignore) check parameters
[0.186s] Level 1:colcon.colcon_core.package_discovery:discover_packages(path) check parameters
[0.186s] Level 1:colcon.colcon_core.package_discovery:discover_packages(colcon_meta) discover
[0.186s] Level 1:colcon.colcon_core.package_discovery:discover_packages(recursive) discover
[0.186s] INFO:colcon.colcon_core.package_discovery:Crawling recursively for packages in '/home/lennoxtr/turtlebot3_ws/src'
[0.186s] Level 1:colcon.colcon_core.package_identification:_identify(.) by extensions ['ignore', 'ignore_ament_install']
[0.186s] Level 1:colcon.colcon_core.package_identification:_identify(.) by extension 'ignore'
[0.186s] Level 1:colcon.colcon_core.package_identification:_identify(.) by extension 'ignore_ament_install'
[0.186s] Level 1:colcon.colcon_core.package_identification:_identify(.) by extensions ['colcon_pkg']
[0.186s] Level 1:colcon.colcon_core.package_identification:_identify(.) by extension 'colcon_pkg'
[0.186s] Level 1:colcon.colcon_core.package_identification:_identify(.) by extensions ['colcon_meta']
[0.186s] Level 1:colcon.colcon_core.package_identification:_identify(.) by extension 'colcon_meta'
[0.186s] Level 1:colcon.colcon_core.package_identification:_identify(.) by extensions ['ros']
[0.186s] Level 1:colcon.colcon_core.package_identification:_identify(.) by extension 'ros'
[0.193s] Level 1:colcon.colcon_core.package_identification:_identify(.) by extensions ['cmake', 'python']
[0.194s] Level 1:colcon.colcon_core.package_identification:_identify(.) by extension 'cmake'
[0.194s] Level 1:colcon.colcon_core.package_identification:_identify(.) by extension 'python'
[0.194s] Level 1:colcon.colcon_core.package_identification:_identify(.) by extensions ['python_setup_py']
[0.194s] Level 1:colcon.colcon_core.package_identification:_identify(.) by extension 'python_setup_py'
[0.194s] Level 1:colcon.colcon_core.package_identification:_identify(build) by extensions ['ignore', 'ignore_ament_install']
[0.194s] Level 1:colcon.colcon_core.package_identification:_identify(build) by extension 'ignore'
[0.194s] Level 1:colcon.colcon_core.package_identification:_identify(build) ignored
[0.194s] Level 1:colcon.colcon_core.package_identification:_identify(goal_input) by extensions ['ignore', 'ignore_ament_install']
[0.194s] Level 1:colcon.colcon_core.package_identification:_identify(goal_input) by extension 'ignore'
[0.194s] Level 1:colcon.colcon_core.package_identification:_identify(goal_input) by extension 'ignore_ament_install'
[0.194s] Level 1:colcon.colcon_core.package_identification:_identify(goal_input) by extensions ['colcon_pkg']
[0.194s] Level 1:colcon.colcon_core.package_identification:_identify(goal_input) by extension 'colcon_pkg'
[0.194s] Level 1:colcon.colcon_core.package_identification:_identify(goal_input) by extensions ['colcon_meta']
[0.194s] Level 1:colcon.colcon_core.package_identification:_identify(goal_input) by extension 'colcon_meta'
[0.194s] Level 1:colcon.colcon_core.package_identification:_identify(goal_input) by extensions ['ros']
[0.194s] Level 1:colcon.colcon_core.package_identification:_identify(goal_input) by extension 'ros'
[0.196s] DEBUG:colcon.colcon_core.package_identification:Package 'goal_input' with type 'ros.ament_python' and name 'goal_input'
[0.196s] Level 1:colcon.colcon_core.package_identification:_identify(heading_msg) by extensions ['ignore', 'ignore_ament_install']
[0.196s] Level 1:colcon.colcon_core.package_identification:_identify(heading_msg) by extension 'ignore'
[0.196s] Level 1:colcon.colcon_core.package_identification:_identify(heading_msg) by extension 'ignore_ament_install'
[0.196s] Level 1:colcon.colcon_core.package_identification:_identify(heading_msg) by extensions ['colcon_pkg']
[0.196s] Level 1:colcon.colcon_core.package_identification:_identify(heading_msg) by extension 'colcon_pkg'
[0.196s] Level 1:colcon.colcon_core.package_identification:_identify(heading_msg) by extensions ['colcon_meta']
[0.196s] Level 1:colcon.colcon_core.package_identification:_identify(heading_msg) by extension 'colcon_meta'
[0.196s] Level 1:colcon.colcon_core.package_identification:_identify(heading_msg) by extensions ['ros']
[0.196s] Level 1:colcon.colcon_core.package_identification:_identify(heading_msg) by extension 'ros'
[0.197s] DEBUG:colcon.colcon_core.package_identification:Package 'heading_msg' with type 'ros.ament_cmake' and name 'heading_msg'
[0.197s] Level 1:colcon.colcon_core.package_identification:_identify(install) by extensions ['ignore', 'ignore_ament_install']
[0.197s] Level 1:colcon.colcon_core.package_identification:_identify(install) by extension 'ignore'
[0.197s] Level 1:colcon.colcon_core.package_identification:_identify(install) ignored
[0.197s] Level 1:colcon.colcon_core.package_identification:_identify(log) by extensions ['ignore', 'ignore_ament_install']
[0.197s] Level 1:colcon.colcon_core.package_identification:_identify(log) by extension 'ignore'
[0.197s] Level 1:colcon.colcon_core.package_identification:_identify(log) ignored
[0.197s] Level 1:colcon.colcon_core.package_identification:_identify(robot_goal) by extensions ['ignore', 'ignore_ament_install']
[0.197s] Level 1:colcon.colcon_core.package_identification:_identify(robot_goal) by extension 'ignore'
[0.197s] Level 1:colcon.colcon_core.package_identification:_identify(robot_goal) by extension 'ignore_ament_install'
[0.197s] Level 1:colcon.colcon_core.package_identification:_identify(robot_goal) by extensions ['colcon_pkg']
[0.197s] Level 1:colcon.colcon_core.package_identification:_identify(robot_goal) by extension 'colcon_pkg'
[0.197s] Level 1:colcon.colcon_core.package_identification:_identify(robot_goal) by extensions ['colcon_meta']
[0.197s] Level 1:colcon.colcon_core.package_identification:_identify(robot_goal) by extension 'colcon_meta'
[0.197s] Level 1:colcon.colcon_core.package_identification:_identify(robot_goal) by extensions ['ros']
[0.197s] Level 1:colcon.colcon_core.package_identification:_identify(robot_goal) by extension 'ros'
[0.198s] DEBUG:colcon.colcon_core.package_identification:Package 'robot_goal' with type 'ros.ament_cmake' and name 'robot_goal'
[0.198s] Level 1:colcon.colcon_core.package_identification:_identify(robot_goal_pub) by extensions ['ignore', 'ignore_ament_install']
[0.198s] Level 1:colcon.colcon_core.package_identification:_identify(robot_goal_pub) by extension 'ignore'
[0.198s] Level 1:colcon.colcon_core.package_identification:_identify(robot_goal_pub) by extension 'ignore_ament_install'
[0.198s] Level 1:colcon.colcon_core.package_identification:_identify(robot_goal_pub) by extensions ['colcon_pkg']
[0.198s] Level 1:colcon.colcon_core.package_identification:_identify(robot_goal_pub) by extension 'colcon_pkg'
[0.198s] Level 1:colcon.colcon_core.package_identification:_identify(robot_goal_pub) by extensions ['colcon_meta']
[0.198s] Level 1:colcon.colcon_core.package_identification:_identify(robot_goal_pub) by extension 'colcon_meta'
[0.198s] Level 1:colcon.colcon_core.package_identification:_identify(robot_goal_pub) by extensions ['ros']
[0.198s] Level 1:colcon.colcon_core.package_identification:_identify(robot_goal_pub) by extension 'ros'
[0.198s] DEBUG:colcon.colcon_core.package_identification:Package 'robot_goal_pub' with type 'ros.ament_python' and name 'robot_goal_pub'
[0.198s] Level 1:colcon.colcon_core.package_identification:_identify(turtlebot3_simulations) by extensions ['ignore', 'ignore_ament_install']
[0.199s] Level 1:colcon.colcon_core.package_identification:_identify(turtlebot3_simulations) by extension 'ignore'
[0.199s] Level 1:colcon.colcon_core.package_identification:_identify(turtlebot3_simulations) by extension 'ignore_ament_install'
[0.199s] Level 1:colcon.colcon_core.package_identification:_identify(turtlebot3_simulations) by extensions ['colcon_pkg']
[0.199s] Level 1:colcon.colcon_core.package_identification:_identify(turtlebot3_simulations) by extension 'colcon_pkg'
[0.199s] Level 1:colcon.colcon_core.package_identification:_identify(turtlebot3_simulations) by extensions ['colcon_meta']
[0.199s] Level 1:colcon.colcon_core.package_identification:_identify(turtlebot3_simulations) by extension 'colcon_meta'
[0.199s] Level 1:colcon.colcon_core.package_identification:_identify(turtlebot3_simulations) by extensions ['ros']
[0.199s] Level 1:colcon.colcon_core.package_identification:_identify(turtlebot3_simulations) by extension 'ros'
[0.199s] Level 1:colcon.colcon_core.package_identification:_identify(turtlebot3_simulations) by extensions ['cmake', 'python']
[0.199s] Level 1:colcon.colcon_core.package_identification:_identify(turtlebot3_simulations) by extension 'cmake'
[0.199s] Level 1:colcon.colcon_core.package_identification:_identify(turtlebot3_simulations) by extension 'python'
[0.199s] Level 1:colcon.colcon_core.package_identification:_identify(turtlebot3_simulations) by extensions ['python_setup_py']
[0.199s] Level 1:colcon.colcon_core.package_identification:_identify(turtlebot3_simulations) by extension 'python_setup_py'
[0.199s] Level 1:colcon.colcon_core.package_identification:_identify(turtlebot3_simulations/turtlebot3_fake_node) by extensions ['ignore', 'ignore_ament_install']
[0.199s] Level 1:colcon.colcon_core.package_identification:_identify(turtlebot3_simulations/turtlebot3_fake_node) by extension 'ignore'
[0.199s] Level 1:colcon.colcon_core.package_identification:_identify(turtlebot3_simulations/turtlebot3_fake_node) by extension 'ignore_ament_install'
[0.199s] Level 1:colcon.colcon_core.package_identification:_identify(turtlebot3_simulations/turtlebot3_fake_node) by extensions ['colcon_pkg']
[0.199s] Level 1:colcon.colcon_core.package_identification:_identify(turtlebot3_simulations/turtlebot3_fake_node) by extension 'colcon_pkg'
[0.199s] Level 1:colcon.colcon_core.package_identification:_identify(turtlebot3_simulations/turtlebot3_fake_node) by extensions ['colcon_meta']
[0.199s] Level 1:colcon.colcon_core.package_identification:_identify(turtlebot3_simulations/turtlebot3_fake_node) by extension 'colcon_meta'
[0.199s] Level 1:colcon.colcon_core.package_identification:_identify(turtlebot3_simulations/turtlebot3_fake_node) by extensions ['ros']
[0.199s] Level 1:colcon.colcon_core.package_identification:_identify(turtlebot3_simulations/turtlebot3_fake_node) by extension 'ros'
[0.200s] DEBUG:colcon.colcon_core.package_identification:Package 'turtlebot3_simulations/turtlebot3_fake_node' with type 'ros.ament_cmake' and name 'turtlebot3_fake_node'
[0.200s] Level 1:colcon.colcon_core.package_identification:_identify(turtlebot3_simulations/turtlebot3_gazebo) by extensions ['ignore', 'ignore_ament_install']
[0.200s] Level 1:colcon.colcon_core.package_identification:_identify(turtlebot3_simulations/turtlebot3_gazebo) by extension 'ignore'
[0.200s] Level 1:colcon.colcon_core.package_identification:_identify(turtlebot3_simulations/turtlebot3_gazebo) by extension 'ignore_ament_install'
[0.200s] Level 1:colcon.colcon_core.package_identification:_identify(turtlebot3_simulations/turtlebot3_gazebo) by extensions ['colcon_pkg']
[0.200s] Level 1:colcon.colcon_core.package_identification:_identify(turtlebot3_simulations/turtlebot3_gazebo) by extension 'colcon_pkg'
[0.200s] Level 1:colcon.colcon_core.package_identification:_identify(turtlebot3_simulations/turtlebot3_gazebo) by extensions ['colcon_meta']
[0.200s] Level 1:colcon.colcon_core.package_identification:_identify(turtlebot3_simulations/turtlebot3_gazebo) by extension 'colcon_meta'
[0.200s] Level 1:colcon.colcon_core.package_identification:_identify(turtlebot3_simulations/turtlebot3_gazebo) by extensions ['ros']
[0.200s] Level 1:colcon.colcon_core.package_identification:_identify(turtlebot3_simulations/turtlebot3_gazebo) by extension 'ros'
[0.201s] DEBUG:colcon.colcon_core.package_identification:Package 'turtlebot3_simulations/turtlebot3_gazebo' with type 'ros.ament_cmake' and name 'turtlebot3_gazebo'
[0.201s] Level 1:colcon.colcon_core.package_identification:_identify(turtlebot3_simulations/turtlebot3_simulations) by extensions ['ignore', 'ignore_ament_install']
[0.201s] Level 1:colcon.colcon_core.package_identification:_identify(turtlebot3_simulations/turtlebot3_simulations) by extension 'ignore'
[0.201s] Level 1:colcon.colcon_core.package_identification:_identify(turtlebot3_simulations/turtlebot3_simulations) by extension 'ignore_ament_install'
[0.201s] Level 1:colcon.colcon_core.package_identification:_identify(turtlebot3_simulations/turtlebot3_simulations) by extensions ['colcon_pkg']
[0.201s] Level 1:colcon.colcon_core.package_identification:_identify(turtlebot3_simulations/turtlebot3_simulations) by extension 'colcon_pkg'
[0.201s] Level 1:colcon.colcon_core.package_identification:_identify(turtlebot3_simulations/turtlebot3_simulations) by extensions ['colcon_meta']
[0.201s] Level 1:colcon.colcon_core.package_identification:_identify(turtlebot3_simulations/turtlebot3_simulations) by extension 'colcon_meta'
[0.201s] Level 1:colcon.colcon_core.package_identification:_identify(turtlebot3_simulations/turtlebot3_simulations) by extensions ['ros']
[0.201s] Level 1:colcon.colcon_core.package_identification:_identify(turtlebot3_simulations/turtlebot3_simulations) by extension 'ros'
[0.202s] DEBUG:colcon.colcon_core.package_identification:Package 'turtlebot3_simulations/turtlebot3_simulations' with type 'ros.ament_cmake' and name 'turtlebot3_simulations'
[0.202s] Level 1:colcon.colcon_core.package_identification:_identify(velocity_msg) by extensions ['ignore', 'ignore_ament_install']
[0.202s] Level 1:colcon.colcon_core.package_identification:_identify(velocity_msg) by extension 'ignore'
[0.202s] Level 1:colcon.colcon_core.package_identification:_identify(velocity_msg) by extension 'ignore_ament_install'
[0.202s] Level 1:colcon.colcon_core.package_identification:_identify(velocity_msg) by extensions ['colcon_pkg']
[0.202s] Level 1:colcon.colcon_core.package_identification:_identify(velocity_msg) by extension 'colcon_pkg'
[0.202s] Level 1:colcon.colcon_core.package_identification:_identify(velocity_msg) by extensions ['colcon_meta']
[0.202s] Level 1:colcon.colcon_core.package_identification:_identify(velocity_msg) by extension 'colcon_meta'
[0.202s] Level 1:colcon.colcon_core.package_identification:_identify(velocity_msg) by extensions ['ros']
[0.202s] Level 1:colcon.colcon_core.package_identification:_identify(velocity_msg) by extension 'ros'
[0.202s] DEBUG:colcon.colcon_core.package_identification:Package 'velocity_msg' with type 'ros.ament_cmake' and name 'velocity_msg'
[0.202s] Level 1:colcon.colcon_core.package_discovery:discover_packages(recursive) using defaults
[0.202s] Level 1:colcon.colcon_core.package_discovery:discover_packages(ignore) discover
[0.202s] Level 1:colcon.colcon_core.package_discovery:discover_packages(ignore) using defaults
[0.202s] Level 1:colcon.colcon_core.package_discovery:discover_packages(path) discover
[0.202s] Level 1:colcon.colcon_core.package_discovery:discover_packages(path) using defaults
[0.226s] Level 1:colcon.colcon_core.package_discovery:discover_packages(prefix_path) check parameters
[0.226s] Level 1:colcon.colcon_core.package_discovery:discover_packages(prefix_path) discover
[0.227s] DEBUG:colcon.colcon_installed_package_information.package_discovery:Found 8 installed packages in /home/lennoxtr/turtlebot3_ws/src/install
[0.229s] DEBUG:colcon.colcon_installed_package_information.package_discovery:Found 373 installed packages in /opt/ros/humble
[0.230s] Level 1:colcon.colcon_core.package_discovery:discover_packages(prefix_path) using defaults
[0.260s] Level 5:colcon.colcon_core.verb:set package 'heading_msg' build argument 'cmake_args' from command line to 'None'
[0.260s] Level 5:colcon.colcon_core.verb:set package 'heading_msg' build argument 'cmake_target' from command line to 'None'
[0.260s] Level 5:colcon.colcon_core.verb:set package 'heading_msg' build argument 'cmake_target_skip_unavailable' from command line to 'False'
[0.260s] Level 5:colcon.colcon_core.verb:set package 'heading_msg' build argument 'cmake_clean_cache' from command line to 'False'
[0.260s] Level 5:colcon.colcon_core.verb:set package 'heading_msg' build argument 'cmake_clean_first' from command line to 'False'
[0.260s] Level 5:colcon.colcon_core.verb:set package 'heading_msg' build argument 'cmake_force_configure' from command line to 'False'
[0.260s] Level 5:colcon.colcon_core.verb:set package 'heading_msg' build argument 'ament_cmake_args' from command line to 'None'
[0.260s] Level 5:colcon.colcon_core.verb:set package 'heading_msg' build argument 'catkin_cmake_args' from command line to 'None'
[0.260s] Level 5:colcon.colcon_core.verb:set package 'heading_msg' build argument 'catkin_skip_building_tests' from command line to 'False'
[0.260s] DEBUG:colcon.colcon_core.verb:Building package 'heading_msg' with the following arguments: {'ament_cmake_args': None, 'build_base': '/home/lennoxtr/turtlebot3_ws/src/build/heading_msg', 'catkin_cmake_args': None, 'catkin_skip_building_tests': False, 'cmake_args': None, 'cmake_clean_cache': False, 'cmake_clean_first': False, 'cmake_force_configure': False, 'cmake_target': None, 'cmake_target_skip_unavailable': False, 'install_base': '/home/lennoxtr/turtlebot3_ws/src/install/heading_msg', 'merge_install': False, 'path': '/home/lennoxtr/turtlebot3_ws/src/heading_msg', 'symlink_install': False, 'test_result_base': None}
[0.260s] Level 5:colcon.colcon_core.verb:set package 'robot_goal' build argument 'cmake_args' from command line to 'None'
[0.260s] Level 5:colcon.colcon_core.verb:set package 'robot_goal' build argument 'cmake_target' from command line to 'None'
[0.260s] Level 5:colcon.colcon_core.verb:set package 'robot_goal' build argument 'cmake_target_skip_unavailable' from command line to 'False'
[0.260s] Level 5:colcon.colcon_core.verb:set package 'robot_goal' build argument 'cmake_clean_cache' from command line to 'False'
[0.260s] Level 5:colcon.colcon_core.verb:set package 'robot_goal' build argument 'cmake_clean_first' from command line to 'False'
[0.260s] Level 5:colcon.colcon_core.verb:set package 'robot_goal' build argument 'cmake_force_configure' from command line to 'False'
[0.260s] Level 5:colcon.colcon_core.verb:set package 'robot_goal' build argument 'ament_cmake_args' from command line to 'None'
[0.260s] Level 5:colcon.colcon_core.verb:set package 'robot_goal' build argument 'catkin_cmake_args' from command line to 'None'
[0.260s] Level 5:colcon.colcon_core.verb:set package 'robot_goal' build argument 'catkin_skip_building_tests' from command line to 'False'
[0.260s] DEBUG:colcon.colcon_core.verb:Building package 'robot_goal' with the following arguments: {'ament_cmake_args': None, 'build_base': '/home/lennoxtr/turtlebot3_ws/src/build/robot_goal', 'catkin_cmake_args': None, 'catkin_skip_building_tests': False, 'cmake_args': None, 'cmake_clean_cache': False, 'cmake_clean_first': False, 'cmake_force_configure': False, 'cmake_target': None, 'cmake_target_skip_unavailable': False, 'install_base': '/home/lennoxtr/turtlebot3_ws/src/install/robot_goal', 'merge_install': False, 'path': '/home/lennoxtr/turtlebot3_ws/src/robot_goal', 'symlink_install': False, 'test_result_base': None}
[0.260s] Level 5:colcon.colcon_core.verb:set package 'turtlebot3_fake_node' build argument 'cmake_args' from command line to 'None'
[0.260s] Level 5:colcon.colcon_core.verb:set package 'turtlebot3_fake_node' build argument 'cmake_target' from command line to 'None'
[0.261s] Level 5:colcon.colcon_core.verb:set package 'turtlebot3_fake_node' build argument 'cmake_target_skip_unavailable' from command line to 'False'
[0.261s] Level 5:colcon.colcon_core.verb:set package 'turtlebot3_fake_node' build argument 'cmake_clean_cache' from command line to 'False'
[0.261s] Level 5:colcon.colcon_core.verb:set package 'turtlebot3_fake_node' build argument 'cmake_clean_first' from command line to 'False'
[0.261s] Level 5:colcon.colcon_core.verb:set package 'turtlebot3_fake_node' build argument 'cmake_force_configure' from command line to 'False'
[0.261s] Level 5:colcon.colcon_core.verb:set package 'turtlebot3_fake_node' build argument 'ament_cmake_args' from command line to 'None'
[0.261s] Level 5:colcon.colcon_core.verb:set package 'turtlebot3_fake_node' build argument 'catkin_cmake_args' from command line to 'None'
[0.261s] Level 5:colcon.colcon_core.verb:set package 'turtlebot3_fake_node' build argument 'catkin_skip_building_tests' from command line to 'False'
[0.261s] DEBUG:colcon.colcon_core.verb:Building package 'turtlebot3_fake_node' with the following arguments: {'ament_cmake_args': None, 'build_base': '/home/lennoxtr/turtlebot3_ws/src/build/turtlebot3_fake_node', 'catkin_cmake_args': None, 'catkin_skip_building_tests': False, 'cmake_args': None, 'cmake_clean_cache': False, 'cmake_clean_first': False, 'cmake_force_configure': False, 'cmake_target': None, 'cmake_target_skip_unavailable': False, 'install_base': '/home/lennoxtr/turtlebot3_ws/src/install/turtlebot3_fake_node', 'merge_install': False, 'path': '/home/lennoxtr/turtlebot3_ws/src/turtlebot3_simulations/turtlebot3_fake_node', 'symlink_install': False, 'test_result_base': None}
[0.261s] Level 5:colcon.colcon_core.verb:set package 'turtlebot3_gazebo' build argument 'cmake_args' from command line to 'None'
[0.261s] Level 5:colcon.colcon_core.verb:set package 'turtlebot3_gazebo' build argument 'cmake_target' from command line to 'None'
[0.261s] Level 5:colcon.colcon_core.verb:set package 'turtlebot3_gazebo' build argument 'cmake_target_skip_unavailable' from command line to 'False'
[0.261s] Level 5:colcon.colcon_core.verb:set package 'turtlebot3_gazebo' build argument 'cmake_clean_cache' from command line to 'False'
[0.261s] Level 5:colcon.colcon_core.verb:set package 'turtlebot3_gazebo' build argument 'cmake_clean_first' from command line to 'False'
[0.261s] Level 5:colcon.colcon_core.verb:set package 'turtlebot3_gazebo' build argument 'cmake_force_configure' from command line to 'False'
[0.261s] Level 5:colcon.colcon_core.verb:set package 'turtlebot3_gazebo' build argument 'ament_cmake_args' from command line to 'None'
[0.261s] Level 5:colcon.colcon_core.verb:set package 'turtlebot3_gazebo' build argument 'catkin_cmake_args' from command line to 'None'
[0.261s] Level 5:colcon.colcon_core.verb:set package 'turtlebot3_gazebo' build argument 'catkin_skip_building_tests' from command line to 'False'
[0.261s] DEBUG:colcon.colcon_core.verb:Building package 'turtlebot3_gazebo' with the following arguments: {'ament_cmake_args': None, 'build_base': '/home/lennoxtr/turtlebot3_ws/src/build/turtlebot3_gazebo', 'catkin_cmake_args': None, 'catkin_skip_building_tests': False, 'cmake_args': None, 'cmake_clean_cache': False, 'cmake_clean_first': False, 'cmake_force_configure': False, 'cmake_target': None, 'cmake_target_skip_unavailable': False, 'install_base': '/home/lennoxtr/turtlebot3_ws/src/install/turtlebot3_gazebo', 'merge_install': False, 'path': '/home/lennoxtr/turtlebot3_ws/src/turtlebot3_simulations/turtlebot3_gazebo', 'symlink_install': False, 'test_result_base': None}
[0.261s] Level 5:colcon.colcon_core.verb:set package 'velocity_msg' build argument 'cmake_args' from command line to 'None'
[0.261s] Level 5:colcon.colcon_core.verb:set package 'velocity_msg' build argument 'cmake_target' from command line to 'None'
[0.261s] Level 5:colcon.colcon_core.verb:set package 'velocity_msg' build argument 'cmake_target_skip_unavailable' from command line to 'False'
[0.261s] Level 5:colcon.colcon_core.verb:set package 'velocity_msg' build argument 'cmake_clean_cache' from command line to 'False'
[0.261s] Level 5:colcon.colcon_core.verb:set package 'velocity_msg' build argument 'cmake_clean_first' from command line to 'False'
[0.261s] Level 5:colcon.colcon_core.verb:set package 'velocity_msg' build argument 'cmake_force_configure' from command line to 'False'
[0.261s] Level 5:colcon.colcon_core.verb:set package 'velocity_msg' build argument 'ament_cmake_args' from command line to 'None'
[0.261s] Level 5:colcon.colcon_core.verb:set package 'velocity_msg' build argument 'catkin_cmake_args' from command line to 'None'
[0.261s] Level 5:colcon.colcon_core.verb:set package 'velocity_msg' build argument 'catkin_skip_building_tests' from command line to 'False'
[0.261s] DEBUG:colcon.colcon_core.verb:Building package 'velocity_msg' with the following arguments: {'ament_cmake_args': None, 'build_base': '/home/lennoxtr/turtlebot3_ws/src/build/velocity_msg', 'catkin_cmake_args': None, 'catkin_skip_building_tests': False, 'cmake_args': None, 'cmake_clean_cache': False, 'cmake_clean_first': False, 'cmake_force_configure': False, 'cmake_target': None, 'cmake_target_skip_unavailable': False, 'install_base': '/home/lennoxtr/turtlebot3_ws/src/install/velocity_msg', 'merge_install': False, 'path': '/home/lennoxtr/turtlebot3_ws/src/velocity_msg', 'symlink_install': False, 'test_result_base': None}
[0.262s] Level 5:colcon.colcon_core.verb:set package 'goal_input' build argument 'cmake_args' from command line to 'None'
[0.262s] Level 5:colcon.colcon_core.verb:set package 'goal_input' build argument 'cmake_target' from command line to 'None'
[0.262s] Level 5:colcon.colcon_core.verb:set package 'goal_input' build argument 'cmake_target_skip_unavailable' from command line to 'False'
[0.262s] Level 5:colcon.colcon_core.verb:set package 'goal_input' build argument 'cmake_clean_cache' from command line to 'False'
[0.262s] Level 5:colcon.colcon_core.verb:set package 'goal_input' build argument 'cmake_clean_first' from command line to 'False'
[0.262s] Level 5:colcon.colcon_core.verb:set package 'goal_input' build argument 'cmake_force_configure' from command line to 'False'
[0.262s] Level 5:colcon.colcon_core.verb:set package 'goal_input' build argument 'ament_cmake_args' from command line to 'None'
[0.262s] Level 5:colcon.colcon_core.verb:set package 'goal_input' build argument 'catkin_cmake_args' from command line to 'None'
[0.262s] Level 5:colcon.colcon_core.verb:set package 'goal_input' build argument 'catkin_skip_building_tests' from command line to 'False'
[0.262s] DEBUG:colcon.colcon_core.verb:Building package 'goal_input' with the following arguments: {'ament_cmake_args': None, 'build_base': '/home/lennoxtr/turtlebot3_ws/src/build/goal_input', 'catkin_cmake_args': None, 'catkin_skip_building_tests': False, 'cmake_args': None, 'cmake_clean_cache': False, 'cmake_clean_first': False, 'cmake_force_configure': False, 'cmake_target': None, 'cmake_target_skip_unavailable': False, 'install_base': '/home/lennoxtr/turtlebot3_ws/src/install/goal_input', 'merge_install': False, 'path': '/home/lennoxtr/turtlebot3_ws/src/goal_input', 'symlink_install': False, 'test_result_base': None}
[0.262s] Level 5:colcon.colcon_core.verb:set package 'robot_goal_pub' build argument 'cmake_args' from command line to 'None'
[0.262s] Level 5:colcon.colcon_core.verb:set package 'robot_goal_pub' build argument 'cmake_target' from command line to 'None'
[0.262s] Level 5:colcon.colcon_core.verb:set package 'robot_goal_pub' build argument 'cmake_target_skip_unavailable' from command line to 'False'
[0.262s] Level 5:colcon.colcon_core.verb:set package 'robot_goal_pub' build argument 'cmake_clean_cache' from command line to 'False'
[0.262s] Level 5:colcon.colcon_core.verb:set package 'robot_goal_pub' build argument 'cmake_clean_first' from command line to 'False'
[0.262s] Level 5:colcon.colcon_core.verb:set package 'robot_goal_pub' build argument 'cmake_force_configure' from command line to 'False'
[0.262s] Level 5:colcon.colcon_core.verb:set package 'robot_goal_pub' build argument 'ament_cmake_args' from command line to 'None'
[0.262s] Level 5:colcon.colcon_core.verb:set package 'robot_goal_pub' build argument 'catkin_cmake_args' from command line to 'None'
[0.262s] Level 5:colcon.colcon_core.verb:set package 'robot_goal_pub' build argument 'catkin_skip_building_tests' from command line to 'False'
[0.262s] DEBUG:colcon.colcon_core.verb:Building package 'robot_goal_pub' with the following arguments: {'ament_cmake_args': None, 'build_base': '/home/lennoxtr/turtlebot3_ws/src/build/robot_goal_pub', 'catkin_cmake_args': None, 'catkin_skip_building_tests': False, 'cmake_args': None, 'cmake_clean_cache': False, 'cmake_clean_first': False, 'cmake_force_configure': False, 'cmake_target': None, 'cmake_target_skip_unavailable': False, 'install_base': '/home/lennoxtr/turtlebot3_ws/src/install/robot_goal_pub', 'merge_install': False, 'path': '/home/lennoxtr/turtlebot3_ws/src/robot_goal_pub', 'symlink_install': False, 'test_result_base': None}
[0.262s] Level 5:colcon.colcon_core.verb:set package 'turtlebot3_simulations' build argument 'cmake_args' from command line to 'None'
[0.262s] Level 5:colcon.colcon_core.verb:set package 'turtlebot3_simulations' build argument 'cmake_target' from command line to 'None'
[0.262s] Level 5:colcon.colcon_core.verb:set package 'turtlebot3_simulations' build argument 'cmake_target_skip_unavailable' from command line to 'False'
[0.262s] Level 5:colcon.colcon_core.verb:set package 'turtlebot3_simulations' build argument 'cmake_clean_cache' from command line to 'False'
[0.262s] Level 5:colcon.colcon_core.verb:set package 'turtlebot3_simulations' build argument 'cmake_clean_first' from command line to 'False'
[0.262s] Level 5:colcon.colcon_core.verb:set package 'turtlebot3_simulations' build argument 'cmake_force_configure' from command line to 'False'
[0.262s] Level 5:colcon.colcon_core.verb:set package 'turtlebot3_simulations' build argument 'ament_cmake_args' from command line to 'None'
[0.262s] Level 5:colcon.colcon_core.verb:set package 'turtlebot3_simulations' build argument 'catkin_cmake_args' from command line to 'None'
[0.262s] Level 5:colcon.colcon_core.verb:set package 'turtlebot3_simulations' build argument 'catkin_skip_building_tests' from command line to 'False'
[0.262s] DEBUG:colcon.colcon_core.verb:Building package 'turtlebot3_simulations' with the following arguments: {'ament_cmake_args': None, 'build_base': '/home/lennoxtr/turtlebot3_ws/src/build/turtlebot3_simulations', 'catkin_cmake_args': None, 'catkin_skip_building_tests': False, 'cmake_args': None, 'cmake_clean_cache': False, 'cmake_clean_first': False, 'cmake_force_configure': False, 'cmake_target': None, 'cmake_target_skip_unavailable': False, 'install_base': '/home/lennoxtr/turtlebot3_ws/src/install/turtlebot3_simulations', 'merge_install': False, 'path': '/home/lennoxtr/turtlebot3_ws/src/turtlebot3_simulations/turtlebot3_simulations', 'symlink_install': False, 'test_result_base': None}
[0.262s] INFO:colcon.colcon_core.executor:Executing jobs using 'parallel' executor
[0.263s] DEBUG:colcon.colcon_parallel_executor.executor.parallel:run_until_complete
[0.264s] INFO:colcon.colcon_ros.task.ament_cmake.build:Building ROS package in '/home/lennoxtr/turtlebot3_ws/src/heading_msg' with build type 'ament_cmake'
[0.264s] INFO:colcon.colcon_cmake.task.cmake.build:Building CMake package in '/home/lennoxtr/turtlebot3_ws/src/heading_msg'
[0.265s] INFO:colcon.colcon_core.plugin_system:Skipping extension 'colcon_core.shell.bat': Not used on non-Windows systems
[0.265s] INFO:colcon.colcon_core.shell:Skip shell extension 'powershell' for command environment: Not usable outside of PowerShell
[0.265s] DEBUG:colcon.colcon_core.shell:Skip shell extension 'dsv' for command environment
[0.268s] INFO:colcon.colcon_ros.task.ament_cmake.build:Building ROS package in '/home/lennoxtr/turtlebot3_ws/src/robot_goal' with build type 'ament_cmake'
[0.268s] INFO:colcon.colcon_cmake.task.cmake.build:Building CMake package in '/home/lennoxtr/turtlebot3_ws/src/robot_goal'
[0.268s] INFO:colcon.colcon_core.shell:Skip shell extension 'powershell' for command environment: Not usable outside of PowerShell
[0.268s] DEBUG:colcon.colcon_core.shell:Skip shell extension 'dsv' for command environment
[0.271s] INFO:colcon.colcon_ros.task.ament_cmake.build:Building ROS package in '/home/lennoxtr/turtlebot3_ws/src/turtlebot3_simulations/turtlebot3_fake_node' with build type 'ament_cmake'
[0.271s] INFO:colcon.colcon_cmake.task.cmake.build:Building CMake package in '/home/lennoxtr/turtlebot3_ws/src/turtlebot3_simulations/turtlebot3_fake_node'
[0.271s] INFO:colcon.colcon_core.shell:Skip shell extension 'powershell' for command environment: Not usable outside of PowerShell
[0.271s] DEBUG:colcon.colcon_core.shell:Skip shell extension 'dsv' for command environment
[0.273s] INFO:colcon.colcon_ros.task.ament_cmake.build:Building ROS package in '/home/lennoxtr/turtlebot3_ws/src/turtlebot3_simulations/turtlebot3_gazebo' with build type 'ament_cmake'
[0.273s] INFO:colcon.colcon_cmake.task.cmake.build:Building CMake package in '/home/lennoxtr/turtlebot3_ws/src/turtlebot3_simulations/turtlebot3_gazebo'
[0.273s] INFO:colcon.colcon_core.shell:Skip shell extension 'powershell' for command environment: Not usable outside of PowerShell
[0.273s] DEBUG:colcon.colcon_core.shell:Skip shell extension 'dsv' for command environment
[0.276s] INFO:colcon.colcon_ros.task.ament_cmake.build:Building ROS package in '/home/lennoxtr/turtlebot3_ws/src/velocity_msg' with build type 'ament_cmake'
[0.277s] INFO:colcon.colcon_cmake.task.cmake.build:Building CMake package in '/home/lennoxtr/turtlebot3_ws/src/velocity_msg'
[0.277s] INFO:colcon.colcon_core.shell:Skip shell extension 'powershell' for command environment: Not usable outside of PowerShell
[0.277s] DEBUG:colcon.colcon_core.shell:Skip shell extension 'dsv' for command environment
[0.283s] DEBUG:colcon.colcon_core.event_handler.log_command:Invoking command in '/home/lennoxtr/turtlebot3_ws/src/build/heading_msg': CMAKE_PREFIX_PATH=${CMAKE_PREFIX_PATH}:/home/lennoxtr/turtlebot3_ws/src/install/robot_goal_pub:/home/lennoxtr/turtlebot3_ws/src/install/goal_input:/opt/ros/humble /usr/bin/cmake --build /home/lennoxtr/turtlebot3_ws/src/build/heading_msg -- -j12 -l12
[0.285s] DEBUG:colcon.colcon_core.event_handler.log_command:Invoking command in '/home/lennoxtr/turtlebot3_ws/src/build/robot_goal': CMAKE_PREFIX_PATH=${CMAKE_PREFIX_PATH}:/home/lennoxtr/turtlebot3_ws/src/install/robot_goal_pub:/home/lennoxtr/turtlebot3_ws/src/install/goal_input:/opt/ros/humble /usr/bin/cmake --build /home/lennoxtr/turtlebot3_ws/src/build/robot_goal -- -j12 -l12
[0.287s] DEBUG:colcon.colcon_core.event_handler.log_command:Invoking command in '/home/lennoxtr/turtlebot3_ws/src/build/turtlebot3_fake_node': CMAKE_PREFIX_PATH=${CMAKE_PREFIX_PATH}:/home/lennoxtr/turtlebot3_ws/src/install/robot_goal_pub:/home/lennoxtr/turtlebot3_ws/src/install/goal_input:/opt/ros/humble /usr/bin/cmake --build /home/lennoxtr/turtlebot3_ws/src/build/turtlebot3_fake_node -- -j12 -l12
[0.289s] DEBUG:colcon.colcon_core.event_handler.log_command:Invoking command in '/home/lennoxtr/turtlebot3_ws/src/build/turtlebot3_gazebo': CMAKE_PREFIX_PATH=${CMAKE_PREFIX_PATH}:/home/lennoxtr/turtlebot3_ws/src/install/robot_goal_pub:/home/lennoxtr/turtlebot3_ws/src/install/goal_input:/opt/ros/humble /usr/bin/cmake --build /home/lennoxtr/turtlebot3_ws/src/build/turtlebot3_gazebo -- -j12 -l12
[0.294s] DEBUG:colcon.colcon_core.event_handler.log_command:Invoking command in '/home/lennoxtr/turtlebot3_ws/src/build/velocity_msg': CMAKE_PREFIX_PATH=${CMAKE_PREFIX_PATH}:/home/lennoxtr/turtlebot3_ws/src/install/robot_goal_pub:/home/lennoxtr/turtlebot3_ws/src/install/goal_input:/opt/ros/humble /usr/bin/cmake --build /home/lennoxtr/turtlebot3_ws/src/build/velocity_msg -- -j12 -l12
[0.362s] DEBUG:colcon.colcon_core.event_handler.log_command:Invoked command in '/home/lennoxtr/turtlebot3_ws/src/build/turtlebot3_fake_node' returned '0': CMAKE_PREFIX_PATH=${CMAKE_PREFIX_PATH}:/home/lennoxtr/turtlebot3_ws/src/install/robot_goal_pub:/home/lennoxtr/turtlebot3_ws/src/install/goal_input:/opt/ros/humble /usr/bin/cmake --build /home/lennoxtr/turtlebot3_ws/src/build/turtlebot3_fake_node -- -j12 -l12
[0.401s] DEBUG:colcon.colcon_core.event_handler.log_command:Invoked command in '/home/lennoxtr/turtlebot3_ws/src/build/turtlebot3_gazebo' returned '0': CMAKE_PREFIX_PATH=${CMAKE_PREFIX_PATH}:/home/lennoxtr/turtlebot3_ws/src/install/robot_goal_pub:/home/lennoxtr/turtlebot3_ws/src/install/goal_input:/opt/ros/humble /usr/bin/cmake --build /home/lennoxtr/turtlebot3_ws/src/build/turtlebot3_gazebo -- -j12 -l12
[0.417s] DEBUG:colcon.colcon_core.event_handler.log_command:Invoking command in '/home/lennoxtr/turtlebot3_ws/src/build/turtlebot3_fake_node': CMAKE_PREFIX_PATH=${CMAKE_PREFIX_PATH}:/home/lennoxtr/turtlebot3_ws/src/install/robot_goal_pub:/home/lennoxtr/turtlebot3_ws/src/install/goal_input:/opt/ros/humble /usr/bin/cmake --install /home/lennoxtr/turtlebot3_ws/src/build/turtlebot3_fake_node
[0.430s] Level 1:colcon.colcon_core.environment:create_environment_scripts_only(turtlebot3_fake_node)
[0.431s] DEBUG:colcon.colcon_core.event_handler.log_command:Invoked command in '/home/lennoxtr/turtlebot3_ws/src/build/turtlebot3_fake_node' returned '0': CMAKE_PREFIX_PATH=${CMAKE_PREFIX_PATH}:/home/lennoxtr/turtlebot3_ws/src/install/robot_goal_pub:/home/lennoxtr/turtlebot3_ws/src/install/goal_input:/opt/ros/humble /usr/bin/cmake --install /home/lennoxtr/turtlebot3_ws/src/build/turtlebot3_fake_node
[0.433s] Level 1:colcon.colcon_core.environment:checking '/home/lennoxtr/turtlebot3_ws/src/install/turtlebot3_fake_node' for CMake module files
[0.434s] Level 1:colcon.colcon_core.environment:checking '/home/lennoxtr/turtlebot3_ws/src/install/turtlebot3_fake_node' for CMake config files
[0.434s] Level 1:colcon.colcon_core.shell:create_environment_hook('turtlebot3_fake_node', 'cmake_prefix_path')
[0.434s] INFO:colcon.colcon_core.shell:Creating environment hook '/home/lennoxtr/turtlebot3_ws/src/install/turtlebot3_fake_node/share/turtlebot3_fake_node/hook/cmake_prefix_path.ps1'
[0.435s] INFO:colcon.colcon_core.shell:Creating environment descriptor '/home/lennoxtr/turtlebot3_ws/src/install/turtlebot3_fake_node/share/turtlebot3_fake_node/hook/cmake_prefix_path.dsv'
[0.436s] INFO:colcon.colcon_core.shell:Creating environment hook '/home/lennoxtr/turtlebot3_ws/src/install/turtlebot3_fake_node/share/turtlebot3_fake_node/hook/cmake_prefix_path.sh'
[0.437s] Level 1:colcon.colcon_core.environment:checking '/home/lennoxtr/turtlebot3_ws/src/install/turtlebot3_fake_node/lib'
[0.437s] Level 1:colcon.colcon_core.environment:checking '/home/lennoxtr/turtlebot3_ws/src/install/turtlebot3_fake_node/bin'
[0.437s] Level 1:colcon.colcon_core.environment:checking '/home/lennoxtr/turtlebot3_ws/src/install/turtlebot3_fake_node/lib/pkgconfig/turtlebot3_fake_node.pc'
[0.437s] Level 1:colcon.colcon_core.environment:checking '/home/lennoxtr/turtlebot3_ws/src/install/turtlebot3_fake_node/lib/python3.10/site-packages'
[0.438s] Level 1:colcon.colcon_core.environment:checking '/home/lennoxtr/turtlebot3_ws/src/install/turtlebot3_fake_node/bin'
[0.438s] INFO:colcon.colcon_core.shell:Creating package script '/home/lennoxtr/turtlebot3_ws/src/install/turtlebot3_fake_node/share/turtlebot3_fake_node/package.ps1'
[0.439s] INFO:colcon.colcon_core.shell:Creating package descriptor '/home/lennoxtr/turtlebot3_ws/src/install/turtlebot3_fake_node/share/turtlebot3_fake_node/package.dsv'
[0.440s] INFO:colcon.colcon_core.shell:Creating package script '/home/lennoxtr/turtlebot3_ws/src/install/turtlebot3_fake_node/share/turtlebot3_fake_node/package.sh'
[0.440s] INFO:colcon.colcon_core.shell:Creating package script '/home/lennoxtr/turtlebot3_ws/src/install/turtlebot3_fake_node/share/turtlebot3_fake_node/package.bash'
[0.441s] INFO:colcon.colcon_core.shell:Creating package script '/home/lennoxtr/turtlebot3_ws/src/install/turtlebot3_fake_node/share/turtlebot3_fake_node/package.zsh'
[0.442s] Level 1:colcon.colcon_core.environment:create_file_with_runtime_dependencies(/home/lennoxtr/turtlebot3_ws/src/install/turtlebot3_fake_node/share/colcon-core/packages/turtlebot3_fake_node)
[0.446s] DEBUG:colcon.colcon_core.event_handler.log_command:Invoking command in '/home/lennoxtr/turtlebot3_ws/src/build/turtlebot3_gazebo': CMAKE_PREFIX_PATH=${CMAKE_PREFIX_PATH}:/home/lennoxtr/turtlebot3_ws/src/install/robot_goal_pub:/home/lennoxtr/turtlebot3_ws/src/install/goal_input:/opt/ros/humble /usr/bin/cmake --install /home/lennoxtr/turtlebot3_ws/src/build/turtlebot3_gazebo
[0.461s] Level 1:colcon.colcon_core.environment:create_environment_scripts_only(turtlebot3_gazebo)
[0.462s] Level 1:colcon.colcon_core.environment:checking '/home/lennoxtr/turtlebot3_ws/src/install/turtlebot3_gazebo' for CMake module files
[0.464s] Level 1:colcon.colcon_core.environment:checking '/home/lennoxtr/turtlebot3_ws/src/install/turtlebot3_gazebo' for CMake config files
[0.464s] Level 1:colcon.colcon_core.shell:create_environment_hook('turtlebot3_gazebo', 'cmake_prefix_path')
[0.464s] INFO:colcon.colcon_core.shell:Creating environment hook '/home/lennoxtr/turtlebot3_ws/src/install/turtlebot3_gazebo/share/turtlebot3_gazebo/hook/cmake_prefix_path.ps1'
[0.465s] INFO:colcon.colcon_core.shell:Creating environment descriptor '/home/lennoxtr/turtlebot3_ws/src/install/turtlebot3_gazebo/share/turtlebot3_gazebo/hook/cmake_prefix_path.dsv'
[0.469s] INFO:colcon.colcon_core.shell:Creating environment hook '/home/lennoxtr/turtlebot3_ws/src/install/turtlebot3_gazebo/share/turtlebot3_gazebo/hook/cmake_prefix_path.sh'
[0.469s] Level 1:colcon.colcon_core.environment:checking '/home/lennoxtr/turtlebot3_ws/src/install/turtlebot3_gazebo/lib'
[0.469s] Level 1:colcon.colcon_core.environment:checking '/home/lennoxtr/turtlebot3_ws/src/install/turtlebot3_gazebo/bin'
[0.470s] Level 1:colcon.colcon_core.environment:checking '/home/lennoxtr/turtlebot3_ws/src/install/turtlebot3_gazebo/lib/pkgconfig/turtlebot3_gazebo.pc'
[0.470s] Level 1:colcon.colcon_core.environment:checking '/home/lennoxtr/turtlebot3_ws/src/install/turtlebot3_gazebo/lib/python3.10/site-packages'
[0.470s] Level 1:colcon.colcon_core.environment:checking '/home/lennoxtr/turtlebot3_ws/src/install/turtlebot3_gazebo/bin'
[0.470s] INFO:colcon.colcon_core.shell:Creating package script '/home/lennoxtr/turtlebot3_ws/src/install/turtlebot3_gazebo/share/turtlebot3_gazebo/package.ps1'
[0.471s] INFO:colcon.colcon_core.shell:Creating package descriptor '/home/lennoxtr/turtlebot3_ws/src/install/turtlebot3_gazebo/share/turtlebot3_gazebo/package.dsv'
[0.472s] DEBUG:colcon.colcon_core.event_handler.log_command:Invoked command in '/home/lennoxtr/turtlebot3_ws/src/build/turtlebot3_gazebo' returned '0': CMAKE_PREFIX_PATH=${CMAKE_PREFIX_PATH}:/home/lennoxtr/turtlebot3_ws/src/install/robot_goal_pub:/home/lennoxtr/turtlebot3_ws/src/install/goal_input:/opt/ros/humble /usr/bin/cmake --install /home/lennoxtr/turtlebot3_ws/src/build/turtlebot3_gazebo
[0.473s] INFO:colcon.colcon_core.shell:Creating package script '/home/lennoxtr/turtlebot3_ws/src/install/turtlebot3_gazebo/share/turtlebot3_gazebo/package.sh'
[0.473s] INFO:colcon.colcon_core.shell:Creating package script '/home/lennoxtr/turtlebot3_ws/src/install/turtlebot3_gazebo/share/turtlebot3_gazebo/package.bash'
[0.473s] INFO:colcon.colcon_core.shell:Creating package script '/home/lennoxtr/turtlebot3_ws/src/install/turtlebot3_gazebo/share/turtlebot3_gazebo/package.zsh'
[0.474s] Level 1:colcon.colcon_core.environment:create_file_with_runtime_dependencies(/home/lennoxtr/turtlebot3_ws/src/install/turtlebot3_gazebo/share/colcon-core/packages/turtlebot3_gazebo)
[0.480s] Level 1:colcon.colcon_core.environment:create_environment_scripts_only(turtlebot3_fake_node)
[0.480s] Level 1:colcon.colcon_core.environment:checking '/home/lennoxtr/turtlebot3_ws/src/install/turtlebot3_fake_node' for CMake module files
[0.481s] Level 1:colcon.colcon_core.environment:checking '/home/lennoxtr/turtlebot3_ws/src/install/turtlebot3_fake_node' for CMake config files
[0.481s] Level 1:colcon.colcon_core.shell:create_environment_hook('turtlebot3_fake_node', 'cmake_prefix_path')
[0.481s] INFO:colcon.colcon_core.shell:Creating environment hook '/home/lennoxtr/turtlebot3_ws/src/install/turtlebot3_fake_node/share/turtlebot3_fake_node/hook/cmake_prefix_path.ps1'
[0.482s] INFO:colcon.colcon_core.shell:Creating environment descriptor '/home/lennoxtr/turtlebot3_ws/src/install/turtlebot3_fake_node/share/turtlebot3_fake_node/hook/cmake_prefix_path.dsv'
[0.484s] INFO:colcon.colcon_core.shell:Creating environment hook '/home/lennoxtr/turtlebot3_ws/src/install/turtlebot3_fake_node/share/turtlebot3_fake_node/hook/cmake_prefix_path.sh'
[0.485s] Level 1:colcon.colcon_core.environment:checking '/home/lennoxtr/turtlebot3_ws/src/install/turtlebot3_fake_node/lib'
[0.485s] Level 1:colcon.colcon_core.environment:checking '/home/lennoxtr/turtlebot3_ws/src/install/turtlebot3_fake_node/bin'
[0.485s] Level 1:colcon.colcon_core.environment:checking '/home/lennoxtr/turtlebot3_ws/src/install/turtlebot3_fake_node/lib/pkgconfig/turtlebot3_fake_node.pc'
[0.485s] Level 1:colcon.colcon_core.environment:checking '/home/lennoxtr/turtlebot3_ws/src/install/turtlebot3_fake_node/lib/python3.10/site-packages'
[0.485s] Level 1:colcon.colcon_core.environment:checking '/home/lennoxtr/turtlebot3_ws/src/install/turtlebot3_fake_node/bin'
[0.486s] INFO:colcon.colcon_core.shell:Creating package script '/home/lennoxtr/turtlebot3_ws/src/install/turtlebot3_fake_node/share/turtlebot3_fake_node/package.ps1'
[0.486s] INFO:colcon.colcon_core.shell:Creating package descriptor '/home/lennoxtr/turtlebot3_ws/src/install/turtlebot3_fake_node/share/turtlebot3_fake_node/package.dsv'
[0.487s] INFO:colcon.colcon_core.shell:Creating package script '/home/lennoxtr/turtlebot3_ws/src/install/turtlebot3_fake_node/share/turtlebot3_fake_node/package.sh'
[0.487s] INFO:colcon.colcon_core.shell:Creating package script '/home/lennoxtr/turtlebot3_ws/src/install/turtlebot3_fake_node/share/turtlebot3_fake_node/package.bash'
[0.487s] INFO:colcon.colcon_core.shell:Creating package script '/home/lennoxtr/turtlebot3_ws/src/install/turtlebot3_fake_node/share/turtlebot3_fake_node/package.zsh'
[0.488s] Level 1:colcon.colcon_core.environment:create_file_with_runtime_dependencies(/home/lennoxtr/turtlebot3_ws/src/install/turtlebot3_fake_node/share/colcon-core/packages/turtlebot3_fake_node)
[0.515s] Level 1:colcon.colcon_core.environment:create_environment_scripts_only(turtlebot3_gazebo)
[0.515s] Level 1:colcon.colcon_core.environment:checking '/home/lennoxtr/turtlebot3_ws/src/install/turtlebot3_gazebo' for CMake module files
[0.515s] Level 1:colcon.colcon_core.environment:checking '/home/lennoxtr/turtlebot3_ws/src/install/turtlebot3_gazebo' for CMake config files
[0.515s] Level 1:colcon.colcon_core.shell:create_environment_hook('turtlebot3_gazebo', 'cmake_prefix_path')
[0.516s] INFO:colcon.colcon_core.shell:Creating environment hook '/home/lennoxtr/turtlebot3_ws/src/install/turtlebot3_gazebo/share/turtlebot3_gazebo/hook/cmake_prefix_path.ps1'
[0.516s] INFO:colcon.colcon_core.shell:Creating environment descriptor '/home/lennoxtr/turtlebot3_ws/src/install/turtlebot3_gazebo/share/turtlebot3_gazebo/hook/cmake_prefix_path.dsv'
[0.516s] INFO:colcon.colcon_core.shell:Creating environment hook '/home/lennoxtr/turtlebot3_ws/src/install/turtlebot3_gazebo/share/turtlebot3_gazebo/hook/cmake_prefix_path.sh'
[0.517s] Level 1:colcon.colcon_core.environment:checking '/home/lennoxtr/turtlebot3_ws/src/install/turtlebot3_gazebo/lib'
[0.517s] Level 1:colcon.colcon_core.environment:checking '/home/lennoxtr/turtlebot3_ws/src/install/turtlebot3_gazebo/bin'
[0.517s] Level 1:colcon.colcon_core.environment:checking '/home/lennoxtr/turtlebot3_ws/src/install/turtlebot3_gazebo/lib/pkgconfig/turtlebot3_gazebo.pc'
[0.517s] Level 1:colcon.colcon_core.environment:checking '/home/lennoxtr/turtlebot3_ws/src/install/turtlebot3_gazebo/lib/python3.10/site-packages'
[0.517s] Level 1:colcon.colcon_core.environment:checking '/home/lennoxtr/turtlebot3_ws/src/install/turtlebot3_gazebo/bin'
[0.517s] INFO:colcon.colcon_core.shell:Creating package script '/home/lennoxtr/turtlebot3_ws/src/install/turtlebot3_gazebo/share/turtlebot3_gazebo/package.ps1'
[0.518s] INFO:colcon.colcon_core.shell:Creating package descriptor '/home/lennoxtr/turtlebot3_ws/src/install/turtlebot3_gazebo/share/turtlebot3_gazebo/package.dsv'
[0.518s] INFO:colcon.colcon_core.shell:Creating package script '/home/lennoxtr/turtlebot3_ws/src/install/turtlebot3_gazebo/share/turtlebot3_gazebo/package.sh'
[0.518s] INFO:colcon.colcon_core.shell:Creating package script '/home/lennoxtr/turtlebot3_ws/src/install/turtlebot3_gazebo/share/turtlebot3_gazebo/package.bash'
[0.518s] INFO:colcon.colcon_core.shell:Creating package script '/home/lennoxtr/turtlebot3_ws/src/install/turtlebot3_gazebo/share/turtlebot3_gazebo/package.zsh'
[0.519s] Level 1:colcon.colcon_core.environment:create_file_with_runtime_dependencies(/home/lennoxtr/turtlebot3_ws/src/install/turtlebot3_gazebo/share/colcon-core/packages/turtlebot3_gazebo)
[0.519s] INFO:colcon.colcon_ros.task.ament_cmake.build:Building ROS package in '/home/lennoxtr/turtlebot3_ws/src/turtlebot3_simulations/turtlebot3_simulations' with build type 'ament_cmake'
[0.519s] INFO:colcon.colcon_cmake.task.cmake.build:Building CMake package in '/home/lennoxtr/turtlebot3_ws/src/turtlebot3_simulations/turtlebot3_simulations'
[0.519s] INFO:colcon.colcon_core.shell:Skip shell extension 'powershell' for command environment: Not usable outside of PowerShell
[0.519s] DEBUG:colcon.colcon_core.shell:Skip shell extension 'dsv' for command environment
[0.526s] DEBUG:colcon.colcon_core.event_handler.log_command:Invoking command in '/home/lennoxtr/turtlebot3_ws/src/build/turtlebot3_simulations': CMAKE_PREFIX_PATH=/home/lennoxtr/turtlebot3_ws/src/install/turtlebot3_gazebo:/home/lennoxtr/turtlebot3_ws/src/install/turtlebot3_fake_node:/home/lennoxtr/turtlebot3_ws/src/install/velocity_msg:/home/lennoxtr/turtlebot3_ws/src/install/turtlebot3_simulations:/home/lennoxtr/turtlebot3_ws/src/install/robot_goal:/home/lennoxtr/turtlebot3_ws/src/install/heading_msg:/home/lennoxtr/turtlebot3_ws/src/install/robot_goal_pub:/home/lennoxtr/turtlebot3_ws/src/install/goal_input:/opt/ros/humble /usr/bin/cmake --build /home/lennoxtr/turtlebot3_ws/src/build/turtlebot3_simulations -- -j12 -l12
[0.554s] DEBUG:colcon.colcon_core.event_handler.log_command:Invoked command in '/home/lennoxtr/turtlebot3_ws/src/build/turtlebot3_simulations' returned '0': CMAKE_PREFIX_PATH=/home/lennoxtr/turtlebot3_ws/src/install/turtlebot3_gazebo:/home/lennoxtr/turtlebot3_ws/src/install/turtlebot3_fake_node:/home/lennoxtr/turtlebot3_ws/src/install/velocity_msg:/home/lennoxtr/turtlebot3_ws/src/install/turtlebot3_simulations:/home/lennoxtr/turtlebot3_ws/src/install/robot_goal:/home/lennoxtr/turtlebot3_ws/src/install/heading_msg:/home/lennoxtr/turtlebot3_ws/src/install/robot_goal_pub:/home/lennoxtr/turtlebot3_ws/src/install/goal_input:/opt/ros/humble /usr/bin/cmake --build /home/lennoxtr/turtlebot3_ws/src/build/turtlebot3_simulations -- -j12 -l12
[0.570s] DEBUG:colcon.colcon_core.event_handler.log_command:Invoking command in '/home/lennoxtr/turtlebot3_ws/src/build/turtlebot3_simulations': CMAKE_PREFIX_PATH=/home/lennoxtr/turtlebot3_ws/src/install/turtlebot3_gazebo:/home/lennoxtr/turtlebot3_ws/src/install/turtlebot3_fake_node:/home/lennoxtr/turtlebot3_ws/src/install/velocity_msg:/home/lennoxtr/turtlebot3_ws/src/install/turtlebot3_simulations:/home/lennoxtr/turtlebot3_ws/src/install/robot_goal:/home/lennoxtr/turtlebot3_ws/src/install/heading_msg:/home/lennoxtr/turtlebot3_ws/src/install/robot_goal_pub:/home/lennoxtr/turtlebot3_ws/src/install/goal_input:/opt/ros/humble /usr/bin/cmake --install /home/lennoxtr/turtlebot3_ws/src/build/turtlebot3_simulations
[0.579s] Level 1:colcon.colcon_core.environment:create_environment_scripts_only(turtlebot3_simulations)
[0.579s] Level 1:colcon.colcon_core.environment:checking '/home/lennoxtr/turtlebot3_ws/src/install/turtlebot3_simulations' for CMake module files
[0.580s] DEBUG:colcon.colcon_core.event_handler.log_command:Invoked command in '/home/lennoxtr/turtlebot3_ws/src/build/turtlebot3_simulations' returned '0': CMAKE_PREFIX_PATH=/home/lennoxtr/turtlebot3_ws/src/install/turtlebot3_gazebo:/home/lennoxtr/turtlebot3_ws/src/install/turtlebot3_fake_node:/home/lennoxtr/turtlebot3_ws/src/install/velocity_msg:/home/lennoxtr/turtlebot3_ws/src/install/turtlebot3_simulations:/home/lennoxtr/turtlebot3_ws/src/install/robot_goal:/home/lennoxtr/turtlebot3_ws/src/install/heading_msg:/home/lennoxtr/turtlebot3_ws/src/install/robot_goal_pub:/home/lennoxtr/turtlebot3_ws/src/install/goal_input:/opt/ros/humble /usr/bin/cmake --install /home/lennoxtr/turtlebot3_ws/src/build/turtlebot3_simulations
[0.580s] Level 1:colcon.colcon_core.environment:checking '/home/lennoxtr/turtlebot3_ws/src/install/turtlebot3_simulations' for CMake config files
[0.580s] Level 1:colcon.colcon_core.shell:create_environment_hook('turtlebot3_simulations', 'cmake_prefix_path')
[0.581s] INFO:colcon.colcon_core.shell:Creating environment hook '/home/lennoxtr/turtlebot3_ws/src/install/turtlebot3_simulations/share/turtlebot3_simulations/hook/cmake_prefix_path.ps1'
[0.581s] INFO:colcon.colcon_core.shell:Creating environment descriptor '/home/lennoxtr/turtlebot3_ws/src/install/turtlebot3_simulations/share/turtlebot3_simulations/hook/cmake_prefix_path.dsv'
[0.581s] INFO:colcon.colcon_core.shell:Creating environment hook '/home/lennoxtr/turtlebot3_ws/src/install/turtlebot3_simulations/share/turtlebot3_simulations/hook/cmake_prefix_path.sh'
[0.582s] Level 1:colcon.colcon_core.environment:checking '/home/lennoxtr/turtlebot3_ws/src/install/turtlebot3_simulations/bin'
[0.582s] Level 1:colcon.colcon_core.environment:checking '/home/lennoxtr/turtlebot3_ws/src/install/turtlebot3_simulations/lib/pkgconfig/turtlebot3_simulations.pc'
[0.582s] Level 1:colcon.colcon_core.environment:checking '/home/lennoxtr/turtlebot3_ws/src/install/turtlebot3_simulations/lib/python3.10/site-packages'
[0.582s] Level 1:colcon.colcon_core.environment:checking '/home/lennoxtr/turtlebot3_ws/src/install/turtlebot3_simulations/bin'
[0.582s] INFO:colcon.colcon_core.shell:Creating package script '/home/lennoxtr/turtlebot3_ws/src/install/turtlebot3_simulations/share/turtlebot3_simulations/package.ps1'
[0.583s] INFO:colcon.colcon_core.shell:Creating package descriptor '/home/lennoxtr/turtlebot3_ws/src/install/turtlebot3_simulations/share/turtlebot3_simulations/package.dsv'
[0.583s] INFO:colcon.colcon_core.shell:Creating package script '/home/lennoxtr/turtlebot3_ws/src/install/turtlebot3_simulations/share/turtlebot3_simulations/package.sh'
[0.583s] INFO:colcon.colcon_core.shell:Creating package script '/home/lennoxtr/turtlebot3_ws/src/install/turtlebot3_simulations/share/turtlebot3_simulations/package.bash'
[0.584s] INFO:colcon.colcon_core.shell:Creating package script '/home/lennoxtr/turtlebot3_ws/src/install/turtlebot3_simulations/share/turtlebot3_simulations/package.zsh'
[0.584s] Level 1:colcon.colcon_core.environment:create_file_with_runtime_dependencies(/home/lennoxtr/turtlebot3_ws/src/install/turtlebot3_simulations/share/colcon-core/packages/turtlebot3_simulations)
[0.600s] Level 1:colcon.colcon_core.environment:create_environment_scripts_only(turtlebot3_simulations)
[0.600s] Level 1:colcon.colcon_core.environment:checking '/home/lennoxtr/turtlebot3_ws/src/install/turtlebot3_simulations' for CMake module files
[0.600s] Level 1:colcon.colcon_core.environment:checking '/home/lennoxtr/turtlebot3_ws/src/install/turtlebot3_simulations' for CMake config files
[0.600s] Level 1:colcon.colcon_core.shell:create_environment_hook('turtlebot3_simulations', 'cmake_prefix_path')
[0.601s] INFO:colcon.colcon_core.shell:Creating environment hook '/home/lennoxtr/turtlebot3_ws/src/install/turtlebot3_simulations/share/turtlebot3_simulations/hook/cmake_prefix_path.ps1'
[0.601s] INFO:colcon.colcon_core.shell:Creating environment descriptor '/home/lennoxtr/turtlebot3_ws/src/install/turtlebot3_simulations/share/turtlebot3_simulations/hook/cmake_prefix_path.dsv'
[0.601s] INFO:colcon.colcon_core.shell:Creating environment hook '/home/lennoxtr/turtlebot3_ws/src/install/turtlebot3_simulations/share/turtlebot3_simulations/hook/cmake_prefix_path.sh'
[0.602s] Level 1:colcon.colcon_core.environment:checking '/home/lennoxtr/turtlebot3_ws/src/install/turtlebot3_simulations/bin'
[0.602s] Level 1:colcon.colcon_core.environment:checking '/home/lennoxtr/turtlebot3_ws/src/install/turtlebot3_simulations/lib/pkgconfig/turtlebot3_simulations.pc'
[0.602s] Level 1:colcon.colcon_core.environment:checking '/home/lennoxtr/turtlebot3_ws/src/install/turtlebot3_simulations/lib/python3.10/site-packages'
[0.602s] Level 1:colcon.colcon_core.environment:checking '/home/lennoxtr/turtlebot3_ws/src/install/turtlebot3_simulations/bin'
[0.602s] INFO:colcon.colcon_core.shell:Creating package script '/home/lennoxtr/turtlebot3_ws/src/install/turtlebot3_simulations/share/turtlebot3_simulations/package.ps1'
[0.602s] INFO:colcon.colcon_core.shell:Creating package descriptor '/home/lennoxtr/turtlebot3_ws/src/install/turtlebot3_simulations/share/turtlebot3_simulations/package.dsv'
[0.603s] INFO:colcon.colcon_core.shell:Creating package script '/home/lennoxtr/turtlebot3_ws/src/install/turtlebot3_simulations/share/turtlebot3_simulations/package.sh'
[0.603s] INFO:colcon.colcon_core.shell:Creating package script '/home/lennoxtr/turtlebot3_ws/src/install/turtlebot3_simulations/share/turtlebot3_simulations/package.bash'
[0.603s] INFO:colcon.colcon_core.shell:Creating package script '/home/lennoxtr/turtlebot3_ws/src/install/turtlebot3_simulations/share/turtlebot3_simulations/package.zsh'
[0.603s] Level 1:colcon.colcon_core.environment:create_file_with_runtime_dependencies(/home/lennoxtr/turtlebot3_ws/src/install/turtlebot3_simulations/share/colcon-core/packages/turtlebot3_simulations)
[0.674s] DEBUG:colcon.colcon_core.event_handler.log_command:Invoked command in '/home/lennoxtr/turtlebot3_ws/src/build/robot_goal' returned '0': CMAKE_PREFIX_PATH=${CMAKE_PREFIX_PATH}:/home/lennoxtr/turtlebot3_ws/src/install/robot_goal_pub:/home/lennoxtr/turtlebot3_ws/src/install/goal_input:/opt/ros/humble /usr/bin/cmake --build /home/lennoxtr/turtlebot3_ws/src/build/robot_goal -- -j12 -l12
[0.684s] DEBUG:colcon.colcon_core.event_handler.log_command:Invoked command in '/home/lennoxtr/turtlebot3_ws/src/build/heading_msg' returned '0': CMAKE_PREFIX_PATH=${CMAKE_PREFIX_PATH}:/home/lennoxtr/turtlebot3_ws/src/install/robot_goal_pub:/home/lennoxtr/turtlebot3_ws/src/install/goal_input:/opt/ros/humble /usr/bin/cmake --build /home/lennoxtr/turtlebot3_ws/src/build/heading_msg -- -j12 -l12
[0.693s] DEBUG:colcon.colcon_core.event_handler.log_command:Invoked command in '/home/lennoxtr/turtlebot3_ws/src/build/velocity_msg' returned '0': CMAKE_PREFIX_PATH=${CMAKE_PREFIX_PATH}:/home/lennoxtr/turtlebot3_ws/src/install/robot_goal_pub:/home/lennoxtr/turtlebot3_ws/src/install/goal_input:/opt/ros/humble /usr/bin/cmake --build /home/lennoxtr/turtlebot3_ws/src/build/velocity_msg -- -j12 -l12
[0.722s] DEBUG:colcon.colcon_core.event_handler.log_command:Invoking command in '/home/lennoxtr/turtlebot3_ws/src/build/robot_goal': CMAKE_PREFIX_PATH=${CMAKE_PREFIX_PATH}:/home/lennoxtr/turtlebot3_ws/src/install/robot_goal_pub:/home/lennoxtr/turtlebot3_ws/src/install/goal_input:/opt/ros/humble /usr/bin/cmake --install /home/lennoxtr/turtlebot3_ws/src/build/robot_goal
[0.734s] DEBUG:colcon.colcon_core.event_handler.log_command:Invoking command in '/home/lennoxtr/turtlebot3_ws/src/build/heading_msg': CMAKE_PREFIX_PATH=${CMAKE_PREFIX_PATH}:/home/lennoxtr/turtlebot3_ws/src/install/robot_goal_pub:/home/lennoxtr/turtlebot3_ws/src/install/goal_input:/opt/ros/humble /usr/bin/cmake --install /home/lennoxtr/turtlebot3_ws/src/build/heading_msg
[0.738s] DEBUG:colcon.colcon_core.event_handler.log_command:Invoking command in '/home/lennoxtr/turtlebot3_ws/src/build/velocity_msg': CMAKE_PREFIX_PATH=${CMAKE_PREFIX_PATH}:/home/lennoxtr/turtlebot3_ws/src/install/robot_goal_pub:/home/lennoxtr/turtlebot3_ws/src/install/goal_input:/opt/ros/humble /usr/bin/cmake --install /home/lennoxtr/turtlebot3_ws/src/build/velocity_msg
[0.765s] Level 1:colcon.colcon_core.environment:create_environment_scripts_only(robot_goal)
[0.765s] Level 1:colcon.colcon_core.environment:checking '/home/lennoxtr/turtlebot3_ws/src/install/robot_goal' for CMake module files
[0.766s] DEBUG:colcon.colcon_core.event_handler.log_command:Invoked command in '/home/lennoxtr/turtlebot3_ws/src/build/robot_goal' returned '0': CMAKE_PREFIX_PATH=${CMAKE_PREFIX_PATH}:/home/lennoxtr/turtlebot3_ws/src/install/robot_goal_pub:/home/lennoxtr/turtlebot3_ws/src/install/goal_input:/opt/ros/humble /usr/bin/cmake --install /home/lennoxtr/turtlebot3_ws/src/build/robot_goal
[0.766s] Level 1:colcon.colcon_core.environment:checking '/home/lennoxtr/turtlebot3_ws/src/install/robot_goal' for CMake config files
[0.767s] Level 1:colcon.colcon_core.shell:create_environment_hook('robot_goal', 'cmake_prefix_path')
[0.767s] INFO:colcon.colcon_core.shell:Creating environment hook '/home/lennoxtr/turtlebot3_ws/src/install/robot_goal/share/robot_goal/hook/cmake_prefix_path.ps1'
[0.768s] INFO:colcon.colcon_core.shell:Creating environment descriptor '/home/lennoxtr/turtlebot3_ws/src/install/robot_goal/share/robot_goal/hook/cmake_prefix_path.dsv'
[0.768s] INFO:colcon.colcon_core.shell:Creating environment hook '/home/lennoxtr/turtlebot3_ws/src/install/robot_goal/share/robot_goal/hook/cmake_prefix_path.sh'
[0.769s] Level 1:colcon.colcon_core.environment:checking '/home/lennoxtr/turtlebot3_ws/src/install/robot_goal/lib'
[0.769s] Level 1:colcon.colcon_core.shell:create_environment_hook('robot_goal', 'ld_library_path_lib')
[0.769s] INFO:colcon.colcon_core.shell:Creating environment hook '/home/lennoxtr/turtlebot3_ws/src/install/robot_goal/share/robot_goal/hook/ld_library_path_lib.ps1'
[0.770s] INFO:colcon.colcon_core.shell:Creating environment descriptor '/home/lennoxtr/turtlebot3_ws/src/install/robot_goal/share/robot_goal/hook/ld_library_path_lib.dsv'
[0.770s] INFO:colcon.colcon_core.shell:Creating environment hook '/home/lennoxtr/turtlebot3_ws/src/install/robot_goal/share/robot_goal/hook/ld_library_path_lib.sh'
[0.770s] Level 1:colcon.colcon_core.environment:checking '/home/lennoxtr/turtlebot3_ws/src/install/robot_goal/bin'
[0.770s] Level 1:colcon.colcon_core.environment:checking '/home/lennoxtr/turtlebot3_ws/src/install/robot_goal/lib/pkgconfig/robot_goal.pc'
[0.771s] Level 1:colcon.colcon_core.environment:checking '/home/lennoxtr/turtlebot3_ws/src/install/robot_goal/lib/python3.10/site-packages'
[0.771s] Level 1:colcon.colcon_core.environment:checking '/home/lennoxtr/turtlebot3_ws/src/install/robot_goal/bin'
[0.771s] INFO:colcon.colcon_core.shell:Creating package script '/home/lennoxtr/turtlebot3_ws/src/install/robot_goal/share/robot_goal/package.ps1'
[0.772s] INFO:colcon.colcon_core.shell:Creating package descriptor '/home/lennoxtr/turtlebot3_ws/src/install/robot_goal/share/robot_goal/package.dsv'
[0.772s] INFO:colcon.colcon_core.shell:Creating package script '/home/lennoxtr/turtlebot3_ws/src/install/robot_goal/share/robot_goal/package.sh'
[0.773s] INFO:colcon.colcon_core.shell:Creating package script '/home/lennoxtr/turtlebot3_ws/src/install/robot_goal/share/robot_goal/package.bash'
[0.773s] INFO:colcon.colcon_core.shell:Creating package script '/home/lennoxtr/turtlebot3_ws/src/install/robot_goal/share/robot_goal/package.zsh'
[0.774s] Level 1:colcon.colcon_core.environment:create_file_with_runtime_dependencies(/home/lennoxtr/turtlebot3_ws/src/install/robot_goal/share/colcon-core/packages/robot_goal)
[0.783s] Level 1:colcon.colcon_core.environment:create_environment_scripts_only(heading_msg)
[0.783s] Level 1:colcon.colcon_core.environment:checking '/home/lennoxtr/turtlebot3_ws/src/install/heading_msg' for CMake module files
[0.783s] DEBUG:colcon.colcon_core.event_handler.log_command:Invoked command in '/home/lennoxtr/turtlebot3_ws/src/build/heading_msg' returned '0': CMAKE_PREFIX_PATH=${CMAKE_PREFIX_PATH}:/home/lennoxtr/turtlebot3_ws/src/install/robot_goal_pub:/home/lennoxtr/turtlebot3_ws/src/install/goal_input:/opt/ros/humble /usr/bin/cmake --install /home/lennoxtr/turtlebot3_ws/src/build/heading_msg
[0.784s] Level 1:colcon.colcon_core.environment:checking '/home/lennoxtr/turtlebot3_ws/src/install/heading_msg' for CMake config files
[0.784s] Level 1:colcon.colcon_core.shell:create_environment_hook('heading_msg', 'cmake_prefix_path')
[0.784s] INFO:colcon.colcon_core.shell:Creating environment hook '/home/lennoxtr/turtlebot3_ws/src/install/heading_msg/share/heading_msg/hook/cmake_prefix_path.ps1'
[0.785s] INFO:colcon.colcon_core.shell:Creating environment descriptor '/home/lennoxtr/turtlebot3_ws/src/install/heading_msg/share/heading_msg/hook/cmake_prefix_path.dsv'
[0.785s] INFO:colcon.colcon_core.shell:Creating environment hook '/home/lennoxtr/turtlebot3_ws/src/install/heading_msg/share/heading_msg/hook/cmake_prefix_path.sh'
[0.786s] Level 1:colcon.colcon_core.environment:checking '/home/lennoxtr/turtlebot3_ws/src/install/heading_msg/lib'
[0.786s] Level 1:colcon.colcon_core.shell:create_environment_hook('heading_msg', 'ld_library_path_lib')
[0.787s] INFO:colcon.colcon_core.shell:Creating environment hook '/home/lennoxtr/turtlebot3_ws/src/install/heading_msg/share/heading_msg/hook/ld_library_path_lib.ps1'
[0.789s] INFO:colcon.colcon_core.shell:Creating environment descriptor '/home/lennoxtr/turtlebot3_ws/src/install/heading_msg/share/heading_msg/hook/ld_library_path_lib.dsv'
[0.789s] INFO:colcon.colcon_core.shell:Creating environment hook '/home/lennoxtr/turtlebot3_ws/src/install/heading_msg/share/heading_msg/hook/ld_library_path_lib.sh'
[0.790s] Level 1:colcon.colcon_core.environment:checking '/home/lennoxtr/turtlebot3_ws/src/install/heading_msg/bin'
[0.790s] Level 1:colcon.colcon_core.environment:checking '/home/lennoxtr/turtlebot3_ws/src/install/heading_msg/lib/pkgconfig/heading_msg.pc'
[0.790s] Level 1:colcon.colcon_core.environment:checking '/home/lennoxtr/turtlebot3_ws/src/install/heading_msg/lib/python3.10/site-packages'
[0.790s] Level 1:colcon.colcon_core.environment:checking '/home/lennoxtr/turtlebot3_ws/src/install/heading_msg/bin'
[0.790s] INFO:colcon.colcon_core.shell:Creating package script '/home/lennoxtr/turtlebot3_ws/src/install/heading_msg/share/heading_msg/package.ps1'
[0.791s] INFO:colcon.colcon_core.shell:Creating package descriptor '/home/lennoxtr/turtlebot3_ws/src/install/heading_msg/share/heading_msg/package.dsv'
[0.791s] INFO:colcon.colcon_core.shell:Creating package script '/home/lennoxtr/turtlebot3_ws/src/install/heading_msg/share/heading_msg/package.sh'
[0.791s] INFO:colcon.colcon_core.shell:Creating package script '/home/lennoxtr/turtlebot3_ws/src/install/heading_msg/share/heading_msg/package.bash'
[0.791s] INFO:colcon.colcon_core.shell:Creating package script '/home/lennoxtr/turtlebot3_ws/src/install/heading_msg/share/heading_msg/package.zsh'
[0.792s] Level 1:colcon.colcon_core.environment:create_file_with_runtime_dependencies(/home/lennoxtr/turtlebot3_ws/src/install/heading_msg/share/colcon-core/packages/heading_msg)
[0.793s] Level 1:colcon.colcon_core.environment:create_environment_scripts_only(velocity_msg)
[0.793s] Level 1:colcon.colcon_core.environment:checking '/home/lennoxtr/turtlebot3_ws/src/install/velocity_msg' for CMake module files
[0.794s] DEBUG:colcon.colcon_core.event_handler.log_command:Invoked command in '/home/lennoxtr/turtlebot3_ws/src/build/velocity_msg' returned '0': CMAKE_PREFIX_PATH=${CMAKE_PREFIX_PATH}:/home/lennoxtr/turtlebot3_ws/src/install/robot_goal_pub:/home/lennoxtr/turtlebot3_ws/src/install/goal_input:/opt/ros/humble /usr/bin/cmake --install /home/lennoxtr/turtlebot3_ws/src/build/velocity_msg
[0.794s] Level 1:colcon.colcon_core.environment:checking '/home/lennoxtr/turtlebot3_ws/src/install/velocity_msg' for CMake config files
[0.794s] Level 1:colcon.colcon_core.shell:create_environment_hook('velocity_msg', 'cmake_prefix_path')
[0.794s] INFO:colcon.colcon_core.shell:Creating environment hook '/home/lennoxtr/turtlebot3_ws/src/install/velocity_msg/share/velocity_msg/hook/cmake_prefix_path.ps1'
[0.795s] INFO:colcon.colcon_core.shell:Creating environment descriptor '/home/lennoxtr/turtlebot3_ws/src/install/velocity_msg/share/velocity_msg/hook/cmake_prefix_path.dsv'
[0.795s] INFO:colcon.colcon_core.shell:Creating environment hook '/home/lennoxtr/turtlebot3_ws/src/install/velocity_msg/share/velocity_msg/hook/cmake_prefix_path.sh'
[0.795s] Level 1:colcon.colcon_core.environment:checking '/home/lennoxtr/turtlebot3_ws/src/install/velocity_msg/lib'
[0.795s] Level 1:colcon.colcon_core.shell:create_environment_hook('velocity_msg', 'ld_library_path_lib')
[0.795s] INFO:colcon.colcon_core.shell:Creating environment hook '/home/lennoxtr/turtlebot3_ws/src/install/velocity_msg/share/velocity_msg/hook/ld_library_path_lib.ps1'
[0.796s] INFO:colcon.colcon_core.shell:Creating environment descriptor '/home/lennoxtr/turtlebot3_ws/src/install/velocity_msg/share/velocity_msg/hook/ld_library_path_lib.dsv'
[0.796s] INFO:colcon.colcon_core.shell:Creating environment hook '/home/lennoxtr/turtlebot3_ws/src/install/velocity_msg/share/velocity_msg/hook/ld_library_path_lib.sh'
[0.796s] Level 1:colcon.colcon_core.environment:checking '/home/lennoxtr/turtlebot3_ws/src/install/velocity_msg/bin'
[0.796s] Level 1:colcon.colcon_core.environment:checking '/home/lennoxtr/turtlebot3_ws/src/install/velocity_msg/lib/pkgconfig/velocity_msg.pc'
[0.796s] Level 1:colcon.colcon_core.environment:checking '/home/lennoxtr/turtlebot3_ws/src/install/velocity_msg/lib/python3.10/site-packages'
[0.796s] Level 1:colcon.colcon_core.environment:checking '/home/lennoxtr/turtlebot3_ws/src/install/velocity_msg/bin'
[0.797s] INFO:colcon.colcon_core.shell:Creating package script '/home/lennoxtr/turtlebot3_ws/src/install/velocity_msg/share/velocity_msg/package.ps1'
[0.797s] INFO:colcon.colcon_core.shell:Creating package descriptor '/home/lennoxtr/turtlebot3_ws/src/install/velocity_msg/share/velocity_msg/package.dsv'
[0.797s] INFO:colcon.colcon_core.shell:Creating package script '/home/lennoxtr/turtlebot3_ws/src/install/velocity_msg/share/velocity_msg/package.sh'
[0.798s] INFO:colcon.colcon_core.shell:Creating package script '/home/lennoxtr/turtlebot3_ws/src/install/velocity_msg/share/velocity_msg/package.bash'
[0.798s] INFO:colcon.colcon_core.shell:Creating package script '/home/lennoxtr/turtlebot3_ws/src/install/velocity_msg/share/velocity_msg/package.zsh'
[0.798s] Level 1:colcon.colcon_core.environment:create_file_with_runtime_dependencies(/home/lennoxtr/turtlebot3_ws/src/install/velocity_msg/share/colcon-core/packages/velocity_msg)
[0.817s] Level 1:colcon.colcon_core.environment:create_environment_scripts_only(robot_goal)
[0.818s] Level 1:colcon.colcon_core.environment:checking '/home/lennoxtr/turtlebot3_ws/src/install/robot_goal' for CMake module files
[0.818s] Level 1:colcon.colcon_core.environment:checking '/home/lennoxtr/turtlebot3_ws/src/install/robot_goal' for CMake config files
[0.818s] Level 1:colcon.colcon_core.shell:create_environment_hook('robot_goal', 'cmake_prefix_path')
[0.818s] INFO:colcon.colcon_core.shell:Creating environment hook '/home/lennoxtr/turtlebot3_ws/src/install/robot_goal/share/robot_goal/hook/cmake_prefix_path.ps1'
[0.819s] INFO:colcon.colcon_core.shell:Creating environment descriptor '/home/lennoxtr/turtlebot3_ws/src/install/robot_goal/share/robot_goal/hook/cmake_prefix_path.dsv'
[0.819s] INFO:colcon.colcon_core.shell:Creating environment hook '/home/lennoxtr/turtlebot3_ws/src/install/robot_goal/share/robot_goal/hook/cmake_prefix_path.sh'
[0.819s] Level 1:colcon.colcon_core.environment:checking '/home/lennoxtr/turtlebot3_ws/src/install/robot_goal/lib'
[0.820s] Level 1:colcon.colcon_core.shell:create_environment_hook('robot_goal', 'ld_library_path_lib')
[0.820s] INFO:colcon.colcon_core.shell:Creating environment hook '/home/lennoxtr/turtlebot3_ws/src/install/robot_goal/share/robot_goal/hook/ld_library_path_lib.ps1'
[0.820s] INFO:colcon.colcon_core.shell:Creating environment descriptor '/home/lennoxtr/turtlebot3_ws/src/install/robot_goal/share/robot_goal/hook/ld_library_path_lib.dsv'
[0.820s] INFO:colcon.colcon_core.shell:Creating environment hook '/home/lennoxtr/turtlebot3_ws/src/install/robot_goal/share/robot_goal/hook/ld_library_path_lib.sh'
[0.820s] Level 1:colcon.colcon_core.environment:checking '/home/lennoxtr/turtlebot3_ws/src/install/robot_goal/bin'
[0.820s] Level 1:colcon.colcon_core.environment:checking '/home/lennoxtr/turtlebot3_ws/src/install/robot_goal/lib/pkgconfig/robot_goal.pc'
[0.821s] Level 1:colcon.colcon_core.environment:checking '/home/lennoxtr/turtlebot3_ws/src/install/robot_goal/lib/python3.10/site-packages'
[0.821s] Level 1:colcon.colcon_core.environment:checking '/home/lennoxtr/turtlebot3_ws/src/install/robot_goal/bin'
[0.821s] INFO:colcon.colcon_core.shell:Creating package script '/home/lennoxtr/turtlebot3_ws/src/install/robot_goal/share/robot_goal/package.ps1'
[0.821s] INFO:colcon.colcon_core.shell:Creating package descriptor '/home/lennoxtr/turtlebot3_ws/src/install/robot_goal/share/robot_goal/package.dsv'
[0.822s] INFO:colcon.colcon_core.shell:Creating package script '/home/lennoxtr/turtlebot3_ws/src/install/robot_goal/share/robot_goal/package.sh'
[0.822s] INFO:colcon.colcon_core.shell:Creating package script '/home/lennoxtr/turtlebot3_ws/src/install/robot_goal/share/robot_goal/package.bash'
[0.822s] INFO:colcon.colcon_core.shell:Creating package script '/home/lennoxtr/turtlebot3_ws/src/install/robot_goal/share/robot_goal/package.zsh'
[0.822s] Level 1:colcon.colcon_core.environment:create_file_with_runtime_dependencies(/home/lennoxtr/turtlebot3_ws/src/install/robot_goal/share/colcon-core/packages/robot_goal)
[0.823s] INFO:colcon.colcon_ros.task.ament_python.build:Building ROS package in '/home/lennoxtr/turtlebot3_ws/src/goal_input' with build type 'ament_python'
[0.823s] Level 1:colcon.colcon_core.shell:create_environment_hook('goal_input', 'ament_prefix_path')
[0.823s] INFO:colcon.colcon_core.shell:Creating environment hook '/home/lennoxtr/turtlebot3_ws/src/install/goal_input/share/goal_input/hook/ament_prefix_path.ps1'
[0.823s] INFO:colcon.colcon_core.shell:Creating environment descriptor '/home/lennoxtr/turtlebot3_ws/src/install/goal_input/share/goal_input/hook/ament_prefix_path.dsv'
[0.824s] INFO:colcon.colcon_core.shell:Creating environment hook '/home/lennoxtr/turtlebot3_ws/src/install/goal_input/share/goal_input/hook/ament_prefix_path.sh'
[0.824s] INFO:colcon.colcon_core.shell:Skip shell extension 'powershell' for command environment: Not usable outside of PowerShell
[0.824s] DEBUG:colcon.colcon_core.shell:Skip shell extension 'dsv' for command environment
[1.016s] INFO:colcon.colcon_core.task.python.build:Building Python package in '/home/lennoxtr/turtlebot3_ws/src/goal_input'
[1.016s] INFO:colcon.colcon_core.shell:Skip shell extension 'powershell' for command environment: Not usable outside of PowerShell
[1.016s] DEBUG:colcon.colcon_core.shell:Skip shell extension 'dsv' for command environment
[1.020s] Level 1:colcon.colcon_core.environment:create_environment_scripts_only(heading_msg)
[1.020s] Level 1:colcon.colcon_core.environment:checking '/home/lennoxtr/turtlebot3_ws/src/install/heading_msg' for CMake module files
[1.020s] Level 1:colcon.colcon_core.environment:checking '/home/lennoxtr/turtlebot3_ws/src/install/heading_msg' for CMake config files
[1.021s] Level 1:colcon.colcon_core.shell:create_environment_hook('heading_msg', 'cmake_prefix_path')
[1.021s] INFO:colcon.colcon_core.shell:Creating environment hook '/home/lennoxtr/turtlebot3_ws/src/install/heading_msg/share/heading_msg/hook/cmake_prefix_path.ps1'
[1.021s] INFO:colcon.colcon_core.shell:Creating environment descriptor '/home/lennoxtr/turtlebot3_ws/src/install/heading_msg/share/heading_msg/hook/cmake_prefix_path.dsv'
[1.021s] INFO:colcon.colcon_core.shell:Creating environment hook '/home/lennoxtr/turtlebot3_ws/src/install/heading_msg/share/heading_msg/hook/cmake_prefix_path.sh'
[1.022s] Level 1:colcon.colcon_core.environment:checking '/home/lennoxtr/turtlebot3_ws/src/install/heading_msg/lib'
[1.022s] Level 1:colcon.colcon_core.shell:create_environment_hook('heading_msg', 'ld_library_path_lib')
[1.022s] INFO:colcon.colcon_core.shell:Creating environment hook '/home/lennoxtr/turtlebot3_ws/src/install/heading_msg/share/heading_msg/hook/ld_library_path_lib.ps1'
[1.022s] INFO:colcon.colcon_core.shell:Creating environment descriptor '/home/lennoxtr/turtlebot3_ws/src/install/heading_msg/share/heading_msg/hook/ld_library_path_lib.dsv'
[1.023s] INFO:colcon.colcon_core.shell:Creating environment hook '/home/lennoxtr/turtlebot3_ws/src/install/heading_msg/share/heading_msg/hook/ld_library_path_lib.sh'
[1.023s] Level 1:colcon.colcon_core.environment:checking '/home/lennoxtr/turtlebot3_ws/src/install/heading_msg/bin'
[1.023s] Level 1:colcon.colcon_core.environment:checking '/home/lennoxtr/turtlebot3_ws/src/install/heading_msg/lib/pkgconfig/heading_msg.pc'
[1.023s] Level 1:colcon.colcon_core.environment:checking '/home/lennoxtr/turtlebot3_ws/src/install/heading_msg/lib/python3.10/site-packages'
[1.023s] Level 1:colcon.colcon_core.environment:checking '/home/lennoxtr/turtlebot3_ws/src/install/heading_msg/bin'
[1.023s] INFO:colcon.colcon_core.shell:Creating package script '/home/lennoxtr/turtlebot3_ws/src/install/heading_msg/share/heading_msg/package.ps1'
[1.024s] INFO:colcon.colcon_core.shell:Creating package descriptor '/home/lennoxtr/turtlebot3_ws/src/install/heading_msg/share/heading_msg/package.dsv'
[1.024s] INFO:colcon.colcon_core.shell:Creating package script '/home/lennoxtr/turtlebot3_ws/src/install/heading_msg/share/heading_msg/package.sh'
[1.024s] INFO:colcon.colcon_core.shell:Creating package script '/home/lennoxtr/turtlebot3_ws/src/install/heading_msg/share/heading_msg/package.bash'
[1.024s] INFO:colcon.colcon_core.shell:Creating package script '/home/lennoxtr/turtlebot3_ws/src/install/heading_msg/share/heading_msg/package.zsh'
[1.025s] Level 1:colcon.colcon_core.environment:create_file_with_runtime_dependencies(/home/lennoxtr/turtlebot3_ws/src/install/heading_msg/share/colcon-core/packages/heading_msg)
[1.025s] Level 1:colcon.colcon_core.environment:create_environment_scripts_only(velocity_msg)
[1.025s] Level 1:colcon.colcon_core.environment:checking '/home/lennoxtr/turtlebot3_ws/src/install/velocity_msg' for CMake module files
[1.026s] Level 1:colcon.colcon_core.environment:checking '/home/lennoxtr/turtlebot3_ws/src/install/velocity_msg' for CMake config files
[1.026s] Level 1:colcon.colcon_core.shell:create_environment_hook('velocity_msg', 'cmake_prefix_path')
[1.026s] INFO:colcon.colcon_core.shell:Creating environment hook '/home/lennoxtr/turtlebot3_ws/src/install/velocity_msg/share/velocity_msg/hook/cmake_prefix_path.ps1'
[1.026s] INFO:colcon.colcon_core.shell:Creating environment descriptor '/home/lennoxtr/turtlebot3_ws/src/install/velocity_msg/share/velocity_msg/hook/cmake_prefix_path.dsv'
[1.027s] INFO:colcon.colcon_core.shell:Creating environment hook '/home/lennoxtr/turtlebot3_ws/src/install/velocity_msg/share/velocity_msg/hook/cmake_prefix_path.sh'
[1.027s] Level 1:colcon.colcon_core.environment:checking '/home/lennoxtr/turtlebot3_ws/src/install/velocity_msg/lib'
[1.027s] Level 1:colcon.colcon_core.shell:create_environment_hook('velocity_msg', 'ld_library_path_lib')
[1.027s] INFO:colcon.colcon_core.shell:Creating environment hook '/home/lennoxtr/turtlebot3_ws/src/install/velocity_msg/share/velocity_msg/hook/ld_library_path_lib.ps1'
[1.027s] INFO:colcon.colcon_core.shell:Creating environment descriptor '/home/lennoxtr/turtlebot3_ws/src/install/velocity_msg/share/velocity_msg/hook/ld_library_path_lib.dsv'
[1.028s] INFO:colcon.colcon_core.shell:Creating environment hook '/home/lennoxtr/turtlebot3_ws/src/install/velocity_msg/share/velocity_msg/hook/ld_library_path_lib.sh'
[1.028s] Level 1:colcon.colcon_core.environment:checking '/home/lennoxtr/turtlebot3_ws/src/install/velocity_msg/bin'
[1.028s] Level 1:colcon.colcon_core.environment:checking '/home/lennoxtr/turtlebot3_ws/src/install/velocity_msg/lib/pkgconfig/velocity_msg.pc'
[1.028s] Level 1:colcon.colcon_core.environment:checking '/home/lennoxtr/turtlebot3_ws/src/install/velocity_msg/lib/python3.10/site-packages'
[1.028s] Level 1:colcon.colcon_core.environment:checking '/home/lennoxtr/turtlebot3_ws/src/install/velocity_msg/bin'
[1.028s] INFO:colcon.colcon_core.shell:Creating package script '/home/lennoxtr/turtlebot3_ws/src/install/velocity_msg/share/velocity_msg/package.ps1'
[1.029s] INFO:colcon.colcon_core.shell:Creating package descriptor '/home/lennoxtr/turtlebot3_ws/src/install/velocity_msg/share/velocity_msg/package.dsv'
[1.029s] INFO:colcon.colcon_core.shell:Creating package script '/home/lennoxtr/turtlebot3_ws/src/install/velocity_msg/share/velocity_msg/package.sh'
[1.029s] INFO:colcon.colcon_core.shell:Creating package script '/home/lennoxtr/turtlebot3_ws/src/install/velocity_msg/share/velocity_msg/package.bash'
[1.029s] INFO:colcon.colcon_core.shell:Creating package script '/home/lennoxtr/turtlebot3_ws/src/install/velocity_msg/share/velocity_msg/package.zsh'
[1.030s] Level 1:colcon.colcon_core.environment:create_file_with_runtime_dependencies(/home/lennoxtr/turtlebot3_ws/src/install/velocity_msg/share/colcon-core/packages/velocity_msg)
[1.030s] INFO:colcon.colcon_ros.task.ament_python.build:Building ROS package in '/home/lennoxtr/turtlebot3_ws/src/robot_goal_pub' with build type 'ament_python'
[1.030s] Level 1:colcon.colcon_core.shell:create_environment_hook('robot_goal_pub', 'ament_prefix_path')
[1.030s] INFO:colcon.colcon_core.shell:Creating environment hook '/home/lennoxtr/turtlebot3_ws/src/install/robot_goal_pub/share/robot_goal_pub/hook/ament_prefix_path.ps1'
[1.031s] INFO:colcon.colcon_core.shell:Creating environment descriptor '/home/lennoxtr/turtlebot3_ws/src/install/robot_goal_pub/share/robot_goal_pub/hook/ament_prefix_path.dsv'
[1.031s] INFO:colcon.colcon_core.shell:Creating environment hook '/home/lennoxtr/turtlebot3_ws/src/install/robot_goal_pub/share/robot_goal_pub/hook/ament_prefix_path.sh'
[1.031s] INFO:colcon.colcon_core.shell:Skip shell extension 'powershell' for command environment: Not usable outside of PowerShell
[1.032s] DEBUG:colcon.colcon_core.shell:Skip shell extension 'dsv' for command environment
[1.222s] INFO:colcon.colcon_core.task.python.build:Building Python package in '/home/lennoxtr/turtlebot3_ws/src/robot_goal_pub'
[1.222s] INFO:colcon.colcon_core.shell:Skip shell extension 'powershell' for command environment: Not usable outside of PowerShell
[1.222s] DEBUG:colcon.colcon_core.shell:Skip shell extension 'dsv' for command environment
[1.285s] DEBUG:colcon.colcon_core.event_handler.log_command:Invoking command in '/home/lennoxtr/turtlebot3_ws/src/goal_input': CMAKE_PREFIX_PATH=/home/lennoxtr/turtlebot3_ws/src/install/robot_goal:/home/lennoxtr/turtlebot3_ws/src/install/velocity_msg:/home/lennoxtr/turtlebot3_ws/src/install/turtlebot3_simulations:/home/lennoxtr/turtlebot3_ws/src/install/turtlebot3_gazebo:/home/lennoxtr/turtlebot3_ws/src/install/turtlebot3_fake_node:/home/lennoxtr/turtlebot3_ws/src/install/heading_msg LD_LIBRARY_PATH=/home/lennoxtr/turtlebot3_ws/src/install/robot_goal/lib:/home/lennoxtr/turtlebot3_ws/src/install/velocity_msg/lib:/home/lennoxtr/turtlebot3_ws/src/install/heading_msg/lib:/usr/lib/x86_64-linux-gnu/gazebo-11/plugins:/opt/ros/humble/opt/rviz_ogre_vendor/lib:/opt/ros/humble/lib/x86_64-linux-gnu:/opt/ros/humble/lib:/usr/lib/x86_64-linux-gnu/gazebo-11/plugins:/usr/lib/x86_64-linux-gnu/gazebo-11/plugins:/usr/lib/x86_64-linux-gnu/gazebo-11/plugins:/usr/lib/x86_64-linux-gnu/gazebo-11/plugins:/usr/lib/x86_64-linux-gnu/gazebo-11/plugins:/usr/lib/x86_64-linux-gnu/gazebo-11/plugins PYTHONPATH=/home/lennoxtr/turtlebot3_ws/src/build/goal_input/prefix_override:/usr/lib/python3/dist-packages/colcon_core/task/python/colcon_distutils_commands:/home/lennoxtr/turtlebot3_ws/src/install/goal_input/lib/python3.10/site-packages:${PYTHONPATH} /usr/bin/python3 -W ignore:setup.py install is deprecated setup.py egg_info --egg-base ../build/goal_input build --build-base /home/lennoxtr/turtlebot3_ws/src/build/goal_input/build install --record /home/lennoxtr/turtlebot3_ws/src/build/goal_input/install.log --single-version-externally-managed install_data
[1.477s] DEBUG:colcon.colcon_core.event_handler.log_command:Invoking command in '/home/lennoxtr/turtlebot3_ws/src/robot_goal_pub': CMAKE_PREFIX_PATH=/home/lennoxtr/turtlebot3_ws/src/install/velocity_msg:/home/lennoxtr/turtlebot3_ws/src/install/heading_msg:/home/lennoxtr/turtlebot3_ws/src/install/turtlebot3_simulations:/home/lennoxtr/turtlebot3_ws/src/install/turtlebot3_gazebo:/home/lennoxtr/turtlebot3_ws/src/install/turtlebot3_fake_node:/home/lennoxtr/turtlebot3_ws/src/install/robot_goal LD_LIBRARY_PATH=/home/lennoxtr/turtlebot3_ws/src/install/velocity_msg/lib:/home/lennoxtr/turtlebot3_ws/src/install/heading_msg/lib:/home/lennoxtr/turtlebot3_ws/src/install/robot_goal/lib:/usr/lib/x86_64-linux-gnu/gazebo-11/plugins:/opt/ros/humble/opt/rviz_ogre_vendor/lib:/opt/ros/humble/lib/x86_64-linux-gnu:/opt/ros/humble/lib:/usr/lib/x86_64-linux-gnu/gazebo-11/plugins:/usr/lib/x86_64-linux-gnu/gazebo-11/plugins:/usr/lib/x86_64-linux-gnu/gazebo-11/plugins:/usr/lib/x86_64-linux-gnu/gazebo-11/plugins:/usr/lib/x86_64-linux-gnu/gazebo-11/plugins:/usr/lib/x86_64-linux-gnu/gazebo-11/plugins PYTHONPATH=/home/lennoxtr/turtlebot3_ws/src/build/robot_goal_pub/prefix_override:/usr/lib/python3/dist-packages/colcon_core/task/python/colcon_distutils_commands:/home/lennoxtr/turtlebot3_ws/src/install/robot_goal_pub/lib/python3.10/site-packages:${PYTHONPATH} /usr/bin/python3 -W ignore:setup.py install is deprecated setup.py egg_info --egg-base ../build/robot_goal_pub build --build-base /home/lennoxtr/turtlebot3_ws/src/build/robot_goal_pub/build install --record /home/lennoxtr/turtlebot3_ws/src/build/robot_goal_pub/install.log --single-version-externally-managed install_data
[1.490s] Level 1:colcon.colcon_core.environment:checking '/home/lennoxtr/turtlebot3_ws/src/install/goal_input' for CMake module files
[1.490s] DEBUG:colcon.colcon_core.event_handler.log_command:Invoked command in '/home/lennoxtr/turtlebot3_ws/src/goal_input' returned '0': CMAKE_PREFIX_PATH=/home/lennoxtr/turtlebot3_ws/src/install/robot_goal:/home/lennoxtr/turtlebot3_ws/src/install/velocity_msg:/home/lennoxtr/turtlebot3_ws/src/install/turtlebot3_simulations:/home/lennoxtr/turtlebot3_ws/src/install/turtlebot3_gazebo:/home/lennoxtr/turtlebot3_ws/src/install/turtlebot3_fake_node:/home/lennoxtr/turtlebot3_ws/src/install/heading_msg LD_LIBRARY_PATH=/home/lennoxtr/turtlebot3_ws/src/install/robot_goal/lib:/home/lennoxtr/turtlebot3_ws/src/install/velocity_msg/lib:/home/lennoxtr/turtlebot3_ws/src/install/heading_msg/lib:/usr/lib/x86_64-linux-gnu/gazebo-11/plugins:/opt/ros/humble/opt/rviz_ogre_vendor/lib:/opt/ros/humble/lib/x86_64-linux-gnu:/opt/ros/humble/lib:/usr/lib/x86_64-linux-gnu/gazebo-11/plugins:/usr/lib/x86_64-linux-gnu/gazebo-11/plugins:/usr/lib/x86_64-linux-gnu/gazebo-11/plugins:/usr/lib/x86_64-linux-gnu/gazebo-11/plugins:/usr/lib/x86_64-linux-gnu/gazebo-11/plugins:/usr/lib/x86_64-linux-gnu/gazebo-11/plugins PYTHONPATH=/home/lennoxtr/turtlebot3_ws/src/build/goal_input/prefix_override:/usr/lib/python3/dist-packages/colcon_core/task/python/colcon_distutils_commands:/home/lennoxtr/turtlebot3_ws/src/install/goal_input/lib/python3.10/site-packages:${PYTHONPATH} /usr/bin/python3 -W ignore:setup.py install is deprecated setup.py egg_info --egg-base ../build/goal_input build --build-base /home/lennoxtr/turtlebot3_ws/src/build/goal_input/build install --record /home/lennoxtr/turtlebot3_ws/src/build/goal_input/install.log --single-version-externally-managed install_data
[1.491s] Level 1:colcon.colcon_core.environment:checking '/home/lennoxtr/turtlebot3_ws/src/install/goal_input' for CMake config files
[1.491s] Level 1:colcon.colcon_core.environment:checking '/home/lennoxtr/turtlebot3_ws/src/install/goal_input/lib'
[1.491s] Level 1:colcon.colcon_core.environment:checking '/home/lennoxtr/turtlebot3_ws/src/install/goal_input/bin'
[1.491s] Level 1:colcon.colcon_core.environment:checking '/home/lennoxtr/turtlebot3_ws/src/install/goal_input/lib/pkgconfig/goal_input.pc'
[1.491s] Level 1:colcon.colcon_core.environment:checking '/home/lennoxtr/turtlebot3_ws/src/install/goal_input/lib/python3.10/site-packages'
[1.491s] Level 1:colcon.colcon_core.shell:create_environment_hook('goal_input', 'pythonpath')
[1.492s] INFO:colcon.colcon_core.shell:Creating environment hook '/home/lennoxtr/turtlebot3_ws/src/install/goal_input/share/goal_input/hook/pythonpath.ps1'
[1.492s] INFO:colcon.colcon_core.shell:Creating environment descriptor '/home/lennoxtr/turtlebot3_ws/src/install/goal_input/share/goal_input/hook/pythonpath.dsv'
[1.492s] INFO:colcon.colcon_core.shell:Creating environment hook '/home/lennoxtr/turtlebot3_ws/src/install/goal_input/share/goal_input/hook/pythonpath.sh'
[1.492s] Level 1:colcon.colcon_core.environment:checking '/home/lennoxtr/turtlebot3_ws/src/install/goal_input/bin'
[1.493s] Level 1:colcon.colcon_core.environment:create_environment_scripts_only(goal_input)
[1.493s] INFO:colcon.colcon_core.shell:Creating package script '/home/lennoxtr/turtlebot3_ws/src/install/goal_input/share/goal_input/package.ps1'
[1.493s] INFO:colcon.colcon_core.shell:Creating package descriptor '/home/lennoxtr/turtlebot3_ws/src/install/goal_input/share/goal_input/package.dsv'
[1.493s] INFO:colcon.colcon_core.shell:Creating package script '/home/lennoxtr/turtlebot3_ws/src/install/goal_input/share/goal_input/package.sh'
[1.494s] INFO:colcon.colcon_core.shell:Creating package script '/home/lennoxtr/turtlebot3_ws/src/install/goal_input/share/goal_input/package.bash'
[1.494s] INFO:colcon.colcon_core.shell:Creating package script '/home/lennoxtr/turtlebot3_ws/src/install/goal_input/share/goal_input/package.zsh'
[1.494s] Level 1:colcon.colcon_core.environment:create_file_with_runtime_dependencies(/home/lennoxtr/turtlebot3_ws/src/install/goal_input/share/colcon-core/packages/goal_input)
[1.677s] Level 1:colcon.colcon_core.environment:checking '/home/lennoxtr/turtlebot3_ws/src/install/robot_goal_pub' for CMake module files
[1.678s] DEBUG:colcon.colcon_core.event_handler.log_command:Invoked command in '/home/lennoxtr/turtlebot3_ws/src/robot_goal_pub' returned '0': CMAKE_PREFIX_PATH=/home/lennoxtr/turtlebot3_ws/src/install/velocity_msg:/home/lennoxtr/turtlebot3_ws/src/install/heading_msg:/home/lennoxtr/turtlebot3_ws/src/install/turtlebot3_simulations:/home/lennoxtr/turtlebot3_ws/src/install/turtlebot3_gazebo:/home/lennoxtr/turtlebot3_ws/src/install/turtlebot3_fake_node:/home/lennoxtr/turtlebot3_ws/src/install/robot_goal LD_LIBRARY_PATH=/home/lennoxtr/turtlebot3_ws/src/install/velocity_msg/lib:/home/lennoxtr/turtlebot3_ws/src/install/heading_msg/lib:/home/lennoxtr/turtlebot3_ws/src/install/robot_goal/lib:/usr/lib/x86_64-linux-gnu/gazebo-11/plugins:/opt/ros/humble/opt/rviz_ogre_vendor/lib:/opt/ros/humble/lib/x86_64-linux-gnu:/opt/ros/humble/lib:/usr/lib/x86_64-linux-gnu/gazebo-11/plugins:/usr/lib/x86_64-linux-gnu/gazebo-11/plugins:/usr/lib/x86_64-linux-gnu/gazebo-11/plugins:/usr/lib/x86_64-linux-gnu/gazebo-11/plugins:/usr/lib/x86_64-linux-gnu/gazebo-11/plugins:/usr/lib/x86_64-linux-gnu/gazebo-11/plugins PYTHONPATH=/home/lennoxtr/turtlebot3_ws/src/build/robot_goal_pub/prefix_override:/usr/lib/python3/dist-packages/colcon_core/task/python/colcon_distutils_commands:/home/lennoxtr/turtlebot3_ws/src/install/robot_goal_pub/lib/python3.10/site-packages:${PYTHONPATH} /usr/bin/python3 -W ignore:setup.py install is deprecated setup.py egg_info --egg-base ../build/robot_goal_pub build --build-base /home/lennoxtr/turtlebot3_ws/src/build/robot_goal_pub/build install --record /home/lennoxtr/turtlebot3_ws/src/build/robot_goal_pub/install.log --single-version-externally-managed install_data
[1.678s] Level 1:colcon.colcon_core.environment:checking '/home/lennoxtr/turtlebot3_ws/src/install/robot_goal_pub' for CMake config files
[1.678s] Level 1:colcon.colcon_core.environment:checking '/home/lennoxtr/turtlebot3_ws/src/install/robot_goal_pub/lib'
[1.678s] Level 1:colcon.colcon_core.environment:checking '/home/lennoxtr/turtlebot3_ws/src/install/robot_goal_pub/bin'
[1.678s] Level 1:colcon.colcon_core.environment:checking '/home/lennoxtr/turtlebot3_ws/src/install/robot_goal_pub/lib/pkgconfig/robot_goal_pub.pc'
[1.679s] Level 1:colcon.colcon_core.environment:checking '/home/lennoxtr/turtlebot3_ws/src/install/robot_goal_pub/lib/python3.10/site-packages'
[1.679s] Level 1:colcon.colcon_core.shell:create_environment_hook('robot_goal_pub', 'pythonpath')
[1.679s] INFO:colcon.colcon_core.shell:Creating environment hook '/home/lennoxtr/turtlebot3_ws/src/install/robot_goal_pub/share/robot_goal_pub/hook/pythonpath.ps1'
[1.679s] INFO:colcon.colcon_core.shell:Creating environment descriptor '/home/lennoxtr/turtlebot3_ws/src/install/robot_goal_pub/share/robot_goal_pub/hook/pythonpath.dsv'
[1.679s] INFO:colcon.colcon_core.shell:Creating environment hook '/home/lennoxtr/turtlebot3_ws/src/install/robot_goal_pub/share/robot_goal_pub/hook/pythonpath.sh'
[1.680s] Level 1:colcon.colcon_core.environment:checking '/home/lennoxtr/turtlebot3_ws/src/install/robot_goal_pub/bin'
[1.680s] Level 1:colcon.colcon_core.environment:create_environment_scripts_only(robot_goal_pub)
[1.680s] INFO:colcon.colcon_core.shell:Creating package script '/home/lennoxtr/turtlebot3_ws/src/install/robot_goal_pub/share/robot_goal_pub/package.ps1'
[1.680s] INFO:colcon.colcon_core.shell:Creating package descriptor '/home/lennoxtr/turtlebot3_ws/src/install/robot_goal_pub/share/robot_goal_pub/package.dsv'
[1.681s] INFO:colcon.colcon_core.shell:Creating package script '/home/lennoxtr/turtlebot3_ws/src/install/robot_goal_pub/share/robot_goal_pub/package.sh'
[1.681s] INFO:colcon.colcon_core.shell:Creating package script '/home/lennoxtr/turtlebot3_ws/src/install/robot_goal_pub/share/robot_goal_pub/package.bash'
[1.681s] INFO:colcon.colcon_core.shell:Creating package script '/home/lennoxtr/turtlebot3_ws/src/install/robot_goal_pub/share/robot_goal_pub/package.zsh'
[1.681s] Level 1:colcon.colcon_core.environment:create_file_with_runtime_dependencies(/home/lennoxtr/turtlebot3_ws/src/install/robot_goal_pub/share/colcon-core/packages/robot_goal_pub)
[1.681s] DEBUG:colcon.colcon_parallel_executor.executor.parallel:closing loop
[1.682s] DEBUG:colcon.colcon_parallel_executor.executor.parallel:loop closed
[1.682s] DEBUG:colcon.colcon_parallel_executor.executor.parallel:run_until_complete finished with '0'
[1.682s] DEBUG:colcon.colcon_core.event_reactor:joining thread
[1.685s] INFO:colcon.colcon_core.plugin_system:Skipping extension 'colcon_notification.desktop_notification.terminal_notifier': Not used on non-Darwin systems
[1.685s] INFO:colcon.colcon_core.plugin_system:Skipping extension 'colcon_notification.desktop_notification.win32': Not used on non-Windows systems
[1.686s] INFO:colcon.colcon_notification.desktop_notification:Sending desktop notification using 'notify2'
[1.693s] DEBUG:colcon.colcon_core.event_reactor:joined thread
[1.693s] INFO:colcon.colcon_core.shell:Creating prefix script '/home/lennoxtr/turtlebot3_ws/src/install/local_setup.ps1'
[1.694s] INFO:colcon.colcon_core.shell:Creating prefix util module '/home/lennoxtr/turtlebot3_ws/src/install/_local_setup_util_ps1.py'
[1.695s] INFO:colcon.colcon_core.shell:Creating prefix chain script '/home/lennoxtr/turtlebot3_ws/src/install/setup.ps1'
[1.696s] INFO:colcon.colcon_core.shell:Creating prefix script '/home/lennoxtr/turtlebot3_ws/src/install/local_setup.sh'
[1.696s] INFO:colcon.colcon_core.shell:Creating prefix util module '/home/lennoxtr/turtlebot3_ws/src/install/_local_setup_util_sh.py'
[1.697s] INFO:colcon.colcon_core.shell:Creating prefix chain script '/home/lennoxtr/turtlebot3_ws/src/install/setup.sh'
[1.697s] INFO:colcon.colcon_core.shell:Creating prefix script '/home/lennoxtr/turtlebot3_ws/src/install/local_setup.bash'
[1.698s] INFO:colcon.colcon_core.shell:Creating prefix chain script '/home/lennoxtr/turtlebot3_ws/src/install/setup.bash'
[1.698s] INFO:colcon.colcon_core.shell:Creating prefix script '/home/lennoxtr/turtlebot3_ws/src/install/local_setup.zsh'
[1.699s] INFO:colcon.colcon_core.shell:Creating prefix chain script '/home/lennoxtr/turtlebot3_ws/src/install/setup.zsh'
