[0.073s] DEBUG:colcon:Command line arguments: ['/usr/bin/colcon', 'build']
[0.073s] DEBUG:colcon:Parsed command line arguments: Namespace(log_base=None, log_level=None, verb_name='build', build_base='build', install_base='install', merge_install=False, symlink_install=False, test_result_base=None, continue_on_error=False, executor='parallel', parallel_workers=12, event_handlers=None, ignore_user_meta=False, metas=['./colcon.meta'], base_paths=['.'], packages_ignore=None, packages_ignore_regex=None, paths=None, packages_up_to=None, packages_up_to_regex=None, packages_above=None, packages_above_and_dependencies=None, packages_above_depth=None, packages_select_by_dep=None, packages_skip_by_dep=None, packages_skip_up_to=None, packages_select_build_failed=False, packages_skip_build_finished=False, packages_select_test_failures=False, packages_skip_test_passed=False, packages_select=None, packages_skip=None, packages_select_regex=None, packages_skip_regex=None, packages_start=None, packages_end=None, allow_overriding=[], cmake_args=None, cmake_target=None, cmake_target_skip_unavailable=False, cmake_clean_cache=False, cmake_clean_first=False, cmake_force_configure=False, ament_cmake_args=None, catkin_cmake_args=None, catkin_skip_building_tests=False, mixin_files=None, mixin=None, verb_parser=<colcon_mixin.mixin.mixin_argument.MixinArgumentDecorator object at 0x7569d593eb60>, verb_extension=<colcon_core.verb.build.BuildVerb object at 0x7569d593e5c0>, main=<bound method BuildVerb.main of <colcon_core.verb.build.BuildVerb object at 0x7569d593e5c0>>, mixin_verb=('build',))
[0.183s] Level 1:colcon.colcon_core.package_discovery:discover_packages(colcon_meta) check parameters
[0.183s] Level 1:colcon.colcon_core.package_discovery:discover_packages(recursive) check parameters
[0.183s] Level 1:colcon.colcon_core.package_discovery:discover_packages(ignore) check parameters
[0.183s] Level 1:colcon.colcon_core.package_discovery:discover_packages(path) check parameters
[0.183s] Level 1:colcon.colcon_core.package_discovery:discover_packages(colcon_meta) discover
[0.183s] Level 1:colcon.colcon_core.package_discovery:discover_packages(recursive) discover
[0.183s] INFO:colcon.colcon_core.package_discovery:Crawling recursively for packages in '/home/lennoxtr/turtlebot3_ws/src'
[0.183s] Level 1:colcon.colcon_core.package_identification:_identify(.) by extensions ['ignore', 'ignore_ament_install']
[0.183s] Level 1:colcon.colcon_core.package_identification:_identify(.) by extension 'ignore'
[0.183s] Level 1:colcon.colcon_core.package_identification:_identify(.) by extension 'ignore_ament_install'
[0.183s] Level 1:colcon.colcon_core.package_identification:_identify(.) by extensions ['colcon_pkg']
[0.183s] Level 1:colcon.colcon_core.package_identification:_identify(.) by extension 'colcon_pkg'
[0.183s] Level 1:colcon.colcon_core.package_identification:_identify(.) by extensions ['colcon_meta']
[0.183s] Level 1:colcon.colcon_core.package_identification:_identify(.) by extension 'colcon_meta'
[0.183s] Level 1:colcon.colcon_core.package_identification:_identify(.) by extensions ['ros']
[0.183s] Level 1:colcon.colcon_core.package_identification:_identify(.) by extension 'ros'
[0.191s] Level 1:colcon.colcon_core.package_identification:_identify(.) by extensions ['cmake', 'python']
[0.191s] Level 1:colcon.colcon_core.package_identification:_identify(.) by extension 'cmake'
[0.191s] Level 1:colcon.colcon_core.package_identification:_identify(.) by extension 'python'
[0.191s] Level 1:colcon.colcon_core.package_identification:_identify(.) by extensions ['python_setup_py']
[0.191s] Level 1:colcon.colcon_core.package_identification:_identify(.) by extension 'python_setup_py'
[0.191s] Level 1:colcon.colcon_core.package_identification:_identify(build) by extensions ['ignore', 'ignore_ament_install']
[0.191s] Level 1:colcon.colcon_core.package_identification:_identify(build) by extension 'ignore'
[0.191s] Level 1:colcon.colcon_core.package_identification:_identify(build) ignored
[0.191s] Level 1:colcon.colcon_core.package_identification:_identify(goal_input) by extensions ['ignore', 'ignore_ament_install']
[0.191s] Level 1:colcon.colcon_core.package_identification:_identify(goal_input) by extension 'ignore'
[0.191s] Level 1:colcon.colcon_core.package_identification:_identify(goal_input) by extension 'ignore_ament_install'
[0.191s] Level 1:colcon.colcon_core.package_identification:_identify(goal_input) by extensions ['colcon_pkg']
[0.191s] Level 1:colcon.colcon_core.package_identification:_identify(goal_input) by extension 'colcon_pkg'
[0.191s] Level 1:colcon.colcon_core.package_identification:_identify(goal_input) by extensions ['colcon_meta']
[0.191s] Level 1:colcon.colcon_core.package_identification:_identify(goal_input) by extension 'colcon_meta'
[0.191s] Level 1:colcon.colcon_core.package_identification:_identify(goal_input) by extensions ['ros']
[0.191s] Level 1:colcon.colcon_core.package_identification:_identify(goal_input) by extension 'ros'
[0.193s] DEBUG:colcon.colcon_core.package_identification:Package 'goal_input' with type 'ros.ament_python' and name 'goal_input'
[0.193s] Level 1:colcon.colcon_core.package_identification:_identify(heading_msg) by extensions ['ignore', 'ignore_ament_install']
[0.193s] Level 1:colcon.colcon_core.package_identification:_identify(heading_msg) by extension 'ignore'
[0.193s] Level 1:colcon.colcon_core.package_identification:_identify(heading_msg) by extension 'ignore_ament_install'
[0.193s] Level 1:colcon.colcon_core.package_identification:_identify(heading_msg) by extensions ['colcon_pkg']
[0.193s] Level 1:colcon.colcon_core.package_identification:_identify(heading_msg) by extension 'colcon_pkg'
[0.193s] Level 1:colcon.colcon_core.package_identification:_identify(heading_msg) by extensions ['colcon_meta']
[0.193s] Level 1:colcon.colcon_core.package_identification:_identify(heading_msg) by extension 'colcon_meta'
[0.193s] Level 1:colcon.colcon_core.package_identification:_identify(heading_msg) by extensions ['ros']
[0.193s] Level 1:colcon.colcon_core.package_identification:_identify(heading_msg) by extension 'ros'
[0.194s] DEBUG:colcon.colcon_core.package_identification:Package 'heading_msg' with type 'ros.ament_cmake' and name 'heading_msg'
[0.194s] Level 1:colcon.colcon_core.package_identification:_identify(install) by extensions ['ignore', 'ignore_ament_install']
[0.194s] Level 1:colcon.colcon_core.package_identification:_identify(install) by extension 'ignore'
[0.194s] Level 1:colcon.colcon_core.package_identification:_identify(install) ignored
[0.194s] Level 1:colcon.colcon_core.package_identification:_identify(log) by extensions ['ignore', 'ignore_ament_install']
[0.194s] Level 1:colcon.colcon_core.package_identification:_identify(log) by extension 'ignore'
[0.194s] Level 1:colcon.colcon_core.package_identification:_identify(log) ignored
[0.194s] Level 1:colcon.colcon_core.package_identification:_identify(robot_goal) by extensions ['ignore', 'ignore_ament_install']
[0.194s] Level 1:colcon.colcon_core.package_identification:_identify(robot_goal) by extension 'ignore'
[0.194s] Level 1:colcon.colcon_core.package_identification:_identify(robot_goal) by extension 'ignore_ament_install'
[0.194s] Level 1:colcon.colcon_core.package_identification:_identify(robot_goal) by extensions ['colcon_pkg']
[0.194s] Level 1:colcon.colcon_core.package_identification:_identify(robot_goal) by extension 'colcon_pkg'
[0.194s] Level 1:colcon.colcon_core.package_identification:_identify(robot_goal) by extensions ['colcon_meta']
[0.194s] Level 1:colcon.colcon_core.package_identification:_identify(robot_goal) by extension 'colcon_meta'
[0.194s] Level 1:colcon.colcon_core.package_identification:_identify(robot_goal) by extensions ['ros']
[0.194s] Level 1:colcon.colcon_core.package_identification:_identify(robot_goal) by extension 'ros'
[0.195s] DEBUG:colcon.colcon_core.package_identification:Package 'robot_goal' with type 'ros.ament_cmake' and name 'robot_goal'
[0.195s] Level 1:colcon.colcon_core.package_identification:_identify(robot_goal_pub) by extensions ['ignore', 'ignore_ament_install']
[0.195s] Level 1:colcon.colcon_core.package_identification:_identify(robot_goal_pub) by extension 'ignore'
[0.195s] Level 1:colcon.colcon_core.package_identification:_identify(robot_goal_pub) by extension 'ignore_ament_install'
[0.195s] Level 1:colcon.colcon_core.package_identification:_identify(robot_goal_pub) by extensions ['colcon_pkg']
[0.195s] Level 1:colcon.colcon_core.package_identification:_identify(robot_goal_pub) by extension 'colcon_pkg'
[0.195s] Level 1:colcon.colcon_core.package_identification:_identify(robot_goal_pub) by extensions ['colcon_meta']
[0.195s] Level 1:colcon.colcon_core.package_identification:_identify(robot_goal_pub) by extension 'colcon_meta'
[0.195s] Level 1:colcon.colcon_core.package_identification:_identify(robot_goal_pub) by extensions ['ros']
[0.195s] Level 1:colcon.colcon_core.package_identification:_identify(robot_goal_pub) by extension 'ros'
[0.195s] DEBUG:colcon.colcon_core.package_identification:Package 'robot_goal_pub' with type 'ros.ament_python' and name 'robot_goal_pub'
[0.196s] Level 1:colcon.colcon_core.package_identification:_identify(turtlebot3_simulations) by extensions ['ignore', 'ignore_ament_install']
[0.196s] Level 1:colcon.colcon_core.package_identification:_identify(turtlebot3_simulations) by extension 'ignore'
[0.196s] Level 1:colcon.colcon_core.package_identification:_identify(turtlebot3_simulations) by extension 'ignore_ament_install'
[0.196s] Level 1:colcon.colcon_core.package_identification:_identify(turtlebot3_simulations) by extensions ['colcon_pkg']
[0.196s] Level 1:colcon.colcon_core.package_identification:_identify(turtlebot3_simulations) by extension 'colcon_pkg'
[0.196s] Level 1:colcon.colcon_core.package_identification:_identify(turtlebot3_simulations) by extensions ['colcon_meta']
[0.196s] Level 1:colcon.colcon_core.package_identification:_identify(turtlebot3_simulations) by extension 'colcon_meta'
[0.196s] Level 1:colcon.colcon_core.package_identification:_identify(turtlebot3_simulations) by extensions ['ros']
[0.196s] Level 1:colcon.colcon_core.package_identification:_identify(turtlebot3_simulations) by extension 'ros'
[0.196s] Level 1:colcon.colcon_core.package_identification:_identify(turtlebot3_simulations) by extensions ['cmake', 'python']
[0.196s] Level 1:colcon.colcon_core.package_identification:_identify(turtlebot3_simulations) by extension 'cmake'
[0.196s] Level 1:colcon.colcon_core.package_identification:_identify(turtlebot3_simulations) by extension 'python'
[0.196s] Level 1:colcon.colcon_core.package_identification:_identify(turtlebot3_simulations) by extensions ['python_setup_py']
[0.196s] Level 1:colcon.colcon_core.package_identification:_identify(turtlebot3_simulations) by extension 'python_setup_py'
[0.196s] Level 1:colcon.colcon_core.package_identification:_identify(turtlebot3_simulations/turtlebot3_fake_node) by extensions ['ignore', 'ignore_ament_install']
[0.196s] Level 1:colcon.colcon_core.package_identification:_identify(turtlebot3_simulations/turtlebot3_fake_node) by extension 'ignore'
[0.196s] Level 1:colcon.colcon_core.package_identification:_identify(turtlebot3_simulations/turtlebot3_fake_node) by extension 'ignore_ament_install'
[0.196s] Level 1:colcon.colcon_core.package_identification:_identify(turtlebot3_simulations/turtlebot3_fake_node) by extensions ['colcon_pkg']
[0.196s] Level 1:colcon.colcon_core.package_identification:_identify(turtlebot3_simulations/turtlebot3_fake_node) by extension 'colcon_pkg'
[0.196s] Level 1:colcon.colcon_core.package_identification:_identify(turtlebot3_simulations/turtlebot3_fake_node) by extensions ['colcon_meta']
[0.196s] Level 1:colcon.colcon_core.package_identification:_identify(turtlebot3_simulations/turtlebot3_fake_node) by extension 'colcon_meta'
[0.196s] Level 1:colcon.colcon_core.package_identification:_identify(turtlebot3_simulations/turtlebot3_fake_node) by extensions ['ros']
[0.196s] Level 1:colcon.colcon_core.package_identification:_identify(turtlebot3_simulations/turtlebot3_fake_node) by extension 'ros'
[0.197s] DEBUG:colcon.colcon_core.package_identification:Package 'turtlebot3_simulations/turtlebot3_fake_node' with type 'ros.ament_cmake' and name 'turtlebot3_fake_node'
[0.197s] Level 1:colcon.colcon_core.package_identification:_identify(turtlebot3_simulations/turtlebot3_gazebo) by extensions ['ignore', 'ignore_ament_install']
[0.197s] Level 1:colcon.colcon_core.package_identification:_identify(turtlebot3_simulations/turtlebot3_gazebo) by extension 'ignore'
[0.197s] Level 1:colcon.colcon_core.package_identification:_identify(turtlebot3_simulations/turtlebot3_gazebo) by extension 'ignore_ament_install'
[0.197s] Level 1:colcon.colcon_core.package_identification:_identify(turtlebot3_simulations/turtlebot3_gazebo) by extensions ['colcon_pkg']
[0.197s] Level 1:colcon.colcon_core.package_identification:_identify(turtlebot3_simulations/turtlebot3_gazebo) by extension 'colcon_pkg'
[0.197s] Level 1:colcon.colcon_core.package_identification:_identify(turtlebot3_simulations/turtlebot3_gazebo) by extensions ['colcon_meta']
[0.197s] Level 1:colcon.colcon_core.package_identification:_identify(turtlebot3_simulations/turtlebot3_gazebo) by extension 'colcon_meta'
[0.197s] Level 1:colcon.colcon_core.package_identification:_identify(turtlebot3_simulations/turtlebot3_gazebo) by extensions ['ros']
[0.197s] Level 1:colcon.colcon_core.package_identification:_identify(turtlebot3_simulations/turtlebot3_gazebo) by extension 'ros'
[0.198s] DEBUG:colcon.colcon_core.package_identification:Package 'turtlebot3_simulations/turtlebot3_gazebo' with type 'ros.ament_cmake' and name 'turtlebot3_gazebo'
[0.198s] Level 1:colcon.colcon_core.package_identification:_identify(turtlebot3_simulations/turtlebot3_simulations) by extensions ['ignore', 'ignore_ament_install']
[0.198s] Level 1:colcon.colcon_core.package_identification:_identify(turtlebot3_simulations/turtlebot3_simulations) by extension 'ignore'
[0.198s] Level 1:colcon.colcon_core.package_identification:_identify(turtlebot3_simulations/turtlebot3_simulations) by extension 'ignore_ament_install'
[0.198s] Level 1:colcon.colcon_core.package_identification:_identify(turtlebot3_simulations/turtlebot3_simulations) by extensions ['colcon_pkg']
[0.198s] Level 1:colcon.colcon_core.package_identification:_identify(turtlebot3_simulations/turtlebot3_simulations) by extension 'colcon_pkg'
[0.198s] Level 1:colcon.colcon_core.package_identification:_identify(turtlebot3_simulations/turtlebot3_simulations) by extensions ['colcon_meta']
[0.198s] Level 1:colcon.colcon_core.package_identification:_identify(turtlebot3_simulations/turtlebot3_simulations) by extension 'colcon_meta'
[0.198s] Level 1:colcon.colcon_core.package_identification:_identify(turtlebot3_simulations/turtlebot3_simulations) by extensions ['ros']
[0.198s] Level 1:colcon.colcon_core.package_identification:_identify(turtlebot3_simulations/turtlebot3_simulations) by extension 'ros'
[0.199s] DEBUG:colcon.colcon_core.package_identification:Package 'turtlebot3_simulations/turtlebot3_simulations' with type 'ros.ament_cmake' and name 'turtlebot3_simulations'
[0.199s] Level 1:colcon.colcon_core.package_identification:_identify(velocity_msg) by extensions ['ignore', 'ignore_ament_install']
[0.199s] Level 1:colcon.colcon_core.package_identification:_identify(velocity_msg) by extension 'ignore'
[0.199s] Level 1:colcon.colcon_core.package_identification:_identify(velocity_msg) by extension 'ignore_ament_install'
[0.199s] Level 1:colcon.colcon_core.package_identification:_identify(velocity_msg) by extensions ['colcon_pkg']
[0.199s] Level 1:colcon.colcon_core.package_identification:_identify(velocity_msg) by extension 'colcon_pkg'
[0.199s] Level 1:colcon.colcon_core.package_identification:_identify(velocity_msg) by extensions ['colcon_meta']
[0.199s] Level 1:colcon.colcon_core.package_identification:_identify(velocity_msg) by extension 'colcon_meta'
[0.199s] Level 1:colcon.colcon_core.package_identification:_identify(velocity_msg) by extensions ['ros']
[0.199s] Level 1:colcon.colcon_core.package_identification:_identify(velocity_msg) by extension 'ros'
[0.199s] DEBUG:colcon.colcon_core.package_identification:Package 'velocity_msg' with type 'ros.ament_cmake' and name 'velocity_msg'
[0.199s] Level 1:colcon.colcon_core.package_discovery:discover_packages(recursive) using defaults
[0.199s] Level 1:colcon.colcon_core.package_discovery:discover_packages(ignore) discover
[0.199s] Level 1:colcon.colcon_core.package_discovery:discover_packages(ignore) using defaults
[0.199s] Level 1:colcon.colcon_core.package_discovery:discover_packages(path) discover
[0.199s] Level 1:colcon.colcon_core.package_discovery:discover_packages(path) using defaults
[0.223s] Level 1:colcon.colcon_core.package_discovery:discover_packages(prefix_path) check parameters
[0.223s] Level 1:colcon.colcon_core.package_discovery:discover_packages(prefix_path) discover
[0.224s] DEBUG:colcon.colcon_installed_package_information.package_discovery:Found 8 installed packages in /home/lennoxtr/turtlebot3_ws/src/install
[0.226s] DEBUG:colcon.colcon_installed_package_information.package_discovery:Found 373 installed packages in /opt/ros/humble
[0.227s] Level 1:colcon.colcon_core.package_discovery:discover_packages(prefix_path) using defaults
[0.257s] Level 5:colcon.colcon_core.verb:set package 'heading_msg' build argument 'cmake_args' from command line to 'None'
[0.257s] Level 5:colcon.colcon_core.verb:set package 'heading_msg' build argument 'cmake_target' from command line to 'None'
[0.257s] Level 5:colcon.colcon_core.verb:set package 'heading_msg' build argument 'cmake_target_skip_unavailable' from command line to 'False'
[0.257s] Level 5:colcon.colcon_core.verb:set package 'heading_msg' build argument 'cmake_clean_cache' from command line to 'False'
[0.257s] Level 5:colcon.colcon_core.verb:set package 'heading_msg' build argument 'cmake_clean_first' from command line to 'False'
[0.257s] Level 5:colcon.colcon_core.verb:set package 'heading_msg' build argument 'cmake_force_configure' from command line to 'False'
[0.257s] Level 5:colcon.colcon_core.verb:set package 'heading_msg' build argument 'ament_cmake_args' from command line to 'None'
[0.257s] Level 5:colcon.colcon_core.verb:set package 'heading_msg' build argument 'catkin_cmake_args' from command line to 'None'
[0.257s] Level 5:colcon.colcon_core.verb:set package 'heading_msg' build argument 'catkin_skip_building_tests' from command line to 'False'
[0.257s] DEBUG:colcon.colcon_core.verb:Building package 'heading_msg' with the following arguments: {'ament_cmake_args': None, 'build_base': '/home/lennoxtr/turtlebot3_ws/src/build/heading_msg', 'catkin_cmake_args': None, 'catkin_skip_building_tests': False, 'cmake_args': None, 'cmake_clean_cache': False, 'cmake_clean_first': False, 'cmake_force_configure': False, 'cmake_target': None, 'cmake_target_skip_unavailable': False, 'install_base': '/home/lennoxtr/turtlebot3_ws/src/install/heading_msg', 'merge_install': False, 'path': '/home/lennoxtr/turtlebot3_ws/src/heading_msg', 'symlink_install': False, 'test_result_base': None}
[0.257s] Level 5:colcon.colcon_core.verb:set package 'robot_goal' build argument 'cmake_args' from command line to 'None'
[0.257s] Level 5:colcon.colcon_core.verb:set package 'robot_goal' build argument 'cmake_target' from command line to 'None'
[0.258s] Level 5:colcon.colcon_core.verb:set package 'robot_goal' build argument 'cmake_target_skip_unavailable' from command line to 'False'
[0.258s] Level 5:colcon.colcon_core.verb:set package 'robot_goal' build argument 'cmake_clean_cache' from command line to 'False'
[0.258s] Level 5:colcon.colcon_core.verb:set package 'robot_goal' build argument 'cmake_clean_first' from command line to 'False'
[0.258s] Level 5:colcon.colcon_core.verb:set package 'robot_goal' build argument 'cmake_force_configure' from command line to 'False'
[0.258s] Level 5:colcon.colcon_core.verb:set package 'robot_goal' build argument 'ament_cmake_args' from command line to 'None'
[0.258s] Level 5:colcon.colcon_core.verb:set package 'robot_goal' build argument 'catkin_cmake_args' from command line to 'None'
[0.258s] Level 5:colcon.colcon_core.verb:set package 'robot_goal' build argument 'catkin_skip_building_tests' from command line to 'False'
[0.258s] DEBUG:colcon.colcon_core.verb:Building package 'robot_goal' with the following arguments: {'ament_cmake_args': None, 'build_base': '/home/lennoxtr/turtlebot3_ws/src/build/robot_goal', 'catkin_cmake_args': None, 'catkin_skip_building_tests': False, 'cmake_args': None, 'cmake_clean_cache': False, 'cmake_clean_first': False, 'cmake_force_configure': False, 'cmake_target': None, 'cmake_target_skip_unavailable': False, 'install_base': '/home/lennoxtr/turtlebot3_ws/src/install/robot_goal', 'merge_install': False, 'path': '/home/lennoxtr/turtlebot3_ws/src/robot_goal', 'symlink_install': False, 'test_result_base': None}
[0.258s] Level 5:colcon.colcon_core.verb:set package 'turtlebot3_fake_node' build argument 'cmake_args' from command line to 'None'
[0.258s] Level 5:colcon.colcon_core.verb:set package 'turtlebot3_fake_node' build argument 'cmake_target' from command line to 'None'
[0.258s] Level 5:colcon.colcon_core.verb:set package 'turtlebot3_fake_node' build argument 'cmake_target_skip_unavailable' from command line to 'False'
[0.258s] Level 5:colcon.colcon_core.verb:set package 'turtlebot3_fake_node' build argument 'cmake_clean_cache' from command line to 'False'
[0.258s] Level 5:colcon.colcon_core.verb:set package 'turtlebot3_fake_node' build argument 'cmake_clean_first' from command line to 'False'
[0.258s] Level 5:colcon.colcon_core.verb:set package 'turtlebot3_fake_node' build argument 'cmake_force_configure' from command line to 'False'
[0.258s] Level 5:colcon.colcon_core.verb:set package 'turtlebot3_fake_node' build argument 'ament_cmake_args' from command line to 'None'
[0.258s] Level 5:colcon.colcon_core.verb:set package 'turtlebot3_fake_node' build argument 'catkin_cmake_args' from command line to 'None'
[0.258s] Level 5:colcon.colcon_core.verb:set package 'turtlebot3_fake_node' build argument 'catkin_skip_building_tests' from command line to 'False'
[0.258s] DEBUG:colcon.colcon_core.verb:Building package 'turtlebot3_fake_node' with the following arguments: {'ament_cmake_args': None, 'build_base': '/home/lennoxtr/turtlebot3_ws/src/build/turtlebot3_fake_node', 'catkin_cmake_args': None, 'catkin_skip_building_tests': False, 'cmake_args': None, 'cmake_clean_cache': False, 'cmake_clean_first': False, 'cmake_force_configure': False, 'cmake_target': None, 'cmake_target_skip_unavailable': False, 'install_base': '/home/lennoxtr/turtlebot3_ws/src/install/turtlebot3_fake_node', 'merge_install': False, 'path': '/home/lennoxtr/turtlebot3_ws/src/turtlebot3_simulations/turtlebot3_fake_node', 'symlink_install': False, 'test_result_base': None}
[0.258s] Level 5:colcon.colcon_core.verb:set package 'turtlebot3_gazebo' build argument 'cmake_args' from command line to 'None'
[0.258s] Level 5:colcon.colcon_core.verb:set package 'turtlebot3_gazebo' build argument 'cmake_target' from command line to 'None'
[0.258s] Level 5:colcon.colcon_core.verb:set package 'turtlebot3_gazebo' build argument 'cmake_target_skip_unavailable' from command line to 'False'
[0.258s] Level 5:colcon.colcon_core.verb:set package 'turtlebot3_gazebo' build argument 'cmake_clean_cache' from command line to 'False'
[0.258s] Level 5:colcon.colcon_core.verb:set package 'turtlebot3_gazebo' build argument 'cmake_clean_first' from command line to 'False'
[0.258s] Level 5:colcon.colcon_core.verb:set package 'turtlebot3_gazebo' build argument 'cmake_force_configure' from command line to 'False'
[0.258s] Level 5:colcon.colcon_core.verb:set package 'turtlebot3_gazebo' build argument 'ament_cmake_args' from command line to 'None'
[0.258s] Level 5:colcon.colcon_core.verb:set package 'turtlebot3_gazebo' build argument 'catkin_cmake_args' from command line to 'None'
[0.258s] Level 5:colcon.colcon_core.verb:set package 'turtlebot3_gazebo' build argument 'catkin_skip_building_tests' from command line to 'False'
[0.258s] DEBUG:colcon.colcon_core.verb:Building package 'turtlebot3_gazebo' with the following arguments: {'ament_cmake_args': None, 'build_base': '/home/lennoxtr/turtlebot3_ws/src/build/turtlebot3_gazebo', 'catkin_cmake_args': None, 'catkin_skip_building_tests': False, 'cmake_args': None, 'cmake_clean_cache': False, 'cmake_clean_first': False, 'cmake_force_configure': False, 'cmake_target': None, 'cmake_target_skip_unavailable': False, 'install_base': '/home/lennoxtr/turtlebot3_ws/src/install/turtlebot3_gazebo', 'merge_install': False, 'path': '/home/lennoxtr/turtlebot3_ws/src/turtlebot3_simulations/turtlebot3_gazebo', 'symlink_install': False, 'test_result_base': None}
[0.258s] Level 5:colcon.colcon_core.verb:set package 'velocity_msg' build argument 'cmake_args' from command line to 'None'
[0.259s] Level 5:colcon.colcon_core.verb:set package 'velocity_msg' build argument 'cmake_target' from command line to 'None'
[0.259s] Level 5:colcon.colcon_core.verb:set package 'velocity_msg' build argument 'cmake_target_skip_unavailable' from command line to 'False'
[0.259s] Level 5:colcon.colcon_core.verb:set package 'velocity_msg' build argument 'cmake_clean_cache' from command line to 'False'
[0.259s] Level 5:colcon.colcon_core.verb:set package 'velocity_msg' build argument 'cmake_clean_first' from command line to 'False'
[0.259s] Level 5:colcon.colcon_core.verb:set package 'velocity_msg' build argument 'cmake_force_configure' from command line to 'False'
[0.259s] Level 5:colcon.colcon_core.verb:set package 'velocity_msg' build argument 'ament_cmake_args' from command line to 'None'
[0.259s] Level 5:colcon.colcon_core.verb:set package 'velocity_msg' build argument 'catkin_cmake_args' from command line to 'None'
[0.259s] Level 5:colcon.colcon_core.verb:set package 'velocity_msg' build argument 'catkin_skip_building_tests' from command line to 'False'
[0.259s] DEBUG:colcon.colcon_core.verb:Building package 'velocity_msg' with the following arguments: {'ament_cmake_args': None, 'build_base': '/home/lennoxtr/turtlebot3_ws/src/build/velocity_msg', 'catkin_cmake_args': None, 'catkin_skip_building_tests': False, 'cmake_args': None, 'cmake_clean_cache': False, 'cmake_clean_first': False, 'cmake_force_configure': False, 'cmake_target': None, 'cmake_target_skip_unavailable': False, 'install_base': '/home/lennoxtr/turtlebot3_ws/src/install/velocity_msg', 'merge_install': False, 'path': '/home/lennoxtr/turtlebot3_ws/src/velocity_msg', 'symlink_install': False, 'test_result_base': None}
[0.259s] Level 5:colcon.colcon_core.verb:set package 'goal_input' build argument 'cmake_args' from command line to 'None'
[0.259s] Level 5:colcon.colcon_core.verb:set package 'goal_input' build argument 'cmake_target' from command line to 'None'
[0.259s] Level 5:colcon.colcon_core.verb:set package 'goal_input' build argument 'cmake_target_skip_unavailable' from command line to 'False'
[0.259s] Level 5:colcon.colcon_core.verb:set package 'goal_input' build argument 'cmake_clean_cache' from command line to 'False'
[0.259s] Level 5:colcon.colcon_core.verb:set package 'goal_input' build argument 'cmake_clean_first' from command line to 'False'
[0.259s] Level 5:colcon.colcon_core.verb:set package 'goal_input' build argument 'cmake_force_configure' from command line to 'False'
[0.259s] Level 5:colcon.colcon_core.verb:set package 'goal_input' build argument 'ament_cmake_args' from command line to 'None'
[0.259s] Level 5:colcon.colcon_core.verb:set package 'goal_input' build argument 'catkin_cmake_args' from command line to 'None'
[0.259s] Level 5:colcon.colcon_core.verb:set package 'goal_input' build argument 'catkin_skip_building_tests' from command line to 'False'
[0.259s] DEBUG:colcon.colcon_core.verb:Building package 'goal_input' with the following arguments: {'ament_cmake_args': None, 'build_base': '/home/lennoxtr/turtlebot3_ws/src/build/goal_input', 'catkin_cmake_args': None, 'catkin_skip_building_tests': False, 'cmake_args': None, 'cmake_clean_cache': False, 'cmake_clean_first': False, 'cmake_force_configure': False, 'cmake_target': None, 'cmake_target_skip_unavailable': False, 'install_base': '/home/lennoxtr/turtlebot3_ws/src/install/goal_input', 'merge_install': False, 'path': '/home/lennoxtr/turtlebot3_ws/src/goal_input', 'symlink_install': False, 'test_result_base': None}
[0.259s] Level 5:colcon.colcon_core.verb:set package 'robot_goal_pub' build argument 'cmake_args' from command line to 'None'
[0.259s] Level 5:colcon.colcon_core.verb:set package 'robot_goal_pub' build argument 'cmake_target' from command line to 'None'
[0.259s] Level 5:colcon.colcon_core.verb:set package 'robot_goal_pub' build argument 'cmake_target_skip_unavailable' from command line to 'False'
[0.259s] Level 5:colcon.colcon_core.verb:set package 'robot_goal_pub' build argument 'cmake_clean_cache' from command line to 'False'
[0.259s] Level 5:colcon.colcon_core.verb:set package 'robot_goal_pub' build argument 'cmake_clean_first' from command line to 'False'
[0.259s] Level 5:colcon.colcon_core.verb:set package 'robot_goal_pub' build argument 'cmake_force_configure' from command line to 'False'
[0.259s] Level 5:colcon.colcon_core.verb:set package 'robot_goal_pub' build argument 'ament_cmake_args' from command line to 'None'
[0.259s] Level 5:colcon.colcon_core.verb:set package 'robot_goal_pub' build argument 'catkin_cmake_args' from command line to 'None'
[0.259s] Level 5:colcon.colcon_core.verb:set package 'robot_goal_pub' build argument 'catkin_skip_building_tests' from command line to 'False'
[0.259s] DEBUG:colcon.colcon_core.verb:Building package 'robot_goal_pub' with the following arguments: {'ament_cmake_args': None, 'build_base': '/home/lennoxtr/turtlebot3_ws/src/build/robot_goal_pub', 'catkin_cmake_args': None, 'catkin_skip_building_tests': False, 'cmake_args': None, 'cmake_clean_cache': False, 'cmake_clean_first': False, 'cmake_force_configure': False, 'cmake_target': None, 'cmake_target_skip_unavailable': False, 'install_base': '/home/lennoxtr/turtlebot3_ws/src/install/robot_goal_pub', 'merge_install': False, 'path': '/home/lennoxtr/turtlebot3_ws/src/robot_goal_pub', 'symlink_install': False, 'test_result_base': None}
[0.259s] Level 5:colcon.colcon_core.verb:set package 'turtlebot3_simulations' build argument 'cmake_args' from command line to 'None'
[0.260s] Level 5:colcon.colcon_core.verb:set package 'turtlebot3_simulations' build argument 'cmake_target' from command line to 'None'
[0.260s] Level 5:colcon.colcon_core.verb:set package 'turtlebot3_simulations' build argument 'cmake_target_skip_unavailable' from command line to 'False'
[0.260s] Level 5:colcon.colcon_core.verb:set package 'turtlebot3_simulations' build argument 'cmake_clean_cache' from command line to 'False'
[0.260s] Level 5:colcon.colcon_core.verb:set package 'turtlebot3_simulations' build argument 'cmake_clean_first' from command line to 'False'
[0.260s] Level 5:colcon.colcon_core.verb:set package 'turtlebot3_simulations' build argument 'cmake_force_configure' from command line to 'False'
[0.260s] Level 5:colcon.colcon_core.verb:set package 'turtlebot3_simulations' build argument 'ament_cmake_args' from command line to 'None'
[0.260s] Level 5:colcon.colcon_core.verb:set package 'turtlebot3_simulations' build argument 'catkin_cmake_args' from command line to 'None'
[0.260s] Level 5:colcon.colcon_core.verb:set package 'turtlebot3_simulations' build argument 'catkin_skip_building_tests' from command line to 'False'
[0.260s] DEBUG:colcon.colcon_core.verb:Building package 'turtlebot3_simulations' with the following arguments: {'ament_cmake_args': None, 'build_base': '/home/lennoxtr/turtlebot3_ws/src/build/turtlebot3_simulations', 'catkin_cmake_args': None, 'catkin_skip_building_tests': False, 'cmake_args': None, 'cmake_clean_cache': False, 'cmake_clean_first': False, 'cmake_force_configure': False, 'cmake_target': None, 'cmake_target_skip_unavailable': False, 'install_base': '/home/lennoxtr/turtlebot3_ws/src/install/turtlebot3_simulations', 'merge_install': False, 'path': '/home/lennoxtr/turtlebot3_ws/src/turtlebot3_simulations/turtlebot3_simulations', 'symlink_install': False, 'test_result_base': None}
[0.260s] INFO:colcon.colcon_core.executor:Executing jobs using 'parallel' executor
[0.261s] DEBUG:colcon.colcon_parallel_executor.executor.parallel:run_until_complete
[0.261s] INFO:colcon.colcon_ros.task.ament_cmake.build:Building ROS package in '/home/lennoxtr/turtlebot3_ws/src/heading_msg' with build type 'ament_cmake'
[0.261s] INFO:colcon.colcon_cmake.task.cmake.build:Building CMake package in '/home/lennoxtr/turtlebot3_ws/src/heading_msg'
[0.262s] INFO:colcon.colcon_core.plugin_system:Skipping extension 'colcon_core.shell.bat': Not used on non-Windows systems
[0.262s] INFO:colcon.colcon_core.shell:Skip shell extension 'powershell' for command environment: Not usable outside of PowerShell
[0.262s] DEBUG:colcon.colcon_core.shell:Skip shell extension 'dsv' for command environment
[0.265s] INFO:colcon.colcon_ros.task.ament_cmake.build:Building ROS package in '/home/lennoxtr/turtlebot3_ws/src/robot_goal' with build type 'ament_cmake'
[0.265s] INFO:colcon.colcon_cmake.task.cmake.build:Building CMake package in '/home/lennoxtr/turtlebot3_ws/src/robot_goal'
[0.265s] INFO:colcon.colcon_core.shell:Skip shell extension 'powershell' for command environment: Not usable outside of PowerShell
[0.265s] DEBUG:colcon.colcon_core.shell:Skip shell extension 'dsv' for command environment
[0.268s] INFO:colcon.colcon_ros.task.ament_cmake.build:Building ROS package in '/home/lennoxtr/turtlebot3_ws/src/turtlebot3_simulations/turtlebot3_fake_node' with build type 'ament_cmake'
[0.268s] INFO:colcon.colcon_cmake.task.cmake.build:Building CMake package in '/home/lennoxtr/turtlebot3_ws/src/turtlebot3_simulations/turtlebot3_fake_node'
[0.268s] INFO:colcon.colcon_core.shell:Skip shell extension 'powershell' for command environment: Not usable outside of PowerShell
[0.268s] DEBUG:colcon.colcon_core.shell:Skip shell extension 'dsv' for command environment
[0.270s] INFO:colcon.colcon_ros.task.ament_cmake.build:Building ROS package in '/home/lennoxtr/turtlebot3_ws/src/turtlebot3_simulations/turtlebot3_gazebo' with build type 'ament_cmake'
[0.270s] INFO:colcon.colcon_cmake.task.cmake.build:Building CMake package in '/home/lennoxtr/turtlebot3_ws/src/turtlebot3_simulations/turtlebot3_gazebo'
[0.271s] INFO:colcon.colcon_core.shell:Skip shell extension 'powershell' for command environment: Not usable outside of PowerShell
[0.271s] DEBUG:colcon.colcon_core.shell:Skip shell extension 'dsv' for command environment
[0.273s] INFO:colcon.colcon_ros.task.ament_cmake.build:Building ROS package in '/home/lennoxtr/turtlebot3_ws/src/velocity_msg' with build type 'ament_cmake'
[0.273s] INFO:colcon.colcon_cmake.task.cmake.build:Building CMake package in '/home/lennoxtr/turtlebot3_ws/src/velocity_msg'
[0.273s] INFO:colcon.colcon_core.shell:Skip shell extension 'powershell' for command environment: Not usable outside of PowerShell
[0.273s] DEBUG:colcon.colcon_core.shell:Skip shell extension 'dsv' for command environment
[0.280s] DEBUG:colcon.colcon_core.event_handler.log_command:Invoking command in '/home/lennoxtr/turtlebot3_ws/src/build/heading_msg': CMAKE_PREFIX_PATH=${CMAKE_PREFIX_PATH}:/home/lennoxtr/turtlebot3_ws/src/install/robot_goal_pub:/home/lennoxtr/turtlebot3_ws/src/install/goal_input:/opt/ros/humble /usr/bin/cmake --build /home/lennoxtr/turtlebot3_ws/src/build/heading_msg -- -j12 -l12
[0.282s] DEBUG:colcon.colcon_core.event_handler.log_command:Invoking command in '/home/lennoxtr/turtlebot3_ws/src/build/robot_goal': CMAKE_PREFIX_PATH=${CMAKE_PREFIX_PATH}:/home/lennoxtr/turtlebot3_ws/src/install/robot_goal_pub:/home/lennoxtr/turtlebot3_ws/src/install/goal_input:/opt/ros/humble /usr/bin/cmake --build /home/lennoxtr/turtlebot3_ws/src/build/robot_goal -- -j12 -l12
[0.284s] DEBUG:colcon.colcon_core.event_handler.log_command:Invoking command in '/home/lennoxtr/turtlebot3_ws/src/build/turtlebot3_fake_node': CMAKE_PREFIX_PATH=${CMAKE_PREFIX_PATH}:/home/lennoxtr/turtlebot3_ws/src/install/robot_goal_pub:/home/lennoxtr/turtlebot3_ws/src/install/goal_input:/opt/ros/humble /usr/bin/cmake --build /home/lennoxtr/turtlebot3_ws/src/build/turtlebot3_fake_node -- -j12 -l12
[0.286s] DEBUG:colcon.colcon_core.event_handler.log_command:Invoking command in '/home/lennoxtr/turtlebot3_ws/src/build/turtlebot3_gazebo': CMAKE_PREFIX_PATH=${CMAKE_PREFIX_PATH}:/home/lennoxtr/turtlebot3_ws/src/install/robot_goal_pub:/home/lennoxtr/turtlebot3_ws/src/install/goal_input:/opt/ros/humble /usr/bin/cmake --build /home/lennoxtr/turtlebot3_ws/src/build/turtlebot3_gazebo -- -j12 -l12
[0.291s] DEBUG:colcon.colcon_core.event_handler.log_command:Invoking command in '/home/lennoxtr/turtlebot3_ws/src/build/velocity_msg': CMAKE_PREFIX_PATH=${CMAKE_PREFIX_PATH}:/home/lennoxtr/turtlebot3_ws/src/install/robot_goal_pub:/home/lennoxtr/turtlebot3_ws/src/install/goal_input:/opt/ros/humble /usr/bin/cmake --build /home/lennoxtr/turtlebot3_ws/src/build/velocity_msg -- -j12 -l12
[0.354s] DEBUG:colcon.colcon_core.event_handler.log_command:Invoked command in '/home/lennoxtr/turtlebot3_ws/src/build/turtlebot3_fake_node' returned '0': CMAKE_PREFIX_PATH=${CMAKE_PREFIX_PATH}:/home/lennoxtr/turtlebot3_ws/src/install/robot_goal_pub:/home/lennoxtr/turtlebot3_ws/src/install/goal_input:/opt/ros/humble /usr/bin/cmake --build /home/lennoxtr/turtlebot3_ws/src/build/turtlebot3_fake_node -- -j12 -l12
[0.415s] DEBUG:colcon.colcon_core.event_handler.log_command:Invoking command in '/home/lennoxtr/turtlebot3_ws/src/build/turtlebot3_fake_node': CMAKE_PREFIX_PATH=${CMAKE_PREFIX_PATH}:/home/lennoxtr/turtlebot3_ws/src/install/robot_goal_pub:/home/lennoxtr/turtlebot3_ws/src/install/goal_input:/opt/ros/humble /usr/bin/cmake --install /home/lennoxtr/turtlebot3_ws/src/build/turtlebot3_fake_node
[0.417s] DEBUG:colcon.colcon_core.event_handler.log_command:Invoked command in '/home/lennoxtr/turtlebot3_ws/src/build/turtlebot3_gazebo' returned '0': CMAKE_PREFIX_PATH=${CMAKE_PREFIX_PATH}:/home/lennoxtr/turtlebot3_ws/src/install/robot_goal_pub:/home/lennoxtr/turtlebot3_ws/src/install/goal_input:/opt/ros/humble /usr/bin/cmake --build /home/lennoxtr/turtlebot3_ws/src/build/turtlebot3_gazebo -- -j12 -l12
[0.424s] Level 1:colcon.colcon_core.environment:create_environment_scripts_only(turtlebot3_fake_node)
[0.425s] DEBUG:colcon.colcon_core.event_handler.log_command:Invoked command in '/home/lennoxtr/turtlebot3_ws/src/build/turtlebot3_fake_node' returned '0': CMAKE_PREFIX_PATH=${CMAKE_PREFIX_PATH}:/home/lennoxtr/turtlebot3_ws/src/install/robot_goal_pub:/home/lennoxtr/turtlebot3_ws/src/install/goal_input:/opt/ros/humble /usr/bin/cmake --install /home/lennoxtr/turtlebot3_ws/src/build/turtlebot3_fake_node
[0.427s] Level 1:colcon.colcon_core.environment:checking '/home/lennoxtr/turtlebot3_ws/src/install/turtlebot3_fake_node' for CMake module files
[0.428s] Level 1:colcon.colcon_core.environment:checking '/home/lennoxtr/turtlebot3_ws/src/install/turtlebot3_fake_node' for CMake config files
[0.429s] Level 1:colcon.colcon_core.shell:create_environment_hook('turtlebot3_fake_node', 'cmake_prefix_path')
[0.429s] INFO:colcon.colcon_core.shell:Creating environment hook '/home/lennoxtr/turtlebot3_ws/src/install/turtlebot3_fake_node/share/turtlebot3_fake_node/hook/cmake_prefix_path.ps1'
[0.430s] INFO:colcon.colcon_core.shell:Creating environment descriptor '/home/lennoxtr/turtlebot3_ws/src/install/turtlebot3_fake_node/share/turtlebot3_fake_node/hook/cmake_prefix_path.dsv'
[0.431s] INFO:colcon.colcon_core.shell:Creating environment hook '/home/lennoxtr/turtlebot3_ws/src/install/turtlebot3_fake_node/share/turtlebot3_fake_node/hook/cmake_prefix_path.sh'
[0.432s] Level 1:colcon.colcon_core.environment:checking '/home/lennoxtr/turtlebot3_ws/src/install/turtlebot3_fake_node/lib'
[0.432s] Level 1:colcon.colcon_core.environment:checking '/home/lennoxtr/turtlebot3_ws/src/install/turtlebot3_fake_node/bin'
[0.432s] Level 1:colcon.colcon_core.environment:checking '/home/lennoxtr/turtlebot3_ws/src/install/turtlebot3_fake_node/lib/pkgconfig/turtlebot3_fake_node.pc'
[0.432s] Level 1:colcon.colcon_core.environment:checking '/home/lennoxtr/turtlebot3_ws/src/install/turtlebot3_fake_node/lib/python3.10/site-packages'
[0.433s] Level 1:colcon.colcon_core.environment:checking '/home/lennoxtr/turtlebot3_ws/src/install/turtlebot3_fake_node/bin'
[0.433s] INFO:colcon.colcon_core.shell:Creating package script '/home/lennoxtr/turtlebot3_ws/src/install/turtlebot3_fake_node/share/turtlebot3_fake_node/package.ps1'
[0.434s] INFO:colcon.colcon_core.shell:Creating package descriptor '/home/lennoxtr/turtlebot3_ws/src/install/turtlebot3_fake_node/share/turtlebot3_fake_node/package.dsv'
[0.435s] INFO:colcon.colcon_core.shell:Creating package script '/home/lennoxtr/turtlebot3_ws/src/install/turtlebot3_fake_node/share/turtlebot3_fake_node/package.sh'
[0.435s] INFO:colcon.colcon_core.shell:Creating package script '/home/lennoxtr/turtlebot3_ws/src/install/turtlebot3_fake_node/share/turtlebot3_fake_node/package.bash'
[0.436s] INFO:colcon.colcon_core.shell:Creating package script '/home/lennoxtr/turtlebot3_ws/src/install/turtlebot3_fake_node/share/turtlebot3_fake_node/package.zsh'
[0.437s] Level 1:colcon.colcon_core.environment:create_file_with_runtime_dependencies(/home/lennoxtr/turtlebot3_ws/src/install/turtlebot3_fake_node/share/colcon-core/packages/turtlebot3_fake_node)
[0.452s] DEBUG:colcon.colcon_core.event_handler.log_command:Invoking command in '/home/lennoxtr/turtlebot3_ws/src/build/turtlebot3_gazebo': CMAKE_PREFIX_PATH=${CMAKE_PREFIX_PATH}:/home/lennoxtr/turtlebot3_ws/src/install/robot_goal_pub:/home/lennoxtr/turtlebot3_ws/src/install/goal_input:/opt/ros/humble /usr/bin/cmake --install /home/lennoxtr/turtlebot3_ws/src/build/turtlebot3_gazebo
[0.468s] Level 1:colcon.colcon_core.environment:create_environment_scripts_only(turtlebot3_gazebo)
[0.468s] Level 1:colcon.colcon_core.environment:checking '/home/lennoxtr/turtlebot3_ws/src/install/turtlebot3_gazebo' for CMake module files
[0.469s] Level 1:colcon.colcon_core.environment:checking '/home/lennoxtr/turtlebot3_ws/src/install/turtlebot3_gazebo' for CMake config files
[0.470s] Level 1:colcon.colcon_core.shell:create_environment_hook('turtlebot3_gazebo', 'cmake_prefix_path')
[0.470s] INFO:colcon.colcon_core.shell:Creating environment hook '/home/lennoxtr/turtlebot3_ws/src/install/turtlebot3_gazebo/share/turtlebot3_gazebo/hook/cmake_prefix_path.ps1'
[0.470s] INFO:colcon.colcon_core.shell:Creating environment descriptor '/home/lennoxtr/turtlebot3_ws/src/install/turtlebot3_gazebo/share/turtlebot3_gazebo/hook/cmake_prefix_path.dsv'
[0.473s] INFO:colcon.colcon_core.shell:Creating environment hook '/home/lennoxtr/turtlebot3_ws/src/install/turtlebot3_gazebo/share/turtlebot3_gazebo/hook/cmake_prefix_path.sh'
[0.473s] Level 1:colcon.colcon_core.environment:checking '/home/lennoxtr/turtlebot3_ws/src/install/turtlebot3_gazebo/lib'
[0.473s] Level 1:colcon.colcon_core.environment:checking '/home/lennoxtr/turtlebot3_ws/src/install/turtlebot3_gazebo/bin'
[0.475s] Level 1:colcon.colcon_core.environment:checking '/home/lennoxtr/turtlebot3_ws/src/install/turtlebot3_gazebo/lib/pkgconfig/turtlebot3_gazebo.pc'
[0.475s] Level 1:colcon.colcon_core.environment:checking '/home/lennoxtr/turtlebot3_ws/src/install/turtlebot3_gazebo/lib/python3.10/site-packages'
[0.475s] Level 1:colcon.colcon_core.environment:checking '/home/lennoxtr/turtlebot3_ws/src/install/turtlebot3_gazebo/bin'
[0.475s] INFO:colcon.colcon_core.shell:Creating package script '/home/lennoxtr/turtlebot3_ws/src/install/turtlebot3_gazebo/share/turtlebot3_gazebo/package.ps1'
[0.477s] INFO:colcon.colcon_core.shell:Creating package descriptor '/home/lennoxtr/turtlebot3_ws/src/install/turtlebot3_gazebo/share/turtlebot3_gazebo/package.dsv'
[0.478s] INFO:colcon.colcon_core.shell:Creating package script '/home/lennoxtr/turtlebot3_ws/src/install/turtlebot3_gazebo/share/turtlebot3_gazebo/package.sh'
[0.480s] INFO:colcon.colcon_core.shell:Creating package script '/home/lennoxtr/turtlebot3_ws/src/install/turtlebot3_gazebo/share/turtlebot3_gazebo/package.bash'
[0.481s] INFO:colcon.colcon_core.shell:Creating package script '/home/lennoxtr/turtlebot3_ws/src/install/turtlebot3_gazebo/share/turtlebot3_gazebo/package.zsh'
[0.481s] DEBUG:colcon.colcon_core.event_handler.log_command:Invoked command in '/home/lennoxtr/turtlebot3_ws/src/build/turtlebot3_gazebo' returned '0': CMAKE_PREFIX_PATH=${CMAKE_PREFIX_PATH}:/home/lennoxtr/turtlebot3_ws/src/install/robot_goal_pub:/home/lennoxtr/turtlebot3_ws/src/install/goal_input:/opt/ros/humble /usr/bin/cmake --install /home/lennoxtr/turtlebot3_ws/src/build/turtlebot3_gazebo
[0.482s] Level 1:colcon.colcon_core.environment:create_file_with_runtime_dependencies(/home/lennoxtr/turtlebot3_ws/src/install/turtlebot3_gazebo/share/colcon-core/packages/turtlebot3_gazebo)
[0.484s] Level 1:colcon.colcon_core.environment:create_environment_scripts_only(turtlebot3_fake_node)
[0.485s] Level 1:colcon.colcon_core.environment:checking '/home/lennoxtr/turtlebot3_ws/src/install/turtlebot3_fake_node' for CMake module files
[0.485s] Level 1:colcon.colcon_core.environment:checking '/home/lennoxtr/turtlebot3_ws/src/install/turtlebot3_fake_node' for CMake config files
[0.486s] Level 1:colcon.colcon_core.shell:create_environment_hook('turtlebot3_fake_node', 'cmake_prefix_path')
[0.486s] INFO:colcon.colcon_core.shell:Creating environment hook '/home/lennoxtr/turtlebot3_ws/src/install/turtlebot3_fake_node/share/turtlebot3_fake_node/hook/cmake_prefix_path.ps1'
[0.487s] INFO:colcon.colcon_core.shell:Creating environment descriptor '/home/lennoxtr/turtlebot3_ws/src/install/turtlebot3_fake_node/share/turtlebot3_fake_node/hook/cmake_prefix_path.dsv'
[0.487s] INFO:colcon.colcon_core.shell:Creating environment hook '/home/lennoxtr/turtlebot3_ws/src/install/turtlebot3_fake_node/share/turtlebot3_fake_node/hook/cmake_prefix_path.sh'
[0.488s] Level 1:colcon.colcon_core.environment:checking '/home/lennoxtr/turtlebot3_ws/src/install/turtlebot3_fake_node/lib'
[0.488s] Level 1:colcon.colcon_core.environment:checking '/home/lennoxtr/turtlebot3_ws/src/install/turtlebot3_fake_node/bin'
[0.488s] Level 1:colcon.colcon_core.environment:checking '/home/lennoxtr/turtlebot3_ws/src/install/turtlebot3_fake_node/lib/pkgconfig/turtlebot3_fake_node.pc'
[0.488s] Level 1:colcon.colcon_core.environment:checking '/home/lennoxtr/turtlebot3_ws/src/install/turtlebot3_fake_node/lib/python3.10/site-packages'
[0.488s] Level 1:colcon.colcon_core.environment:checking '/home/lennoxtr/turtlebot3_ws/src/install/turtlebot3_fake_node/bin'
[0.489s] INFO:colcon.colcon_core.shell:Creating package script '/home/lennoxtr/turtlebot3_ws/src/install/turtlebot3_fake_node/share/turtlebot3_fake_node/package.ps1'
[0.489s] INFO:colcon.colcon_core.shell:Creating package descriptor '/home/lennoxtr/turtlebot3_ws/src/install/turtlebot3_fake_node/share/turtlebot3_fake_node/package.dsv'
[0.490s] INFO:colcon.colcon_core.shell:Creating package script '/home/lennoxtr/turtlebot3_ws/src/install/turtlebot3_fake_node/share/turtlebot3_fake_node/package.sh'
[0.490s] INFO:colcon.colcon_core.shell:Creating package script '/home/lennoxtr/turtlebot3_ws/src/install/turtlebot3_fake_node/share/turtlebot3_fake_node/package.bash'
[0.491s] INFO:colcon.colcon_core.shell:Creating package script '/home/lennoxtr/turtlebot3_ws/src/install/turtlebot3_fake_node/share/turtlebot3_fake_node/package.zsh'
[0.491s] Level 1:colcon.colcon_core.environment:create_file_with_runtime_dependencies(/home/lennoxtr/turtlebot3_ws/src/install/turtlebot3_fake_node/share/colcon-core/packages/turtlebot3_fake_node)
[0.510s] Level 1:colcon.colcon_core.environment:create_environment_scripts_only(turtlebot3_gazebo)
[0.511s] Level 1:colcon.colcon_core.environment:checking '/home/lennoxtr/turtlebot3_ws/src/install/turtlebot3_gazebo' for CMake module files
[0.511s] Level 1:colcon.colcon_core.environment:checking '/home/lennoxtr/turtlebot3_ws/src/install/turtlebot3_gazebo' for CMake config files
[0.511s] Level 1:colcon.colcon_core.shell:create_environment_hook('turtlebot3_gazebo', 'cmake_prefix_path')
[0.511s] INFO:colcon.colcon_core.shell:Creating environment hook '/home/lennoxtr/turtlebot3_ws/src/install/turtlebot3_gazebo/share/turtlebot3_gazebo/hook/cmake_prefix_path.ps1'
[0.512s] INFO:colcon.colcon_core.shell:Creating environment descriptor '/home/lennoxtr/turtlebot3_ws/src/install/turtlebot3_gazebo/share/turtlebot3_gazebo/hook/cmake_prefix_path.dsv'
[0.512s] INFO:colcon.colcon_core.shell:Creating environment hook '/home/lennoxtr/turtlebot3_ws/src/install/turtlebot3_gazebo/share/turtlebot3_gazebo/hook/cmake_prefix_path.sh'
[0.512s] Level 1:colcon.colcon_core.environment:checking '/home/lennoxtr/turtlebot3_ws/src/install/turtlebot3_gazebo/lib'
[0.512s] Level 1:colcon.colcon_core.environment:checking '/home/lennoxtr/turtlebot3_ws/src/install/turtlebot3_gazebo/bin'
[0.513s] Level 1:colcon.colcon_core.environment:checking '/home/lennoxtr/turtlebot3_ws/src/install/turtlebot3_gazebo/lib/pkgconfig/turtlebot3_gazebo.pc'
[0.513s] Level 1:colcon.colcon_core.environment:checking '/home/lennoxtr/turtlebot3_ws/src/install/turtlebot3_gazebo/lib/python3.10/site-packages'
[0.513s] Level 1:colcon.colcon_core.environment:checking '/home/lennoxtr/turtlebot3_ws/src/install/turtlebot3_gazebo/bin'
[0.513s] INFO:colcon.colcon_core.shell:Creating package script '/home/lennoxtr/turtlebot3_ws/src/install/turtlebot3_gazebo/share/turtlebot3_gazebo/package.ps1'
[0.513s] INFO:colcon.colcon_core.shell:Creating package descriptor '/home/lennoxtr/turtlebot3_ws/src/install/turtlebot3_gazebo/share/turtlebot3_gazebo/package.dsv'
[0.514s] INFO:colcon.colcon_core.shell:Creating package script '/home/lennoxtr/turtlebot3_ws/src/install/turtlebot3_gazebo/share/turtlebot3_gazebo/package.sh'
[0.514s] INFO:colcon.colcon_core.shell:Creating package script '/home/lennoxtr/turtlebot3_ws/src/install/turtlebot3_gazebo/share/turtlebot3_gazebo/package.bash'
[0.514s] INFO:colcon.colcon_core.shell:Creating package script '/home/lennoxtr/turtlebot3_ws/src/install/turtlebot3_gazebo/share/turtlebot3_gazebo/package.zsh'
[0.514s] Level 1:colcon.colcon_core.environment:create_file_with_runtime_dependencies(/home/lennoxtr/turtlebot3_ws/src/install/turtlebot3_gazebo/share/colcon-core/packages/turtlebot3_gazebo)
[0.515s] INFO:colcon.colcon_ros.task.ament_cmake.build:Building ROS package in '/home/lennoxtr/turtlebot3_ws/src/turtlebot3_simulations/turtlebot3_simulations' with build type 'ament_cmake'
[0.515s] INFO:colcon.colcon_cmake.task.cmake.build:Building CMake package in '/home/lennoxtr/turtlebot3_ws/src/turtlebot3_simulations/turtlebot3_simulations'
[0.515s] INFO:colcon.colcon_core.shell:Skip shell extension 'powershell' for command environment: Not usable outside of PowerShell
[0.515s] DEBUG:colcon.colcon_core.shell:Skip shell extension 'dsv' for command environment
[0.522s] DEBUG:colcon.colcon_core.event_handler.log_command:Invoking command in '/home/lennoxtr/turtlebot3_ws/src/build/turtlebot3_simulations': CMAKE_PREFIX_PATH=/home/lennoxtr/turtlebot3_ws/src/install/turtlebot3_gazebo:/home/lennoxtr/turtlebot3_ws/src/install/turtlebot3_fake_node:/home/lennoxtr/turtlebot3_ws/src/install/velocity_msg:/home/lennoxtr/turtlebot3_ws/src/install/turtlebot3_simulations:/home/lennoxtr/turtlebot3_ws/src/install/robot_goal:/home/lennoxtr/turtlebot3_ws/src/install/heading_msg:/home/lennoxtr/turtlebot3_ws/src/install/robot_goal_pub:/home/lennoxtr/turtlebot3_ws/src/install/goal_input:/opt/ros/humble /usr/bin/cmake --build /home/lennoxtr/turtlebot3_ws/src/build/turtlebot3_simulations -- -j12 -l12
[0.550s] DEBUG:colcon.colcon_core.event_handler.log_command:Invoked command in '/home/lennoxtr/turtlebot3_ws/src/build/turtlebot3_simulations' returned '0': CMAKE_PREFIX_PATH=/home/lennoxtr/turtlebot3_ws/src/install/turtlebot3_gazebo:/home/lennoxtr/turtlebot3_ws/src/install/turtlebot3_fake_node:/home/lennoxtr/turtlebot3_ws/src/install/velocity_msg:/home/lennoxtr/turtlebot3_ws/src/install/turtlebot3_simulations:/home/lennoxtr/turtlebot3_ws/src/install/robot_goal:/home/lennoxtr/turtlebot3_ws/src/install/heading_msg:/home/lennoxtr/turtlebot3_ws/src/install/robot_goal_pub:/home/lennoxtr/turtlebot3_ws/src/install/goal_input:/opt/ros/humble /usr/bin/cmake --build /home/lennoxtr/turtlebot3_ws/src/build/turtlebot3_simulations -- -j12 -l12
[0.567s] DEBUG:colcon.colcon_core.event_handler.log_command:Invoking command in '/home/lennoxtr/turtlebot3_ws/src/build/turtlebot3_simulations': CMAKE_PREFIX_PATH=/home/lennoxtr/turtlebot3_ws/src/install/turtlebot3_gazebo:/home/lennoxtr/turtlebot3_ws/src/install/turtlebot3_fake_node:/home/lennoxtr/turtlebot3_ws/src/install/velocity_msg:/home/lennoxtr/turtlebot3_ws/src/install/turtlebot3_simulations:/home/lennoxtr/turtlebot3_ws/src/install/robot_goal:/home/lennoxtr/turtlebot3_ws/src/install/heading_msg:/home/lennoxtr/turtlebot3_ws/src/install/robot_goal_pub:/home/lennoxtr/turtlebot3_ws/src/install/goal_input:/opt/ros/humble /usr/bin/cmake --install /home/lennoxtr/turtlebot3_ws/src/build/turtlebot3_simulations
[0.574s] Level 1:colcon.colcon_core.environment:create_environment_scripts_only(turtlebot3_simulations)
[0.574s] Level 1:colcon.colcon_core.environment:checking '/home/lennoxtr/turtlebot3_ws/src/install/turtlebot3_simulations' for CMake module files
[0.575s] DEBUG:colcon.colcon_core.event_handler.log_command:Invoked command in '/home/lennoxtr/turtlebot3_ws/src/build/turtlebot3_simulations' returned '0': CMAKE_PREFIX_PATH=/home/lennoxtr/turtlebot3_ws/src/install/turtlebot3_gazebo:/home/lennoxtr/turtlebot3_ws/src/install/turtlebot3_fake_node:/home/lennoxtr/turtlebot3_ws/src/install/velocity_msg:/home/lennoxtr/turtlebot3_ws/src/install/turtlebot3_simulations:/home/lennoxtr/turtlebot3_ws/src/install/robot_goal:/home/lennoxtr/turtlebot3_ws/src/install/heading_msg:/home/lennoxtr/turtlebot3_ws/src/install/robot_goal_pub:/home/lennoxtr/turtlebot3_ws/src/install/goal_input:/opt/ros/humble /usr/bin/cmake --install /home/lennoxtr/turtlebot3_ws/src/build/turtlebot3_simulations
[0.575s] Level 1:colcon.colcon_core.environment:checking '/home/lennoxtr/turtlebot3_ws/src/install/turtlebot3_simulations' for CMake config files
[0.575s] Level 1:colcon.colcon_core.shell:create_environment_hook('turtlebot3_simulations', 'cmake_prefix_path')
[0.575s] INFO:colcon.colcon_core.shell:Creating environment hook '/home/lennoxtr/turtlebot3_ws/src/install/turtlebot3_simulations/share/turtlebot3_simulations/hook/cmake_prefix_path.ps1'
[0.576s] INFO:colcon.colcon_core.shell:Creating environment descriptor '/home/lennoxtr/turtlebot3_ws/src/install/turtlebot3_simulations/share/turtlebot3_simulations/hook/cmake_prefix_path.dsv'
[0.576s] INFO:colcon.colcon_core.shell:Creating environment hook '/home/lennoxtr/turtlebot3_ws/src/install/turtlebot3_simulations/share/turtlebot3_simulations/hook/cmake_prefix_path.sh'
[0.576s] Level 1:colcon.colcon_core.environment:checking '/home/lennoxtr/turtlebot3_ws/src/install/turtlebot3_simulations/bin'
[0.576s] Level 1:colcon.colcon_core.environment:checking '/home/lennoxtr/turtlebot3_ws/src/install/turtlebot3_simulations/lib/pkgconfig/turtlebot3_simulations.pc'
[0.577s] Level 1:colcon.colcon_core.environment:checking '/home/lennoxtr/turtlebot3_ws/src/install/turtlebot3_simulations/lib/python3.10/site-packages'
[0.577s] Level 1:colcon.colcon_core.environment:checking '/home/lennoxtr/turtlebot3_ws/src/install/turtlebot3_simulations/bin'
[0.577s] INFO:colcon.colcon_core.shell:Creating package script '/home/lennoxtr/turtlebot3_ws/src/install/turtlebot3_simulations/share/turtlebot3_simulations/package.ps1'
[0.577s] INFO:colcon.colcon_core.shell:Creating package descriptor '/home/lennoxtr/turtlebot3_ws/src/install/turtlebot3_simulations/share/turtlebot3_simulations/package.dsv'
[0.578s] INFO:colcon.colcon_core.shell:Creating package script '/home/lennoxtr/turtlebot3_ws/src/install/turtlebot3_simulations/share/turtlebot3_simulations/package.sh'
[0.578s] INFO:colcon.colcon_core.shell:Creating package script '/home/lennoxtr/turtlebot3_ws/src/install/turtlebot3_simulations/share/turtlebot3_simulations/package.bash'
[0.578s] INFO:colcon.colcon_core.shell:Creating package script '/home/lennoxtr/turtlebot3_ws/src/install/turtlebot3_simulations/share/turtlebot3_simulations/package.zsh'
[0.578s] Level 1:colcon.colcon_core.environment:create_file_with_runtime_dependencies(/home/lennoxtr/turtlebot3_ws/src/install/turtlebot3_simulations/share/colcon-core/packages/turtlebot3_simulations)
[0.595s] Level 1:colcon.colcon_core.environment:create_environment_scripts_only(turtlebot3_simulations)
[0.596s] Level 1:colcon.colcon_core.environment:checking '/home/lennoxtr/turtlebot3_ws/src/install/turtlebot3_simulations' for CMake module files
[0.597s] Level 1:colcon.colcon_core.environment:checking '/home/lennoxtr/turtlebot3_ws/src/install/turtlebot3_simulations' for CMake config files
[0.597s] Level 1:colcon.colcon_core.shell:create_environment_hook('turtlebot3_simulations', 'cmake_prefix_path')
[0.598s] INFO:colcon.colcon_core.shell:Creating environment hook '/home/lennoxtr/turtlebot3_ws/src/install/turtlebot3_simulations/share/turtlebot3_simulations/hook/cmake_prefix_path.ps1'
[0.598s] INFO:colcon.colcon_core.shell:Creating environment descriptor '/home/lennoxtr/turtlebot3_ws/src/install/turtlebot3_simulations/share/turtlebot3_simulations/hook/cmake_prefix_path.dsv'
[0.599s] INFO:colcon.colcon_core.shell:Creating environment hook '/home/lennoxtr/turtlebot3_ws/src/install/turtlebot3_simulations/share/turtlebot3_simulations/hook/cmake_prefix_path.sh'
[0.600s] Level 1:colcon.colcon_core.environment:checking '/home/lennoxtr/turtlebot3_ws/src/install/turtlebot3_simulations/bin'
[0.600s] Level 1:colcon.colcon_core.environment:checking '/home/lennoxtr/turtlebot3_ws/src/install/turtlebot3_simulations/lib/pkgconfig/turtlebot3_simulations.pc'
[0.600s] Level 1:colcon.colcon_core.environment:checking '/home/lennoxtr/turtlebot3_ws/src/install/turtlebot3_simulations/lib/python3.10/site-packages'
[0.600s] Level 1:colcon.colcon_core.environment:checking '/home/lennoxtr/turtlebot3_ws/src/install/turtlebot3_simulations/bin'
[0.601s] INFO:colcon.colcon_core.shell:Creating package script '/home/lennoxtr/turtlebot3_ws/src/install/turtlebot3_simulations/share/turtlebot3_simulations/package.ps1'
[0.601s] INFO:colcon.colcon_core.shell:Creating package descriptor '/home/lennoxtr/turtlebot3_ws/src/install/turtlebot3_simulations/share/turtlebot3_simulations/package.dsv'
[0.602s] INFO:colcon.colcon_core.shell:Creating package script '/home/lennoxtr/turtlebot3_ws/src/install/turtlebot3_simulations/share/turtlebot3_simulations/package.sh'
[0.603s] INFO:colcon.colcon_core.shell:Creating package script '/home/lennoxtr/turtlebot3_ws/src/install/turtlebot3_simulations/share/turtlebot3_simulations/package.bash'
[0.603s] INFO:colcon.colcon_core.shell:Creating package script '/home/lennoxtr/turtlebot3_ws/src/install/turtlebot3_simulations/share/turtlebot3_simulations/package.zsh'
[0.604s] Level 1:colcon.colcon_core.environment:create_file_with_runtime_dependencies(/home/lennoxtr/turtlebot3_ws/src/install/turtlebot3_simulations/share/colcon-core/packages/turtlebot3_simulations)
[0.633s] DEBUG:colcon.colcon_core.event_handler.log_command:Invoked command in '/home/lennoxtr/turtlebot3_ws/src/build/heading_msg' returned '0': CMAKE_PREFIX_PATH=${CMAKE_PREFIX_PATH}:/home/lennoxtr/turtlebot3_ws/src/install/robot_goal_pub:/home/lennoxtr/turtlebot3_ws/src/install/goal_input:/opt/ros/humble /usr/bin/cmake --build /home/lennoxtr/turtlebot3_ws/src/build/heading_msg -- -j12 -l12
[0.637s] DEBUG:colcon.colcon_core.event_handler.log_command:Invoked command in '/home/lennoxtr/turtlebot3_ws/src/build/velocity_msg' returned '0': CMAKE_PREFIX_PATH=${CMAKE_PREFIX_PATH}:/home/lennoxtr/turtlebot3_ws/src/install/robot_goal_pub:/home/lennoxtr/turtlebot3_ws/src/install/goal_input:/opt/ros/humble /usr/bin/cmake --build /home/lennoxtr/turtlebot3_ws/src/build/velocity_msg -- -j12 -l12
[0.638s] DEBUG:colcon.colcon_core.event_handler.log_command:Invoked command in '/home/lennoxtr/turtlebot3_ws/src/build/robot_goal' returned '0': CMAKE_PREFIX_PATH=${CMAKE_PREFIX_PATH}:/home/lennoxtr/turtlebot3_ws/src/install/robot_goal_pub:/home/lennoxtr/turtlebot3_ws/src/install/goal_input:/opt/ros/humble /usr/bin/cmake --build /home/lennoxtr/turtlebot3_ws/src/build/robot_goal -- -j12 -l12
[0.678s] DEBUG:colcon.colcon_core.event_handler.log_command:Invoking command in '/home/lennoxtr/turtlebot3_ws/src/build/heading_msg': CMAKE_PREFIX_PATH=${CMAKE_PREFIX_PATH}:/home/lennoxtr/turtlebot3_ws/src/install/robot_goal_pub:/home/lennoxtr/turtlebot3_ws/src/install/goal_input:/opt/ros/humble /usr/bin/cmake --install /home/lennoxtr/turtlebot3_ws/src/build/heading_msg
[0.681s] DEBUG:colcon.colcon_core.event_handler.log_command:Invoking command in '/home/lennoxtr/turtlebot3_ws/src/build/robot_goal': CMAKE_PREFIX_PATH=${CMAKE_PREFIX_PATH}:/home/lennoxtr/turtlebot3_ws/src/install/robot_goal_pub:/home/lennoxtr/turtlebot3_ws/src/install/goal_input:/opt/ros/humble /usr/bin/cmake --install /home/lennoxtr/turtlebot3_ws/src/build/robot_goal
[0.683s] DEBUG:colcon.colcon_core.event_handler.log_command:Invoking command in '/home/lennoxtr/turtlebot3_ws/src/build/velocity_msg': CMAKE_PREFIX_PATH=${CMAKE_PREFIX_PATH}:/home/lennoxtr/turtlebot3_ws/src/install/robot_goal_pub:/home/lennoxtr/turtlebot3_ws/src/install/goal_input:/opt/ros/humble /usr/bin/cmake --install /home/lennoxtr/turtlebot3_ws/src/build/velocity_msg
[0.724s] Level 1:colcon.colcon_core.environment:create_environment_scripts_only(heading_msg)
[0.724s] Level 1:colcon.colcon_core.environment:checking '/home/lennoxtr/turtlebot3_ws/src/install/heading_msg' for CMake module files
[0.726s] DEBUG:colcon.colcon_core.event_handler.log_command:Invoked command in '/home/lennoxtr/turtlebot3_ws/src/build/heading_msg' returned '0': CMAKE_PREFIX_PATH=${CMAKE_PREFIX_PATH}:/home/lennoxtr/turtlebot3_ws/src/install/robot_goal_pub:/home/lennoxtr/turtlebot3_ws/src/install/goal_input:/opt/ros/humble /usr/bin/cmake --install /home/lennoxtr/turtlebot3_ws/src/build/heading_msg
[0.726s] Level 1:colcon.colcon_core.environment:checking '/home/lennoxtr/turtlebot3_ws/src/install/heading_msg' for CMake config files
[0.726s] Level 1:colcon.colcon_core.shell:create_environment_hook('heading_msg', 'cmake_prefix_path')
[0.727s] INFO:colcon.colcon_core.shell:Creating environment hook '/home/lennoxtr/turtlebot3_ws/src/install/heading_msg/share/heading_msg/hook/cmake_prefix_path.ps1'
[0.727s] INFO:colcon.colcon_core.shell:Creating environment descriptor '/home/lennoxtr/turtlebot3_ws/src/install/heading_msg/share/heading_msg/hook/cmake_prefix_path.dsv'
[0.727s] INFO:colcon.colcon_core.shell:Creating environment hook '/home/lennoxtr/turtlebot3_ws/src/install/heading_msg/share/heading_msg/hook/cmake_prefix_path.sh'
[0.728s] Level 1:colcon.colcon_core.environment:checking '/home/lennoxtr/turtlebot3_ws/src/install/heading_msg/lib'
[0.728s] Level 1:colcon.colcon_core.shell:create_environment_hook('heading_msg', 'ld_library_path_lib')
[0.728s] INFO:colcon.colcon_core.shell:Creating environment hook '/home/lennoxtr/turtlebot3_ws/src/install/heading_msg/share/heading_msg/hook/ld_library_path_lib.ps1'
[0.728s] INFO:colcon.colcon_core.shell:Creating environment descriptor '/home/lennoxtr/turtlebot3_ws/src/install/heading_msg/share/heading_msg/hook/ld_library_path_lib.dsv'
[0.728s] INFO:colcon.colcon_core.shell:Creating environment hook '/home/lennoxtr/turtlebot3_ws/src/install/heading_msg/share/heading_msg/hook/ld_library_path_lib.sh'
[0.729s] Level 1:colcon.colcon_core.environment:checking '/home/lennoxtr/turtlebot3_ws/src/install/heading_msg/bin'
[0.729s] Level 1:colcon.colcon_core.environment:checking '/home/lennoxtr/turtlebot3_ws/src/install/heading_msg/lib/pkgconfig/heading_msg.pc'
[0.729s] Level 1:colcon.colcon_core.environment:checking '/home/lennoxtr/turtlebot3_ws/src/install/heading_msg/lib/python3.10/site-packages'
[0.729s] Level 1:colcon.colcon_core.environment:checking '/home/lennoxtr/turtlebot3_ws/src/install/heading_msg/bin'
[0.729s] INFO:colcon.colcon_core.shell:Creating package script '/home/lennoxtr/turtlebot3_ws/src/install/heading_msg/share/heading_msg/package.ps1'
[0.730s] INFO:colcon.colcon_core.shell:Creating package descriptor '/home/lennoxtr/turtlebot3_ws/src/install/heading_msg/share/heading_msg/package.dsv'
[0.733s] INFO:colcon.colcon_core.shell:Creating package script '/home/lennoxtr/turtlebot3_ws/src/install/heading_msg/share/heading_msg/package.sh'
[0.735s] INFO:colcon.colcon_core.shell:Creating package script '/home/lennoxtr/turtlebot3_ws/src/install/heading_msg/share/heading_msg/package.bash'
[0.735s] INFO:colcon.colcon_core.shell:Creating package script '/home/lennoxtr/turtlebot3_ws/src/install/heading_msg/share/heading_msg/package.zsh'
[0.735s] Level 1:colcon.colcon_core.environment:create_file_with_runtime_dependencies(/home/lennoxtr/turtlebot3_ws/src/install/heading_msg/share/colcon-core/packages/heading_msg)
[0.737s] Level 1:colcon.colcon_core.environment:create_environment_scripts_only(velocity_msg)
[0.737s] Level 1:colcon.colcon_core.environment:checking '/home/lennoxtr/turtlebot3_ws/src/install/velocity_msg' for CMake module files
[0.738s] DEBUG:colcon.colcon_core.event_handler.log_command:Invoked command in '/home/lennoxtr/turtlebot3_ws/src/build/velocity_msg' returned '0': CMAKE_PREFIX_PATH=${CMAKE_PREFIX_PATH}:/home/lennoxtr/turtlebot3_ws/src/install/robot_goal_pub:/home/lennoxtr/turtlebot3_ws/src/install/goal_input:/opt/ros/humble /usr/bin/cmake --install /home/lennoxtr/turtlebot3_ws/src/build/velocity_msg
[0.738s] Level 1:colcon.colcon_core.environment:checking '/home/lennoxtr/turtlebot3_ws/src/install/velocity_msg' for CMake config files
[0.738s] Level 1:colcon.colcon_core.shell:create_environment_hook('velocity_msg', 'cmake_prefix_path')
[0.739s] INFO:colcon.colcon_core.shell:Creating environment hook '/home/lennoxtr/turtlebot3_ws/src/install/velocity_msg/share/velocity_msg/hook/cmake_prefix_path.ps1'
[0.739s] INFO:colcon.colcon_core.shell:Creating environment descriptor '/home/lennoxtr/turtlebot3_ws/src/install/velocity_msg/share/velocity_msg/hook/cmake_prefix_path.dsv'
[0.739s] INFO:colcon.colcon_core.shell:Creating environment hook '/home/lennoxtr/turtlebot3_ws/src/install/velocity_msg/share/velocity_msg/hook/cmake_prefix_path.sh'
[0.740s] Level 1:colcon.colcon_core.environment:checking '/home/lennoxtr/turtlebot3_ws/src/install/velocity_msg/lib'
[0.740s] Level 1:colcon.colcon_core.shell:create_environment_hook('velocity_msg', 'ld_library_path_lib')
[0.740s] INFO:colcon.colcon_core.shell:Creating environment hook '/home/lennoxtr/turtlebot3_ws/src/install/velocity_msg/share/velocity_msg/hook/ld_library_path_lib.ps1'
[0.741s] INFO:colcon.colcon_core.shell:Creating environment descriptor '/home/lennoxtr/turtlebot3_ws/src/install/velocity_msg/share/velocity_msg/hook/ld_library_path_lib.dsv'
[0.741s] INFO:colcon.colcon_core.shell:Creating environment hook '/home/lennoxtr/turtlebot3_ws/src/install/velocity_msg/share/velocity_msg/hook/ld_library_path_lib.sh'
[0.741s] Level 1:colcon.colcon_core.environment:checking '/home/lennoxtr/turtlebot3_ws/src/install/velocity_msg/bin'
[0.741s] Level 1:colcon.colcon_core.environment:checking '/home/lennoxtr/turtlebot3_ws/src/install/velocity_msg/lib/pkgconfig/velocity_msg.pc'
[0.742s] Level 1:colcon.colcon_core.environment:checking '/home/lennoxtr/turtlebot3_ws/src/install/velocity_msg/lib/python3.10/site-packages'
[0.742s] Level 1:colcon.colcon_core.environment:checking '/home/lennoxtr/turtlebot3_ws/src/install/velocity_msg/bin'
[0.742s] INFO:colcon.colcon_core.shell:Creating package script '/home/lennoxtr/turtlebot3_ws/src/install/velocity_msg/share/velocity_msg/package.ps1'
[0.743s] INFO:colcon.colcon_core.shell:Creating package descriptor '/home/lennoxtr/turtlebot3_ws/src/install/velocity_msg/share/velocity_msg/package.dsv'
[0.743s] INFO:colcon.colcon_core.shell:Creating package script '/home/lennoxtr/turtlebot3_ws/src/install/velocity_msg/share/velocity_msg/package.sh'
[0.743s] INFO:colcon.colcon_core.shell:Creating package script '/home/lennoxtr/turtlebot3_ws/src/install/velocity_msg/share/velocity_msg/package.bash'
[0.744s] INFO:colcon.colcon_core.shell:Creating package script '/home/lennoxtr/turtlebot3_ws/src/install/velocity_msg/share/velocity_msg/package.zsh'
[0.744s] Level 1:colcon.colcon_core.environment:create_file_with_runtime_dependencies(/home/lennoxtr/turtlebot3_ws/src/install/velocity_msg/share/colcon-core/packages/velocity_msg)
[0.745s] Level 1:colcon.colcon_core.environment:create_environment_scripts_only(robot_goal)
[0.745s] Level 1:colcon.colcon_core.environment:checking '/home/lennoxtr/turtlebot3_ws/src/install/robot_goal' for CMake module files
[0.746s] DEBUG:colcon.colcon_core.event_handler.log_command:Invoked command in '/home/lennoxtr/turtlebot3_ws/src/build/robot_goal' returned '0': CMAKE_PREFIX_PATH=${CMAKE_PREFIX_PATH}:/home/lennoxtr/turtlebot3_ws/src/install/robot_goal_pub:/home/lennoxtr/turtlebot3_ws/src/install/goal_input:/opt/ros/humble /usr/bin/cmake --install /home/lennoxtr/turtlebot3_ws/src/build/robot_goal
[0.746s] Level 1:colcon.colcon_core.environment:checking '/home/lennoxtr/turtlebot3_ws/src/install/robot_goal' for CMake config files
[0.747s] Level 1:colcon.colcon_core.shell:create_environment_hook('robot_goal', 'cmake_prefix_path')
[0.747s] INFO:colcon.colcon_core.shell:Creating environment hook '/home/lennoxtr/turtlebot3_ws/src/install/robot_goal/share/robot_goal/hook/cmake_prefix_path.ps1'
[0.747s] INFO:colcon.colcon_core.shell:Creating environment descriptor '/home/lennoxtr/turtlebot3_ws/src/install/robot_goal/share/robot_goal/hook/cmake_prefix_path.dsv'
[0.748s] INFO:colcon.colcon_core.shell:Creating environment hook '/home/lennoxtr/turtlebot3_ws/src/install/robot_goal/share/robot_goal/hook/cmake_prefix_path.sh'
[0.748s] Level 1:colcon.colcon_core.environment:checking '/home/lennoxtr/turtlebot3_ws/src/install/robot_goal/lib'
[0.748s] Level 1:colcon.colcon_core.shell:create_environment_hook('robot_goal', 'ld_library_path_lib')
[0.749s] INFO:colcon.colcon_core.shell:Creating environment hook '/home/lennoxtr/turtlebot3_ws/src/install/robot_goal/share/robot_goal/hook/ld_library_path_lib.ps1'
[0.749s] INFO:colcon.colcon_core.shell:Creating environment descriptor '/home/lennoxtr/turtlebot3_ws/src/install/robot_goal/share/robot_goal/hook/ld_library_path_lib.dsv'
[0.750s] INFO:colcon.colcon_core.shell:Creating environment hook '/home/lennoxtr/turtlebot3_ws/src/install/robot_goal/share/robot_goal/hook/ld_library_path_lib.sh'
[0.750s] Level 1:colcon.colcon_core.environment:checking '/home/lennoxtr/turtlebot3_ws/src/install/robot_goal/bin'
[0.750s] Level 1:colcon.colcon_core.environment:checking '/home/lennoxtr/turtlebot3_ws/src/install/robot_goal/lib/pkgconfig/robot_goal.pc'
[0.750s] Level 1:colcon.colcon_core.environment:checking '/home/lennoxtr/turtlebot3_ws/src/install/robot_goal/lib/python3.10/site-packages'
[0.751s] Level 1:colcon.colcon_core.environment:checking '/home/lennoxtr/turtlebot3_ws/src/install/robot_goal/bin'
[0.751s] INFO:colcon.colcon_core.shell:Creating package script '/home/lennoxtr/turtlebot3_ws/src/install/robot_goal/share/robot_goal/package.ps1'
[0.751s] INFO:colcon.colcon_core.shell:Creating package descriptor '/home/lennoxtr/turtlebot3_ws/src/install/robot_goal/share/robot_goal/package.dsv'
[0.752s] INFO:colcon.colcon_core.shell:Creating package script '/home/lennoxtr/turtlebot3_ws/src/install/robot_goal/share/robot_goal/package.sh'
[0.752s] INFO:colcon.colcon_core.shell:Creating package script '/home/lennoxtr/turtlebot3_ws/src/install/robot_goal/share/robot_goal/package.bash'
[0.752s] INFO:colcon.colcon_core.shell:Creating package script '/home/lennoxtr/turtlebot3_ws/src/install/robot_goal/share/robot_goal/package.zsh'
[0.753s] Level 1:colcon.colcon_core.environment:create_file_with_runtime_dependencies(/home/lennoxtr/turtlebot3_ws/src/install/robot_goal/share/colcon-core/packages/robot_goal)
[0.779s] Level 1:colcon.colcon_core.environment:create_environment_scripts_only(heading_msg)
[0.780s] Level 1:colcon.colcon_core.environment:checking '/home/lennoxtr/turtlebot3_ws/src/install/heading_msg' for CMake module files
[0.780s] Level 1:colcon.colcon_core.environment:checking '/home/lennoxtr/turtlebot3_ws/src/install/heading_msg' for CMake config files
[0.780s] Level 1:colcon.colcon_core.shell:create_environment_hook('heading_msg', 'cmake_prefix_path')
[0.781s] INFO:colcon.colcon_core.shell:Creating environment hook '/home/lennoxtr/turtlebot3_ws/src/install/heading_msg/share/heading_msg/hook/cmake_prefix_path.ps1'
[0.781s] INFO:colcon.colcon_core.shell:Creating environment descriptor '/home/lennoxtr/turtlebot3_ws/src/install/heading_msg/share/heading_msg/hook/cmake_prefix_path.dsv'
[0.781s] INFO:colcon.colcon_core.shell:Creating environment hook '/home/lennoxtr/turtlebot3_ws/src/install/heading_msg/share/heading_msg/hook/cmake_prefix_path.sh'
[0.782s] Level 1:colcon.colcon_core.environment:checking '/home/lennoxtr/turtlebot3_ws/src/install/heading_msg/lib'
[0.782s] Level 1:colcon.colcon_core.shell:create_environment_hook('heading_msg', 'ld_library_path_lib')
[0.782s] INFO:colcon.colcon_core.shell:Creating environment hook '/home/lennoxtr/turtlebot3_ws/src/install/heading_msg/share/heading_msg/hook/ld_library_path_lib.ps1'
[0.782s] INFO:colcon.colcon_core.shell:Creating environment descriptor '/home/lennoxtr/turtlebot3_ws/src/install/heading_msg/share/heading_msg/hook/ld_library_path_lib.dsv'
[0.783s] INFO:colcon.colcon_core.shell:Creating environment hook '/home/lennoxtr/turtlebot3_ws/src/install/heading_msg/share/heading_msg/hook/ld_library_path_lib.sh'
[0.783s] Level 1:colcon.colcon_core.environment:checking '/home/lennoxtr/turtlebot3_ws/src/install/heading_msg/bin'
[0.783s] Level 1:colcon.colcon_core.environment:checking '/home/lennoxtr/turtlebot3_ws/src/install/heading_msg/lib/pkgconfig/heading_msg.pc'
[0.783s] Level 1:colcon.colcon_core.environment:checking '/home/lennoxtr/turtlebot3_ws/src/install/heading_msg/lib/python3.10/site-packages'
[0.783s] Level 1:colcon.colcon_core.environment:checking '/home/lennoxtr/turtlebot3_ws/src/install/heading_msg/bin'
[0.784s] INFO:colcon.colcon_core.shell:Creating package script '/home/lennoxtr/turtlebot3_ws/src/install/heading_msg/share/heading_msg/package.ps1'
[0.784s] INFO:colcon.colcon_core.shell:Creating package descriptor '/home/lennoxtr/turtlebot3_ws/src/install/heading_msg/share/heading_msg/package.dsv'
[0.784s] INFO:colcon.colcon_core.shell:Creating package script '/home/lennoxtr/turtlebot3_ws/src/install/heading_msg/share/heading_msg/package.sh'
[0.785s] INFO:colcon.colcon_core.shell:Creating package script '/home/lennoxtr/turtlebot3_ws/src/install/heading_msg/share/heading_msg/package.bash'
[0.785s] INFO:colcon.colcon_core.shell:Creating package script '/home/lennoxtr/turtlebot3_ws/src/install/heading_msg/share/heading_msg/package.zsh'
[0.785s] Level 1:colcon.colcon_core.environment:create_file_with_runtime_dependencies(/home/lennoxtr/turtlebot3_ws/src/install/heading_msg/share/colcon-core/packages/heading_msg)
[0.789s] Level 1:colcon.colcon_core.environment:create_environment_scripts_only(velocity_msg)
[0.790s] Level 1:colcon.colcon_core.environment:checking '/home/lennoxtr/turtlebot3_ws/src/install/velocity_msg' for CMake module files
[0.790s] Level 1:colcon.colcon_core.environment:checking '/home/lennoxtr/turtlebot3_ws/src/install/velocity_msg' for CMake config files
[0.790s] Level 1:colcon.colcon_core.shell:create_environment_hook('velocity_msg', 'cmake_prefix_path')
[0.790s] INFO:colcon.colcon_core.shell:Creating environment hook '/home/lennoxtr/turtlebot3_ws/src/install/velocity_msg/share/velocity_msg/hook/cmake_prefix_path.ps1'
[0.791s] INFO:colcon.colcon_core.shell:Creating environment descriptor '/home/lennoxtr/turtlebot3_ws/src/install/velocity_msg/share/velocity_msg/hook/cmake_prefix_path.dsv'
[0.791s] INFO:colcon.colcon_core.shell:Creating environment hook '/home/lennoxtr/turtlebot3_ws/src/install/velocity_msg/share/velocity_msg/hook/cmake_prefix_path.sh'
[0.792s] Level 1:colcon.colcon_core.environment:checking '/home/lennoxtr/turtlebot3_ws/src/install/velocity_msg/lib'
[0.792s] Level 1:colcon.colcon_core.shell:create_environment_hook('velocity_msg', 'ld_library_path_lib')
[0.792s] INFO:colcon.colcon_core.shell:Creating environment hook '/home/lennoxtr/turtlebot3_ws/src/install/velocity_msg/share/velocity_msg/hook/ld_library_path_lib.ps1'
[0.792s] INFO:colcon.colcon_core.shell:Creating environment descriptor '/home/lennoxtr/turtlebot3_ws/src/install/velocity_msg/share/velocity_msg/hook/ld_library_path_lib.dsv'
[0.792s] INFO:colcon.colcon_core.shell:Creating environment hook '/home/lennoxtr/turtlebot3_ws/src/install/velocity_msg/share/velocity_msg/hook/ld_library_path_lib.sh'
[0.792s] Level 1:colcon.colcon_core.environment:checking '/home/lennoxtr/turtlebot3_ws/src/install/velocity_msg/bin'
[0.792s] Level 1:colcon.colcon_core.environment:checking '/home/lennoxtr/turtlebot3_ws/src/install/velocity_msg/lib/pkgconfig/velocity_msg.pc'
[0.793s] Level 1:colcon.colcon_core.environment:checking '/home/lennoxtr/turtlebot3_ws/src/install/velocity_msg/lib/python3.10/site-packages'
[0.793s] Level 1:colcon.colcon_core.environment:checking '/home/lennoxtr/turtlebot3_ws/src/install/velocity_msg/bin'
[0.793s] INFO:colcon.colcon_core.shell:Creating package script '/home/lennoxtr/turtlebot3_ws/src/install/velocity_msg/share/velocity_msg/package.ps1'
[0.793s] INFO:colcon.colcon_core.shell:Creating package descriptor '/home/lennoxtr/turtlebot3_ws/src/install/velocity_msg/share/velocity_msg/package.dsv'
[0.794s] INFO:colcon.colcon_core.shell:Creating package script '/home/lennoxtr/turtlebot3_ws/src/install/velocity_msg/share/velocity_msg/package.sh'
[0.794s] INFO:colcon.colcon_core.shell:Creating package script '/home/lennoxtr/turtlebot3_ws/src/install/velocity_msg/share/velocity_msg/package.bash'
[0.795s] INFO:colcon.colcon_core.shell:Creating package script '/home/lennoxtr/turtlebot3_ws/src/install/velocity_msg/share/velocity_msg/package.zsh'
[0.795s] Level 1:colcon.colcon_core.environment:create_file_with_runtime_dependencies(/home/lennoxtr/turtlebot3_ws/src/install/velocity_msg/share/colcon-core/packages/velocity_msg)
[0.796s] INFO:colcon.colcon_ros.task.ament_python.build:Building ROS package in '/home/lennoxtr/turtlebot3_ws/src/robot_goal_pub' with build type 'ament_python'
[0.796s] Level 1:colcon.colcon_core.shell:create_environment_hook('robot_goal_pub', 'ament_prefix_path')
[0.796s] INFO:colcon.colcon_core.shell:Creating environment hook '/home/lennoxtr/turtlebot3_ws/src/install/robot_goal_pub/share/robot_goal_pub/hook/ament_prefix_path.ps1'
[0.797s] INFO:colcon.colcon_core.shell:Creating environment descriptor '/home/lennoxtr/turtlebot3_ws/src/install/robot_goal_pub/share/robot_goal_pub/hook/ament_prefix_path.dsv'
[0.797s] INFO:colcon.colcon_core.shell:Creating environment hook '/home/lennoxtr/turtlebot3_ws/src/install/robot_goal_pub/share/robot_goal_pub/hook/ament_prefix_path.sh'
[0.798s] INFO:colcon.colcon_core.shell:Skip shell extension 'powershell' for command environment: Not usable outside of PowerShell
[0.798s] DEBUG:colcon.colcon_core.shell:Skip shell extension 'dsv' for command environment
[0.801s] Level 1:colcon.colcon_core.environment:create_environment_scripts_only(robot_goal)
[0.801s] Level 1:colcon.colcon_core.environment:checking '/home/lennoxtr/turtlebot3_ws/src/install/robot_goal' for CMake module files
[0.801s] Level 1:colcon.colcon_core.environment:checking '/home/lennoxtr/turtlebot3_ws/src/install/robot_goal' for CMake config files
[0.802s] Level 1:colcon.colcon_core.shell:create_environment_hook('robot_goal', 'cmake_prefix_path')
[0.802s] INFO:colcon.colcon_core.shell:Creating environment hook '/home/lennoxtr/turtlebot3_ws/src/install/robot_goal/share/robot_goal/hook/cmake_prefix_path.ps1'
[0.802s] INFO:colcon.colcon_core.shell:Creating environment descriptor '/home/lennoxtr/turtlebot3_ws/src/install/robot_goal/share/robot_goal/hook/cmake_prefix_path.dsv'
[0.802s] INFO:colcon.colcon_core.shell:Creating environment hook '/home/lennoxtr/turtlebot3_ws/src/install/robot_goal/share/robot_goal/hook/cmake_prefix_path.sh'
[0.803s] Level 1:colcon.colcon_core.environment:checking '/home/lennoxtr/turtlebot3_ws/src/install/robot_goal/lib'
[0.803s] Level 1:colcon.colcon_core.shell:create_environment_hook('robot_goal', 'ld_library_path_lib')
[0.803s] INFO:colcon.colcon_core.shell:Creating environment hook '/home/lennoxtr/turtlebot3_ws/src/install/robot_goal/share/robot_goal/hook/ld_library_path_lib.ps1'
[0.803s] INFO:colcon.colcon_core.shell:Creating environment descriptor '/home/lennoxtr/turtlebot3_ws/src/install/robot_goal/share/robot_goal/hook/ld_library_path_lib.dsv'
[0.803s] INFO:colcon.colcon_core.shell:Creating environment hook '/home/lennoxtr/turtlebot3_ws/src/install/robot_goal/share/robot_goal/hook/ld_library_path_lib.sh'
[0.804s] Level 1:colcon.colcon_core.environment:checking '/home/lennoxtr/turtlebot3_ws/src/install/robot_goal/bin'
[0.804s] Level 1:colcon.colcon_core.environment:checking '/home/lennoxtr/turtlebot3_ws/src/install/robot_goal/lib/pkgconfig/robot_goal.pc'
[0.804s] Level 1:colcon.colcon_core.environment:checking '/home/lennoxtr/turtlebot3_ws/src/install/robot_goal/lib/python3.10/site-packages'
[0.804s] Level 1:colcon.colcon_core.environment:checking '/home/lennoxtr/turtlebot3_ws/src/install/robot_goal/bin'
[0.804s] INFO:colcon.colcon_core.shell:Creating package script '/home/lennoxtr/turtlebot3_ws/src/install/robot_goal/share/robot_goal/package.ps1'
[0.805s] INFO:colcon.colcon_core.shell:Creating package descriptor '/home/lennoxtr/turtlebot3_ws/src/install/robot_goal/share/robot_goal/package.dsv'
[0.805s] INFO:colcon.colcon_core.shell:Creating package script '/home/lennoxtr/turtlebot3_ws/src/install/robot_goal/share/robot_goal/package.sh'
[0.805s] INFO:colcon.colcon_core.shell:Creating package script '/home/lennoxtr/turtlebot3_ws/src/install/robot_goal/share/robot_goal/package.bash'
[0.806s] INFO:colcon.colcon_core.shell:Creating package script '/home/lennoxtr/turtlebot3_ws/src/install/robot_goal/share/robot_goal/package.zsh'
[0.806s] Level 1:colcon.colcon_core.environment:create_file_with_runtime_dependencies(/home/lennoxtr/turtlebot3_ws/src/install/robot_goal/share/colcon-core/packages/robot_goal)
[0.806s] INFO:colcon.colcon_ros.task.ament_python.build:Building ROS package in '/home/lennoxtr/turtlebot3_ws/src/goal_input' with build type 'ament_python'
[0.807s] Level 1:colcon.colcon_core.shell:create_environment_hook('goal_input', 'ament_prefix_path')
[0.807s] INFO:colcon.colcon_core.shell:Creating environment hook '/home/lennoxtr/turtlebot3_ws/src/install/goal_input/share/goal_input/hook/ament_prefix_path.ps1'
[0.807s] INFO:colcon.colcon_core.shell:Creating environment descriptor '/home/lennoxtr/turtlebot3_ws/src/install/goal_input/share/goal_input/hook/ament_prefix_path.dsv'
[0.807s] INFO:colcon.colcon_core.shell:Creating environment hook '/home/lennoxtr/turtlebot3_ws/src/install/goal_input/share/goal_input/hook/ament_prefix_path.sh'
[0.808s] INFO:colcon.colcon_core.shell:Skip shell extension 'powershell' for command environment: Not usable outside of PowerShell
[0.808s] DEBUG:colcon.colcon_core.shell:Skip shell extension 'dsv' for command environment
[0.984s] INFO:colcon.colcon_core.task.python.build:Building Python package in '/home/lennoxtr/turtlebot3_ws/src/robot_goal_pub'
[0.984s] INFO:colcon.colcon_core.shell:Skip shell extension 'powershell' for command environment: Not usable outside of PowerShell
[0.984s] DEBUG:colcon.colcon_core.shell:Skip shell extension 'dsv' for command environment
[1.167s] INFO:colcon.colcon_core.task.python.build:Building Python package in '/home/lennoxtr/turtlebot3_ws/src/goal_input'
[1.167s] INFO:colcon.colcon_core.shell:Skip shell extension 'powershell' for command environment: Not usable outside of PowerShell
[1.167s] DEBUG:colcon.colcon_core.shell:Skip shell extension 'dsv' for command environment
[1.419s] DEBUG:colcon.colcon_core.event_handler.log_command:Invoking command in '/home/lennoxtr/turtlebot3_ws/src/robot_goal_pub': CMAKE_PREFIX_PATH=/home/lennoxtr/turtlebot3_ws/src/install/velocity_msg:/home/lennoxtr/turtlebot3_ws/src/install/heading_msg:/home/lennoxtr/turtlebot3_ws/src/install/turtlebot3_simulations:/home/lennoxtr/turtlebot3_ws/src/install/turtlebot3_gazebo:/home/lennoxtr/turtlebot3_ws/src/install/turtlebot3_fake_node:/home/lennoxtr/turtlebot3_ws/src/install/robot_goal LD_LIBRARY_PATH=/home/lennoxtr/turtlebot3_ws/src/install/velocity_msg/lib:/home/lennoxtr/turtlebot3_ws/src/install/heading_msg/lib:/home/lennoxtr/turtlebot3_ws/src/install/robot_goal/lib:/usr/lib/x86_64-linux-gnu/gazebo-11/plugins:/opt/ros/humble/opt/rviz_ogre_vendor/lib:/opt/ros/humble/lib/x86_64-linux-gnu:/opt/ros/humble/lib:/usr/lib/x86_64-linux-gnu/gazebo-11/plugins:/usr/lib/x86_64-linux-gnu/gazebo-11/plugins:/usr/lib/x86_64-linux-gnu/gazebo-11/plugins:/usr/lib/x86_64-linux-gnu/gazebo-11/plugins:/usr/lib/x86_64-linux-gnu/gazebo-11/plugins:/usr/lib/x86_64-linux-gnu/gazebo-11/plugins:/usr/lib/x86_64-linux-gnu/gazebo-11/plugins:/usr/lib/x86_64-linux-gnu/gazebo-11/plugins:/usr/lib/x86_64-linux-gnu/gazebo-11/plugins:/usr/lib/x86_64-linux-gnu/gazebo-11/plugins:/usr/lib/x86_64-linux-gnu/gazebo-11/plugins:/usr/lib/x86_64-linux-gnu/gazebo-11/plugins:/usr/lib/x86_64-linux-gnu/gazebo-11/plugins:/usr/lib/x86_64-linux-gnu/gazebo-11/plugins:/usr/lib/x86_64-linux-gnu/gazebo-11/plugins PYTHONPATH=/home/lennoxtr/turtlebot3_ws/src/build/robot_goal_pub/prefix_override:/usr/lib/python3/dist-packages/colcon_core/task/python/colcon_distutils_commands:/home/lennoxtr/turtlebot3_ws/src/install/robot_goal_pub/lib/python3.10/site-packages:${PYTHONPATH} /usr/bin/python3 -W ignore:setup.py install is deprecated setup.py egg_info --egg-base ../build/robot_goal_pub build --build-base /home/lennoxtr/turtlebot3_ws/src/build/robot_goal_pub/build install --record /home/lennoxtr/turtlebot3_ws/src/build/robot_goal_pub/install.log --single-version-externally-managed install_data
[1.420s] DEBUG:colcon.colcon_core.event_handler.log_command:Invoking command in '/home/lennoxtr/turtlebot3_ws/src/goal_input': CMAKE_PREFIX_PATH=/home/lennoxtr/turtlebot3_ws/src/install/robot_goal:/home/lennoxtr/turtlebot3_ws/src/install/velocity_msg:/home/lennoxtr/turtlebot3_ws/src/install/turtlebot3_simulations:/home/lennoxtr/turtlebot3_ws/src/install/turtlebot3_gazebo:/home/lennoxtr/turtlebot3_ws/src/install/turtlebot3_fake_node:/home/lennoxtr/turtlebot3_ws/src/install/heading_msg LD_LIBRARY_PATH=/home/lennoxtr/turtlebot3_ws/src/install/robot_goal/lib:/home/lennoxtr/turtlebot3_ws/src/install/velocity_msg/lib:/home/lennoxtr/turtlebot3_ws/src/install/heading_msg/lib:/usr/lib/x86_64-linux-gnu/gazebo-11/plugins:/opt/ros/humble/opt/rviz_ogre_vendor/lib:/opt/ros/humble/lib/x86_64-linux-gnu:/opt/ros/humble/lib:/usr/lib/x86_64-linux-gnu/gazebo-11/plugins:/usr/lib/x86_64-linux-gnu/gazebo-11/plugins:/usr/lib/x86_64-linux-gnu/gazebo-11/plugins:/usr/lib/x86_64-linux-gnu/gazebo-11/plugins:/usr/lib/x86_64-linux-gnu/gazebo-11/plugins:/usr/lib/x86_64-linux-gnu/gazebo-11/plugins:/usr/lib/x86_64-linux-gnu/gazebo-11/plugins:/usr/lib/x86_64-linux-gnu/gazebo-11/plugins:/usr/lib/x86_64-linux-gnu/gazebo-11/plugins:/usr/lib/x86_64-linux-gnu/gazebo-11/plugins:/usr/lib/x86_64-linux-gnu/gazebo-11/plugins:/usr/lib/x86_64-linux-gnu/gazebo-11/plugins:/usr/lib/x86_64-linux-gnu/gazebo-11/plugins:/usr/lib/x86_64-linux-gnu/gazebo-11/plugins:/usr/lib/x86_64-linux-gnu/gazebo-11/plugins PYTHONPATH=/home/lennoxtr/turtlebot3_ws/src/build/goal_input/prefix_override:/usr/lib/python3/dist-packages/colcon_core/task/python/colcon_distutils_commands:/home/lennoxtr/turtlebot3_ws/src/install/goal_input/lib/python3.10/site-packages:${PYTHONPATH} /usr/bin/python3 -W ignore:setup.py install is deprecated setup.py egg_info --egg-base ../build/goal_input build --build-base /home/lennoxtr/turtlebot3_ws/src/build/goal_input/build install --record /home/lennoxtr/turtlebot3_ws/src/build/goal_input/install.log --single-version-externally-managed install_data
[1.625s] Level 1:colcon.colcon_core.environment:checking '/home/lennoxtr/turtlebot3_ws/src/install/goal_input' for CMake module files
[1.625s] DEBUG:colcon.colcon_core.event_handler.log_command:Invoked command in '/home/lennoxtr/turtlebot3_ws/src/goal_input' returned '0': CMAKE_PREFIX_PATH=/home/lennoxtr/turtlebot3_ws/src/install/robot_goal:/home/lennoxtr/turtlebot3_ws/src/install/velocity_msg:/home/lennoxtr/turtlebot3_ws/src/install/turtlebot3_simulations:/home/lennoxtr/turtlebot3_ws/src/install/turtlebot3_gazebo:/home/lennoxtr/turtlebot3_ws/src/install/turtlebot3_fake_node:/home/lennoxtr/turtlebot3_ws/src/install/heading_msg LD_LIBRARY_PATH=/home/lennoxtr/turtlebot3_ws/src/install/robot_goal/lib:/home/lennoxtr/turtlebot3_ws/src/install/velocity_msg/lib:/home/lennoxtr/turtlebot3_ws/src/install/heading_msg/lib:/usr/lib/x86_64-linux-gnu/gazebo-11/plugins:/opt/ros/humble/opt/rviz_ogre_vendor/lib:/opt/ros/humble/lib/x86_64-linux-gnu:/opt/ros/humble/lib:/usr/lib/x86_64-linux-gnu/gazebo-11/plugins:/usr/lib/x86_64-linux-gnu/gazebo-11/plugins:/usr/lib/x86_64-linux-gnu/gazebo-11/plugins:/usr/lib/x86_64-linux-gnu/gazebo-11/plugins:/usr/lib/x86_64-linux-gnu/gazebo-11/plugins:/usr/lib/x86_64-linux-gnu/gazebo-11/plugins:/usr/lib/x86_64-linux-gnu/gazebo-11/plugins:/usr/lib/x86_64-linux-gnu/gazebo-11/plugins:/usr/lib/x86_64-linux-gnu/gazebo-11/plugins:/usr/lib/x86_64-linux-gnu/gazebo-11/plugins:/usr/lib/x86_64-linux-gnu/gazebo-11/plugins:/usr/lib/x86_64-linux-gnu/gazebo-11/plugins:/usr/lib/x86_64-linux-gnu/gazebo-11/plugins:/usr/lib/x86_64-linux-gnu/gazebo-11/plugins:/usr/lib/x86_64-linux-gnu/gazebo-11/plugins PYTHONPATH=/home/lennoxtr/turtlebot3_ws/src/build/goal_input/prefix_override:/usr/lib/python3/dist-packages/colcon_core/task/python/colcon_distutils_commands:/home/lennoxtr/turtlebot3_ws/src/install/goal_input/lib/python3.10/site-packages:${PYTHONPATH} /usr/bin/python3 -W ignore:setup.py install is deprecated setup.py egg_info --egg-base ../build/goal_input build --build-base /home/lennoxtr/turtlebot3_ws/src/build/goal_input/build install --record /home/lennoxtr/turtlebot3_ws/src/build/goal_input/install.log --single-version-externally-managed install_data
[1.626s] Level 1:colcon.colcon_core.environment:checking '/home/lennoxtr/turtlebot3_ws/src/install/goal_input' for CMake config files
[1.626s] Level 1:colcon.colcon_core.environment:checking '/home/lennoxtr/turtlebot3_ws/src/install/goal_input/lib'
[1.626s] Level 1:colcon.colcon_core.environment:checking '/home/lennoxtr/turtlebot3_ws/src/install/goal_input/bin'
[1.626s] Level 1:colcon.colcon_core.environment:checking '/home/lennoxtr/turtlebot3_ws/src/install/goal_input/lib/pkgconfig/goal_input.pc'
[1.627s] Level 1:colcon.colcon_core.environment:checking '/home/lennoxtr/turtlebot3_ws/src/install/goal_input/lib/python3.10/site-packages'
[1.627s] Level 1:colcon.colcon_core.shell:create_environment_hook('goal_input', 'pythonpath')
[1.627s] INFO:colcon.colcon_core.shell:Creating environment hook '/home/lennoxtr/turtlebot3_ws/src/install/goal_input/share/goal_input/hook/pythonpath.ps1'
[1.627s] INFO:colcon.colcon_core.shell:Creating environment descriptor '/home/lennoxtr/turtlebot3_ws/src/install/goal_input/share/goal_input/hook/pythonpath.dsv'
[1.628s] INFO:colcon.colcon_core.shell:Creating environment hook '/home/lennoxtr/turtlebot3_ws/src/install/goal_input/share/goal_input/hook/pythonpath.sh'
[1.628s] Level 1:colcon.colcon_core.environment:checking '/home/lennoxtr/turtlebot3_ws/src/install/goal_input/bin'
[1.628s] Level 1:colcon.colcon_core.environment:create_environment_scripts_only(goal_input)
[1.629s] INFO:colcon.colcon_core.shell:Creating package script '/home/lennoxtr/turtlebot3_ws/src/install/goal_input/share/goal_input/package.ps1'
[1.629s] INFO:colcon.colcon_core.shell:Creating package descriptor '/home/lennoxtr/turtlebot3_ws/src/install/goal_input/share/goal_input/package.dsv'
[1.629s] INFO:colcon.colcon_core.shell:Creating package script '/home/lennoxtr/turtlebot3_ws/src/install/goal_input/share/goal_input/package.sh'
[1.630s] INFO:colcon.colcon_core.shell:Creating package script '/home/lennoxtr/turtlebot3_ws/src/install/goal_input/share/goal_input/package.bash'
[1.630s] INFO:colcon.colcon_core.shell:Creating package script '/home/lennoxtr/turtlebot3_ws/src/install/goal_input/share/goal_input/package.zsh'
[1.630s] Level 1:colcon.colcon_core.environment:create_file_with_runtime_dependencies(/home/lennoxtr/turtlebot3_ws/src/install/goal_input/share/colcon-core/packages/goal_input)
[1.633s] Level 1:colcon.colcon_core.environment:checking '/home/lennoxtr/turtlebot3_ws/src/install/robot_goal_pub' for CMake module files
[1.634s] DEBUG:colcon.colcon_core.event_handler.log_command:Invoked command in '/home/lennoxtr/turtlebot3_ws/src/robot_goal_pub' returned '0': CMAKE_PREFIX_PATH=/home/lennoxtr/turtlebot3_ws/src/install/velocity_msg:/home/lennoxtr/turtlebot3_ws/src/install/heading_msg:/home/lennoxtr/turtlebot3_ws/src/install/turtlebot3_simulations:/home/lennoxtr/turtlebot3_ws/src/install/turtlebot3_gazebo:/home/lennoxtr/turtlebot3_ws/src/install/turtlebot3_fake_node:/home/lennoxtr/turtlebot3_ws/src/install/robot_goal LD_LIBRARY_PATH=/home/lennoxtr/turtlebot3_ws/src/install/velocity_msg/lib:/home/lennoxtr/turtlebot3_ws/src/install/heading_msg/lib:/home/lennoxtr/turtlebot3_ws/src/install/robot_goal/lib:/usr/lib/x86_64-linux-gnu/gazebo-11/plugins:/opt/ros/humble/opt/rviz_ogre_vendor/lib:/opt/ros/humble/lib/x86_64-linux-gnu:/opt/ros/humble/lib:/usr/lib/x86_64-linux-gnu/gazebo-11/plugins:/usr/lib/x86_64-linux-gnu/gazebo-11/plugins:/usr/lib/x86_64-linux-gnu/gazebo-11/plugins:/usr/lib/x86_64-linux-gnu/gazebo-11/plugins:/usr/lib/x86_64-linux-gnu/gazebo-11/plugins:/usr/lib/x86_64-linux-gnu/gazebo-11/plugins:/usr/lib/x86_64-linux-gnu/gazebo-11/plugins:/usr/lib/x86_64-linux-gnu/gazebo-11/plugins:/usr/lib/x86_64-linux-gnu/gazebo-11/plugins:/usr/lib/x86_64-linux-gnu/gazebo-11/plugins:/usr/lib/x86_64-linux-gnu/gazebo-11/plugins:/usr/lib/x86_64-linux-gnu/gazebo-11/plugins:/usr/lib/x86_64-linux-gnu/gazebo-11/plugins:/usr/lib/x86_64-linux-gnu/gazebo-11/plugins:/usr/lib/x86_64-linux-gnu/gazebo-11/plugins PYTHONPATH=/home/lennoxtr/turtlebot3_ws/src/build/robot_goal_pub/prefix_override:/usr/lib/python3/dist-packages/colcon_core/task/python/colcon_distutils_commands:/home/lennoxtr/turtlebot3_ws/src/install/robot_goal_pub/lib/python3.10/site-packages:${PYTHONPATH} /usr/bin/python3 -W ignore:setup.py install is deprecated setup.py egg_info --egg-base ../build/robot_goal_pub build --build-base /home/lennoxtr/turtlebot3_ws/src/build/robot_goal_pub/build install --record /home/lennoxtr/turtlebot3_ws/src/build/robot_goal_pub/install.log --single-version-externally-managed install_data
[1.634s] Level 1:colcon.colcon_core.environment:checking '/home/lennoxtr/turtlebot3_ws/src/install/robot_goal_pub' for CMake config files
[1.634s] Level 1:colcon.colcon_core.environment:checking '/home/lennoxtr/turtlebot3_ws/src/install/robot_goal_pub/lib'
[1.634s] Level 1:colcon.colcon_core.environment:checking '/home/lennoxtr/turtlebot3_ws/src/install/robot_goal_pub/bin'
[1.634s] Level 1:colcon.colcon_core.environment:checking '/home/lennoxtr/turtlebot3_ws/src/install/robot_goal_pub/lib/pkgconfig/robot_goal_pub.pc'
[1.635s] Level 1:colcon.colcon_core.environment:checking '/home/lennoxtr/turtlebot3_ws/src/install/robot_goal_pub/lib/python3.10/site-packages'
[1.635s] Level 1:colcon.colcon_core.shell:create_environment_hook('robot_goal_pub', 'pythonpath')
[1.635s] INFO:colcon.colcon_core.shell:Creating environment hook '/home/lennoxtr/turtlebot3_ws/src/install/robot_goal_pub/share/robot_goal_pub/hook/pythonpath.ps1'
[1.635s] INFO:colcon.colcon_core.shell:Creating environment descriptor '/home/lennoxtr/turtlebot3_ws/src/install/robot_goal_pub/share/robot_goal_pub/hook/pythonpath.dsv'
[1.635s] INFO:colcon.colcon_core.shell:Creating environment hook '/home/lennoxtr/turtlebot3_ws/src/install/robot_goal_pub/share/robot_goal_pub/hook/pythonpath.sh'
[1.636s] Level 1:colcon.colcon_core.environment:checking '/home/lennoxtr/turtlebot3_ws/src/install/robot_goal_pub/bin'
[1.636s] Level 1:colcon.colcon_core.environment:create_environment_scripts_only(robot_goal_pub)
[1.636s] INFO:colcon.colcon_core.shell:Creating package script '/home/lennoxtr/turtlebot3_ws/src/install/robot_goal_pub/share/robot_goal_pub/package.ps1'
[1.636s] INFO:colcon.colcon_core.shell:Creating package descriptor '/home/lennoxtr/turtlebot3_ws/src/install/robot_goal_pub/share/robot_goal_pub/package.dsv'
[1.637s] INFO:colcon.colcon_core.shell:Creating package script '/home/lennoxtr/turtlebot3_ws/src/install/robot_goal_pub/share/robot_goal_pub/package.sh'
[1.637s] INFO:colcon.colcon_core.shell:Creating package script '/home/lennoxtr/turtlebot3_ws/src/install/robot_goal_pub/share/robot_goal_pub/package.bash'
[1.637s] INFO:colcon.colcon_core.shell:Creating package script '/home/lennoxtr/turtlebot3_ws/src/install/robot_goal_pub/share/robot_goal_pub/package.zsh'
[1.637s] Level 1:colcon.colcon_core.environment:create_file_with_runtime_dependencies(/home/lennoxtr/turtlebot3_ws/src/install/robot_goal_pub/share/colcon-core/packages/robot_goal_pub)
[1.637s] DEBUG:colcon.colcon_parallel_executor.executor.parallel:closing loop
[1.638s] DEBUG:colcon.colcon_parallel_executor.executor.parallel:loop closed
[1.638s] DEBUG:colcon.colcon_parallel_executor.executor.parallel:run_until_complete finished with '0'
[1.638s] DEBUG:colcon.colcon_core.event_reactor:joining thread
[1.642s] INFO:colcon.colcon_core.plugin_system:Skipping extension 'colcon_notification.desktop_notification.terminal_notifier': Not used on non-Darwin systems
[1.642s] INFO:colcon.colcon_core.plugin_system:Skipping extension 'colcon_notification.desktop_notification.win32': Not used on non-Windows systems
[1.642s] INFO:colcon.colcon_notification.desktop_notification:Sending desktop notification using 'notify2'
[1.652s] DEBUG:colcon.colcon_core.event_reactor:joined thread
[1.652s] INFO:colcon.colcon_core.shell:Creating prefix script '/home/lennoxtr/turtlebot3_ws/src/install/local_setup.ps1'
[1.653s] INFO:colcon.colcon_core.shell:Creating prefix util module '/home/lennoxtr/turtlebot3_ws/src/install/_local_setup_util_ps1.py'
[1.654s] INFO:colcon.colcon_core.shell:Creating prefix chain script '/home/lennoxtr/turtlebot3_ws/src/install/setup.ps1'
[1.655s] INFO:colcon.colcon_core.shell:Creating prefix script '/home/lennoxtr/turtlebot3_ws/src/install/local_setup.sh'
[1.655s] INFO:colcon.colcon_core.shell:Creating prefix util module '/home/lennoxtr/turtlebot3_ws/src/install/_local_setup_util_sh.py'
[1.656s] INFO:colcon.colcon_core.shell:Creating prefix chain script '/home/lennoxtr/turtlebot3_ws/src/install/setup.sh'
[1.657s] INFO:colcon.colcon_core.shell:Creating prefix script '/home/lennoxtr/turtlebot3_ws/src/install/local_setup.bash'
[1.657s] INFO:colcon.colcon_core.shell:Creating prefix chain script '/home/lennoxtr/turtlebot3_ws/src/install/setup.bash'
[1.658s] INFO:colcon.colcon_core.shell:Creating prefix script '/home/lennoxtr/turtlebot3_ws/src/install/local_setup.zsh'
[1.658s] INFO:colcon.colcon_core.shell:Creating prefix chain script '/home/lennoxtr/turtlebot3_ws/src/install/setup.zsh'
