[0.065s] DEBUG:colcon:Command line arguments: ['/usr/bin/colcon', 'build']
[0.065s] DEBUG:colcon:Parsed command line arguments: Namespace(log_base=None, log_level=None, verb_name='build', build_base='build', install_base='install', merge_install=False, symlink_install=False, test_result_base=None, continue_on_error=False, executor='parallel', parallel_workers=12, event_handlers=None, ignore_user_meta=False, metas=['./colcon.meta'], base_paths=['.'], packages_ignore=None, packages_ignore_regex=None, paths=None, packages_up_to=None, packages_up_to_regex=None, packages_above=None, packages_above_and_dependencies=None, packages_above_depth=None, packages_select_by_dep=None, packages_skip_by_dep=None, packages_skip_up_to=None, packages_select_build_failed=False, packages_skip_build_finished=False, packages_select_test_failures=False, packages_skip_test_passed=False, packages_select=None, packages_skip=None, packages_select_regex=None, packages_skip_regex=None, packages_start=None, packages_end=None, allow_overriding=[], cmake_args=None, cmake_target=None, cmake_target_skip_unavailable=False, cmake_clean_cache=False, cmake_clean_first=False, cmake_force_configure=False, ament_cmake_args=None, catkin_cmake_args=None, catkin_skip_building_tests=False, mixin_files=None, mixin=None, verb_parser=<colcon_mixin.mixin.mixin_argument.MixinArgumentDecorator object at 0x75887c23ab90>, verb_extension=<colcon_core.verb.build.BuildVerb object at 0x75887c23a5f0>, main=<bound method BuildVerb.main of <colcon_core.verb.build.BuildVerb object at 0x75887c23a5f0>>, mixin_verb=('build',))
[0.166s] Level 1:colcon.colcon_core.package_discovery:discover_packages(colcon_meta) check parameters
[0.166s] Level 1:colcon.colcon_core.package_discovery:discover_packages(recursive) check parameters
[0.166s] Level 1:colcon.colcon_core.package_discovery:discover_packages(ignore) check parameters
[0.166s] Level 1:colcon.colcon_core.package_discovery:discover_packages(path) check parameters
[0.166s] Level 1:colcon.colcon_core.package_discovery:discover_packages(colcon_meta) discover
[0.166s] Level 1:colcon.colcon_core.package_discovery:discover_packages(recursive) discover
[0.166s] INFO:colcon.colcon_core.package_discovery:Crawling recursively for packages in '/home/lennoxtr/turtlebot3_ws/src'
[0.166s] Level 1:colcon.colcon_core.package_identification:_identify(.) by extensions ['ignore', 'ignore_ament_install']
[0.166s] Level 1:colcon.colcon_core.package_identification:_identify(.) by extension 'ignore'
[0.166s] Level 1:colcon.colcon_core.package_identification:_identify(.) by extension 'ignore_ament_install'
[0.166s] Level 1:colcon.colcon_core.package_identification:_identify(.) by extensions ['colcon_pkg']
[0.166s] Level 1:colcon.colcon_core.package_identification:_identify(.) by extension 'colcon_pkg'
[0.166s] Level 1:colcon.colcon_core.package_identification:_identify(.) by extensions ['colcon_meta']
[0.166s] Level 1:colcon.colcon_core.package_identification:_identify(.) by extension 'colcon_meta'
[0.166s] Level 1:colcon.colcon_core.package_identification:_identify(.) by extensions ['ros']
[0.166s] Level 1:colcon.colcon_core.package_identification:_identify(.) by extension 'ros'
[0.173s] Level 1:colcon.colcon_core.package_identification:_identify(.) by extensions ['cmake', 'python']
[0.173s] Level 1:colcon.colcon_core.package_identification:_identify(.) by extension 'cmake'
[0.173s] Level 1:colcon.colcon_core.package_identification:_identify(.) by extension 'python'
[0.173s] Level 1:colcon.colcon_core.package_identification:_identify(.) by extensions ['python_setup_py']
[0.173s] Level 1:colcon.colcon_core.package_identification:_identify(.) by extension 'python_setup_py'
[0.173s] Level 1:colcon.colcon_core.package_identification:_identify(build) by extensions ['ignore', 'ignore_ament_install']
[0.173s] Level 1:colcon.colcon_core.package_identification:_identify(build) by extension 'ignore'
[0.173s] Level 1:colcon.colcon_core.package_identification:_identify(build) ignored
[0.173s] Level 1:colcon.colcon_core.package_identification:_identify(goal_input) by extensions ['ignore', 'ignore_ament_install']
[0.173s] Level 1:colcon.colcon_core.package_identification:_identify(goal_input) by extension 'ignore'
[0.173s] Level 1:colcon.colcon_core.package_identification:_identify(goal_input) by extension 'ignore_ament_install'
[0.173s] Level 1:colcon.colcon_core.package_identification:_identify(goal_input) by extensions ['colcon_pkg']
[0.173s] Level 1:colcon.colcon_core.package_identification:_identify(goal_input) by extension 'colcon_pkg'
[0.173s] Level 1:colcon.colcon_core.package_identification:_identify(goal_input) by extensions ['colcon_meta']
[0.173s] Level 1:colcon.colcon_core.package_identification:_identify(goal_input) by extension 'colcon_meta'
[0.173s] Level 1:colcon.colcon_core.package_identification:_identify(goal_input) by extensions ['ros']
[0.173s] Level 1:colcon.colcon_core.package_identification:_identify(goal_input) by extension 'ros'
[0.175s] DEBUG:colcon.colcon_core.package_identification:Package 'goal_input' with type 'ros.ament_python' and name 'goal_input'
[0.175s] Level 1:colcon.colcon_core.package_identification:_identify(heading_msg) by extensions ['ignore', 'ignore_ament_install']
[0.175s] Level 1:colcon.colcon_core.package_identification:_identify(heading_msg) by extension 'ignore'
[0.175s] Level 1:colcon.colcon_core.package_identification:_identify(heading_msg) by extension 'ignore_ament_install'
[0.175s] Level 1:colcon.colcon_core.package_identification:_identify(heading_msg) by extensions ['colcon_pkg']
[0.175s] Level 1:colcon.colcon_core.package_identification:_identify(heading_msg) by extension 'colcon_pkg'
[0.175s] Level 1:colcon.colcon_core.package_identification:_identify(heading_msg) by extensions ['colcon_meta']
[0.175s] Level 1:colcon.colcon_core.package_identification:_identify(heading_msg) by extension 'colcon_meta'
[0.175s] Level 1:colcon.colcon_core.package_identification:_identify(heading_msg) by extensions ['ros']
[0.175s] Level 1:colcon.colcon_core.package_identification:_identify(heading_msg) by extension 'ros'
[0.175s] DEBUG:colcon.colcon_core.package_identification:Package 'heading_msg' with type 'ros.ament_cmake' and name 'heading_msg'
[0.176s] Level 1:colcon.colcon_core.package_identification:_identify(install) by extensions ['ignore', 'ignore_ament_install']
[0.176s] Level 1:colcon.colcon_core.package_identification:_identify(install) by extension 'ignore'
[0.176s] Level 1:colcon.colcon_core.package_identification:_identify(install) ignored
[0.176s] Level 1:colcon.colcon_core.package_identification:_identify(log) by extensions ['ignore', 'ignore_ament_install']
[0.176s] Level 1:colcon.colcon_core.package_identification:_identify(log) by extension 'ignore'
[0.176s] Level 1:colcon.colcon_core.package_identification:_identify(log) ignored
[0.176s] Level 1:colcon.colcon_core.package_identification:_identify(robot_goal) by extensions ['ignore', 'ignore_ament_install']
[0.176s] Level 1:colcon.colcon_core.package_identification:_identify(robot_goal) by extension 'ignore'
[0.176s] Level 1:colcon.colcon_core.package_identification:_identify(robot_goal) by extension 'ignore_ament_install'
[0.176s] Level 1:colcon.colcon_core.package_identification:_identify(robot_goal) by extensions ['colcon_pkg']
[0.176s] Level 1:colcon.colcon_core.package_identification:_identify(robot_goal) by extension 'colcon_pkg'
[0.176s] Level 1:colcon.colcon_core.package_identification:_identify(robot_goal) by extensions ['colcon_meta']
[0.176s] Level 1:colcon.colcon_core.package_identification:_identify(robot_goal) by extension 'colcon_meta'
[0.176s] Level 1:colcon.colcon_core.package_identification:_identify(robot_goal) by extensions ['ros']
[0.176s] Level 1:colcon.colcon_core.package_identification:_identify(robot_goal) by extension 'ros'
[0.176s] DEBUG:colcon.colcon_core.package_identification:Package 'robot_goal' with type 'ros.ament_cmake' and name 'robot_goal'
[0.176s] Level 1:colcon.colcon_core.package_identification:_identify(robot_goal_pub) by extensions ['ignore', 'ignore_ament_install']
[0.177s] Level 1:colcon.colcon_core.package_identification:_identify(robot_goal_pub) by extension 'ignore'
[0.177s] Level 1:colcon.colcon_core.package_identification:_identify(robot_goal_pub) by extension 'ignore_ament_install'
[0.177s] Level 1:colcon.colcon_core.package_identification:_identify(robot_goal_pub) by extensions ['colcon_pkg']
[0.177s] Level 1:colcon.colcon_core.package_identification:_identify(robot_goal_pub) by extension 'colcon_pkg'
[0.177s] Level 1:colcon.colcon_core.package_identification:_identify(robot_goal_pub) by extensions ['colcon_meta']
[0.177s] Level 1:colcon.colcon_core.package_identification:_identify(robot_goal_pub) by extension 'colcon_meta'
[0.177s] Level 1:colcon.colcon_core.package_identification:_identify(robot_goal_pub) by extensions ['ros']
[0.177s] Level 1:colcon.colcon_core.package_identification:_identify(robot_goal_pub) by extension 'ros'
[0.177s] DEBUG:colcon.colcon_core.package_identification:Package 'robot_goal_pub' with type 'ros.ament_python' and name 'robot_goal_pub'
[0.177s] Level 1:colcon.colcon_core.package_identification:_identify(turtlebot3_simulations) by extensions ['ignore', 'ignore_ament_install']
[0.177s] Level 1:colcon.colcon_core.package_identification:_identify(turtlebot3_simulations) by extension 'ignore'
[0.177s] Level 1:colcon.colcon_core.package_identification:_identify(turtlebot3_simulations) by extension 'ignore_ament_install'
[0.177s] Level 1:colcon.colcon_core.package_identification:_identify(turtlebot3_simulations) by extensions ['colcon_pkg']
[0.177s] Level 1:colcon.colcon_core.package_identification:_identify(turtlebot3_simulations) by extension 'colcon_pkg'
[0.177s] Level 1:colcon.colcon_core.package_identification:_identify(turtlebot3_simulations) by extensions ['colcon_meta']
[0.177s] Level 1:colcon.colcon_core.package_identification:_identify(turtlebot3_simulations) by extension 'colcon_meta'
[0.177s] Level 1:colcon.colcon_core.package_identification:_identify(turtlebot3_simulations) by extensions ['ros']
[0.177s] Level 1:colcon.colcon_core.package_identification:_identify(turtlebot3_simulations) by extension 'ros'
[0.177s] Level 1:colcon.colcon_core.package_identification:_identify(turtlebot3_simulations) by extensions ['cmake', 'python']
[0.177s] Level 1:colcon.colcon_core.package_identification:_identify(turtlebot3_simulations) by extension 'cmake'
[0.177s] Level 1:colcon.colcon_core.package_identification:_identify(turtlebot3_simulations) by extension 'python'
[0.177s] Level 1:colcon.colcon_core.package_identification:_identify(turtlebot3_simulations) by extensions ['python_setup_py']
[0.177s] Level 1:colcon.colcon_core.package_identification:_identify(turtlebot3_simulations) by extension 'python_setup_py'
[0.177s] Level 1:colcon.colcon_core.package_identification:_identify(turtlebot3_simulations/turtlebot3_fake_node) by extensions ['ignore', 'ignore_ament_install']
[0.178s] Level 1:colcon.colcon_core.package_identification:_identify(turtlebot3_simulations/turtlebot3_fake_node) by extension 'ignore'
[0.178s] Level 1:colcon.colcon_core.package_identification:_identify(turtlebot3_simulations/turtlebot3_fake_node) by extension 'ignore_ament_install'
[0.178s] Level 1:colcon.colcon_core.package_identification:_identify(turtlebot3_simulations/turtlebot3_fake_node) by extensions ['colcon_pkg']
[0.178s] Level 1:colcon.colcon_core.package_identification:_identify(turtlebot3_simulations/turtlebot3_fake_node) by extension 'colcon_pkg'
[0.178s] Level 1:colcon.colcon_core.package_identification:_identify(turtlebot3_simulations/turtlebot3_fake_node) by extensions ['colcon_meta']
[0.178s] Level 1:colcon.colcon_core.package_identification:_identify(turtlebot3_simulations/turtlebot3_fake_node) by extension 'colcon_meta'
[0.178s] Level 1:colcon.colcon_core.package_identification:_identify(turtlebot3_simulations/turtlebot3_fake_node) by extensions ['ros']
[0.178s] Level 1:colcon.colcon_core.package_identification:_identify(turtlebot3_simulations/turtlebot3_fake_node) by extension 'ros'
[0.178s] DEBUG:colcon.colcon_core.package_identification:Package 'turtlebot3_simulations/turtlebot3_fake_node' with type 'ros.ament_cmake' and name 'turtlebot3_fake_node'
[0.178s] Level 1:colcon.colcon_core.package_identification:_identify(turtlebot3_simulations/turtlebot3_gazebo) by extensions ['ignore', 'ignore_ament_install']
[0.178s] Level 1:colcon.colcon_core.package_identification:_identify(turtlebot3_simulations/turtlebot3_gazebo) by extension 'ignore'
[0.179s] Level 1:colcon.colcon_core.package_identification:_identify(turtlebot3_simulations/turtlebot3_gazebo) by extension 'ignore_ament_install'
[0.179s] Level 1:colcon.colcon_core.package_identification:_identify(turtlebot3_simulations/turtlebot3_gazebo) by extensions ['colcon_pkg']
[0.179s] Level 1:colcon.colcon_core.package_identification:_identify(turtlebot3_simulations/turtlebot3_gazebo) by extension 'colcon_pkg'
[0.179s] Level 1:colcon.colcon_core.package_identification:_identify(turtlebot3_simulations/turtlebot3_gazebo) by extensions ['colcon_meta']
[0.179s] Level 1:colcon.colcon_core.package_identification:_identify(turtlebot3_simulations/turtlebot3_gazebo) by extension 'colcon_meta'
[0.179s] Level 1:colcon.colcon_core.package_identification:_identify(turtlebot3_simulations/turtlebot3_gazebo) by extensions ['ros']
[0.179s] Level 1:colcon.colcon_core.package_identification:_identify(turtlebot3_simulations/turtlebot3_gazebo) by extension 'ros'
[0.179s] DEBUG:colcon.colcon_core.package_identification:Package 'turtlebot3_simulations/turtlebot3_gazebo' with type 'ros.ament_cmake' and name 'turtlebot3_gazebo'
[0.179s] Level 1:colcon.colcon_core.package_identification:_identify(turtlebot3_simulations/turtlebot3_simulations) by extensions ['ignore', 'ignore_ament_install']
[0.179s] Level 1:colcon.colcon_core.package_identification:_identify(turtlebot3_simulations/turtlebot3_simulations) by extension 'ignore'
[0.179s] Level 1:colcon.colcon_core.package_identification:_identify(turtlebot3_simulations/turtlebot3_simulations) by extension 'ignore_ament_install'
[0.179s] Level 1:colcon.colcon_core.package_identification:_identify(turtlebot3_simulations/turtlebot3_simulations) by extensions ['colcon_pkg']
[0.179s] Level 1:colcon.colcon_core.package_identification:_identify(turtlebot3_simulations/turtlebot3_simulations) by extension 'colcon_pkg'
[0.179s] Level 1:colcon.colcon_core.package_identification:_identify(turtlebot3_simulations/turtlebot3_simulations) by extensions ['colcon_meta']
[0.179s] Level 1:colcon.colcon_core.package_identification:_identify(turtlebot3_simulations/turtlebot3_simulations) by extension 'colcon_meta'
[0.180s] Level 1:colcon.colcon_core.package_identification:_identify(turtlebot3_simulations/turtlebot3_simulations) by extensions ['ros']
[0.180s] Level 1:colcon.colcon_core.package_identification:_identify(turtlebot3_simulations/turtlebot3_simulations) by extension 'ros'
[0.180s] DEBUG:colcon.colcon_core.package_identification:Package 'turtlebot3_simulations/turtlebot3_simulations' with type 'ros.ament_cmake' and name 'turtlebot3_simulations'
[0.180s] Level 1:colcon.colcon_core.package_identification:_identify(velocity_msg) by extensions ['ignore', 'ignore_ament_install']
[0.180s] Level 1:colcon.colcon_core.package_identification:_identify(velocity_msg) by extension 'ignore'
[0.180s] Level 1:colcon.colcon_core.package_identification:_identify(velocity_msg) by extension 'ignore_ament_install'
[0.180s] Level 1:colcon.colcon_core.package_identification:_identify(velocity_msg) by extensions ['colcon_pkg']
[0.180s] Level 1:colcon.colcon_core.package_identification:_identify(velocity_msg) by extension 'colcon_pkg'
[0.180s] Level 1:colcon.colcon_core.package_identification:_identify(velocity_msg) by extensions ['colcon_meta']
[0.180s] Level 1:colcon.colcon_core.package_identification:_identify(velocity_msg) by extension 'colcon_meta'
[0.180s] Level 1:colcon.colcon_core.package_identification:_identify(velocity_msg) by extensions ['ros']
[0.180s] Level 1:colcon.colcon_core.package_identification:_identify(velocity_msg) by extension 'ros'
[0.180s] DEBUG:colcon.colcon_core.package_identification:Package 'velocity_msg' with type 'ros.ament_cmake' and name 'velocity_msg'
[0.181s] Level 1:colcon.colcon_core.package_discovery:discover_packages(recursive) using defaults
[0.181s] Level 1:colcon.colcon_core.package_discovery:discover_packages(ignore) discover
[0.181s] Level 1:colcon.colcon_core.package_discovery:discover_packages(ignore) using defaults
[0.181s] Level 1:colcon.colcon_core.package_discovery:discover_packages(path) discover
[0.181s] Level 1:colcon.colcon_core.package_discovery:discover_packages(path) using defaults
[0.201s] Level 1:colcon.colcon_core.package_discovery:discover_packages(prefix_path) check parameters
[0.201s] Level 1:colcon.colcon_core.package_discovery:discover_packages(prefix_path) discover
[0.202s] DEBUG:colcon.colcon_installed_package_information.package_discovery:Found 8 installed packages in /home/lennoxtr/turtlebot3_ws/src/install
[0.203s] DEBUG:colcon.colcon_installed_package_information.package_discovery:Found 373 installed packages in /opt/ros/humble
[0.204s] Level 1:colcon.colcon_core.package_discovery:discover_packages(prefix_path) using defaults
[0.231s] Level 5:colcon.colcon_core.verb:set package 'heading_msg' build argument 'cmake_args' from command line to 'None'
[0.231s] Level 5:colcon.colcon_core.verb:set package 'heading_msg' build argument 'cmake_target' from command line to 'None'
[0.231s] Level 5:colcon.colcon_core.verb:set package 'heading_msg' build argument 'cmake_target_skip_unavailable' from command line to 'False'
[0.231s] Level 5:colcon.colcon_core.verb:set package 'heading_msg' build argument 'cmake_clean_cache' from command line to 'False'
[0.231s] Level 5:colcon.colcon_core.verb:set package 'heading_msg' build argument 'cmake_clean_first' from command line to 'False'
[0.231s] Level 5:colcon.colcon_core.verb:set package 'heading_msg' build argument 'cmake_force_configure' from command line to 'False'
[0.231s] Level 5:colcon.colcon_core.verb:set package 'heading_msg' build argument 'ament_cmake_args' from command line to 'None'
[0.231s] Level 5:colcon.colcon_core.verb:set package 'heading_msg' build argument 'catkin_cmake_args' from command line to 'None'
[0.231s] Level 5:colcon.colcon_core.verb:set package 'heading_msg' build argument 'catkin_skip_building_tests' from command line to 'False'
[0.231s] DEBUG:colcon.colcon_core.verb:Building package 'heading_msg' with the following arguments: {'ament_cmake_args': None, 'build_base': '/home/lennoxtr/turtlebot3_ws/src/build/heading_msg', 'catkin_cmake_args': None, 'catkin_skip_building_tests': False, 'cmake_args': None, 'cmake_clean_cache': False, 'cmake_clean_first': False, 'cmake_force_configure': False, 'cmake_target': None, 'cmake_target_skip_unavailable': False, 'install_base': '/home/lennoxtr/turtlebot3_ws/src/install/heading_msg', 'merge_install': False, 'path': '/home/lennoxtr/turtlebot3_ws/src/heading_msg', 'symlink_install': False, 'test_result_base': None}
[0.231s] Level 5:colcon.colcon_core.verb:set package 'robot_goal' build argument 'cmake_args' from command line to 'None'
[0.231s] Level 5:colcon.colcon_core.verb:set package 'robot_goal' build argument 'cmake_target' from command line to 'None'
[0.231s] Level 5:colcon.colcon_core.verb:set package 'robot_goal' build argument 'cmake_target_skip_unavailable' from command line to 'False'
[0.231s] Level 5:colcon.colcon_core.verb:set package 'robot_goal' build argument 'cmake_clean_cache' from command line to 'False'
[0.231s] Level 5:colcon.colcon_core.verb:set package 'robot_goal' build argument 'cmake_clean_first' from command line to 'False'
[0.231s] Level 5:colcon.colcon_core.verb:set package 'robot_goal' build argument 'cmake_force_configure' from command line to 'False'
[0.231s] Level 5:colcon.colcon_core.verb:set package 'robot_goal' build argument 'ament_cmake_args' from command line to 'None'
[0.231s] Level 5:colcon.colcon_core.verb:set package 'robot_goal' build argument 'catkin_cmake_args' from command line to 'None'
[0.231s] Level 5:colcon.colcon_core.verb:set package 'robot_goal' build argument 'catkin_skip_building_tests' from command line to 'False'
[0.231s] DEBUG:colcon.colcon_core.verb:Building package 'robot_goal' with the following arguments: {'ament_cmake_args': None, 'build_base': '/home/lennoxtr/turtlebot3_ws/src/build/robot_goal', 'catkin_cmake_args': None, 'catkin_skip_building_tests': False, 'cmake_args': None, 'cmake_clean_cache': False, 'cmake_clean_first': False, 'cmake_force_configure': False, 'cmake_target': None, 'cmake_target_skip_unavailable': False, 'install_base': '/home/lennoxtr/turtlebot3_ws/src/install/robot_goal', 'merge_install': False, 'path': '/home/lennoxtr/turtlebot3_ws/src/robot_goal', 'symlink_install': False, 'test_result_base': None}
[0.232s] Level 5:colcon.colcon_core.verb:set package 'turtlebot3_fake_node' build argument 'cmake_args' from command line to 'None'
[0.232s] Level 5:colcon.colcon_core.verb:set package 'turtlebot3_fake_node' build argument 'cmake_target' from command line to 'None'
[0.232s] Level 5:colcon.colcon_core.verb:set package 'turtlebot3_fake_node' build argument 'cmake_target_skip_unavailable' from command line to 'False'
[0.232s] Level 5:colcon.colcon_core.verb:set package 'turtlebot3_fake_node' build argument 'cmake_clean_cache' from command line to 'False'
[0.232s] Level 5:colcon.colcon_core.verb:set package 'turtlebot3_fake_node' build argument 'cmake_clean_first' from command line to 'False'
[0.232s] Level 5:colcon.colcon_core.verb:set package 'turtlebot3_fake_node' build argument 'cmake_force_configure' from command line to 'False'
[0.232s] Level 5:colcon.colcon_core.verb:set package 'turtlebot3_fake_node' build argument 'ament_cmake_args' from command line to 'None'
[0.232s] Level 5:colcon.colcon_core.verb:set package 'turtlebot3_fake_node' build argument 'catkin_cmake_args' from command line to 'None'
[0.232s] Level 5:colcon.colcon_core.verb:set package 'turtlebot3_fake_node' build argument 'catkin_skip_building_tests' from command line to 'False'
[0.232s] DEBUG:colcon.colcon_core.verb:Building package 'turtlebot3_fake_node' with the following arguments: {'ament_cmake_args': None, 'build_base': '/home/lennoxtr/turtlebot3_ws/src/build/turtlebot3_fake_node', 'catkin_cmake_args': None, 'catkin_skip_building_tests': False, 'cmake_args': None, 'cmake_clean_cache': False, 'cmake_clean_first': False, 'cmake_force_configure': False, 'cmake_target': None, 'cmake_target_skip_unavailable': False, 'install_base': '/home/lennoxtr/turtlebot3_ws/src/install/turtlebot3_fake_node', 'merge_install': False, 'path': '/home/lennoxtr/turtlebot3_ws/src/turtlebot3_simulations/turtlebot3_fake_node', 'symlink_install': False, 'test_result_base': None}
[0.232s] Level 5:colcon.colcon_core.verb:set package 'turtlebot3_gazebo' build argument 'cmake_args' from command line to 'None'
[0.232s] Level 5:colcon.colcon_core.verb:set package 'turtlebot3_gazebo' build argument 'cmake_target' from command line to 'None'
[0.232s] Level 5:colcon.colcon_core.verb:set package 'turtlebot3_gazebo' build argument 'cmake_target_skip_unavailable' from command line to 'False'
[0.232s] Level 5:colcon.colcon_core.verb:set package 'turtlebot3_gazebo' build argument 'cmake_clean_cache' from command line to 'False'
[0.232s] Level 5:colcon.colcon_core.verb:set package 'turtlebot3_gazebo' build argument 'cmake_clean_first' from command line to 'False'
[0.232s] Level 5:colcon.colcon_core.verb:set package 'turtlebot3_gazebo' build argument 'cmake_force_configure' from command line to 'False'
[0.232s] Level 5:colcon.colcon_core.verb:set package 'turtlebot3_gazebo' build argument 'ament_cmake_args' from command line to 'None'
[0.232s] Level 5:colcon.colcon_core.verb:set package 'turtlebot3_gazebo' build argument 'catkin_cmake_args' from command line to 'None'
[0.232s] Level 5:colcon.colcon_core.verb:set package 'turtlebot3_gazebo' build argument 'catkin_skip_building_tests' from command line to 'False'
[0.232s] DEBUG:colcon.colcon_core.verb:Building package 'turtlebot3_gazebo' with the following arguments: {'ament_cmake_args': None, 'build_base': '/home/lennoxtr/turtlebot3_ws/src/build/turtlebot3_gazebo', 'catkin_cmake_args': None, 'catkin_skip_building_tests': False, 'cmake_args': None, 'cmake_clean_cache': False, 'cmake_clean_first': False, 'cmake_force_configure': False, 'cmake_target': None, 'cmake_target_skip_unavailable': False, 'install_base': '/home/lennoxtr/turtlebot3_ws/src/install/turtlebot3_gazebo', 'merge_install': False, 'path': '/home/lennoxtr/turtlebot3_ws/src/turtlebot3_simulations/turtlebot3_gazebo', 'symlink_install': False, 'test_result_base': None}
[0.232s] Level 5:colcon.colcon_core.verb:set package 'velocity_msg' build argument 'cmake_args' from command line to 'None'
[0.232s] Level 5:colcon.colcon_core.verb:set package 'velocity_msg' build argument 'cmake_target' from command line to 'None'
[0.232s] Level 5:colcon.colcon_core.verb:set package 'velocity_msg' build argument 'cmake_target_skip_unavailable' from command line to 'False'
[0.232s] Level 5:colcon.colcon_core.verb:set package 'velocity_msg' build argument 'cmake_clean_cache' from command line to 'False'
[0.232s] Level 5:colcon.colcon_core.verb:set package 'velocity_msg' build argument 'cmake_clean_first' from command line to 'False'
[0.232s] Level 5:colcon.colcon_core.verb:set package 'velocity_msg' build argument 'cmake_force_configure' from command line to 'False'
[0.232s] Level 5:colcon.colcon_core.verb:set package 'velocity_msg' build argument 'ament_cmake_args' from command line to 'None'
[0.232s] Level 5:colcon.colcon_core.verb:set package 'velocity_msg' build argument 'catkin_cmake_args' from command line to 'None'
[0.232s] Level 5:colcon.colcon_core.verb:set package 'velocity_msg' build argument 'catkin_skip_building_tests' from command line to 'False'
[0.232s] DEBUG:colcon.colcon_core.verb:Building package 'velocity_msg' with the following arguments: {'ament_cmake_args': None, 'build_base': '/home/lennoxtr/turtlebot3_ws/src/build/velocity_msg', 'catkin_cmake_args': None, 'catkin_skip_building_tests': False, 'cmake_args': None, 'cmake_clean_cache': False, 'cmake_clean_first': False, 'cmake_force_configure': False, 'cmake_target': None, 'cmake_target_skip_unavailable': False, 'install_base': '/home/lennoxtr/turtlebot3_ws/src/install/velocity_msg', 'merge_install': False, 'path': '/home/lennoxtr/turtlebot3_ws/src/velocity_msg', 'symlink_install': False, 'test_result_base': None}
[0.232s] Level 5:colcon.colcon_core.verb:set package 'goal_input' build argument 'cmake_args' from command line to 'None'
[0.232s] Level 5:colcon.colcon_core.verb:set package 'goal_input' build argument 'cmake_target' from command line to 'None'
[0.232s] Level 5:colcon.colcon_core.verb:set package 'goal_input' build argument 'cmake_target_skip_unavailable' from command line to 'False'
[0.233s] Level 5:colcon.colcon_core.verb:set package 'goal_input' build argument 'cmake_clean_cache' from command line to 'False'
[0.233s] Level 5:colcon.colcon_core.verb:set package 'goal_input' build argument 'cmake_clean_first' from command line to 'False'
[0.233s] Level 5:colcon.colcon_core.verb:set package 'goal_input' build argument 'cmake_force_configure' from command line to 'False'
[0.233s] Level 5:colcon.colcon_core.verb:set package 'goal_input' build argument 'ament_cmake_args' from command line to 'None'
[0.233s] Level 5:colcon.colcon_core.verb:set package 'goal_input' build argument 'catkin_cmake_args' from command line to 'None'
[0.233s] Level 5:colcon.colcon_core.verb:set package 'goal_input' build argument 'catkin_skip_building_tests' from command line to 'False'
[0.233s] DEBUG:colcon.colcon_core.verb:Building package 'goal_input' with the following arguments: {'ament_cmake_args': None, 'build_base': '/home/lennoxtr/turtlebot3_ws/src/build/goal_input', 'catkin_cmake_args': None, 'catkin_skip_building_tests': False, 'cmake_args': None, 'cmake_clean_cache': False, 'cmake_clean_first': False, 'cmake_force_configure': False, 'cmake_target': None, 'cmake_target_skip_unavailable': False, 'install_base': '/home/lennoxtr/turtlebot3_ws/src/install/goal_input', 'merge_install': False, 'path': '/home/lennoxtr/turtlebot3_ws/src/goal_input', 'symlink_install': False, 'test_result_base': None}
[0.233s] Level 5:colcon.colcon_core.verb:set package 'robot_goal_pub' build argument 'cmake_args' from command line to 'None'
[0.233s] Level 5:colcon.colcon_core.verb:set package 'robot_goal_pub' build argument 'cmake_target' from command line to 'None'
[0.233s] Level 5:colcon.colcon_core.verb:set package 'robot_goal_pub' build argument 'cmake_target_skip_unavailable' from command line to 'False'
[0.233s] Level 5:colcon.colcon_core.verb:set package 'robot_goal_pub' build argument 'cmake_clean_cache' from command line to 'False'
[0.233s] Level 5:colcon.colcon_core.verb:set package 'robot_goal_pub' build argument 'cmake_clean_first' from command line to 'False'
[0.233s] Level 5:colcon.colcon_core.verb:set package 'robot_goal_pub' build argument 'cmake_force_configure' from command line to 'False'
[0.233s] Level 5:colcon.colcon_core.verb:set package 'robot_goal_pub' build argument 'ament_cmake_args' from command line to 'None'
[0.233s] Level 5:colcon.colcon_core.verb:set package 'robot_goal_pub' build argument 'catkin_cmake_args' from command line to 'None'
[0.233s] Level 5:colcon.colcon_core.verb:set package 'robot_goal_pub' build argument 'catkin_skip_building_tests' from command line to 'False'
[0.233s] DEBUG:colcon.colcon_core.verb:Building package 'robot_goal_pub' with the following arguments: {'ament_cmake_args': None, 'build_base': '/home/lennoxtr/turtlebot3_ws/src/build/robot_goal_pub', 'catkin_cmake_args': None, 'catkin_skip_building_tests': False, 'cmake_args': None, 'cmake_clean_cache': False, 'cmake_clean_first': False, 'cmake_force_configure': False, 'cmake_target': None, 'cmake_target_skip_unavailable': False, 'install_base': '/home/lennoxtr/turtlebot3_ws/src/install/robot_goal_pub', 'merge_install': False, 'path': '/home/lennoxtr/turtlebot3_ws/src/robot_goal_pub', 'symlink_install': False, 'test_result_base': None}
[0.233s] Level 5:colcon.colcon_core.verb:set package 'turtlebot3_simulations' build argument 'cmake_args' from command line to 'None'
[0.233s] Level 5:colcon.colcon_core.verb:set package 'turtlebot3_simulations' build argument 'cmake_target' from command line to 'None'
[0.233s] Level 5:colcon.colcon_core.verb:set package 'turtlebot3_simulations' build argument 'cmake_target_skip_unavailable' from command line to 'False'
[0.233s] Level 5:colcon.colcon_core.verb:set package 'turtlebot3_simulations' build argument 'cmake_clean_cache' from command line to 'False'
[0.233s] Level 5:colcon.colcon_core.verb:set package 'turtlebot3_simulations' build argument 'cmake_clean_first' from command line to 'False'
[0.233s] Level 5:colcon.colcon_core.verb:set package 'turtlebot3_simulations' build argument 'cmake_force_configure' from command line to 'False'
[0.233s] Level 5:colcon.colcon_core.verb:set package 'turtlebot3_simulations' build argument 'ament_cmake_args' from command line to 'None'
[0.233s] Level 5:colcon.colcon_core.verb:set package 'turtlebot3_simulations' build argument 'catkin_cmake_args' from command line to 'None'
[0.233s] Level 5:colcon.colcon_core.verb:set package 'turtlebot3_simulations' build argument 'catkin_skip_building_tests' from command line to 'False'
[0.233s] DEBUG:colcon.colcon_core.verb:Building package 'turtlebot3_simulations' with the following arguments: {'ament_cmake_args': None, 'build_base': '/home/lennoxtr/turtlebot3_ws/src/build/turtlebot3_simulations', 'catkin_cmake_args': None, 'catkin_skip_building_tests': False, 'cmake_args': None, 'cmake_clean_cache': False, 'cmake_clean_first': False, 'cmake_force_configure': False, 'cmake_target': None, 'cmake_target_skip_unavailable': False, 'install_base': '/home/lennoxtr/turtlebot3_ws/src/install/turtlebot3_simulations', 'merge_install': False, 'path': '/home/lennoxtr/turtlebot3_ws/src/turtlebot3_simulations/turtlebot3_simulations', 'symlink_install': False, 'test_result_base': None}
[0.233s] INFO:colcon.colcon_core.executor:Executing jobs using 'parallel' executor
[0.234s] DEBUG:colcon.colcon_parallel_executor.executor.parallel:run_until_complete
[0.234s] INFO:colcon.colcon_ros.task.ament_cmake.build:Building ROS package in '/home/lennoxtr/turtlebot3_ws/src/heading_msg' with build type 'ament_cmake'
[0.234s] INFO:colcon.colcon_cmake.task.cmake.build:Building CMake package in '/home/lennoxtr/turtlebot3_ws/src/heading_msg'
[0.235s] INFO:colcon.colcon_core.plugin_system:Skipping extension 'colcon_core.shell.bat': Not used on non-Windows systems
[0.236s] INFO:colcon.colcon_core.shell:Skip shell extension 'powershell' for command environment: Not usable outside of PowerShell
[0.236s] DEBUG:colcon.colcon_core.shell:Skip shell extension 'dsv' for command environment
[0.238s] INFO:colcon.colcon_ros.task.ament_cmake.build:Building ROS package in '/home/lennoxtr/turtlebot3_ws/src/robot_goal' with build type 'ament_cmake'
[0.238s] INFO:colcon.colcon_cmake.task.cmake.build:Building CMake package in '/home/lennoxtr/turtlebot3_ws/src/robot_goal'
[0.238s] INFO:colcon.colcon_core.shell:Skip shell extension 'powershell' for command environment: Not usable outside of PowerShell
[0.238s] DEBUG:colcon.colcon_core.shell:Skip shell extension 'dsv' for command environment
[0.240s] INFO:colcon.colcon_ros.task.ament_cmake.build:Building ROS package in '/home/lennoxtr/turtlebot3_ws/src/turtlebot3_simulations/turtlebot3_fake_node' with build type 'ament_cmake'
[0.240s] INFO:colcon.colcon_cmake.task.cmake.build:Building CMake package in '/home/lennoxtr/turtlebot3_ws/src/turtlebot3_simulations/turtlebot3_fake_node'
[0.240s] INFO:colcon.colcon_core.shell:Skip shell extension 'powershell' for command environment: Not usable outside of PowerShell
[0.241s] DEBUG:colcon.colcon_core.shell:Skip shell extension 'dsv' for command environment
[0.243s] INFO:colcon.colcon_ros.task.ament_cmake.build:Building ROS package in '/home/lennoxtr/turtlebot3_ws/src/turtlebot3_simulations/turtlebot3_gazebo' with build type 'ament_cmake'
[0.243s] INFO:colcon.colcon_cmake.task.cmake.build:Building CMake package in '/home/lennoxtr/turtlebot3_ws/src/turtlebot3_simulations/turtlebot3_gazebo'
[0.243s] INFO:colcon.colcon_core.shell:Skip shell extension 'powershell' for command environment: Not usable outside of PowerShell
[0.243s] DEBUG:colcon.colcon_core.shell:Skip shell extension 'dsv' for command environment
[0.245s] INFO:colcon.colcon_ros.task.ament_cmake.build:Building ROS package in '/home/lennoxtr/turtlebot3_ws/src/velocity_msg' with build type 'ament_cmake'
[0.245s] INFO:colcon.colcon_cmake.task.cmake.build:Building CMake package in '/home/lennoxtr/turtlebot3_ws/src/velocity_msg'
[0.245s] INFO:colcon.colcon_core.shell:Skip shell extension 'powershell' for command environment: Not usable outside of PowerShell
[0.245s] DEBUG:colcon.colcon_core.shell:Skip shell extension 'dsv' for command environment
[0.251s] DEBUG:colcon.colcon_core.event_handler.log_command:Invoking command in '/home/lennoxtr/turtlebot3_ws/src/build/heading_msg': CMAKE_PREFIX_PATH=${CMAKE_PREFIX_PATH}:/home/lennoxtr/turtlebot3_ws/src/install/robot_goal_pub:/home/lennoxtr/turtlebot3_ws/src/install/goal_input:/opt/ros/humble /usr/bin/cmake --build /home/lennoxtr/turtlebot3_ws/src/build/heading_msg -- -j12 -l12
[0.253s] DEBUG:colcon.colcon_core.event_handler.log_command:Invoking command in '/home/lennoxtr/turtlebot3_ws/src/build/robot_goal': CMAKE_PREFIX_PATH=${CMAKE_PREFIX_PATH}:/home/lennoxtr/turtlebot3_ws/src/install/robot_goal_pub:/home/lennoxtr/turtlebot3_ws/src/install/goal_input:/opt/ros/humble /usr/bin/cmake --build /home/lennoxtr/turtlebot3_ws/src/build/robot_goal -- -j12 -l12
[0.255s] DEBUG:colcon.colcon_core.event_handler.log_command:Invoking command in '/home/lennoxtr/turtlebot3_ws/src/build/turtlebot3_fake_node': CMAKE_PREFIX_PATH=${CMAKE_PREFIX_PATH}:/home/lennoxtr/turtlebot3_ws/src/install/robot_goal_pub:/home/lennoxtr/turtlebot3_ws/src/install/goal_input:/opt/ros/humble /usr/bin/cmake --build /home/lennoxtr/turtlebot3_ws/src/build/turtlebot3_fake_node -- -j12 -l12
[0.256s] DEBUG:colcon.colcon_core.event_handler.log_command:Invoking command in '/home/lennoxtr/turtlebot3_ws/src/build/turtlebot3_gazebo': CMAKE_PREFIX_PATH=${CMAKE_PREFIX_PATH}:/home/lennoxtr/turtlebot3_ws/src/install/robot_goal_pub:/home/lennoxtr/turtlebot3_ws/src/install/goal_input:/opt/ros/humble /usr/bin/cmake --build /home/lennoxtr/turtlebot3_ws/src/build/turtlebot3_gazebo -- -j12 -l12
[0.260s] DEBUG:colcon.colcon_core.event_handler.log_command:Invoking command in '/home/lennoxtr/turtlebot3_ws/src/build/velocity_msg': CMAKE_PREFIX_PATH=${CMAKE_PREFIX_PATH}:/home/lennoxtr/turtlebot3_ws/src/install/robot_goal_pub:/home/lennoxtr/turtlebot3_ws/src/install/goal_input:/opt/ros/humble /usr/bin/cmake --build /home/lennoxtr/turtlebot3_ws/src/build/velocity_msg -- -j12 -l12
[0.334s] DEBUG:colcon.colcon_core.event_handler.log_command:Invoked command in '/home/lennoxtr/turtlebot3_ws/src/build/turtlebot3_fake_node' returned '0': CMAKE_PREFIX_PATH=${CMAKE_PREFIX_PATH}:/home/lennoxtr/turtlebot3_ws/src/install/robot_goal_pub:/home/lennoxtr/turtlebot3_ws/src/install/goal_input:/opt/ros/humble /usr/bin/cmake --build /home/lennoxtr/turtlebot3_ws/src/build/turtlebot3_fake_node -- -j12 -l12
[0.359s] DEBUG:colcon.colcon_core.event_handler.log_command:Invoked command in '/home/lennoxtr/turtlebot3_ws/src/build/turtlebot3_gazebo' returned '0': CMAKE_PREFIX_PATH=${CMAKE_PREFIX_PATH}:/home/lennoxtr/turtlebot3_ws/src/install/robot_goal_pub:/home/lennoxtr/turtlebot3_ws/src/install/goal_input:/opt/ros/humble /usr/bin/cmake --build /home/lennoxtr/turtlebot3_ws/src/build/turtlebot3_gazebo -- -j12 -l12
[0.374s] DEBUG:colcon.colcon_core.event_handler.log_command:Invoking command in '/home/lennoxtr/turtlebot3_ws/src/build/turtlebot3_fake_node': CMAKE_PREFIX_PATH=${CMAKE_PREFIX_PATH}:/home/lennoxtr/turtlebot3_ws/src/install/robot_goal_pub:/home/lennoxtr/turtlebot3_ws/src/install/goal_input:/opt/ros/humble /usr/bin/cmake --install /home/lennoxtr/turtlebot3_ws/src/build/turtlebot3_fake_node
[0.384s] Level 1:colcon.colcon_core.environment:create_environment_scripts_only(turtlebot3_fake_node)
[0.384s] DEBUG:colcon.colcon_core.event_handler.log_command:Invoked command in '/home/lennoxtr/turtlebot3_ws/src/build/turtlebot3_fake_node' returned '0': CMAKE_PREFIX_PATH=${CMAKE_PREFIX_PATH}:/home/lennoxtr/turtlebot3_ws/src/install/robot_goal_pub:/home/lennoxtr/turtlebot3_ws/src/install/goal_input:/opt/ros/humble /usr/bin/cmake --install /home/lennoxtr/turtlebot3_ws/src/build/turtlebot3_fake_node
[0.387s] Level 1:colcon.colcon_core.environment:checking '/home/lennoxtr/turtlebot3_ws/src/install/turtlebot3_fake_node' for CMake module files
[0.387s] Level 1:colcon.colcon_core.environment:checking '/home/lennoxtr/turtlebot3_ws/src/install/turtlebot3_fake_node' for CMake config files
[0.388s] Level 1:colcon.colcon_core.shell:create_environment_hook('turtlebot3_fake_node', 'cmake_prefix_path')
[0.388s] INFO:colcon.colcon_core.shell:Creating environment hook '/home/lennoxtr/turtlebot3_ws/src/install/turtlebot3_fake_node/share/turtlebot3_fake_node/hook/cmake_prefix_path.ps1'
[0.389s] INFO:colcon.colcon_core.shell:Creating environment descriptor '/home/lennoxtr/turtlebot3_ws/src/install/turtlebot3_fake_node/share/turtlebot3_fake_node/hook/cmake_prefix_path.dsv'
[0.389s] INFO:colcon.colcon_core.shell:Creating environment hook '/home/lennoxtr/turtlebot3_ws/src/install/turtlebot3_fake_node/share/turtlebot3_fake_node/hook/cmake_prefix_path.sh'
[0.390s] Level 1:colcon.colcon_core.environment:checking '/home/lennoxtr/turtlebot3_ws/src/install/turtlebot3_fake_node/lib'
[0.391s] Level 1:colcon.colcon_core.environment:checking '/home/lennoxtr/turtlebot3_ws/src/install/turtlebot3_fake_node/bin'
[0.391s] Level 1:colcon.colcon_core.environment:checking '/home/lennoxtr/turtlebot3_ws/src/install/turtlebot3_fake_node/lib/pkgconfig/turtlebot3_fake_node.pc'
[0.391s] Level 1:colcon.colcon_core.environment:checking '/home/lennoxtr/turtlebot3_ws/src/install/turtlebot3_fake_node/lib/python3.10/site-packages'
[0.391s] Level 1:colcon.colcon_core.environment:checking '/home/lennoxtr/turtlebot3_ws/src/install/turtlebot3_fake_node/bin'
[0.392s] INFO:colcon.colcon_core.shell:Creating package script '/home/lennoxtr/turtlebot3_ws/src/install/turtlebot3_fake_node/share/turtlebot3_fake_node/package.ps1'
[0.393s] INFO:colcon.colcon_core.shell:Creating package descriptor '/home/lennoxtr/turtlebot3_ws/src/install/turtlebot3_fake_node/share/turtlebot3_fake_node/package.dsv'
[0.393s] INFO:colcon.colcon_core.shell:Creating package script '/home/lennoxtr/turtlebot3_ws/src/install/turtlebot3_fake_node/share/turtlebot3_fake_node/package.sh'
[0.394s] INFO:colcon.colcon_core.shell:Creating package script '/home/lennoxtr/turtlebot3_ws/src/install/turtlebot3_fake_node/share/turtlebot3_fake_node/package.bash'
[0.395s] INFO:colcon.colcon_core.shell:Creating package script '/home/lennoxtr/turtlebot3_ws/src/install/turtlebot3_fake_node/share/turtlebot3_fake_node/package.zsh'
[0.396s] Level 1:colcon.colcon_core.environment:create_file_with_runtime_dependencies(/home/lennoxtr/turtlebot3_ws/src/install/turtlebot3_fake_node/share/colcon-core/packages/turtlebot3_fake_node)
[0.399s] DEBUG:colcon.colcon_core.event_handler.log_command:Invoking command in '/home/lennoxtr/turtlebot3_ws/src/build/turtlebot3_gazebo': CMAKE_PREFIX_PATH=${CMAKE_PREFIX_PATH}:/home/lennoxtr/turtlebot3_ws/src/install/robot_goal_pub:/home/lennoxtr/turtlebot3_ws/src/install/goal_input:/opt/ros/humble /usr/bin/cmake --install /home/lennoxtr/turtlebot3_ws/src/build/turtlebot3_gazebo
[0.416s] Level 1:colcon.colcon_core.environment:create_environment_scripts_only(turtlebot3_gazebo)
[0.416s] Level 1:colcon.colcon_core.environment:checking '/home/lennoxtr/turtlebot3_ws/src/install/turtlebot3_gazebo' for CMake module files
[0.417s] Level 1:colcon.colcon_core.environment:checking '/home/lennoxtr/turtlebot3_ws/src/install/turtlebot3_gazebo' for CMake config files
[0.417s] Level 1:colcon.colcon_core.shell:create_environment_hook('turtlebot3_gazebo', 'cmake_prefix_path')
[0.417s] INFO:colcon.colcon_core.shell:Creating environment hook '/home/lennoxtr/turtlebot3_ws/src/install/turtlebot3_gazebo/share/turtlebot3_gazebo/hook/cmake_prefix_path.ps1'
[0.420s] INFO:colcon.colcon_core.shell:Creating environment descriptor '/home/lennoxtr/turtlebot3_ws/src/install/turtlebot3_gazebo/share/turtlebot3_gazebo/hook/cmake_prefix_path.dsv'
[0.421s] INFO:colcon.colcon_core.shell:Creating environment hook '/home/lennoxtr/turtlebot3_ws/src/install/turtlebot3_gazebo/share/turtlebot3_gazebo/hook/cmake_prefix_path.sh'
[0.421s] DEBUG:colcon.colcon_core.event_handler.log_command:Invoked command in '/home/lennoxtr/turtlebot3_ws/src/build/turtlebot3_gazebo' returned '0': CMAKE_PREFIX_PATH=${CMAKE_PREFIX_PATH}:/home/lennoxtr/turtlebot3_ws/src/install/robot_goal_pub:/home/lennoxtr/turtlebot3_ws/src/install/goal_input:/opt/ros/humble /usr/bin/cmake --install /home/lennoxtr/turtlebot3_ws/src/build/turtlebot3_gazebo
[0.422s] Level 1:colcon.colcon_core.environment:checking '/home/lennoxtr/turtlebot3_ws/src/install/turtlebot3_gazebo/lib'
[0.422s] Level 1:colcon.colcon_core.environment:checking '/home/lennoxtr/turtlebot3_ws/src/install/turtlebot3_gazebo/bin'
[0.422s] Level 1:colcon.colcon_core.environment:checking '/home/lennoxtr/turtlebot3_ws/src/install/turtlebot3_gazebo/lib/pkgconfig/turtlebot3_gazebo.pc'
[0.423s] Level 1:colcon.colcon_core.environment:checking '/home/lennoxtr/turtlebot3_ws/src/install/turtlebot3_gazebo/lib/python3.10/site-packages'
[0.423s] Level 1:colcon.colcon_core.environment:checking '/home/lennoxtr/turtlebot3_ws/src/install/turtlebot3_gazebo/bin'
[0.423s] INFO:colcon.colcon_core.shell:Creating package script '/home/lennoxtr/turtlebot3_ws/src/install/turtlebot3_gazebo/share/turtlebot3_gazebo/package.ps1'
[0.424s] INFO:colcon.colcon_core.shell:Creating package descriptor '/home/lennoxtr/turtlebot3_ws/src/install/turtlebot3_gazebo/share/turtlebot3_gazebo/package.dsv'
[0.424s] INFO:colcon.colcon_core.shell:Creating package script '/home/lennoxtr/turtlebot3_ws/src/install/turtlebot3_gazebo/share/turtlebot3_gazebo/package.sh'
[0.425s] INFO:colcon.colcon_core.shell:Creating package script '/home/lennoxtr/turtlebot3_ws/src/install/turtlebot3_gazebo/share/turtlebot3_gazebo/package.bash'
[0.425s] INFO:colcon.colcon_core.shell:Creating package script '/home/lennoxtr/turtlebot3_ws/src/install/turtlebot3_gazebo/share/turtlebot3_gazebo/package.zsh'
[0.426s] Level 1:colcon.colcon_core.environment:create_file_with_runtime_dependencies(/home/lennoxtr/turtlebot3_ws/src/install/turtlebot3_gazebo/share/colcon-core/packages/turtlebot3_gazebo)
[0.428s] Level 1:colcon.colcon_core.environment:create_environment_scripts_only(turtlebot3_fake_node)
[0.428s] Level 1:colcon.colcon_core.environment:checking '/home/lennoxtr/turtlebot3_ws/src/install/turtlebot3_fake_node' for CMake module files
[0.428s] Level 1:colcon.colcon_core.environment:checking '/home/lennoxtr/turtlebot3_ws/src/install/turtlebot3_fake_node' for CMake config files
[0.429s] Level 1:colcon.colcon_core.shell:create_environment_hook('turtlebot3_fake_node', 'cmake_prefix_path')
[0.429s] INFO:colcon.colcon_core.shell:Creating environment hook '/home/lennoxtr/turtlebot3_ws/src/install/turtlebot3_fake_node/share/turtlebot3_fake_node/hook/cmake_prefix_path.ps1'
[0.430s] INFO:colcon.colcon_core.shell:Creating environment descriptor '/home/lennoxtr/turtlebot3_ws/src/install/turtlebot3_fake_node/share/turtlebot3_fake_node/hook/cmake_prefix_path.dsv'
[0.430s] INFO:colcon.colcon_core.shell:Creating environment hook '/home/lennoxtr/turtlebot3_ws/src/install/turtlebot3_fake_node/share/turtlebot3_fake_node/hook/cmake_prefix_path.sh'
[0.431s] Level 1:colcon.colcon_core.environment:checking '/home/lennoxtr/turtlebot3_ws/src/install/turtlebot3_fake_node/lib'
[0.431s] Level 1:colcon.colcon_core.environment:checking '/home/lennoxtr/turtlebot3_ws/src/install/turtlebot3_fake_node/bin'
[0.431s] Level 1:colcon.colcon_core.environment:checking '/home/lennoxtr/turtlebot3_ws/src/install/turtlebot3_fake_node/lib/pkgconfig/turtlebot3_fake_node.pc'
[0.431s] Level 1:colcon.colcon_core.environment:checking '/home/lennoxtr/turtlebot3_ws/src/install/turtlebot3_fake_node/lib/python3.10/site-packages'
[0.432s] Level 1:colcon.colcon_core.environment:checking '/home/lennoxtr/turtlebot3_ws/src/install/turtlebot3_fake_node/bin'
[0.432s] INFO:colcon.colcon_core.shell:Creating package script '/home/lennoxtr/turtlebot3_ws/src/install/turtlebot3_fake_node/share/turtlebot3_fake_node/package.ps1'
[0.433s] INFO:colcon.colcon_core.shell:Creating package descriptor '/home/lennoxtr/turtlebot3_ws/src/install/turtlebot3_fake_node/share/turtlebot3_fake_node/package.dsv'
[0.433s] INFO:colcon.colcon_core.shell:Creating package script '/home/lennoxtr/turtlebot3_ws/src/install/turtlebot3_fake_node/share/turtlebot3_fake_node/package.sh'
[0.433s] INFO:colcon.colcon_core.shell:Creating package script '/home/lennoxtr/turtlebot3_ws/src/install/turtlebot3_fake_node/share/turtlebot3_fake_node/package.bash'
[0.434s] INFO:colcon.colcon_core.shell:Creating package script '/home/lennoxtr/turtlebot3_ws/src/install/turtlebot3_fake_node/share/turtlebot3_fake_node/package.zsh'
[0.434s] Level 1:colcon.colcon_core.environment:create_file_with_runtime_dependencies(/home/lennoxtr/turtlebot3_ws/src/install/turtlebot3_fake_node/share/colcon-core/packages/turtlebot3_fake_node)
[0.454s] Level 1:colcon.colcon_core.environment:create_environment_scripts_only(turtlebot3_gazebo)
[0.454s] Level 1:colcon.colcon_core.environment:checking '/home/lennoxtr/turtlebot3_ws/src/install/turtlebot3_gazebo' for CMake module files
[0.454s] Level 1:colcon.colcon_core.environment:checking '/home/lennoxtr/turtlebot3_ws/src/install/turtlebot3_gazebo' for CMake config files
[0.454s] Level 1:colcon.colcon_core.shell:create_environment_hook('turtlebot3_gazebo', 'cmake_prefix_path')
[0.455s] INFO:colcon.colcon_core.shell:Creating environment hook '/home/lennoxtr/turtlebot3_ws/src/install/turtlebot3_gazebo/share/turtlebot3_gazebo/hook/cmake_prefix_path.ps1'
[0.455s] INFO:colcon.colcon_core.shell:Creating environment descriptor '/home/lennoxtr/turtlebot3_ws/src/install/turtlebot3_gazebo/share/turtlebot3_gazebo/hook/cmake_prefix_path.dsv'
[0.455s] INFO:colcon.colcon_core.shell:Creating environment hook '/home/lennoxtr/turtlebot3_ws/src/install/turtlebot3_gazebo/share/turtlebot3_gazebo/hook/cmake_prefix_path.sh'
[0.456s] Level 1:colcon.colcon_core.environment:checking '/home/lennoxtr/turtlebot3_ws/src/install/turtlebot3_gazebo/lib'
[0.456s] Level 1:colcon.colcon_core.environment:checking '/home/lennoxtr/turtlebot3_ws/src/install/turtlebot3_gazebo/bin'
[0.456s] Level 1:colcon.colcon_core.environment:checking '/home/lennoxtr/turtlebot3_ws/src/install/turtlebot3_gazebo/lib/pkgconfig/turtlebot3_gazebo.pc'
[0.456s] Level 1:colcon.colcon_core.environment:checking '/home/lennoxtr/turtlebot3_ws/src/install/turtlebot3_gazebo/lib/python3.10/site-packages'
[0.456s] Level 1:colcon.colcon_core.environment:checking '/home/lennoxtr/turtlebot3_ws/src/install/turtlebot3_gazebo/bin'
[0.456s] INFO:colcon.colcon_core.shell:Creating package script '/home/lennoxtr/turtlebot3_ws/src/install/turtlebot3_gazebo/share/turtlebot3_gazebo/package.ps1'
[0.456s] INFO:colcon.colcon_core.shell:Creating package descriptor '/home/lennoxtr/turtlebot3_ws/src/install/turtlebot3_gazebo/share/turtlebot3_gazebo/package.dsv'
[0.457s] INFO:colcon.colcon_core.shell:Creating package script '/home/lennoxtr/turtlebot3_ws/src/install/turtlebot3_gazebo/share/turtlebot3_gazebo/package.sh'
[0.457s] INFO:colcon.colcon_core.shell:Creating package script '/home/lennoxtr/turtlebot3_ws/src/install/turtlebot3_gazebo/share/turtlebot3_gazebo/package.bash'
[0.457s] INFO:colcon.colcon_core.shell:Creating package script '/home/lennoxtr/turtlebot3_ws/src/install/turtlebot3_gazebo/share/turtlebot3_gazebo/package.zsh'
[0.458s] Level 1:colcon.colcon_core.environment:create_file_with_runtime_dependencies(/home/lennoxtr/turtlebot3_ws/src/install/turtlebot3_gazebo/share/colcon-core/packages/turtlebot3_gazebo)
[0.458s] INFO:colcon.colcon_ros.task.ament_cmake.build:Building ROS package in '/home/lennoxtr/turtlebot3_ws/src/turtlebot3_simulations/turtlebot3_simulations' with build type 'ament_cmake'
[0.458s] INFO:colcon.colcon_cmake.task.cmake.build:Building CMake package in '/home/lennoxtr/turtlebot3_ws/src/turtlebot3_simulations/turtlebot3_simulations'
[0.458s] INFO:colcon.colcon_core.shell:Skip shell extension 'powershell' for command environment: Not usable outside of PowerShell
[0.458s] DEBUG:colcon.colcon_core.shell:Skip shell extension 'dsv' for command environment
[0.465s] DEBUG:colcon.colcon_core.event_handler.log_command:Invoking command in '/home/lennoxtr/turtlebot3_ws/src/build/turtlebot3_simulations': CMAKE_PREFIX_PATH=/home/lennoxtr/turtlebot3_ws/src/install/turtlebot3_gazebo:/home/lennoxtr/turtlebot3_ws/src/install/turtlebot3_fake_node:/home/lennoxtr/turtlebot3_ws/src/install/velocity_msg:/home/lennoxtr/turtlebot3_ws/src/install/turtlebot3_simulations:/home/lennoxtr/turtlebot3_ws/src/install/robot_goal:/home/lennoxtr/turtlebot3_ws/src/install/heading_msg:/home/lennoxtr/turtlebot3_ws/src/install/robot_goal_pub:/home/lennoxtr/turtlebot3_ws/src/install/goal_input:/opt/ros/humble /usr/bin/cmake --build /home/lennoxtr/turtlebot3_ws/src/build/turtlebot3_simulations -- -j12 -l12
[0.491s] DEBUG:colcon.colcon_core.event_handler.log_command:Invoked command in '/home/lennoxtr/turtlebot3_ws/src/build/turtlebot3_simulations' returned '0': CMAKE_PREFIX_PATH=/home/lennoxtr/turtlebot3_ws/src/install/turtlebot3_gazebo:/home/lennoxtr/turtlebot3_ws/src/install/turtlebot3_fake_node:/home/lennoxtr/turtlebot3_ws/src/install/velocity_msg:/home/lennoxtr/turtlebot3_ws/src/install/turtlebot3_simulations:/home/lennoxtr/turtlebot3_ws/src/install/robot_goal:/home/lennoxtr/turtlebot3_ws/src/install/heading_msg:/home/lennoxtr/turtlebot3_ws/src/install/robot_goal_pub:/home/lennoxtr/turtlebot3_ws/src/install/goal_input:/opt/ros/humble /usr/bin/cmake --build /home/lennoxtr/turtlebot3_ws/src/build/turtlebot3_simulations -- -j12 -l12
[0.506s] DEBUG:colcon.colcon_core.event_handler.log_command:Invoking command in '/home/lennoxtr/turtlebot3_ws/src/build/turtlebot3_simulations': CMAKE_PREFIX_PATH=/home/lennoxtr/turtlebot3_ws/src/install/turtlebot3_gazebo:/home/lennoxtr/turtlebot3_ws/src/install/turtlebot3_fake_node:/home/lennoxtr/turtlebot3_ws/src/install/velocity_msg:/home/lennoxtr/turtlebot3_ws/src/install/turtlebot3_simulations:/home/lennoxtr/turtlebot3_ws/src/install/robot_goal:/home/lennoxtr/turtlebot3_ws/src/install/heading_msg:/home/lennoxtr/turtlebot3_ws/src/install/robot_goal_pub:/home/lennoxtr/turtlebot3_ws/src/install/goal_input:/opt/ros/humble /usr/bin/cmake --install /home/lennoxtr/turtlebot3_ws/src/build/turtlebot3_simulations
[0.513s] Level 1:colcon.colcon_core.environment:create_environment_scripts_only(turtlebot3_simulations)
[0.514s] Level 1:colcon.colcon_core.environment:checking '/home/lennoxtr/turtlebot3_ws/src/install/turtlebot3_simulations' for CMake module files
[0.514s] DEBUG:colcon.colcon_core.event_handler.log_command:Invoked command in '/home/lennoxtr/turtlebot3_ws/src/build/turtlebot3_simulations' returned '0': CMAKE_PREFIX_PATH=/home/lennoxtr/turtlebot3_ws/src/install/turtlebot3_gazebo:/home/lennoxtr/turtlebot3_ws/src/install/turtlebot3_fake_node:/home/lennoxtr/turtlebot3_ws/src/install/velocity_msg:/home/lennoxtr/turtlebot3_ws/src/install/turtlebot3_simulations:/home/lennoxtr/turtlebot3_ws/src/install/robot_goal:/home/lennoxtr/turtlebot3_ws/src/install/heading_msg:/home/lennoxtr/turtlebot3_ws/src/install/robot_goal_pub:/home/lennoxtr/turtlebot3_ws/src/install/goal_input:/opt/ros/humble /usr/bin/cmake --install /home/lennoxtr/turtlebot3_ws/src/build/turtlebot3_simulations
[0.514s] Level 1:colcon.colcon_core.environment:checking '/home/lennoxtr/turtlebot3_ws/src/install/turtlebot3_simulations' for CMake config files
[0.514s] Level 1:colcon.colcon_core.shell:create_environment_hook('turtlebot3_simulations', 'cmake_prefix_path')
[0.514s] INFO:colcon.colcon_core.shell:Creating environment hook '/home/lennoxtr/turtlebot3_ws/src/install/turtlebot3_simulations/share/turtlebot3_simulations/hook/cmake_prefix_path.ps1'
[0.515s] INFO:colcon.colcon_core.shell:Creating environment descriptor '/home/lennoxtr/turtlebot3_ws/src/install/turtlebot3_simulations/share/turtlebot3_simulations/hook/cmake_prefix_path.dsv'
[0.515s] INFO:colcon.colcon_core.shell:Creating environment hook '/home/lennoxtr/turtlebot3_ws/src/install/turtlebot3_simulations/share/turtlebot3_simulations/hook/cmake_prefix_path.sh'
[0.516s] Level 1:colcon.colcon_core.environment:checking '/home/lennoxtr/turtlebot3_ws/src/install/turtlebot3_simulations/bin'
[0.516s] Level 1:colcon.colcon_core.environment:checking '/home/lennoxtr/turtlebot3_ws/src/install/turtlebot3_simulations/lib/pkgconfig/turtlebot3_simulations.pc'
[0.516s] Level 1:colcon.colcon_core.environment:checking '/home/lennoxtr/turtlebot3_ws/src/install/turtlebot3_simulations/lib/python3.10/site-packages'
[0.516s] Level 1:colcon.colcon_core.environment:checking '/home/lennoxtr/turtlebot3_ws/src/install/turtlebot3_simulations/bin'
[0.516s] INFO:colcon.colcon_core.shell:Creating package script '/home/lennoxtr/turtlebot3_ws/src/install/turtlebot3_simulations/share/turtlebot3_simulations/package.ps1'
[0.516s] INFO:colcon.colcon_core.shell:Creating package descriptor '/home/lennoxtr/turtlebot3_ws/src/install/turtlebot3_simulations/share/turtlebot3_simulations/package.dsv'
[0.517s] INFO:colcon.colcon_core.shell:Creating package script '/home/lennoxtr/turtlebot3_ws/src/install/turtlebot3_simulations/share/turtlebot3_simulations/package.sh'
[0.517s] INFO:colcon.colcon_core.shell:Creating package script '/home/lennoxtr/turtlebot3_ws/src/install/turtlebot3_simulations/share/turtlebot3_simulations/package.bash'
[0.517s] INFO:colcon.colcon_core.shell:Creating package script '/home/lennoxtr/turtlebot3_ws/src/install/turtlebot3_simulations/share/turtlebot3_simulations/package.zsh'
[0.517s] Level 1:colcon.colcon_core.environment:create_file_with_runtime_dependencies(/home/lennoxtr/turtlebot3_ws/src/install/turtlebot3_simulations/share/colcon-core/packages/turtlebot3_simulations)
[0.533s] Level 1:colcon.colcon_core.environment:create_environment_scripts_only(turtlebot3_simulations)
[0.534s] Level 1:colcon.colcon_core.environment:checking '/home/lennoxtr/turtlebot3_ws/src/install/turtlebot3_simulations' for CMake module files
[0.534s] Level 1:colcon.colcon_core.environment:checking '/home/lennoxtr/turtlebot3_ws/src/install/turtlebot3_simulations' for CMake config files
[0.534s] Level 1:colcon.colcon_core.shell:create_environment_hook('turtlebot3_simulations', 'cmake_prefix_path')
[0.535s] INFO:colcon.colcon_core.shell:Creating environment hook '/home/lennoxtr/turtlebot3_ws/src/install/turtlebot3_simulations/share/turtlebot3_simulations/hook/cmake_prefix_path.ps1'
[0.535s] INFO:colcon.colcon_core.shell:Creating environment descriptor '/home/lennoxtr/turtlebot3_ws/src/install/turtlebot3_simulations/share/turtlebot3_simulations/hook/cmake_prefix_path.dsv'
[0.535s] INFO:colcon.colcon_core.shell:Creating environment hook '/home/lennoxtr/turtlebot3_ws/src/install/turtlebot3_simulations/share/turtlebot3_simulations/hook/cmake_prefix_path.sh'
[0.536s] Level 1:colcon.colcon_core.environment:checking '/home/lennoxtr/turtlebot3_ws/src/install/turtlebot3_simulations/bin'
[0.536s] Level 1:colcon.colcon_core.environment:checking '/home/lennoxtr/turtlebot3_ws/src/install/turtlebot3_simulations/lib/pkgconfig/turtlebot3_simulations.pc'
[0.536s] Level 1:colcon.colcon_core.environment:checking '/home/lennoxtr/turtlebot3_ws/src/install/turtlebot3_simulations/lib/python3.10/site-packages'
[0.536s] Level 1:colcon.colcon_core.environment:checking '/home/lennoxtr/turtlebot3_ws/src/install/turtlebot3_simulations/bin'
[0.536s] INFO:colcon.colcon_core.shell:Creating package script '/home/lennoxtr/turtlebot3_ws/src/install/turtlebot3_simulations/share/turtlebot3_simulations/package.ps1'
[0.537s] INFO:colcon.colcon_core.shell:Creating package descriptor '/home/lennoxtr/turtlebot3_ws/src/install/turtlebot3_simulations/share/turtlebot3_simulations/package.dsv'
[0.537s] INFO:colcon.colcon_core.shell:Creating package script '/home/lennoxtr/turtlebot3_ws/src/install/turtlebot3_simulations/share/turtlebot3_simulations/package.sh'
[0.537s] INFO:colcon.colcon_core.shell:Creating package script '/home/lennoxtr/turtlebot3_ws/src/install/turtlebot3_simulations/share/turtlebot3_simulations/package.bash'
[0.538s] INFO:colcon.colcon_core.shell:Creating package script '/home/lennoxtr/turtlebot3_ws/src/install/turtlebot3_simulations/share/turtlebot3_simulations/package.zsh'
[0.538s] Level 1:colcon.colcon_core.environment:create_file_with_runtime_dependencies(/home/lennoxtr/turtlebot3_ws/src/install/turtlebot3_simulations/share/colcon-core/packages/turtlebot3_simulations)
[0.546s] DEBUG:colcon.colcon_core.event_handler.log_command:Invoked command in '/home/lennoxtr/turtlebot3_ws/src/build/robot_goal' returned '0': CMAKE_PREFIX_PATH=${CMAKE_PREFIX_PATH}:/home/lennoxtr/turtlebot3_ws/src/install/robot_goal_pub:/home/lennoxtr/turtlebot3_ws/src/install/goal_input:/opt/ros/humble /usr/bin/cmake --build /home/lennoxtr/turtlebot3_ws/src/build/robot_goal -- -j12 -l12
[0.565s] DEBUG:colcon.colcon_core.event_handler.log_command:Invoked command in '/home/lennoxtr/turtlebot3_ws/src/build/heading_msg' returned '0': CMAKE_PREFIX_PATH=${CMAKE_PREFIX_PATH}:/home/lennoxtr/turtlebot3_ws/src/install/robot_goal_pub:/home/lennoxtr/turtlebot3_ws/src/install/goal_input:/opt/ros/humble /usr/bin/cmake --build /home/lennoxtr/turtlebot3_ws/src/build/heading_msg -- -j12 -l12
[0.574s] DEBUG:colcon.colcon_core.event_handler.log_command:Invoked command in '/home/lennoxtr/turtlebot3_ws/src/build/velocity_msg' returned '0': CMAKE_PREFIX_PATH=${CMAKE_PREFIX_PATH}:/home/lennoxtr/turtlebot3_ws/src/install/robot_goal_pub:/home/lennoxtr/turtlebot3_ws/src/install/goal_input:/opt/ros/humble /usr/bin/cmake --build /home/lennoxtr/turtlebot3_ws/src/build/velocity_msg -- -j12 -l12
[0.589s] DEBUG:colcon.colcon_core.event_handler.log_command:Invoking command in '/home/lennoxtr/turtlebot3_ws/src/build/robot_goal': CMAKE_PREFIX_PATH=${CMAKE_PREFIX_PATH}:/home/lennoxtr/turtlebot3_ws/src/install/robot_goal_pub:/home/lennoxtr/turtlebot3_ws/src/install/goal_input:/opt/ros/humble /usr/bin/cmake --install /home/lennoxtr/turtlebot3_ws/src/build/robot_goal
[0.606s] DEBUG:colcon.colcon_core.event_handler.log_command:Invoking command in '/home/lennoxtr/turtlebot3_ws/src/build/heading_msg': CMAKE_PREFIX_PATH=${CMAKE_PREFIX_PATH}:/home/lennoxtr/turtlebot3_ws/src/install/robot_goal_pub:/home/lennoxtr/turtlebot3_ws/src/install/goal_input:/opt/ros/humble /usr/bin/cmake --install /home/lennoxtr/turtlebot3_ws/src/build/heading_msg
[0.617s] DEBUG:colcon.colcon_core.event_handler.log_command:Invoking command in '/home/lennoxtr/turtlebot3_ws/src/build/velocity_msg': CMAKE_PREFIX_PATH=${CMAKE_PREFIX_PATH}:/home/lennoxtr/turtlebot3_ws/src/install/robot_goal_pub:/home/lennoxtr/turtlebot3_ws/src/install/goal_input:/opt/ros/humble /usr/bin/cmake --install /home/lennoxtr/turtlebot3_ws/src/build/velocity_msg
[0.627s] Level 1:colcon.colcon_core.environment:create_environment_scripts_only(robot_goal)
[0.627s] Level 1:colcon.colcon_core.environment:checking '/home/lennoxtr/turtlebot3_ws/src/install/robot_goal' for CMake module files
[0.629s] Level 1:colcon.colcon_core.environment:checking '/home/lennoxtr/turtlebot3_ws/src/install/robot_goal' for CMake config files
[0.632s] DEBUG:colcon.colcon_core.event_handler.log_command:Invoked command in '/home/lennoxtr/turtlebot3_ws/src/build/robot_goal' returned '0': CMAKE_PREFIX_PATH=${CMAKE_PREFIX_PATH}:/home/lennoxtr/turtlebot3_ws/src/install/robot_goal_pub:/home/lennoxtr/turtlebot3_ws/src/install/goal_input:/opt/ros/humble /usr/bin/cmake --install /home/lennoxtr/turtlebot3_ws/src/build/robot_goal
[0.632s] Level 1:colcon.colcon_core.shell:create_environment_hook('robot_goal', 'cmake_prefix_path')
[0.632s] INFO:colcon.colcon_core.shell:Creating environment hook '/home/lennoxtr/turtlebot3_ws/src/install/robot_goal/share/robot_goal/hook/cmake_prefix_path.ps1'
[0.633s] INFO:colcon.colcon_core.shell:Creating environment descriptor '/home/lennoxtr/turtlebot3_ws/src/install/robot_goal/share/robot_goal/hook/cmake_prefix_path.dsv'
[0.633s] INFO:colcon.colcon_core.shell:Creating environment hook '/home/lennoxtr/turtlebot3_ws/src/install/robot_goal/share/robot_goal/hook/cmake_prefix_path.sh'
[0.634s] Level 1:colcon.colcon_core.environment:checking '/home/lennoxtr/turtlebot3_ws/src/install/robot_goal/lib'
[0.634s] Level 1:colcon.colcon_core.shell:create_environment_hook('robot_goal', 'ld_library_path_lib')
[0.634s] INFO:colcon.colcon_core.shell:Creating environment hook '/home/lennoxtr/turtlebot3_ws/src/install/robot_goal/share/robot_goal/hook/ld_library_path_lib.ps1'
[0.635s] INFO:colcon.colcon_core.shell:Creating environment descriptor '/home/lennoxtr/turtlebot3_ws/src/install/robot_goal/share/robot_goal/hook/ld_library_path_lib.dsv'
[0.635s] INFO:colcon.colcon_core.shell:Creating environment hook '/home/lennoxtr/turtlebot3_ws/src/install/robot_goal/share/robot_goal/hook/ld_library_path_lib.sh'
[0.635s] Level 1:colcon.colcon_core.environment:checking '/home/lennoxtr/turtlebot3_ws/src/install/robot_goal/bin'
[0.635s] Level 1:colcon.colcon_core.environment:checking '/home/lennoxtr/turtlebot3_ws/src/install/robot_goal/lib/pkgconfig/robot_goal.pc'
[0.636s] Level 1:colcon.colcon_core.environment:checking '/home/lennoxtr/turtlebot3_ws/src/install/robot_goal/lib/python3.10/site-packages'
[0.636s] Level 1:colcon.colcon_core.environment:checking '/home/lennoxtr/turtlebot3_ws/src/install/robot_goal/bin'
[0.636s] INFO:colcon.colcon_core.shell:Creating package script '/home/lennoxtr/turtlebot3_ws/src/install/robot_goal/share/robot_goal/package.ps1'
[0.637s] INFO:colcon.colcon_core.shell:Creating package descriptor '/home/lennoxtr/turtlebot3_ws/src/install/robot_goal/share/robot_goal/package.dsv'
[0.637s] INFO:colcon.colcon_core.shell:Creating package script '/home/lennoxtr/turtlebot3_ws/src/install/robot_goal/share/robot_goal/package.sh'
[0.637s] INFO:colcon.colcon_core.shell:Creating package script '/home/lennoxtr/turtlebot3_ws/src/install/robot_goal/share/robot_goal/package.bash'
[0.638s] INFO:colcon.colcon_core.shell:Creating package script '/home/lennoxtr/turtlebot3_ws/src/install/robot_goal/share/robot_goal/package.zsh'
[0.638s] Level 1:colcon.colcon_core.environment:create_file_with_runtime_dependencies(/home/lennoxtr/turtlebot3_ws/src/install/robot_goal/share/colcon-core/packages/robot_goal)
[0.648s] Level 1:colcon.colcon_core.environment:create_environment_scripts_only(heading_msg)
[0.648s] Level 1:colcon.colcon_core.environment:checking '/home/lennoxtr/turtlebot3_ws/src/install/heading_msg' for CMake module files
[0.649s] DEBUG:colcon.colcon_core.event_handler.log_command:Invoked command in '/home/lennoxtr/turtlebot3_ws/src/build/heading_msg' returned '0': CMAKE_PREFIX_PATH=${CMAKE_PREFIX_PATH}:/home/lennoxtr/turtlebot3_ws/src/install/robot_goal_pub:/home/lennoxtr/turtlebot3_ws/src/install/goal_input:/opt/ros/humble /usr/bin/cmake --install /home/lennoxtr/turtlebot3_ws/src/build/heading_msg
[0.649s] Level 1:colcon.colcon_core.environment:checking '/home/lennoxtr/turtlebot3_ws/src/install/heading_msg' for CMake config files
[0.649s] Level 1:colcon.colcon_core.shell:create_environment_hook('heading_msg', 'cmake_prefix_path')
[0.649s] INFO:colcon.colcon_core.shell:Creating environment hook '/home/lennoxtr/turtlebot3_ws/src/install/heading_msg/share/heading_msg/hook/cmake_prefix_path.ps1'
[0.650s] INFO:colcon.colcon_core.shell:Creating environment descriptor '/home/lennoxtr/turtlebot3_ws/src/install/heading_msg/share/heading_msg/hook/cmake_prefix_path.dsv'
[0.650s] INFO:colcon.colcon_core.shell:Creating environment hook '/home/lennoxtr/turtlebot3_ws/src/install/heading_msg/share/heading_msg/hook/cmake_prefix_path.sh'
[0.651s] Level 1:colcon.colcon_core.environment:checking '/home/lennoxtr/turtlebot3_ws/src/install/heading_msg/lib'
[0.651s] Level 1:colcon.colcon_core.shell:create_environment_hook('heading_msg', 'ld_library_path_lib')
[0.651s] INFO:colcon.colcon_core.shell:Creating environment hook '/home/lennoxtr/turtlebot3_ws/src/install/heading_msg/share/heading_msg/hook/ld_library_path_lib.ps1'
[0.652s] INFO:colcon.colcon_core.shell:Creating environment descriptor '/home/lennoxtr/turtlebot3_ws/src/install/heading_msg/share/heading_msg/hook/ld_library_path_lib.dsv'
[0.652s] INFO:colcon.colcon_core.shell:Creating environment hook '/home/lennoxtr/turtlebot3_ws/src/install/heading_msg/share/heading_msg/hook/ld_library_path_lib.sh'
[0.652s] Level 1:colcon.colcon_core.environment:checking '/home/lennoxtr/turtlebot3_ws/src/install/heading_msg/bin'
[0.652s] Level 1:colcon.colcon_core.environment:checking '/home/lennoxtr/turtlebot3_ws/src/install/heading_msg/lib/pkgconfig/heading_msg.pc'
[0.653s] Level 1:colcon.colcon_core.environment:checking '/home/lennoxtr/turtlebot3_ws/src/install/heading_msg/lib/python3.10/site-packages'
[0.653s] Level 1:colcon.colcon_core.environment:checking '/home/lennoxtr/turtlebot3_ws/src/install/heading_msg/bin'
[0.653s] INFO:colcon.colcon_core.shell:Creating package script '/home/lennoxtr/turtlebot3_ws/src/install/heading_msg/share/heading_msg/package.ps1'
[0.654s] INFO:colcon.colcon_core.shell:Creating package descriptor '/home/lennoxtr/turtlebot3_ws/src/install/heading_msg/share/heading_msg/package.dsv'
[0.654s] INFO:colcon.colcon_core.shell:Creating package script '/home/lennoxtr/turtlebot3_ws/src/install/heading_msg/share/heading_msg/package.sh'
[0.655s] INFO:colcon.colcon_core.shell:Creating package script '/home/lennoxtr/turtlebot3_ws/src/install/heading_msg/share/heading_msg/package.bash'
[0.657s] INFO:colcon.colcon_core.shell:Creating package script '/home/lennoxtr/turtlebot3_ws/src/install/heading_msg/share/heading_msg/package.zsh'
[0.658s] Level 1:colcon.colcon_core.environment:create_file_with_runtime_dependencies(/home/lennoxtr/turtlebot3_ws/src/install/heading_msg/share/colcon-core/packages/heading_msg)
[0.659s] Level 1:colcon.colcon_core.environment:create_environment_scripts_only(velocity_msg)
[0.659s] Level 1:colcon.colcon_core.environment:checking '/home/lennoxtr/turtlebot3_ws/src/install/velocity_msg' for CMake module files
[0.660s] DEBUG:colcon.colcon_core.event_handler.log_command:Invoked command in '/home/lennoxtr/turtlebot3_ws/src/build/velocity_msg' returned '0': CMAKE_PREFIX_PATH=${CMAKE_PREFIX_PATH}:/home/lennoxtr/turtlebot3_ws/src/install/robot_goal_pub:/home/lennoxtr/turtlebot3_ws/src/install/goal_input:/opt/ros/humble /usr/bin/cmake --install /home/lennoxtr/turtlebot3_ws/src/build/velocity_msg
[0.660s] Level 1:colcon.colcon_core.environment:checking '/home/lennoxtr/turtlebot3_ws/src/install/velocity_msg' for CMake config files
[0.660s] Level 1:colcon.colcon_core.shell:create_environment_hook('velocity_msg', 'cmake_prefix_path')
[0.660s] INFO:colcon.colcon_core.shell:Creating environment hook '/home/lennoxtr/turtlebot3_ws/src/install/velocity_msg/share/velocity_msg/hook/cmake_prefix_path.ps1'
[0.661s] INFO:colcon.colcon_core.shell:Creating environment descriptor '/home/lennoxtr/turtlebot3_ws/src/install/velocity_msg/share/velocity_msg/hook/cmake_prefix_path.dsv'
[0.661s] INFO:colcon.colcon_core.shell:Creating environment hook '/home/lennoxtr/turtlebot3_ws/src/install/velocity_msg/share/velocity_msg/hook/cmake_prefix_path.sh'
[0.661s] Level 1:colcon.colcon_core.environment:checking '/home/lennoxtr/turtlebot3_ws/src/install/velocity_msg/lib'
[0.661s] Level 1:colcon.colcon_core.shell:create_environment_hook('velocity_msg', 'ld_library_path_lib')
[0.662s] INFO:colcon.colcon_core.shell:Creating environment hook '/home/lennoxtr/turtlebot3_ws/src/install/velocity_msg/share/velocity_msg/hook/ld_library_path_lib.ps1'
[0.662s] INFO:colcon.colcon_core.shell:Creating environment descriptor '/home/lennoxtr/turtlebot3_ws/src/install/velocity_msg/share/velocity_msg/hook/ld_library_path_lib.dsv'
[0.662s] INFO:colcon.colcon_core.shell:Creating environment hook '/home/lennoxtr/turtlebot3_ws/src/install/velocity_msg/share/velocity_msg/hook/ld_library_path_lib.sh'
[0.662s] Level 1:colcon.colcon_core.environment:checking '/home/lennoxtr/turtlebot3_ws/src/install/velocity_msg/bin'
[0.662s] Level 1:colcon.colcon_core.environment:checking '/home/lennoxtr/turtlebot3_ws/src/install/velocity_msg/lib/pkgconfig/velocity_msg.pc'
[0.662s] Level 1:colcon.colcon_core.environment:checking '/home/lennoxtr/turtlebot3_ws/src/install/velocity_msg/lib/python3.10/site-packages'
[0.663s] Level 1:colcon.colcon_core.environment:checking '/home/lennoxtr/turtlebot3_ws/src/install/velocity_msg/bin'
[0.663s] INFO:colcon.colcon_core.shell:Creating package script '/home/lennoxtr/turtlebot3_ws/src/install/velocity_msg/share/velocity_msg/package.ps1'
[0.663s] INFO:colcon.colcon_core.shell:Creating package descriptor '/home/lennoxtr/turtlebot3_ws/src/install/velocity_msg/share/velocity_msg/package.dsv'
[0.663s] INFO:colcon.colcon_core.shell:Creating package script '/home/lennoxtr/turtlebot3_ws/src/install/velocity_msg/share/velocity_msg/package.sh'
[0.664s] INFO:colcon.colcon_core.shell:Creating package script '/home/lennoxtr/turtlebot3_ws/src/install/velocity_msg/share/velocity_msg/package.bash'
[0.664s] INFO:colcon.colcon_core.shell:Creating package script '/home/lennoxtr/turtlebot3_ws/src/install/velocity_msg/share/velocity_msg/package.zsh'
[0.664s] Level 1:colcon.colcon_core.environment:create_file_with_runtime_dependencies(/home/lennoxtr/turtlebot3_ws/src/install/velocity_msg/share/colcon-core/packages/velocity_msg)
[0.682s] Level 1:colcon.colcon_core.environment:create_environment_scripts_only(robot_goal)
[0.682s] Level 1:colcon.colcon_core.environment:checking '/home/lennoxtr/turtlebot3_ws/src/install/robot_goal' for CMake module files
[0.683s] Level 1:colcon.colcon_core.environment:checking '/home/lennoxtr/turtlebot3_ws/src/install/robot_goal' for CMake config files
[0.683s] Level 1:colcon.colcon_core.shell:create_environment_hook('robot_goal', 'cmake_prefix_path')
[0.683s] INFO:colcon.colcon_core.shell:Creating environment hook '/home/lennoxtr/turtlebot3_ws/src/install/robot_goal/share/robot_goal/hook/cmake_prefix_path.ps1'
[0.683s] INFO:colcon.colcon_core.shell:Creating environment descriptor '/home/lennoxtr/turtlebot3_ws/src/install/robot_goal/share/robot_goal/hook/cmake_prefix_path.dsv'
[0.684s] INFO:colcon.colcon_core.shell:Creating environment hook '/home/lennoxtr/turtlebot3_ws/src/install/robot_goal/share/robot_goal/hook/cmake_prefix_path.sh'
[0.684s] Level 1:colcon.colcon_core.environment:checking '/home/lennoxtr/turtlebot3_ws/src/install/robot_goal/lib'
[0.684s] Level 1:colcon.colcon_core.shell:create_environment_hook('robot_goal', 'ld_library_path_lib')
[0.684s] INFO:colcon.colcon_core.shell:Creating environment hook '/home/lennoxtr/turtlebot3_ws/src/install/robot_goal/share/robot_goal/hook/ld_library_path_lib.ps1'
[0.684s] INFO:colcon.colcon_core.shell:Creating environment descriptor '/home/lennoxtr/turtlebot3_ws/src/install/robot_goal/share/robot_goal/hook/ld_library_path_lib.dsv'
[0.685s] INFO:colcon.colcon_core.shell:Creating environment hook '/home/lennoxtr/turtlebot3_ws/src/install/robot_goal/share/robot_goal/hook/ld_library_path_lib.sh'
[0.685s] Level 1:colcon.colcon_core.environment:checking '/home/lennoxtr/turtlebot3_ws/src/install/robot_goal/bin'
[0.685s] Level 1:colcon.colcon_core.environment:checking '/home/lennoxtr/turtlebot3_ws/src/install/robot_goal/lib/pkgconfig/robot_goal.pc'
[0.685s] Level 1:colcon.colcon_core.environment:checking '/home/lennoxtr/turtlebot3_ws/src/install/robot_goal/lib/python3.10/site-packages'
[0.685s] Level 1:colcon.colcon_core.environment:checking '/home/lennoxtr/turtlebot3_ws/src/install/robot_goal/bin'
[0.685s] INFO:colcon.colcon_core.shell:Creating package script '/home/lennoxtr/turtlebot3_ws/src/install/robot_goal/share/robot_goal/package.ps1'
[0.686s] INFO:colcon.colcon_core.shell:Creating package descriptor '/home/lennoxtr/turtlebot3_ws/src/install/robot_goal/share/robot_goal/package.dsv'
[0.686s] INFO:colcon.colcon_core.shell:Creating package script '/home/lennoxtr/turtlebot3_ws/src/install/robot_goal/share/robot_goal/package.sh'
[0.686s] INFO:colcon.colcon_core.shell:Creating package script '/home/lennoxtr/turtlebot3_ws/src/install/robot_goal/share/robot_goal/package.bash'
[0.687s] INFO:colcon.colcon_core.shell:Creating package script '/home/lennoxtr/turtlebot3_ws/src/install/robot_goal/share/robot_goal/package.zsh'
[0.687s] Level 1:colcon.colcon_core.environment:create_file_with_runtime_dependencies(/home/lennoxtr/turtlebot3_ws/src/install/robot_goal/share/colcon-core/packages/robot_goal)
[0.687s] INFO:colcon.colcon_ros.task.ament_python.build:Building ROS package in '/home/lennoxtr/turtlebot3_ws/src/goal_input' with build type 'ament_python'
[0.687s] Level 1:colcon.colcon_core.shell:create_environment_hook('goal_input', 'ament_prefix_path')
[0.687s] INFO:colcon.colcon_core.shell:Creating environment hook '/home/lennoxtr/turtlebot3_ws/src/install/goal_input/share/goal_input/hook/ament_prefix_path.ps1'
[0.688s] INFO:colcon.colcon_core.shell:Creating environment descriptor '/home/lennoxtr/turtlebot3_ws/src/install/goal_input/share/goal_input/hook/ament_prefix_path.dsv'
[0.689s] INFO:colcon.colcon_core.shell:Creating environment hook '/home/lennoxtr/turtlebot3_ws/src/install/goal_input/share/goal_input/hook/ament_prefix_path.sh'
[0.689s] INFO:colcon.colcon_core.shell:Skip shell extension 'powershell' for command environment: Not usable outside of PowerShell
[0.689s] DEBUG:colcon.colcon_core.shell:Skip shell extension 'dsv' for command environment
[0.862s] INFO:colcon.colcon_core.task.python.build:Building Python package in '/home/lennoxtr/turtlebot3_ws/src/goal_input'
[0.862s] INFO:colcon.colcon_core.shell:Skip shell extension 'powershell' for command environment: Not usable outside of PowerShell
[0.862s] DEBUG:colcon.colcon_core.shell:Skip shell extension 'dsv' for command environment
[0.865s] Level 1:colcon.colcon_core.environment:create_environment_scripts_only(heading_msg)
[0.865s] Level 1:colcon.colcon_core.environment:checking '/home/lennoxtr/turtlebot3_ws/src/install/heading_msg' for CMake module files
[0.866s] Level 1:colcon.colcon_core.environment:checking '/home/lennoxtr/turtlebot3_ws/src/install/heading_msg' for CMake config files
[0.866s] Level 1:colcon.colcon_core.shell:create_environment_hook('heading_msg', 'cmake_prefix_path')
[0.866s] INFO:colcon.colcon_core.shell:Creating environment hook '/home/lennoxtr/turtlebot3_ws/src/install/heading_msg/share/heading_msg/hook/cmake_prefix_path.ps1'
[0.866s] INFO:colcon.colcon_core.shell:Creating environment descriptor '/home/lennoxtr/turtlebot3_ws/src/install/heading_msg/share/heading_msg/hook/cmake_prefix_path.dsv'
[0.867s] INFO:colcon.colcon_core.shell:Creating environment hook '/home/lennoxtr/turtlebot3_ws/src/install/heading_msg/share/heading_msg/hook/cmake_prefix_path.sh'
[0.867s] Level 1:colcon.colcon_core.environment:checking '/home/lennoxtr/turtlebot3_ws/src/install/heading_msg/lib'
[0.867s] Level 1:colcon.colcon_core.shell:create_environment_hook('heading_msg', 'ld_library_path_lib')
[0.867s] INFO:colcon.colcon_core.shell:Creating environment hook '/home/lennoxtr/turtlebot3_ws/src/install/heading_msg/share/heading_msg/hook/ld_library_path_lib.ps1'
[0.867s] INFO:colcon.colcon_core.shell:Creating environment descriptor '/home/lennoxtr/turtlebot3_ws/src/install/heading_msg/share/heading_msg/hook/ld_library_path_lib.dsv'
[0.868s] INFO:colcon.colcon_core.shell:Creating environment hook '/home/lennoxtr/turtlebot3_ws/src/install/heading_msg/share/heading_msg/hook/ld_library_path_lib.sh'
[0.868s] Level 1:colcon.colcon_core.environment:checking '/home/lennoxtr/turtlebot3_ws/src/install/heading_msg/bin'
[0.868s] Level 1:colcon.colcon_core.environment:checking '/home/lennoxtr/turtlebot3_ws/src/install/heading_msg/lib/pkgconfig/heading_msg.pc'
[0.868s] Level 1:colcon.colcon_core.environment:checking '/home/lennoxtr/turtlebot3_ws/src/install/heading_msg/lib/python3.10/site-packages'
[0.868s] Level 1:colcon.colcon_core.environment:checking '/home/lennoxtr/turtlebot3_ws/src/install/heading_msg/bin'
[0.868s] INFO:colcon.colcon_core.shell:Creating package script '/home/lennoxtr/turtlebot3_ws/src/install/heading_msg/share/heading_msg/package.ps1'
[0.869s] INFO:colcon.colcon_core.shell:Creating package descriptor '/home/lennoxtr/turtlebot3_ws/src/install/heading_msg/share/heading_msg/package.dsv'
[0.869s] INFO:colcon.colcon_core.shell:Creating package script '/home/lennoxtr/turtlebot3_ws/src/install/heading_msg/share/heading_msg/package.sh'
[0.869s] INFO:colcon.colcon_core.shell:Creating package script '/home/lennoxtr/turtlebot3_ws/src/install/heading_msg/share/heading_msg/package.bash'
[0.869s] INFO:colcon.colcon_core.shell:Creating package script '/home/lennoxtr/turtlebot3_ws/src/install/heading_msg/share/heading_msg/package.zsh'
[0.870s] Level 1:colcon.colcon_core.environment:create_file_with_runtime_dependencies(/home/lennoxtr/turtlebot3_ws/src/install/heading_msg/share/colcon-core/packages/heading_msg)
[0.870s] Level 1:colcon.colcon_core.environment:create_environment_scripts_only(velocity_msg)
[0.870s] Level 1:colcon.colcon_core.environment:checking '/home/lennoxtr/turtlebot3_ws/src/install/velocity_msg' for CMake module files
[0.871s] Level 1:colcon.colcon_core.environment:checking '/home/lennoxtr/turtlebot3_ws/src/install/velocity_msg' for CMake config files
[0.871s] Level 1:colcon.colcon_core.shell:create_environment_hook('velocity_msg', 'cmake_prefix_path')
[0.871s] INFO:colcon.colcon_core.shell:Creating environment hook '/home/lennoxtr/turtlebot3_ws/src/install/velocity_msg/share/velocity_msg/hook/cmake_prefix_path.ps1'
[0.871s] INFO:colcon.colcon_core.shell:Creating environment descriptor '/home/lennoxtr/turtlebot3_ws/src/install/velocity_msg/share/velocity_msg/hook/cmake_prefix_path.dsv'
[0.871s] INFO:colcon.colcon_core.shell:Creating environment hook '/home/lennoxtr/turtlebot3_ws/src/install/velocity_msg/share/velocity_msg/hook/cmake_prefix_path.sh'
[0.872s] Level 1:colcon.colcon_core.environment:checking '/home/lennoxtr/turtlebot3_ws/src/install/velocity_msg/lib'
[0.872s] Level 1:colcon.colcon_core.shell:create_environment_hook('velocity_msg', 'ld_library_path_lib')
[0.872s] INFO:colcon.colcon_core.shell:Creating environment hook '/home/lennoxtr/turtlebot3_ws/src/install/velocity_msg/share/velocity_msg/hook/ld_library_path_lib.ps1'
[0.872s] INFO:colcon.colcon_core.shell:Creating environment descriptor '/home/lennoxtr/turtlebot3_ws/src/install/velocity_msg/share/velocity_msg/hook/ld_library_path_lib.dsv'
[0.872s] INFO:colcon.colcon_core.shell:Creating environment hook '/home/lennoxtr/turtlebot3_ws/src/install/velocity_msg/share/velocity_msg/hook/ld_library_path_lib.sh'
[0.872s] Level 1:colcon.colcon_core.environment:checking '/home/lennoxtr/turtlebot3_ws/src/install/velocity_msg/bin'
[0.872s] Level 1:colcon.colcon_core.environment:checking '/home/lennoxtr/turtlebot3_ws/src/install/velocity_msg/lib/pkgconfig/velocity_msg.pc'
[0.873s] Level 1:colcon.colcon_core.environment:checking '/home/lennoxtr/turtlebot3_ws/src/install/velocity_msg/lib/python3.10/site-packages'
[0.873s] Level 1:colcon.colcon_core.environment:checking '/home/lennoxtr/turtlebot3_ws/src/install/velocity_msg/bin'
[0.873s] INFO:colcon.colcon_core.shell:Creating package script '/home/lennoxtr/turtlebot3_ws/src/install/velocity_msg/share/velocity_msg/package.ps1'
[0.873s] INFO:colcon.colcon_core.shell:Creating package descriptor '/home/lennoxtr/turtlebot3_ws/src/install/velocity_msg/share/velocity_msg/package.dsv'
[0.874s] INFO:colcon.colcon_core.shell:Creating package script '/home/lennoxtr/turtlebot3_ws/src/install/velocity_msg/share/velocity_msg/package.sh'
[0.874s] INFO:colcon.colcon_core.shell:Creating package script '/home/lennoxtr/turtlebot3_ws/src/install/velocity_msg/share/velocity_msg/package.bash'
[0.874s] INFO:colcon.colcon_core.shell:Creating package script '/home/lennoxtr/turtlebot3_ws/src/install/velocity_msg/share/velocity_msg/package.zsh'
[0.874s] Level 1:colcon.colcon_core.environment:create_file_with_runtime_dependencies(/home/lennoxtr/turtlebot3_ws/src/install/velocity_msg/share/colcon-core/packages/velocity_msg)
[0.875s] INFO:colcon.colcon_ros.task.ament_python.build:Building ROS package in '/home/lennoxtr/turtlebot3_ws/src/robot_goal_pub' with build type 'ament_python'
[0.875s] Level 1:colcon.colcon_core.shell:create_environment_hook('robot_goal_pub', 'ament_prefix_path')
[0.875s] INFO:colcon.colcon_core.shell:Creating environment hook '/home/lennoxtr/turtlebot3_ws/src/install/robot_goal_pub/share/robot_goal_pub/hook/ament_prefix_path.ps1'
[0.875s] INFO:colcon.colcon_core.shell:Creating environment descriptor '/home/lennoxtr/turtlebot3_ws/src/install/robot_goal_pub/share/robot_goal_pub/hook/ament_prefix_path.dsv'
[0.876s] INFO:colcon.colcon_core.shell:Creating environment hook '/home/lennoxtr/turtlebot3_ws/src/install/robot_goal_pub/share/robot_goal_pub/hook/ament_prefix_path.sh'
[0.876s] INFO:colcon.colcon_core.shell:Skip shell extension 'powershell' for command environment: Not usable outside of PowerShell
[0.876s] DEBUG:colcon.colcon_core.shell:Skip shell extension 'dsv' for command environment
[1.040s] INFO:colcon.colcon_core.task.python.build:Building Python package in '/home/lennoxtr/turtlebot3_ws/src/robot_goal_pub'
[1.040s] INFO:colcon.colcon_core.shell:Skip shell extension 'powershell' for command environment: Not usable outside of PowerShell
[1.040s] DEBUG:colcon.colcon_core.shell:Skip shell extension 'dsv' for command environment
[1.102s] DEBUG:colcon.colcon_core.event_handler.log_command:Invoking command in '/home/lennoxtr/turtlebot3_ws/src/goal_input': CMAKE_PREFIX_PATH=/home/lennoxtr/turtlebot3_ws/src/install/robot_goal:/home/lennoxtr/turtlebot3_ws/src/install/velocity_msg:/home/lennoxtr/turtlebot3_ws/src/install/turtlebot3_simulations:/home/lennoxtr/turtlebot3_ws/src/install/turtlebot3_gazebo:/home/lennoxtr/turtlebot3_ws/src/install/turtlebot3_fake_node:/home/lennoxtr/turtlebot3_ws/src/install/heading_msg LD_LIBRARY_PATH=/home/lennoxtr/turtlebot3_ws/src/install/robot_goal/lib:/home/lennoxtr/turtlebot3_ws/src/install/velocity_msg/lib:/home/lennoxtr/turtlebot3_ws/src/install/heading_msg/lib:/usr/lib/x86_64-linux-gnu/gazebo-11/plugins:/opt/ros/humble/opt/rviz_ogre_vendor/lib:/opt/ros/humble/lib/x86_64-linux-gnu:/opt/ros/humble/lib:/usr/lib/x86_64-linux-gnu/gazebo-11/plugins:/usr/lib/x86_64-linux-gnu/gazebo-11/plugins:/usr/lib/x86_64-linux-gnu/gazebo-11/plugins:/usr/lib/x86_64-linux-gnu/gazebo-11/plugins:/usr/lib/x86_64-linux-gnu/gazebo-11/plugins:/usr/lib/x86_64-linux-gnu/gazebo-11/plugins:/usr/lib/x86_64-linux-gnu/gazebo-11/plugins:/usr/lib/x86_64-linux-gnu/gazebo-11/plugins:/usr/lib/x86_64-linux-gnu/gazebo-11/plugins:/usr/lib/x86_64-linux-gnu/gazebo-11/plugins PYTHONPATH=/home/lennoxtr/turtlebot3_ws/src/build/goal_input/prefix_override:/usr/lib/python3/dist-packages/colcon_core/task/python/colcon_distutils_commands:/home/lennoxtr/turtlebot3_ws/src/install/goal_input/lib/python3.10/site-packages:${PYTHONPATH} /usr/bin/python3 -W ignore:setup.py install is deprecated setup.py egg_info --egg-base ../build/goal_input build --build-base /home/lennoxtr/turtlebot3_ws/src/build/goal_input/build install --record /home/lennoxtr/turtlebot3_ws/src/build/goal_input/install.log --single-version-externally-managed install_data
[1.280s] DEBUG:colcon.colcon_core.event_handler.log_command:Invoking command in '/home/lennoxtr/turtlebot3_ws/src/robot_goal_pub': CMAKE_PREFIX_PATH=/home/lennoxtr/turtlebot3_ws/src/install/velocity_msg:/home/lennoxtr/turtlebot3_ws/src/install/heading_msg:/home/lennoxtr/turtlebot3_ws/src/install/turtlebot3_simulations:/home/lennoxtr/turtlebot3_ws/src/install/turtlebot3_gazebo:/home/lennoxtr/turtlebot3_ws/src/install/turtlebot3_fake_node:/home/lennoxtr/turtlebot3_ws/src/install/robot_goal LD_LIBRARY_PATH=/home/lennoxtr/turtlebot3_ws/src/install/velocity_msg/lib:/home/lennoxtr/turtlebot3_ws/src/install/heading_msg/lib:/home/lennoxtr/turtlebot3_ws/src/install/robot_goal/lib:/usr/lib/x86_64-linux-gnu/gazebo-11/plugins:/opt/ros/humble/opt/rviz_ogre_vendor/lib:/opt/ros/humble/lib/x86_64-linux-gnu:/opt/ros/humble/lib:/usr/lib/x86_64-linux-gnu/gazebo-11/plugins:/usr/lib/x86_64-linux-gnu/gazebo-11/plugins:/usr/lib/x86_64-linux-gnu/gazebo-11/plugins:/usr/lib/x86_64-linux-gnu/gazebo-11/plugins:/usr/lib/x86_64-linux-gnu/gazebo-11/plugins:/usr/lib/x86_64-linux-gnu/gazebo-11/plugins:/usr/lib/x86_64-linux-gnu/gazebo-11/plugins:/usr/lib/x86_64-linux-gnu/gazebo-11/plugins:/usr/lib/x86_64-linux-gnu/gazebo-11/plugins:/usr/lib/x86_64-linux-gnu/gazebo-11/plugins PYTHONPATH=/home/lennoxtr/turtlebot3_ws/src/build/robot_goal_pub/prefix_override:/usr/lib/python3/dist-packages/colcon_core/task/python/colcon_distutils_commands:/home/lennoxtr/turtlebot3_ws/src/install/robot_goal_pub/lib/python3.10/site-packages:${PYTHONPATH} /usr/bin/python3 -W ignore:setup.py install is deprecated setup.py egg_info --egg-base ../build/robot_goal_pub build --build-base /home/lennoxtr/turtlebot3_ws/src/build/robot_goal_pub/build install --record /home/lennoxtr/turtlebot3_ws/src/build/robot_goal_pub/install.log --single-version-externally-managed install_data
[1.295s] Level 1:colcon.colcon_core.environment:checking '/home/lennoxtr/turtlebot3_ws/src/install/goal_input' for CMake module files
[1.295s] DEBUG:colcon.colcon_core.event_handler.log_command:Invoked command in '/home/lennoxtr/turtlebot3_ws/src/goal_input' returned '0': CMAKE_PREFIX_PATH=/home/lennoxtr/turtlebot3_ws/src/install/robot_goal:/home/lennoxtr/turtlebot3_ws/src/install/velocity_msg:/home/lennoxtr/turtlebot3_ws/src/install/turtlebot3_simulations:/home/lennoxtr/turtlebot3_ws/src/install/turtlebot3_gazebo:/home/lennoxtr/turtlebot3_ws/src/install/turtlebot3_fake_node:/home/lennoxtr/turtlebot3_ws/src/install/heading_msg LD_LIBRARY_PATH=/home/lennoxtr/turtlebot3_ws/src/install/robot_goal/lib:/home/lennoxtr/turtlebot3_ws/src/install/velocity_msg/lib:/home/lennoxtr/turtlebot3_ws/src/install/heading_msg/lib:/usr/lib/x86_64-linux-gnu/gazebo-11/plugins:/opt/ros/humble/opt/rviz_ogre_vendor/lib:/opt/ros/humble/lib/x86_64-linux-gnu:/opt/ros/humble/lib:/usr/lib/x86_64-linux-gnu/gazebo-11/plugins:/usr/lib/x86_64-linux-gnu/gazebo-11/plugins:/usr/lib/x86_64-linux-gnu/gazebo-11/plugins:/usr/lib/x86_64-linux-gnu/gazebo-11/plugins:/usr/lib/x86_64-linux-gnu/gazebo-11/plugins:/usr/lib/x86_64-linux-gnu/gazebo-11/plugins:/usr/lib/x86_64-linux-gnu/gazebo-11/plugins:/usr/lib/x86_64-linux-gnu/gazebo-11/plugins:/usr/lib/x86_64-linux-gnu/gazebo-11/plugins:/usr/lib/x86_64-linux-gnu/gazebo-11/plugins PYTHONPATH=/home/lennoxtr/turtlebot3_ws/src/build/goal_input/prefix_override:/usr/lib/python3/dist-packages/colcon_core/task/python/colcon_distutils_commands:/home/lennoxtr/turtlebot3_ws/src/install/goal_input/lib/python3.10/site-packages:${PYTHONPATH} /usr/bin/python3 -W ignore:setup.py install is deprecated setup.py egg_info --egg-base ../build/goal_input build --build-base /home/lennoxtr/turtlebot3_ws/src/build/goal_input/build install --record /home/lennoxtr/turtlebot3_ws/src/build/goal_input/install.log --single-version-externally-managed install_data
[1.295s] Level 1:colcon.colcon_core.environment:checking '/home/lennoxtr/turtlebot3_ws/src/install/goal_input' for CMake config files
[1.295s] Level 1:colcon.colcon_core.environment:checking '/home/lennoxtr/turtlebot3_ws/src/install/goal_input/lib'
[1.295s] Level 1:colcon.colcon_core.environment:checking '/home/lennoxtr/turtlebot3_ws/src/install/goal_input/bin'
[1.296s] Level 1:colcon.colcon_core.environment:checking '/home/lennoxtr/turtlebot3_ws/src/install/goal_input/lib/pkgconfig/goal_input.pc'
[1.296s] Level 1:colcon.colcon_core.environment:checking '/home/lennoxtr/turtlebot3_ws/src/install/goal_input/lib/python3.10/site-packages'
[1.296s] Level 1:colcon.colcon_core.shell:create_environment_hook('goal_input', 'pythonpath')
[1.296s] INFO:colcon.colcon_core.shell:Creating environment hook '/home/lennoxtr/turtlebot3_ws/src/install/goal_input/share/goal_input/hook/pythonpath.ps1'
[1.296s] INFO:colcon.colcon_core.shell:Creating environment descriptor '/home/lennoxtr/turtlebot3_ws/src/install/goal_input/share/goal_input/hook/pythonpath.dsv'
[1.296s] INFO:colcon.colcon_core.shell:Creating environment hook '/home/lennoxtr/turtlebot3_ws/src/install/goal_input/share/goal_input/hook/pythonpath.sh'
[1.297s] Level 1:colcon.colcon_core.environment:checking '/home/lennoxtr/turtlebot3_ws/src/install/goal_input/bin'
[1.297s] Level 1:colcon.colcon_core.environment:create_environment_scripts_only(goal_input)
[1.297s] INFO:colcon.colcon_core.shell:Creating package script '/home/lennoxtr/turtlebot3_ws/src/install/goal_input/share/goal_input/package.ps1'
[1.297s] INFO:colcon.colcon_core.shell:Creating package descriptor '/home/lennoxtr/turtlebot3_ws/src/install/goal_input/share/goal_input/package.dsv'
[1.298s] INFO:colcon.colcon_core.shell:Creating package script '/home/lennoxtr/turtlebot3_ws/src/install/goal_input/share/goal_input/package.sh'
[1.298s] INFO:colcon.colcon_core.shell:Creating package script '/home/lennoxtr/turtlebot3_ws/src/install/goal_input/share/goal_input/package.bash'
[1.298s] INFO:colcon.colcon_core.shell:Creating package script '/home/lennoxtr/turtlebot3_ws/src/install/goal_input/share/goal_input/package.zsh'
[1.298s] Level 1:colcon.colcon_core.environment:create_file_with_runtime_dependencies(/home/lennoxtr/turtlebot3_ws/src/install/goal_input/share/colcon-core/packages/goal_input)
[1.459s] Level 1:colcon.colcon_core.environment:checking '/home/lennoxtr/turtlebot3_ws/src/install/robot_goal_pub' for CMake module files
[1.459s] DEBUG:colcon.colcon_core.event_handler.log_command:Invoked command in '/home/lennoxtr/turtlebot3_ws/src/robot_goal_pub' returned '0': CMAKE_PREFIX_PATH=/home/lennoxtr/turtlebot3_ws/src/install/velocity_msg:/home/lennoxtr/turtlebot3_ws/src/install/heading_msg:/home/lennoxtr/turtlebot3_ws/src/install/turtlebot3_simulations:/home/lennoxtr/turtlebot3_ws/src/install/turtlebot3_gazebo:/home/lennoxtr/turtlebot3_ws/src/install/turtlebot3_fake_node:/home/lennoxtr/turtlebot3_ws/src/install/robot_goal LD_LIBRARY_PATH=/home/lennoxtr/turtlebot3_ws/src/install/velocity_msg/lib:/home/lennoxtr/turtlebot3_ws/src/install/heading_msg/lib:/home/lennoxtr/turtlebot3_ws/src/install/robot_goal/lib:/usr/lib/x86_64-linux-gnu/gazebo-11/plugins:/opt/ros/humble/opt/rviz_ogre_vendor/lib:/opt/ros/humble/lib/x86_64-linux-gnu:/opt/ros/humble/lib:/usr/lib/x86_64-linux-gnu/gazebo-11/plugins:/usr/lib/x86_64-linux-gnu/gazebo-11/plugins:/usr/lib/x86_64-linux-gnu/gazebo-11/plugins:/usr/lib/x86_64-linux-gnu/gazebo-11/plugins:/usr/lib/x86_64-linux-gnu/gazebo-11/plugins:/usr/lib/x86_64-linux-gnu/gazebo-11/plugins:/usr/lib/x86_64-linux-gnu/gazebo-11/plugins:/usr/lib/x86_64-linux-gnu/gazebo-11/plugins:/usr/lib/x86_64-linux-gnu/gazebo-11/plugins:/usr/lib/x86_64-linux-gnu/gazebo-11/plugins PYTHONPATH=/home/lennoxtr/turtlebot3_ws/src/build/robot_goal_pub/prefix_override:/usr/lib/python3/dist-packages/colcon_core/task/python/colcon_distutils_commands:/home/lennoxtr/turtlebot3_ws/src/install/robot_goal_pub/lib/python3.10/site-packages:${PYTHONPATH} /usr/bin/python3 -W ignore:setup.py install is deprecated setup.py egg_info --egg-base ../build/robot_goal_pub build --build-base /home/lennoxtr/turtlebot3_ws/src/build/robot_goal_pub/build install --record /home/lennoxtr/turtlebot3_ws/src/build/robot_goal_pub/install.log --single-version-externally-managed install_data
[1.459s] Level 1:colcon.colcon_core.environment:checking '/home/lennoxtr/turtlebot3_ws/src/install/robot_goal_pub' for CMake config files
[1.459s] Level 1:colcon.colcon_core.environment:checking '/home/lennoxtr/turtlebot3_ws/src/install/robot_goal_pub/lib'
[1.460s] Level 1:colcon.colcon_core.environment:checking '/home/lennoxtr/turtlebot3_ws/src/install/robot_goal_pub/bin'
[1.460s] Level 1:colcon.colcon_core.environment:checking '/home/lennoxtr/turtlebot3_ws/src/install/robot_goal_pub/lib/pkgconfig/robot_goal_pub.pc'
[1.460s] Level 1:colcon.colcon_core.environment:checking '/home/lennoxtr/turtlebot3_ws/src/install/robot_goal_pub/lib/python3.10/site-packages'
[1.460s] Level 1:colcon.colcon_core.shell:create_environment_hook('robot_goal_pub', 'pythonpath')
[1.460s] INFO:colcon.colcon_core.shell:Creating environment hook '/home/lennoxtr/turtlebot3_ws/src/install/robot_goal_pub/share/robot_goal_pub/hook/pythonpath.ps1'
[1.460s] INFO:colcon.colcon_core.shell:Creating environment descriptor '/home/lennoxtr/turtlebot3_ws/src/install/robot_goal_pub/share/robot_goal_pub/hook/pythonpath.dsv'
[1.460s] INFO:colcon.colcon_core.shell:Creating environment hook '/home/lennoxtr/turtlebot3_ws/src/install/robot_goal_pub/share/robot_goal_pub/hook/pythonpath.sh'
[1.461s] Level 1:colcon.colcon_core.environment:checking '/home/lennoxtr/turtlebot3_ws/src/install/robot_goal_pub/bin'
[1.461s] Level 1:colcon.colcon_core.environment:create_environment_scripts_only(robot_goal_pub)
[1.461s] INFO:colcon.colcon_core.shell:Creating package script '/home/lennoxtr/turtlebot3_ws/src/install/robot_goal_pub/share/robot_goal_pub/package.ps1'
[1.462s] INFO:colcon.colcon_core.shell:Creating package descriptor '/home/lennoxtr/turtlebot3_ws/src/install/robot_goal_pub/share/robot_goal_pub/package.dsv'
[1.462s] INFO:colcon.colcon_core.shell:Creating package script '/home/lennoxtr/turtlebot3_ws/src/install/robot_goal_pub/share/robot_goal_pub/package.sh'
[1.462s] INFO:colcon.colcon_core.shell:Creating package script '/home/lennoxtr/turtlebot3_ws/src/install/robot_goal_pub/share/robot_goal_pub/package.bash'
[1.462s] INFO:colcon.colcon_core.shell:Creating package script '/home/lennoxtr/turtlebot3_ws/src/install/robot_goal_pub/share/robot_goal_pub/package.zsh'
[1.463s] Level 1:colcon.colcon_core.environment:create_file_with_runtime_dependencies(/home/lennoxtr/turtlebot3_ws/src/install/robot_goal_pub/share/colcon-core/packages/robot_goal_pub)
[1.463s] DEBUG:colcon.colcon_parallel_executor.executor.parallel:closing loop
[1.463s] DEBUG:colcon.colcon_parallel_executor.executor.parallel:loop closed
[1.463s] DEBUG:colcon.colcon_parallel_executor.executor.parallel:run_until_complete finished with '0'
[1.463s] DEBUG:colcon.colcon_core.event_reactor:joining thread
[1.467s] INFO:colcon.colcon_core.plugin_system:Skipping extension 'colcon_notification.desktop_notification.terminal_notifier': Not used on non-Darwin systems
[1.467s] INFO:colcon.colcon_core.plugin_system:Skipping extension 'colcon_notification.desktop_notification.win32': Not used on non-Windows systems
[1.467s] INFO:colcon.colcon_notification.desktop_notification:Sending desktop notification using 'notify2'
[1.474s] DEBUG:colcon.colcon_core.event_reactor:joined thread
[1.475s] INFO:colcon.colcon_core.shell:Creating prefix script '/home/lennoxtr/turtlebot3_ws/src/install/local_setup.ps1'
[1.475s] INFO:colcon.colcon_core.shell:Creating prefix util module '/home/lennoxtr/turtlebot3_ws/src/install/_local_setup_util_ps1.py'
[1.476s] INFO:colcon.colcon_core.shell:Creating prefix chain script '/home/lennoxtr/turtlebot3_ws/src/install/setup.ps1'
[1.477s] INFO:colcon.colcon_core.shell:Creating prefix script '/home/lennoxtr/turtlebot3_ws/src/install/local_setup.sh'
[1.477s] INFO:colcon.colcon_core.shell:Creating prefix util module '/home/lennoxtr/turtlebot3_ws/src/install/_local_setup_util_sh.py'
[1.478s] INFO:colcon.colcon_core.shell:Creating prefix chain script '/home/lennoxtr/turtlebot3_ws/src/install/setup.sh'
[1.479s] INFO:colcon.colcon_core.shell:Creating prefix script '/home/lennoxtr/turtlebot3_ws/src/install/local_setup.bash'
[1.479s] INFO:colcon.colcon_core.shell:Creating prefix chain script '/home/lennoxtr/turtlebot3_ws/src/install/setup.bash'
[1.480s] INFO:colcon.colcon_core.shell:Creating prefix script '/home/lennoxtr/turtlebot3_ws/src/install/local_setup.zsh'
[1.480s] INFO:colcon.colcon_core.shell:Creating prefix chain script '/home/lennoxtr/turtlebot3_ws/src/install/setup.zsh'
