[0.600s] Invoking command in '/home/lennoxtr/turtlebot3_ws/src/goal_input': AMENT_PREFIX_PATH=/home/lennoxtr/turtlebot3_ws/src/install/robot_goal:${AMENT_PREFIX_PATH} CMAKE_PREFIX_PATH=/home/lennoxtr/turtlebot3_ws/src/install/robot_goal LD_LIBRARY_PATH=/home/lennoxtr/turtlebot3_ws/src/install/robot_goal/lib:/usr/lib/x86_64-linux-gnu/gazebo-11/plugins:/opt/ros/humble/opt/rviz_ogre_vendor/lib:/opt/ros/humble/lib/x86_64-linux-gnu:/opt/ros/humble/lib:/usr/lib/x86_64-linux-gnu/gazebo-11/plugins:/usr/lib/x86_64-linux-gnu/gazebo-11/plugins:/usr/lib/x86_64-linux-gnu/gazebo-11/plugins PYTHONPATH=/home/lennoxtr/turtlebot3_ws/src/build/goal_input/prefix_override:/usr/lib/python3/dist-packages/colcon_core/task/python/colcon_distutils_commands:/home/lennoxtr/turtlebot3_ws/src/install/goal_input/lib/python3.10/site-packages:/home/lennoxtr/turtlebot3_ws/src/install/robot_goal/local/lib/python3.10/dist-packages:${PYTHONPATH} /usr/bin/python3 -W ignore:setup.py install is deprecated setup.py egg_info --egg-base ../build/goal_input build --build-base /home/lennoxtr/turtlebot3_ws/src/build/goal_input/build install --record /home/lennoxtr/turtlebot3_ws/src/build/goal_input/install.log --single-version-externally-managed install_data
[0.858s] running egg_info
[0.859s] writing ../build/goal_input/goal_input.egg-info/PKG-INFO
[0.859s] writing dependency_links to ../build/goal_input/goal_input.egg-info/dependency_links.txt
[0.859s] writing entry points to ../build/goal_input/goal_input.egg-info/entry_points.txt
[0.859s] writing requirements to ../build/goal_input/goal_input.egg-info/requires.txt
[0.859s] writing top-level names to ../build/goal_input/goal_input.egg-info/top_level.txt
[0.861s] reading manifest file '../build/goal_input/goal_input.egg-info/SOURCES.txt'
[0.862s] adding license file 'LICENSE'
[0.863s] writing manifest file '../build/goal_input/goal_input.egg-info/SOURCES.txt'
[0.863s] running build
[0.863s] running build_py
[0.864s] running install
[0.864s] running install_lib
[0.865s] running install_data
[0.865s] running install_egg_info
[0.869s] removing '/home/lennoxtr/turtlebot3_ws/src/install/goal_input/lib/python3.10/site-packages/goal_input-0.0.0-py3.10.egg-info' (and everything under it)
[0.869s] Copying ../build/goal_input/goal_input.egg-info to /home/lennoxtr/turtlebot3_ws/src/install/goal_input/lib/python3.10/site-packages/goal_input-0.0.0-py3.10.egg-info
[0.870s] running install_scripts
[0.894s] Installing ask_input script to /home/lennoxtr/turtlebot3_ws/src/install/goal_input/lib/goal_input
[0.894s] writing list of installed files to '/home/lennoxtr/turtlebot3_ws/src/build/goal_input/install.log'
[0.930s] Invoked command in '/home/lennoxtr/turtlebot3_ws/src/goal_input' returned '0': AMENT_PREFIX_PATH=/home/lennoxtr/turtlebot3_ws/src/install/robot_goal:${AMENT_PREFIX_PATH} CMAKE_PREFIX_PATH=/home/lennoxtr/turtlebot3_ws/src/install/robot_goal LD_LIBRARY_PATH=/home/lennoxtr/turtlebot3_ws/src/install/robot_goal/lib:/usr/lib/x86_64-linux-gnu/gazebo-11/plugins:/opt/ros/humble/opt/rviz_ogre_vendor/lib:/opt/ros/humble/lib/x86_64-linux-gnu:/opt/ros/humble/lib:/usr/lib/x86_64-linux-gnu/gazebo-11/plugins:/usr/lib/x86_64-linux-gnu/gazebo-11/plugins:/usr/lib/x86_64-linux-gnu/gazebo-11/plugins PYTHONPATH=/home/lennoxtr/turtlebot3_ws/src/build/goal_input/prefix_override:/usr/lib/python3/dist-packages/colcon_core/task/python/colcon_distutils_commands:/home/lennoxtr/turtlebot3_ws/src/install/goal_input/lib/python3.10/site-packages:/home/lennoxtr/turtlebot3_ws/src/install/robot_goal/local/lib/python3.10/dist-packages:${PYTHONPATH} /usr/bin/python3 -W ignore:setup.py install is deprecated setup.py egg_info --egg-base ../build/goal_input build --build-base /home/lennoxtr/turtlebot3_ws/src/build/goal_input/build install --record /home/lennoxtr/turtlebot3_ws/src/build/goal_input/install.log --single-version-externally-managed install_data
