[0.018s] Invoking command in '/home/lennoxtr/turtlebot3_ws/src/build/heading_msg': CMAKE_PREFIX_PATH=/opt/ros/humble /usr/bin/cmake /home/lennoxtr/turtlebot3_ws/src/heading_msg -DCMAKE_INSTALL_PREFIX=/home/lennoxtr/turtlebot3_ws/src/install/heading_msg
[0.229s] -- The C compiler identification is GNU 11.4.0
[0.229s] -- The CXX compiler identification is GNU 11.4.0
[0.229s] -- Detecting C compiler ABI info
[0.229s] -- Detecting C compiler ABI info - done
[0.229s] -- Check for working C compiler: /usr/bin/cc - skipped
[0.229s] -- Detecting C compile features
[0.230s] -- Detecting C compile features - done
[0.230s] -- Detecting CXX compiler ABI info
[0.265s] -- Detecting CXX compiler ABI info - done
[0.276s] -- Check for working CXX compiler: /usr/bin/c++ - skipped
[0.276s] -- Detecting CXX compile features
[0.276s] -- Detecting CXX compile features - done
[0.278s] -- Found ament_cmake: 1.3.10 (/opt/ros/humble/share/ament_cmake/cmake)
[0.403s] -- Found Python3: /usr/bin/python3 (found version "3.10.12") found components: Interpreter 
[0.470s] -- Found rosidl_default_generators: 1.2.0 (/opt/ros/humble/share/rosidl_default_generators/cmake)
[0.472s] -- Using all available rosidl_typesupport_c: rosidl_typesupport_fastrtps_c;rosidl_typesupport_introspection_c
[0.477s] -- Found rosidl_adapter: 3.1.5 (/opt/ros/humble/share/rosidl_adapter/cmake)
[0.507s] -- Using all available rosidl_typesupport_cpp: rosidl_typesupport_fastrtps_cpp;rosidl_typesupport_introspection_cpp
[0.695s] -- Found ament_cmake_ros: 0.10.0 (/opt/ros/humble/share/ament_cmake_ros/cmake)
[0.829s] -- Using all available rosidl_typesupport_c: rosidl_typesupport_fastrtps_c;rosidl_typesupport_introspection_c
[1.000s] -- Using all available rosidl_typesupport_cpp: rosidl_typesupport_fastrtps_cpp;rosidl_typesupport_introspection_cpp
[1.017s] -- Found PythonInterp: /usr/bin/python3 (found suitable version "3.10.12", minimum required is "3.6") 
[1.018s] -- Found python_cmake_module: 0.10.0 (/opt/ros/humble/share/python_cmake_module/cmake)
[1.036s] -- Found PythonLibs: /usr/lib/x86_64-linux-gnu/libpython3.10.so (found suitable version "3.10.12", minimum required is "3.5") 
[1.036s] -- Using PYTHON_EXECUTABLE: /usr/bin/python3
[1.036s] -- Using PYTHON_INCLUDE_DIRS: /usr/include/python3.10
[1.036s] -- Using PYTHON_LIBRARIES: /usr/lib/x86_64-linux-gnu/libpython3.10.so
[1.051s] -- Found PythonExtra: .so  
[1.073s] -- Found ament_lint_auto: 0.12.11 (/opt/ros/humble/share/ament_lint_auto/cmake)
[1.084s] -- Added test 'lint_cmake' to check CMake code style
[1.085s] -- Added test 'xmllint' to check XML markup files
[1.086s] -- Configuring done
[1.102s] -- Generating done
[1.104s] -- Build files have been written to: /home/lennoxtr/turtlebot3_ws/src/build/heading_msg
[1.112s] Invoked command in '/home/lennoxtr/turtlebot3_ws/src/build/heading_msg' returned '0': CMAKE_PREFIX_PATH=/opt/ros/humble /usr/bin/cmake /home/lennoxtr/turtlebot3_ws/src/heading_msg -DCMAKE_INSTALL_PREFIX=/home/lennoxtr/turtlebot3_ws/src/install/heading_msg
[1.113s] Invoking command in '/home/lennoxtr/turtlebot3_ws/src/build/heading_msg': CMAKE_PREFIX_PATH=/opt/ros/humble /usr/bin/cmake --build /home/lennoxtr/turtlebot3_ws/src/build/heading_msg -- -j12 -l12
[1.140s] [  3%] [34m[1mGenerating C code for ROS interfaces[0m
[1.148s] [  6%] [34m[1mGenerating C++ code for ROS interfaces[0m
[1.153s] [  6%] Built target ament_cmake_python_copy_heading_msg
[1.314s] [  6%] Built target heading_msg__cpp
[1.320s] [  9%] [34m[1mGenerating C++ type support for eProsima Fast-RTPS[0m
[1.320s] [ 12%] [34m[1mGenerating C++ introspection for ROS interfaces[0m
[1.323s] [ 16%] [34m[1mGenerating C++ type support dispatch for ROS interfaces[0m
[1.329s] [ 19%] [32mBuilding C object CMakeFiles/heading_msg__rosidl_generator_c.dir/rosidl_generator_c/heading_msg/msg/detail/heading__functions.c.o[0m
[1.350s] running egg_info
[1.351s] creating heading_msg.egg-info
[1.351s] writing heading_msg.egg-info/PKG-INFO
[1.351s] writing dependency_links to heading_msg.egg-info/dependency_links.txt
[1.351s] writing top-level names to heading_msg.egg-info/top_level.txt
[1.352s] writing manifest file 'heading_msg.egg-info/SOURCES.txt'
[1.354s] reading manifest file 'heading_msg.egg-info/SOURCES.txt'
[1.354s] writing manifest file 'heading_msg.egg-info/SOURCES.txt'
[1.383s] [ 19%] Built target ament_cmake_python_build_heading_msg_egg
[1.388s] [ 22%] [32m[1mLinking C shared library libheading_msg__rosidl_generator_c.so[0m
[1.415s] [ 22%] Built target heading_msg__rosidl_generator_c
[1.427s] [ 29%] [34m[1mGenerating C type support dispatch for ROS interfaces[0m
[1.427s] [ 29%] [34m[1mGenerating C type support for eProsima Fast-RTPS[0m
[1.427s] [ 32%] [34m[1mGenerating C introspection for ROS interfaces[0m
[1.494s] [ 35%] [32mBuilding CXX object CMakeFiles/heading_msg__rosidl_typesupport_cpp.dir/rosidl_typesupport_cpp/heading_msg/msg/heading__type_support.cpp.o[0m
[1.561s] [ 38%] [32mBuilding CXX object CMakeFiles/heading_msg__rosidl_typesupport_introspection_cpp.dir/rosidl_typesupport_introspection_cpp/heading_msg/msg/detail/heading__type_support.cpp.o[0m
[1.573s] [ 41%] [32mBuilding CXX object CMakeFiles/heading_msg__rosidl_typesupport_fastrtps_cpp.dir/rosidl_typesupport_fastrtps_cpp/heading_msg/msg/detail/dds_fastrtps/heading__type_support.cpp.o[0m
[1.664s] [ 45%] [32mBuilding CXX object CMakeFiles/heading_msg__rosidl_typesupport_c.dir/rosidl_typesupport_c/heading_msg/msg/heading__type_support.cpp.o[0m
[1.706s] [ 48%] [32m[1mLinking CXX shared library libheading_msg__rosidl_typesupport_c.so[0m
[1.719s] [ 51%] [32mBuilding C object CMakeFiles/heading_msg__rosidl_typesupport_introspection_c.dir/rosidl_typesupport_introspection_c/heading_msg/msg/detail/heading__type_support.c.o[0m
[1.742s] [ 54%] [32mBuilding CXX object CMakeFiles/heading_msg__rosidl_typesupport_fastrtps_c.dir/rosidl_typesupport_fastrtps_c/heading_msg/msg/detail/heading__type_support_c.cpp.o[0m
[1.753s] [ 54%] Built target heading_msg__rosidl_typesupport_c
[1.755s] [ 58%] [32m[1mLinking C shared library libheading_msg__rosidl_typesupport_introspection_c.so[0m
[1.779s] [ 61%] [32m[1mLinking CXX shared library libheading_msg__rosidl_typesupport_cpp.so[0m
[1.787s] [ 61%] Built target heading_msg__rosidl_typesupport_introspection_c
[1.827s] [ 61%] Built target heading_msg__rosidl_typesupport_cpp
[1.911s] [ 64%] [32m[1mLinking CXX shared library libheading_msg__rosidl_typesupport_introspection_cpp.so[0m
[1.944s] [ 64%] Built target heading_msg__rosidl_typesupport_introspection_cpp
[2.008s] [ 67%] [32m[1mLinking CXX shared library libheading_msg__rosidl_typesupport_fastrtps_cpp.so[0m
[2.069s] [ 70%] [32m[1mLinking CXX shared library libheading_msg__rosidl_typesupport_fastrtps_c.so[0m
[2.109s] [ 70%] Built target heading_msg__rosidl_typesupport_fastrtps_cpp
[2.134s] [ 70%] Built target heading_msg__rosidl_typesupport_fastrtps_c
[2.149s] [ 70%] Built target heading_msg
[2.163s] [ 74%] [34m[1mGenerating Python code for ROS interfaces[0m
[2.353s] [ 74%] Built target heading_msg__py
[2.367s] [ 77%] [32mBuilding C object CMakeFiles/heading_msg__rosidl_generator_py.dir/rosidl_generator_py/heading_msg/msg/_heading_s.c.o[0m
[2.447s] [ 80%] [32m[1mLinking C shared library rosidl_generator_py/heading_msg/libheading_msg__rosidl_generator_py.so[0m
[2.472s] [ 80%] Built target heading_msg__rosidl_generator_py
[2.486s] [ 90%] [32mBuilding C object CMakeFiles/heading_msg__rosidl_typesupport_c__pyext.dir/rosidl_generator_py/heading_msg/_heading_msg_s.ep.rosidl_typesupport_c.c.o[0m
[2.486s] [ 90%] [32mBuilding C object CMakeFiles/heading_msg__rosidl_typesupport_fastrtps_c__pyext.dir/rosidl_generator_py/heading_msg/_heading_msg_s.ep.rosidl_typesupport_fastrtps_c.c.o[0m
[2.486s] [ 90%] [32mBuilding C object CMakeFiles/heading_msg__rosidl_typesupport_introspection_c__pyext.dir/rosidl_generator_py/heading_msg/_heading_msg_s.ep.rosidl_typesupport_introspection_c.c.o[0m
[2.543s] [ 96%] [32m[1mLinking C shared library rosidl_generator_py/heading_msg/heading_msg_s__rosidl_typesupport_c.cpython-310-x86_64-linux-gnu.so[0m
[2.543s] [ 96%] [32m[1mLinking C shared library rosidl_generator_py/heading_msg/heading_msg_s__rosidl_typesupport_introspection_c.cpython-310-x86_64-linux-gnu.so[0m
[2.544s] [100%] [32m[1mLinking C shared library rosidl_generator_py/heading_msg/heading_msg_s__rosidl_typesupport_fastrtps_c.cpython-310-x86_64-linux-gnu.so[0m
[2.565s] [100%] Built target heading_msg__rosidl_typesupport_c__pyext
[2.565s] [100%] Built target heading_msg__rosidl_typesupport_introspection_c__pyext
[2.565s] [100%] Built target heading_msg__rosidl_typesupport_fastrtps_c__pyext
[2.574s] Invoked command in '/home/lennoxtr/turtlebot3_ws/src/build/heading_msg' returned '0': CMAKE_PREFIX_PATH=/opt/ros/humble /usr/bin/cmake --build /home/lennoxtr/turtlebot3_ws/src/build/heading_msg -- -j12 -l12
[2.610s] Invoking command in '/home/lennoxtr/turtlebot3_ws/src/build/heading_msg': CMAKE_PREFIX_PATH=/opt/ros/humble /usr/bin/cmake --install /home/lennoxtr/turtlebot3_ws/src/build/heading_msg
[2.616s] -- Install configuration: ""
[2.616s] -- Installing: /home/lennoxtr/turtlebot3_ws/src/install/heading_msg/share/ament_index/resource_index/rosidl_interfaces/heading_msg
[2.616s] -- Installing: /home/lennoxtr/turtlebot3_ws/src/install/heading_msg/include/heading_msg/heading_msg
[2.616s] -- Installing: /home/lennoxtr/turtlebot3_ws/src/install/heading_msg/include/heading_msg/heading_msg/msg
[2.616s] -- Installing: /home/lennoxtr/turtlebot3_ws/src/install/heading_msg/include/heading_msg/heading_msg/msg/heading.h
[2.616s] -- Installing: /home/lennoxtr/turtlebot3_ws/src/install/heading_msg/include/heading_msg/heading_msg/msg/detail
[2.616s] -- Installing: /home/lennoxtr/turtlebot3_ws/src/install/heading_msg/include/heading_msg/heading_msg/msg/detail/heading__functions.c
[2.616s] -- Installing: /home/lennoxtr/turtlebot3_ws/src/install/heading_msg/include/heading_msg/heading_msg/msg/detail/heading__type_support.h
[2.616s] -- Installing: /home/lennoxtr/turtlebot3_ws/src/install/heading_msg/include/heading_msg/heading_msg/msg/detail/heading__struct.h
[2.616s] -- Installing: /home/lennoxtr/turtlebot3_ws/src/install/heading_msg/include/heading_msg/heading_msg/msg/detail/heading__functions.h
[2.616s] -- Installing: /home/lennoxtr/turtlebot3_ws/src/install/heading_msg/include/heading_msg/heading_msg/msg/rosidl_generator_c__visibility_control.h
[2.616s] -- Installing: /home/lennoxtr/turtlebot3_ws/src/install/heading_msg/share/heading_msg/environment/library_path.sh
[2.616s] -- Installing: /home/lennoxtr/turtlebot3_ws/src/install/heading_msg/share/heading_msg/environment/library_path.dsv
[2.616s] -- Installing: /home/lennoxtr/turtlebot3_ws/src/install/heading_msg/lib/libheading_msg__rosidl_generator_c.so
[2.617s] -- Set runtime path of "/home/lennoxtr/turtlebot3_ws/src/install/heading_msg/lib/libheading_msg__rosidl_generator_c.so" to ""
[2.617s] -- Up-to-date: /home/lennoxtr/turtlebot3_ws/src/install/heading_msg/include/heading_msg/heading_msg
[2.617s] -- Up-to-date: /home/lennoxtr/turtlebot3_ws/src/install/heading_msg/include/heading_msg/heading_msg/msg
[2.617s] -- Installing: /home/lennoxtr/turtlebot3_ws/src/install/heading_msg/include/heading_msg/heading_msg/msg/rosidl_typesupport_fastrtps_c__visibility_control.h
[2.617s] -- Up-to-date: /home/lennoxtr/turtlebot3_ws/src/install/heading_msg/include/heading_msg/heading_msg/msg/detail
[2.617s] -- Installing: /home/lennoxtr/turtlebot3_ws/src/install/heading_msg/include/heading_msg/heading_msg/msg/detail/heading__rosidl_typesupport_fastrtps_c.h
[2.617s] -- Installing: /home/lennoxtr/turtlebot3_ws/src/install/heading_msg/lib/libheading_msg__rosidl_typesupport_fastrtps_c.so
[2.617s] -- Set runtime path of "/home/lennoxtr/turtlebot3_ws/src/install/heading_msg/lib/libheading_msg__rosidl_typesupport_fastrtps_c.so" to ""
[2.617s] -- Up-to-date: /home/lennoxtr/turtlebot3_ws/src/install/heading_msg/include/heading_msg/heading_msg
[2.617s] -- Up-to-date: /home/lennoxtr/turtlebot3_ws/src/install/heading_msg/include/heading_msg/heading_msg/msg
[2.617s] -- Installing: /home/lennoxtr/turtlebot3_ws/src/install/heading_msg/include/heading_msg/heading_msg/msg/rosidl_typesupport_introspection_c__visibility_control.h
[2.617s] -- Up-to-date: /home/lennoxtr/turtlebot3_ws/src/install/heading_msg/include/heading_msg/heading_msg/msg/detail
[2.617s] -- Installing: /home/lennoxtr/turtlebot3_ws/src/install/heading_msg/include/heading_msg/heading_msg/msg/detail/heading__type_support.c
[2.617s] -- Installing: /home/lennoxtr/turtlebot3_ws/src/install/heading_msg/include/heading_msg/heading_msg/msg/detail/heading__rosidl_typesupport_introspection_c.h
[2.617s] -- Installing: /home/lennoxtr/turtlebot3_ws/src/install/heading_msg/lib/libheading_msg__rosidl_typesupport_introspection_c.so
[2.617s] -- Set runtime path of "/home/lennoxtr/turtlebot3_ws/src/install/heading_msg/lib/libheading_msg__rosidl_typesupport_introspection_c.so" to ""
[2.617s] -- Installing: /home/lennoxtr/turtlebot3_ws/src/install/heading_msg/lib/libheading_msg__rosidl_typesupport_c.so
[2.618s] -- Set runtime path of "/home/lennoxtr/turtlebot3_ws/src/install/heading_msg/lib/libheading_msg__rosidl_typesupport_c.so" to ""
[2.618s] -- Up-to-date: /home/lennoxtr/turtlebot3_ws/src/install/heading_msg/include/heading_msg/heading_msg
[2.618s] -- Up-to-date: /home/lennoxtr/turtlebot3_ws/src/install/heading_msg/include/heading_msg/heading_msg/msg
[2.618s] -- Up-to-date: /home/lennoxtr/turtlebot3_ws/src/install/heading_msg/include/heading_msg/heading_msg/msg/detail
[2.618s] -- Installing: /home/lennoxtr/turtlebot3_ws/src/install/heading_msg/include/heading_msg/heading_msg/msg/detail/heading__builder.hpp
[2.618s] -- Installing: /home/lennoxtr/turtlebot3_ws/src/install/heading_msg/include/heading_msg/heading_msg/msg/detail/heading__struct.hpp
[2.618s] -- Installing: /home/lennoxtr/turtlebot3_ws/src/install/heading_msg/include/heading_msg/heading_msg/msg/detail/heading__traits.hpp
[2.618s] -- Installing: /home/lennoxtr/turtlebot3_ws/src/install/heading_msg/include/heading_msg/heading_msg/msg/heading.hpp
[2.618s] -- Up-to-date: /home/lennoxtr/turtlebot3_ws/src/install/heading_msg/include/heading_msg/heading_msg
[2.618s] -- Up-to-date: /home/lennoxtr/turtlebot3_ws/src/install/heading_msg/include/heading_msg/heading_msg/msg
[2.618s] -- Installing: /home/lennoxtr/turtlebot3_ws/src/install/heading_msg/include/heading_msg/heading_msg/msg/rosidl_typesupport_fastrtps_cpp__visibility_control.h
[2.618s] -- Up-to-date: /home/lennoxtr/turtlebot3_ws/src/install/heading_msg/include/heading_msg/heading_msg/msg/detail
[2.618s] -- Installing: /home/lennoxtr/turtlebot3_ws/src/install/heading_msg/include/heading_msg/heading_msg/msg/detail/dds_fastrtps
[2.618s] -- Installing: /home/lennoxtr/turtlebot3_ws/src/install/heading_msg/include/heading_msg/heading_msg/msg/detail/heading__rosidl_typesupport_fastrtps_cpp.hpp
[2.618s] -- Installing: /home/lennoxtr/turtlebot3_ws/src/install/heading_msg/lib/libheading_msg__rosidl_typesupport_fastrtps_cpp.so
[2.618s] -- Set runtime path of "/home/lennoxtr/turtlebot3_ws/src/install/heading_msg/lib/libheading_msg__rosidl_typesupport_fastrtps_cpp.so" to ""
[2.618s] -- Up-to-date: /home/lennoxtr/turtlebot3_ws/src/install/heading_msg/include/heading_msg/heading_msg
[2.618s] -- Up-to-date: /home/lennoxtr/turtlebot3_ws/src/install/heading_msg/include/heading_msg/heading_msg/msg
[2.618s] -- Up-to-date: /home/lennoxtr/turtlebot3_ws/src/install/heading_msg/include/heading_msg/heading_msg/msg/detail
[2.618s] -- Installing: /home/lennoxtr/turtlebot3_ws/src/install/heading_msg/include/heading_msg/heading_msg/msg/detail/heading__type_support.cpp
[2.618s] -- Installing: /home/lennoxtr/turtlebot3_ws/src/install/heading_msg/include/heading_msg/heading_msg/msg/detail/heading__rosidl_typesupport_introspection_cpp.hpp
[2.618s] -- Installing: /home/lennoxtr/turtlebot3_ws/src/install/heading_msg/lib/libheading_msg__rosidl_typesupport_introspection_cpp.so
[2.619s] -- Set runtime path of "/home/lennoxtr/turtlebot3_ws/src/install/heading_msg/lib/libheading_msg__rosidl_typesupport_introspection_cpp.so" to ""
[2.619s] -- Installing: /home/lennoxtr/turtlebot3_ws/src/install/heading_msg/lib/libheading_msg__rosidl_typesupport_cpp.so
[2.619s] -- Set runtime path of "/home/lennoxtr/turtlebot3_ws/src/install/heading_msg/lib/libheading_msg__rosidl_typesupport_cpp.so" to ""
[2.619s] -- Installing: /home/lennoxtr/turtlebot3_ws/src/install/heading_msg/share/heading_msg/environment/pythonpath.sh
[2.619s] -- Installing: /home/lennoxtr/turtlebot3_ws/src/install/heading_msg/share/heading_msg/environment/pythonpath.dsv
[2.619s] -- Installing: /home/lennoxtr/turtlebot3_ws/src/install/heading_msg/local/lib/python3.10/dist-packages/heading_msg-0.0.0-py3.10.egg-info
[2.619s] -- Installing: /home/lennoxtr/turtlebot3_ws/src/install/heading_msg/local/lib/python3.10/dist-packages/heading_msg-0.0.0-py3.10.egg-info/dependency_links.txt
[2.619s] -- Installing: /home/lennoxtr/turtlebot3_ws/src/install/heading_msg/local/lib/python3.10/dist-packages/heading_msg-0.0.0-py3.10.egg-info/SOURCES.txt
[2.619s] -- Installing: /home/lennoxtr/turtlebot3_ws/src/install/heading_msg/local/lib/python3.10/dist-packages/heading_msg-0.0.0-py3.10.egg-info/PKG-INFO
[2.619s] -- Installing: /home/lennoxtr/turtlebot3_ws/src/install/heading_msg/local/lib/python3.10/dist-packages/heading_msg-0.0.0-py3.10.egg-info/top_level.txt
[2.619s] -- Installing: /home/lennoxtr/turtlebot3_ws/src/install/heading_msg/local/lib/python3.10/dist-packages/heading_msg
[2.619s] -- Installing: /home/lennoxtr/turtlebot3_ws/src/install/heading_msg/local/lib/python3.10/dist-packages/heading_msg/__init__.py
[2.619s] -- Installing: /home/lennoxtr/turtlebot3_ws/src/install/heading_msg/local/lib/python3.10/dist-packages/heading_msg/heading_msg_s__rosidl_typesupport_c.cpython-310-x86_64-linux-gnu.so
[2.619s] -- Installing: /home/lennoxtr/turtlebot3_ws/src/install/heading_msg/local/lib/python3.10/dist-packages/heading_msg/_heading_msg_s.ep.rosidl_typesupport_fastrtps_c.c
[2.619s] -- Installing: /home/lennoxtr/turtlebot3_ws/src/install/heading_msg/local/lib/python3.10/dist-packages/heading_msg/msg
[2.619s] -- Installing: /home/lennoxtr/turtlebot3_ws/src/install/heading_msg/local/lib/python3.10/dist-packages/heading_msg/msg/__init__.py
[2.619s] -- Installing: /home/lennoxtr/turtlebot3_ws/src/install/heading_msg/local/lib/python3.10/dist-packages/heading_msg/msg/_heading.py
[2.619s] -- Installing: /home/lennoxtr/turtlebot3_ws/src/install/heading_msg/local/lib/python3.10/dist-packages/heading_msg/msg/_heading_s.c
[2.620s] -- Installing: /home/lennoxtr/turtlebot3_ws/src/install/heading_msg/local/lib/python3.10/dist-packages/heading_msg/heading_msg_s__rosidl_typesupport_fastrtps_c.cpython-310-x86_64-linux-gnu.so
[2.620s] -- Installing: /home/lennoxtr/turtlebot3_ws/src/install/heading_msg/local/lib/python3.10/dist-packages/heading_msg/_heading_msg_s.ep.rosidl_typesupport_c.c
[2.620s] -- Installing: /home/lennoxtr/turtlebot3_ws/src/install/heading_msg/local/lib/python3.10/dist-packages/heading_msg/_heading_msg_s.ep.rosidl_typesupport_introspection_c.c
[2.620s] -- Installing: /home/lennoxtr/turtlebot3_ws/src/install/heading_msg/local/lib/python3.10/dist-packages/heading_msg/libheading_msg__rosidl_generator_py.so
[2.620s] -- Installing: /home/lennoxtr/turtlebot3_ws/src/install/heading_msg/local/lib/python3.10/dist-packages/heading_msg/heading_msg_s__rosidl_typesupport_introspection_c.cpython-310-x86_64-linux-gnu.so
[2.641s] Listing '/home/lennoxtr/turtlebot3_ws/src/install/heading_msg/local/lib/python3.10/dist-packages/heading_msg'...
[2.641s] Compiling '/home/lennoxtr/turtlebot3_ws/src/install/heading_msg/local/lib/python3.10/dist-packages/heading_msg/__init__.py'...
[2.641s] Listing '/home/lennoxtr/turtlebot3_ws/src/install/heading_msg/local/lib/python3.10/dist-packages/heading_msg/msg'...
[2.641s] Compiling '/home/lennoxtr/turtlebot3_ws/src/install/heading_msg/local/lib/python3.10/dist-packages/heading_msg/msg/__init__.py'...
[2.641s] Compiling '/home/lennoxtr/turtlebot3_ws/src/install/heading_msg/local/lib/python3.10/dist-packages/heading_msg/msg/_heading.py'...
[2.644s] -- Installing: /home/lennoxtr/turtlebot3_ws/src/install/heading_msg/local/lib/python3.10/dist-packages/heading_msg/heading_msg_s__rosidl_typesupport_fastrtps_c.cpython-310-x86_64-linux-gnu.so
[2.644s] -- Set runtime path of "/home/lennoxtr/turtlebot3_ws/src/install/heading_msg/local/lib/python3.10/dist-packages/heading_msg/heading_msg_s__rosidl_typesupport_fastrtps_c.cpython-310-x86_64-linux-gnu.so" to ""
[2.644s] -- Installing: /home/lennoxtr/turtlebot3_ws/src/install/heading_msg/local/lib/python3.10/dist-packages/heading_msg/heading_msg_s__rosidl_typesupport_introspection_c.cpython-310-x86_64-linux-gnu.so
[2.644s] -- Set runtime path of "/home/lennoxtr/turtlebot3_ws/src/install/heading_msg/local/lib/python3.10/dist-packages/heading_msg/heading_msg_s__rosidl_typesupport_introspection_c.cpython-310-x86_64-linux-gnu.so" to ""
[2.644s] -- Installing: /home/lennoxtr/turtlebot3_ws/src/install/heading_msg/local/lib/python3.10/dist-packages/heading_msg/heading_msg_s__rosidl_typesupport_c.cpython-310-x86_64-linux-gnu.so
[2.645s] -- Set runtime path of "/home/lennoxtr/turtlebot3_ws/src/install/heading_msg/local/lib/python3.10/dist-packages/heading_msg/heading_msg_s__rosidl_typesupport_c.cpython-310-x86_64-linux-gnu.so" to ""
[2.645s] -- Installing: /home/lennoxtr/turtlebot3_ws/src/install/heading_msg/lib/libheading_msg__rosidl_generator_py.so
[2.645s] -- Set runtime path of "/home/lennoxtr/turtlebot3_ws/src/install/heading_msg/lib/libheading_msg__rosidl_generator_py.so" to ""
[2.645s] -- Installing: /home/lennoxtr/turtlebot3_ws/src/install/heading_msg/share/heading_msg/msg/Heading.idl
[2.645s] -- Installing: /home/lennoxtr/turtlebot3_ws/src/install/heading_msg/share/heading_msg/msg/Heading.msg
[2.645s] -- Installing: /home/lennoxtr/turtlebot3_ws/src/install/heading_msg/share/ament_index/resource_index/package_run_dependencies/heading_msg
[2.645s] -- Installing: /home/lennoxtr/turtlebot3_ws/src/install/heading_msg/share/ament_index/resource_index/parent_prefix_path/heading_msg
[2.645s] -- Installing: /home/lennoxtr/turtlebot3_ws/src/install/heading_msg/share/heading_msg/environment/ament_prefix_path.sh
[2.645s] -- Installing: /home/lennoxtr/turtlebot3_ws/src/install/heading_msg/share/heading_msg/environment/ament_prefix_path.dsv
[2.645s] -- Installing: /home/lennoxtr/turtlebot3_ws/src/install/heading_msg/share/heading_msg/environment/path.sh
[2.645s] -- Installing: /home/lennoxtr/turtlebot3_ws/src/install/heading_msg/share/heading_msg/environment/path.dsv
[2.645s] -- Installing: /home/lennoxtr/turtlebot3_ws/src/install/heading_msg/share/heading_msg/local_setup.bash
[2.645s] -- Installing: /home/lennoxtr/turtlebot3_ws/src/install/heading_msg/share/heading_msg/local_setup.sh
[2.646s] -- Installing: /home/lennoxtr/turtlebot3_ws/src/install/heading_msg/share/heading_msg/local_setup.zsh
[2.646s] -- Installing: /home/lennoxtr/turtlebot3_ws/src/install/heading_msg/share/heading_msg/local_setup.dsv
[2.646s] -- Installing: /home/lennoxtr/turtlebot3_ws/src/install/heading_msg/share/heading_msg/package.dsv
[2.646s] -- Installing: /home/lennoxtr/turtlebot3_ws/src/install/heading_msg/share/ament_index/resource_index/packages/heading_msg
[2.646s] -- Installing: /home/lennoxtr/turtlebot3_ws/src/install/heading_msg/share/heading_msg/cmake/export_heading_msg__rosidl_generator_cExport.cmake
[2.646s] -- Installing: /home/lennoxtr/turtlebot3_ws/src/install/heading_msg/share/heading_msg/cmake/export_heading_msg__rosidl_generator_cExport-noconfig.cmake
[2.646s] -- Installing: /home/lennoxtr/turtlebot3_ws/src/install/heading_msg/share/heading_msg/cmake/export_heading_msg__rosidl_typesupport_fastrtps_cExport.cmake
[2.646s] -- Installing: /home/lennoxtr/turtlebot3_ws/src/install/heading_msg/share/heading_msg/cmake/export_heading_msg__rosidl_typesupport_fastrtps_cExport-noconfig.cmake
[2.646s] -- Installing: /home/lennoxtr/turtlebot3_ws/src/install/heading_msg/share/heading_msg/cmake/heading_msg__rosidl_typesupport_introspection_cExport.cmake
[2.646s] -- Installing: /home/lennoxtr/turtlebot3_ws/src/install/heading_msg/share/heading_msg/cmake/heading_msg__rosidl_typesupport_introspection_cExport-noconfig.cmake
[2.646s] -- Installing: /home/lennoxtr/turtlebot3_ws/src/install/heading_msg/share/heading_msg/cmake/heading_msg__rosidl_typesupport_cExport.cmake
[2.646s] -- Installing: /home/lennoxtr/turtlebot3_ws/src/install/heading_msg/share/heading_msg/cmake/heading_msg__rosidl_typesupport_cExport-noconfig.cmake
[2.646s] -- Installing: /home/lennoxtr/turtlebot3_ws/src/install/heading_msg/share/heading_msg/cmake/export_heading_msg__rosidl_generator_cppExport.cmake
[2.646s] -- Installing: /home/lennoxtr/turtlebot3_ws/src/install/heading_msg/share/heading_msg/cmake/export_heading_msg__rosidl_typesupport_fastrtps_cppExport.cmake
[2.646s] -- Installing: /home/lennoxtr/turtlebot3_ws/src/install/heading_msg/share/heading_msg/cmake/export_heading_msg__rosidl_typesupport_fastrtps_cppExport-noconfig.cmake
[2.647s] -- Installing: /home/lennoxtr/turtlebot3_ws/src/install/heading_msg/share/heading_msg/cmake/heading_msg__rosidl_typesupport_introspection_cppExport.cmake
[2.647s] -- Installing: /home/lennoxtr/turtlebot3_ws/src/install/heading_msg/share/heading_msg/cmake/heading_msg__rosidl_typesupport_introspection_cppExport-noconfig.cmake
[2.647s] -- Installing: /home/lennoxtr/turtlebot3_ws/src/install/heading_msg/share/heading_msg/cmake/heading_msg__rosidl_typesupport_cppExport.cmake
[2.647s] -- Installing: /home/lennoxtr/turtlebot3_ws/src/install/heading_msg/share/heading_msg/cmake/heading_msg__rosidl_typesupport_cppExport-noconfig.cmake
[2.647s] -- Installing: /home/lennoxtr/turtlebot3_ws/src/install/heading_msg/share/heading_msg/cmake/export_heading_msg__rosidl_generator_pyExport.cmake
[2.647s] -- Installing: /home/lennoxtr/turtlebot3_ws/src/install/heading_msg/share/heading_msg/cmake/export_heading_msg__rosidl_generator_pyExport-noconfig.cmake
[2.647s] -- Installing: /home/lennoxtr/turtlebot3_ws/src/install/heading_msg/share/heading_msg/cmake/rosidl_cmake-extras.cmake
[2.647s] -- Installing: /home/lennoxtr/turtlebot3_ws/src/install/heading_msg/share/heading_msg/cmake/ament_cmake_export_include_directories-extras.cmake
[2.647s] -- Installing: /home/lennoxtr/turtlebot3_ws/src/install/heading_msg/share/heading_msg/cmake/ament_cmake_export_libraries-extras.cmake
[2.647s] -- Installing: /home/lennoxtr/turtlebot3_ws/src/install/heading_msg/share/heading_msg/cmake/ament_cmake_export_targets-extras.cmake
[2.647s] -- Installing: /home/lennoxtr/turtlebot3_ws/src/install/heading_msg/share/heading_msg/cmake/rosidl_cmake_export_typesupport_targets-extras.cmake
[2.647s] -- Installing: /home/lennoxtr/turtlebot3_ws/src/install/heading_msg/share/heading_msg/cmake/ament_cmake_export_dependencies-extras.cmake
[2.647s] -- Installing: /home/lennoxtr/turtlebot3_ws/src/install/heading_msg/share/heading_msg/cmake/rosidl_cmake_export_typesupport_libraries-extras.cmake
[2.647s] -- Installing: /home/lennoxtr/turtlebot3_ws/src/install/heading_msg/share/heading_msg/cmake/heading_msgConfig.cmake
[2.647s] -- Installing: /home/lennoxtr/turtlebot3_ws/src/install/heading_msg/share/heading_msg/cmake/heading_msgConfig-version.cmake
[2.647s] -- Installing: /home/lennoxtr/turtlebot3_ws/src/install/heading_msg/share/heading_msg/package.xml
[2.649s] Invoked command in '/home/lennoxtr/turtlebot3_ws/src/build/heading_msg' returned '0': CMAKE_PREFIX_PATH=/opt/ros/humble /usr/bin/cmake --install /home/lennoxtr/turtlebot3_ws/src/build/heading_msg
