running egg_info
creating ../build/goal_input/goal_input.egg-info
writing ../build/goal_input/goal_input.egg-info/PKG-INFO
writing dependency_links to ../build/goal_input/goal_input.egg-info/dependency_links.txt
writing entry points to ../build/goal_input/goal_input.egg-info/entry_points.txt
writing requirements to ../build/goal_input/goal_input.egg-info/requires.txt
writing top-level names to ../build/goal_input/goal_input.egg-info/top_level.txt
writing manifest file '../build/goal_input/goal_input.egg-info/SOURCES.txt'
reading manifest file '../build/goal_input/goal_input.egg-info/SOURCES.txt'
adding license file 'LICENSE'
writing manifest file '../build/goal_input/goal_input.egg-info/SOURCES.txt'
running build
running build_py
creating /home/lennoxtr/turtlebot3_ws/src/build/goal_input/build
creating /home/lennoxtr/turtlebot3_ws/src/build/goal_input/build/lib
creating /home/lennoxtr/turtlebot3_ws/src/build/goal_input/build/lib/goal_input
copying goal_input/__init__.py -> /home/lennoxtr/turtlebot3_ws/src/build/goal_input/build/lib/goal_input
copying goal_input/GoalInput.py -> /home/lennoxtr/turtlebot3_ws/src/build/goal_input/build/lib/goal_input
running install
running install_lib
creating /home/lennoxtr/turtlebot3_ws/src/install/goal_input/lib/python3.10/site-packages/goal_input
copying /home/lennoxtr/turtlebot3_ws/src/build/goal_input/build/lib/goal_input/__init__.py -> /home/lennoxtr/turtlebot3_ws/src/install/goal_input/lib/python3.10/site-packages/goal_input
copying /home/lennoxtr/turtlebot3_ws/src/build/goal_input/build/lib/goal_input/GoalInput.py -> /home/lennoxtr/turtlebot3_ws/src/install/goal_input/lib/python3.10/site-packages/goal_input
byte-compiling /home/lennoxtr/turtlebot3_ws/src/install/goal_input/lib/python3.10/site-packages/goal_input/__init__.py to __init__.cpython-310.pyc
byte-compiling /home/lennoxtr/turtlebot3_ws/src/install/goal_input/lib/python3.10/site-packages/goal_input/GoalInput.py to GoalInput.cpython-310.pyc
running install_data
creating /home/lennoxtr/turtlebot3_ws/src/install/goal_input/share/ament_index
creating /home/lennoxtr/turtlebot3_ws/src/install/goal_input/share/ament_index/resource_index
creating /home/lennoxtr/turtlebot3_ws/src/install/goal_input/share/ament_index/resource_index/packages
copying resource/goal_input -> /home/lennoxtr/turtlebot3_ws/src/install/goal_input/share/ament_index/resource_index/packages
copying package.xml -> /home/lennoxtr/turtlebot3_ws/src/install/goal_input/share/goal_input
running install_egg_info
Copying ../build/goal_input/goal_input.egg-info to /home/lennoxtr/turtlebot3_ws/src/install/goal_input/lib/python3.10/site-packages/goal_input-0.0.0-py3.10.egg-info
running install_scripts
Installing ask_input script to /home/lennoxtr/turtlebot3_ws/src/install/goal_input/lib/goal_input
writing list of installed files to '/home/lennoxtr/turtlebot3_ws/src/build/goal_input/install.log'
