[0.470s] Invoking command in '/home/lennoxtr/turtlebot3_ws/src/goal_input': AMENT_PREFIX_PATH=/home/lennoxtr/turtlebot3_ws/src/install/robot_goal:${AMENT_PREFIX_PATH} CMAKE_PREFIX_PATH=/home/lennoxtr/turtlebot3_ws/src/install/robot_goal LD_LIBRARY_PATH=/home/lennoxtr/turtlebot3_ws/src/install/robot_goal/lib:/usr/lib/x86_64-linux-gnu/gazebo-11/plugins:/opt/ros/humble/opt/rviz_ogre_vendor/lib:/opt/ros/humble/lib/x86_64-linux-gnu:/opt/ros/humble/lib:/usr/lib/x86_64-linux-gnu/gazebo-11/plugins:/usr/lib/x86_64-linux-gnu/gazebo-11/plugins:/usr/lib/x86_64-linux-gnu/gazebo-11/plugins PYTHONPATH=/home/lennoxtr/turtlebot3_ws/src/build/goal_input/prefix_override:/usr/lib/python3/dist-packages/colcon_core/task/python/colcon_distutils_commands:/home/lennoxtr/turtlebot3_ws/src/install/goal_input/lib/python3.10/site-packages:/home/lennoxtr/turtlebot3_ws/src/install/robot_goal/local/lib/python3.10/dist-packages:${PYTHONPATH} /usr/bin/python3 -W ignore:setup.py install is deprecated setup.py egg_info --egg-base ../build/goal_input build --build-base /home/lennoxtr/turtlebot3_ws/src/build/goal_input/build install --record /home/lennoxtr/turtlebot3_ws/src/build/goal_input/install.log --single-version-externally-managed install_data
[0.631s] running egg_info
[0.631s] creating ../build/goal_input/goal_input.egg-info
[0.631s] writing ../build/goal_input/goal_input.egg-info/PKG-INFO
[0.631s] writing dependency_links to ../build/goal_input/goal_input.egg-info/dependency_links.txt
[0.632s] writing entry points to ../build/goal_input/goal_input.egg-info/entry_points.txt
[0.632s] writing requirements to ../build/goal_input/goal_input.egg-info/requires.txt
[0.632s] writing top-level names to ../build/goal_input/goal_input.egg-info/top_level.txt
[0.632s] writing manifest file '../build/goal_input/goal_input.egg-info/SOURCES.txt'
[0.633s] reading manifest file '../build/goal_input/goal_input.egg-info/SOURCES.txt'
[0.633s] adding license file 'LICENSE'
[0.634s] writing manifest file '../build/goal_input/goal_input.egg-info/SOURCES.txt'
[0.634s] running build
[0.634s] running build_py
[0.634s] creating /home/lennoxtr/turtlebot3_ws/src/build/goal_input/build
[0.634s] creating /home/lennoxtr/turtlebot3_ws/src/build/goal_input/build/lib
[0.634s] creating /home/lennoxtr/turtlebot3_ws/src/build/goal_input/build/lib/goal_input
[0.634s] copying goal_input/__init__.py -> /home/lennoxtr/turtlebot3_ws/src/build/goal_input/build/lib/goal_input
[0.634s] copying goal_input/GoalInput.py -> /home/lennoxtr/turtlebot3_ws/src/build/goal_input/build/lib/goal_input
[0.634s] running install
[0.635s] running install_lib
[0.635s] creating /home/lennoxtr/turtlebot3_ws/src/install/goal_input/lib/python3.10/site-packages/goal_input
[0.635s] copying /home/lennoxtr/turtlebot3_ws/src/build/goal_input/build/lib/goal_input/__init__.py -> /home/lennoxtr/turtlebot3_ws/src/install/goal_input/lib/python3.10/site-packages/goal_input
[0.635s] copying /home/lennoxtr/turtlebot3_ws/src/build/goal_input/build/lib/goal_input/GoalInput.py -> /home/lennoxtr/turtlebot3_ws/src/install/goal_input/lib/python3.10/site-packages/goal_input
[0.636s] byte-compiling /home/lennoxtr/turtlebot3_ws/src/install/goal_input/lib/python3.10/site-packages/goal_input/__init__.py to __init__.cpython-310.pyc
[0.636s] byte-compiling /home/lennoxtr/turtlebot3_ws/src/install/goal_input/lib/python3.10/site-packages/goal_input/GoalInput.py to GoalInput.cpython-310.pyc
[0.636s] running install_data
[0.636s] creating /home/lennoxtr/turtlebot3_ws/src/install/goal_input/share/ament_index
[0.636s] creating /home/lennoxtr/turtlebot3_ws/src/install/goal_input/share/ament_index/resource_index
[0.636s] creating /home/lennoxtr/turtlebot3_ws/src/install/goal_input/share/ament_index/resource_index/packages
[0.636s] copying resource/goal_input -> /home/lennoxtr/turtlebot3_ws/src/install/goal_input/share/ament_index/resource_index/packages
[0.636s] copying package.xml -> /home/lennoxtr/turtlebot3_ws/src/install/goal_input/share/goal_input
[0.636s] running install_egg_info
[0.638s] Copying ../build/goal_input/goal_input.egg-info to /home/lennoxtr/turtlebot3_ws/src/install/goal_input/lib/python3.10/site-packages/goal_input-0.0.0-py3.10.egg-info
[0.639s] running install_scripts
[0.653s] Installing ask_input script to /home/lennoxtr/turtlebot3_ws/src/install/goal_input/lib/goal_input
[0.653s] writing list of installed files to '/home/lennoxtr/turtlebot3_ws/src/build/goal_input/install.log'
[0.674s] Invoked command in '/home/lennoxtr/turtlebot3_ws/src/goal_input' returned '0': AMENT_PREFIX_PATH=/home/lennoxtr/turtlebot3_ws/src/install/robot_goal:${AMENT_PREFIX_PATH} CMAKE_PREFIX_PATH=/home/lennoxtr/turtlebot3_ws/src/install/robot_goal LD_LIBRARY_PATH=/home/lennoxtr/turtlebot3_ws/src/install/robot_goal/lib:/usr/lib/x86_64-linux-gnu/gazebo-11/plugins:/opt/ros/humble/opt/rviz_ogre_vendor/lib:/opt/ros/humble/lib/x86_64-linux-gnu:/opt/ros/humble/lib:/usr/lib/x86_64-linux-gnu/gazebo-11/plugins:/usr/lib/x86_64-linux-gnu/gazebo-11/plugins:/usr/lib/x86_64-linux-gnu/gazebo-11/plugins PYTHONPATH=/home/lennoxtr/turtlebot3_ws/src/build/goal_input/prefix_override:/usr/lib/python3/dist-packages/colcon_core/task/python/colcon_distutils_commands:/home/lennoxtr/turtlebot3_ws/src/install/goal_input/lib/python3.10/site-packages:/home/lennoxtr/turtlebot3_ws/src/install/robot_goal/local/lib/python3.10/dist-packages:${PYTHONPATH} /usr/bin/python3 -W ignore:setup.py install is deprecated setup.py egg_info --egg-base ../build/goal_input build --build-base /home/lennoxtr/turtlebot3_ws/src/build/goal_input/build install --record /home/lennoxtr/turtlebot3_ws/src/build/goal_input/install.log --single-version-externally-managed install_data
