[  9%] Built target velocity_msg__rosidl_generator_c
[ 12%] Built target velocity_msg__cpp
[ 12%] Built target ament_cmake_python_copy_velocity_msg
[ 22%] Built target velocity_msg__rosidl_typesupport_c
[ 41%] Built target velocity_msg__rosidl_typesupport_cpp
[ 51%] Built target velocity_msg__rosidl_typesupport_fastrtps_cpp
[ 61%] Built target velocity_msg__rosidl_typesupport_introspection_cpp
[ 32%] Built target velocity_msg__rosidl_typesupport_fastrtps_c
[ 70%] Built target velocity_msg__rosidl_typesupport_introspection_c
[ 70%] Built target velocity_msg
[ 74%] Built target velocity_msg__py
[ 80%] Built target velocity_msg__rosidl_generator_py
[ 87%] Built target velocity_msg__rosidl_typesupport_fastrtps_c__pyext
[ 93%] Built target velocity_msg__rosidl_typesupport_introspection_c__pyext
[100%] Built target velocity_msg__rosidl_typesupport_c__pyext
running egg_info
writing velocity_msg.egg-info/PKG-INFO
writing dependency_links to velocity_msg.egg-info/dependency_links.txt
writing top-level names to velocity_msg.egg-info/top_level.txt
reading manifest file 'velocity_msg.egg-info/SOURCES.txt'
writing manifest file 'velocity_msg.egg-info/SOURCES.txt'
[100%] Built target ament_cmake_python_build_velocity_msg_egg
-- Install configuration: ""
-- Up-to-date: /home/lennoxtr/turtlebot3_ws/src/install/velocity_msg/share/ament_index/resource_index/rosidl_interfaces/velocity_msg
-- Up-to-date: /home/lennoxtr/turtlebot3_ws/src/install/velocity_msg/include/velocity_msg/velocity_msg
-- Up-to-date: /home/lennoxtr/turtlebot3_ws/src/install/velocity_msg/include/velocity_msg/velocity_msg/msg
-- Up-to-date: /home/lennoxtr/turtlebot3_ws/src/install/velocity_msg/include/velocity_msg/velocity_msg/msg/velocity.h
-- Up-to-date: /home/lennoxtr/turtlebot3_ws/src/install/velocity_msg/include/velocity_msg/velocity_msg/msg/detail
-- Up-to-date: /home/lennoxtr/turtlebot3_ws/src/install/velocity_msg/include/velocity_msg/velocity_msg/msg/detail/velocity__type_support.h
-- Up-to-date: /home/lennoxtr/turtlebot3_ws/src/install/velocity_msg/include/velocity_msg/velocity_msg/msg/detail/velocity__functions.h
-- Up-to-date: /home/lennoxtr/turtlebot3_ws/src/install/velocity_msg/include/velocity_msg/velocity_msg/msg/detail/velocity__struct.h
-- Up-to-date: /home/lennoxtr/turtlebot3_ws/src/install/velocity_msg/include/velocity_msg/velocity_msg/msg/detail/velocity__functions.c
-- Up-to-date: /home/lennoxtr/turtlebot3_ws/src/install/velocity_msg/include/velocity_msg/velocity_msg/msg/rosidl_generator_c__visibility_control.h
-- Up-to-date: /home/lennoxtr/turtlebot3_ws/src/install/velocity_msg/share/velocity_msg/environment/library_path.sh
-- Up-to-date: /home/lennoxtr/turtlebot3_ws/src/install/velocity_msg/share/velocity_msg/environment/library_path.dsv
-- Up-to-date: /home/lennoxtr/turtlebot3_ws/src/install/velocity_msg/lib/libvelocity_msg__rosidl_generator_c.so
-- Up-to-date: /home/lennoxtr/turtlebot3_ws/src/install/velocity_msg/include/velocity_msg/velocity_msg
-- Up-to-date: /home/lennoxtr/turtlebot3_ws/src/install/velocity_msg/include/velocity_msg/velocity_msg/msg
-- Up-to-date: /home/lennoxtr/turtlebot3_ws/src/install/velocity_msg/include/velocity_msg/velocity_msg/msg/rosidl_typesupport_fastrtps_c__visibility_control.h
-- Up-to-date: /home/lennoxtr/turtlebot3_ws/src/install/velocity_msg/include/velocity_msg/velocity_msg/msg/detail
-- Up-to-date: /home/lennoxtr/turtlebot3_ws/src/install/velocity_msg/include/velocity_msg/velocity_msg/msg/detail/velocity__rosidl_typesupport_fastrtps_c.h
-- Up-to-date: /home/lennoxtr/turtlebot3_ws/src/install/velocity_msg/lib/libvelocity_msg__rosidl_typesupport_fastrtps_c.so
-- Up-to-date: /home/lennoxtr/turtlebot3_ws/src/install/velocity_msg/include/velocity_msg/velocity_msg
-- Up-to-date: /home/lennoxtr/turtlebot3_ws/src/install/velocity_msg/include/velocity_msg/velocity_msg/msg
-- Up-to-date: /home/lennoxtr/turtlebot3_ws/src/install/velocity_msg/include/velocity_msg/velocity_msg/msg/rosidl_typesupport_introspection_c__visibility_control.h
-- Up-to-date: /home/lennoxtr/turtlebot3_ws/src/install/velocity_msg/include/velocity_msg/velocity_msg/msg/detail
-- Up-to-date: /home/lennoxtr/turtlebot3_ws/src/install/velocity_msg/include/velocity_msg/velocity_msg/msg/detail/velocity__rosidl_typesupport_introspection_c.h
-- Up-to-date: /home/lennoxtr/turtlebot3_ws/src/install/velocity_msg/include/velocity_msg/velocity_msg/msg/detail/velocity__type_support.c
-- Up-to-date: /home/lennoxtr/turtlebot3_ws/src/install/velocity_msg/lib/libvelocity_msg__rosidl_typesupport_introspection_c.so
-- Up-to-date: /home/lennoxtr/turtlebot3_ws/src/install/velocity_msg/lib/libvelocity_msg__rosidl_typesupport_c.so
-- Up-to-date: /home/lennoxtr/turtlebot3_ws/src/install/velocity_msg/include/velocity_msg/velocity_msg
-- Up-to-date: /home/lennoxtr/turtlebot3_ws/src/install/velocity_msg/include/velocity_msg/velocity_msg/msg
-- Up-to-date: /home/lennoxtr/turtlebot3_ws/src/install/velocity_msg/include/velocity_msg/velocity_msg/msg/velocity.hpp
-- Up-to-date: /home/lennoxtr/turtlebot3_ws/src/install/velocity_msg/include/velocity_msg/velocity_msg/msg/detail
-- Up-to-date: /home/lennoxtr/turtlebot3_ws/src/install/velocity_msg/include/velocity_msg/velocity_msg/msg/detail/velocity__traits.hpp
-- Up-to-date: /home/lennoxtr/turtlebot3_ws/src/install/velocity_msg/include/velocity_msg/velocity_msg/msg/detail/velocity__builder.hpp
-- Up-to-date: /home/lennoxtr/turtlebot3_ws/src/install/velocity_msg/include/velocity_msg/velocity_msg/msg/detail/velocity__struct.hpp
-- Up-to-date: /home/lennoxtr/turtlebot3_ws/src/install/velocity_msg/include/velocity_msg/velocity_msg
-- Up-to-date: /home/lennoxtr/turtlebot3_ws/src/install/velocity_msg/include/velocity_msg/velocity_msg/msg
-- Up-to-date: /home/lennoxtr/turtlebot3_ws/src/install/velocity_msg/include/velocity_msg/velocity_msg/msg/rosidl_typesupport_fastrtps_cpp__visibility_control.h
-- Up-to-date: /home/lennoxtr/turtlebot3_ws/src/install/velocity_msg/include/velocity_msg/velocity_msg/msg/detail
-- Up-to-date: /home/lennoxtr/turtlebot3_ws/src/install/velocity_msg/include/velocity_msg/velocity_msg/msg/detail/dds_fastrtps
-- Up-to-date: /home/lennoxtr/turtlebot3_ws/src/install/velocity_msg/include/velocity_msg/velocity_msg/msg/detail/velocity__rosidl_typesupport_fastrtps_cpp.hpp
-- Up-to-date: /home/lennoxtr/turtlebot3_ws/src/install/velocity_msg/lib/libvelocity_msg__rosidl_typesupport_fastrtps_cpp.so
-- Up-to-date: /home/lennoxtr/turtlebot3_ws/src/install/velocity_msg/include/velocity_msg/velocity_msg
-- Up-to-date: /home/lennoxtr/turtlebot3_ws/src/install/velocity_msg/include/velocity_msg/velocity_msg/msg
-- Up-to-date: /home/lennoxtr/turtlebot3_ws/src/install/velocity_msg/include/velocity_msg/velocity_msg/msg/detail
-- Up-to-date: /home/lennoxtr/turtlebot3_ws/src/install/velocity_msg/include/velocity_msg/velocity_msg/msg/detail/velocity__type_support.cpp
-- Up-to-date: /home/lennoxtr/turtlebot3_ws/src/install/velocity_msg/include/velocity_msg/velocity_msg/msg/detail/velocity__rosidl_typesupport_introspection_cpp.hpp
-- Up-to-date: /home/lennoxtr/turtlebot3_ws/src/install/velocity_msg/lib/libvelocity_msg__rosidl_typesupport_introspection_cpp.so
-- Up-to-date: /home/lennoxtr/turtlebot3_ws/src/install/velocity_msg/lib/libvelocity_msg__rosidl_typesupport_cpp.so
-- Up-to-date: /home/lennoxtr/turtlebot3_ws/src/install/velocity_msg/share/velocity_msg/environment/pythonpath.sh
-- Up-to-date: /home/lennoxtr/turtlebot3_ws/src/install/velocity_msg/share/velocity_msg/environment/pythonpath.dsv
-- Up-to-date: /home/lennoxtr/turtlebot3_ws/src/install/velocity_msg/local/lib/python3.10/dist-packages/velocity_msg-0.0.0-py3.10.egg-info
-- Installing: /home/lennoxtr/turtlebot3_ws/src/install/velocity_msg/local/lib/python3.10/dist-packages/velocity_msg-0.0.0-py3.10.egg-info/dependency_links.txt
-- Installing: /home/lennoxtr/turtlebot3_ws/src/install/velocity_msg/local/lib/python3.10/dist-packages/velocity_msg-0.0.0-py3.10.egg-info/SOURCES.txt
-- Installing: /home/lennoxtr/turtlebot3_ws/src/install/velocity_msg/local/lib/python3.10/dist-packages/velocity_msg-0.0.0-py3.10.egg-info/PKG-INFO
-- Installing: /home/lennoxtr/turtlebot3_ws/src/install/velocity_msg/local/lib/python3.10/dist-packages/velocity_msg-0.0.0-py3.10.egg-info/top_level.txt
-- Up-to-date: /home/lennoxtr/turtlebot3_ws/src/install/velocity_msg/local/lib/python3.10/dist-packages/velocity_msg
-- Up-to-date: /home/lennoxtr/turtlebot3_ws/src/install/velocity_msg/local/lib/python3.10/dist-packages/velocity_msg/velocity_msg_s__rosidl_typesupport_c.cpython-310-x86_64-linux-gnu.so
-- Up-to-date: /home/lennoxtr/turtlebot3_ws/src/install/velocity_msg/local/lib/python3.10/dist-packages/velocity_msg/_velocity_msg_s.ep.rosidl_typesupport_c.c
-- Up-to-date: /home/lennoxtr/turtlebot3_ws/src/install/velocity_msg/local/lib/python3.10/dist-packages/velocity_msg/velocity_msg_s__rosidl_typesupport_fastrtps_c.cpython-310-x86_64-linux-gnu.so
-- Up-to-date: /home/lennoxtr/turtlebot3_ws/src/install/velocity_msg/local/lib/python3.10/dist-packages/velocity_msg/__init__.py
-- Up-to-date: /home/lennoxtr/turtlebot3_ws/src/install/velocity_msg/local/lib/python3.10/dist-packages/velocity_msg/velocity_msg_s__rosidl_typesupport_introspection_c.cpython-310-x86_64-linux-gnu.so
-- Up-to-date: /home/lennoxtr/turtlebot3_ws/src/install/velocity_msg/local/lib/python3.10/dist-packages/velocity_msg/msg
-- Up-to-date: /home/lennoxtr/turtlebot3_ws/src/install/velocity_msg/local/lib/python3.10/dist-packages/velocity_msg/msg/__init__.py
-- Up-to-date: /home/lennoxtr/turtlebot3_ws/src/install/velocity_msg/local/lib/python3.10/dist-packages/velocity_msg/msg/_velocity.py
-- Up-to-date: /home/lennoxtr/turtlebot3_ws/src/install/velocity_msg/local/lib/python3.10/dist-packages/velocity_msg/msg/_velocity_s.c
-- Up-to-date: /home/lennoxtr/turtlebot3_ws/src/install/velocity_msg/local/lib/python3.10/dist-packages/velocity_msg/libvelocity_msg__rosidl_generator_py.so
-- Up-to-date: /home/lennoxtr/turtlebot3_ws/src/install/velocity_msg/local/lib/python3.10/dist-packages/velocity_msg/_velocity_msg_s.ep.rosidl_typesupport_fastrtps_c.c
-- Up-to-date: /home/lennoxtr/turtlebot3_ws/src/install/velocity_msg/local/lib/python3.10/dist-packages/velocity_msg/_velocity_msg_s.ep.rosidl_typesupport_introspection_c.c
Listing '/home/lennoxtr/turtlebot3_ws/src/install/velocity_msg/local/lib/python3.10/dist-packages/velocity_msg'...
Listing '/home/lennoxtr/turtlebot3_ws/src/install/velocity_msg/local/lib/python3.10/dist-packages/velocity_msg/msg'...
-- Up-to-date: /home/lennoxtr/turtlebot3_ws/src/install/velocity_msg/local/lib/python3.10/dist-packages/velocity_msg/velocity_msg_s__rosidl_typesupport_fastrtps_c.cpython-310-x86_64-linux-gnu.so
-- Up-to-date: /home/lennoxtr/turtlebot3_ws/src/install/velocity_msg/local/lib/python3.10/dist-packages/velocity_msg/velocity_msg_s__rosidl_typesupport_introspection_c.cpython-310-x86_64-linux-gnu.so
-- Up-to-date: /home/lennoxtr/turtlebot3_ws/src/install/velocity_msg/local/lib/python3.10/dist-packages/velocity_msg/velocity_msg_s__rosidl_typesupport_c.cpython-310-x86_64-linux-gnu.so
-- Up-to-date: /home/lennoxtr/turtlebot3_ws/src/install/velocity_msg/lib/libvelocity_msg__rosidl_generator_py.so
-- Up-to-date: /home/lennoxtr/turtlebot3_ws/src/install/velocity_msg/share/velocity_msg/msg/Velocity.idl
-- Up-to-date: /home/lennoxtr/turtlebot3_ws/src/install/velocity_msg/share/velocity_msg/msg/Velocity.msg
-- Up-to-date: /home/lennoxtr/turtlebot3_ws/src/install/velocity_msg/share/ament_index/resource_index/package_run_dependencies/velocity_msg
-- Up-to-date: /home/lennoxtr/turtlebot3_ws/src/install/velocity_msg/share/ament_index/resource_index/parent_prefix_path/velocity_msg
-- Up-to-date: /home/lennoxtr/turtlebot3_ws/src/install/velocity_msg/share/velocity_msg/environment/ament_prefix_path.sh
-- Up-to-date: /home/lennoxtr/turtlebot3_ws/src/install/velocity_msg/share/velocity_msg/environment/ament_prefix_path.dsv
-- Up-to-date: /home/lennoxtr/turtlebot3_ws/src/install/velocity_msg/share/velocity_msg/environment/path.sh
-- Up-to-date: /home/lennoxtr/turtlebot3_ws/src/install/velocity_msg/share/velocity_msg/environment/path.dsv
-- Up-to-date: /home/lennoxtr/turtlebot3_ws/src/install/velocity_msg/share/velocity_msg/local_setup.bash
-- Up-to-date: /home/lennoxtr/turtlebot3_ws/src/install/velocity_msg/share/velocity_msg/local_setup.sh
-- Up-to-date: /home/lennoxtr/turtlebot3_ws/src/install/velocity_msg/share/velocity_msg/local_setup.zsh
-- Up-to-date: /home/lennoxtr/turtlebot3_ws/src/install/velocity_msg/share/velocity_msg/local_setup.dsv
-- Installing: /home/lennoxtr/turtlebot3_ws/src/install/velocity_msg/share/velocity_msg/package.dsv
-- Up-to-date: /home/lennoxtr/turtlebot3_ws/src/install/velocity_msg/share/ament_index/resource_index/packages/velocity_msg
-- Up-to-date: /home/lennoxtr/turtlebot3_ws/src/install/velocity_msg/share/velocity_msg/cmake/export_velocity_msg__rosidl_generator_cExport.cmake
-- Up-to-date: /home/lennoxtr/turtlebot3_ws/src/install/velocity_msg/share/velocity_msg/cmake/export_velocity_msg__rosidl_generator_cExport-noconfig.cmake
-- Up-to-date: /home/lennoxtr/turtlebot3_ws/src/install/velocity_msg/share/velocity_msg/cmake/export_velocity_msg__rosidl_typesupport_fastrtps_cExport.cmake
-- Up-to-date: /home/lennoxtr/turtlebot3_ws/src/install/velocity_msg/share/velocity_msg/cmake/export_velocity_msg__rosidl_typesupport_fastrtps_cExport-noconfig.cmake
-- Up-to-date: /home/lennoxtr/turtlebot3_ws/src/install/velocity_msg/share/velocity_msg/cmake/velocity_msg__rosidl_typesupport_introspection_cExport.cmake
-- Up-to-date: /home/lennoxtr/turtlebot3_ws/src/install/velocity_msg/share/velocity_msg/cmake/velocity_msg__rosidl_typesupport_introspection_cExport-noconfig.cmake
-- Up-to-date: /home/lennoxtr/turtlebot3_ws/src/install/velocity_msg/share/velocity_msg/cmake/velocity_msg__rosidl_typesupport_cExport.cmake
-- Up-to-date: /home/lennoxtr/turtlebot3_ws/src/install/velocity_msg/share/velocity_msg/cmake/velocity_msg__rosidl_typesupport_cExport-noconfig.cmake
-- Up-to-date: /home/lennoxtr/turtlebot3_ws/src/install/velocity_msg/share/velocity_msg/cmake/export_velocity_msg__rosidl_generator_cppExport.cmake
-- Up-to-date: /home/lennoxtr/turtlebot3_ws/src/install/velocity_msg/share/velocity_msg/cmake/export_velocity_msg__rosidl_typesupport_fastrtps_cppExport.cmake
-- Up-to-date: /home/lennoxtr/turtlebot3_ws/src/install/velocity_msg/share/velocity_msg/cmake/export_velocity_msg__rosidl_typesupport_fastrtps_cppExport-noconfig.cmake
-- Up-to-date: /home/lennoxtr/turtlebot3_ws/src/install/velocity_msg/share/velocity_msg/cmake/velocity_msg__rosidl_typesupport_introspection_cppExport.cmake
-- Up-to-date: /home/lennoxtr/turtlebot3_ws/src/install/velocity_msg/share/velocity_msg/cmake/velocity_msg__rosidl_typesupport_introspection_cppExport-noconfig.cmake
-- Up-to-date: /home/lennoxtr/turtlebot3_ws/src/install/velocity_msg/share/velocity_msg/cmake/velocity_msg__rosidl_typesupport_cppExport.cmake
-- Up-to-date: /home/lennoxtr/turtlebot3_ws/src/install/velocity_msg/share/velocity_msg/cmake/velocity_msg__rosidl_typesupport_cppExport-noconfig.cmake
-- Up-to-date: /home/lennoxtr/turtlebot3_ws/src/install/velocity_msg/share/velocity_msg/cmake/export_velocity_msg__rosidl_generator_pyExport.cmake
-- Up-to-date: /home/lennoxtr/turtlebot3_ws/src/install/velocity_msg/share/velocity_msg/cmake/export_velocity_msg__rosidl_generator_pyExport-noconfig.cmake
-- Up-to-date: /home/lennoxtr/turtlebot3_ws/src/install/velocity_msg/share/velocity_msg/cmake/rosidl_cmake-extras.cmake
-- Up-to-date: /home/lennoxtr/turtlebot3_ws/src/install/velocity_msg/share/velocity_msg/cmake/ament_cmake_export_include_directories-extras.cmake
-- Up-to-date: /home/lennoxtr/turtlebot3_ws/src/install/velocity_msg/share/velocity_msg/cmake/ament_cmake_export_libraries-extras.cmake
-- Up-to-date: /home/lennoxtr/turtlebot3_ws/src/install/velocity_msg/share/velocity_msg/cmake/ament_cmake_export_targets-extras.cmake
-- Up-to-date: /home/lennoxtr/turtlebot3_ws/src/install/velocity_msg/share/velocity_msg/cmake/rosidl_cmake_export_typesupport_targets-extras.cmake
-- Up-to-date: /home/lennoxtr/turtlebot3_ws/src/install/velocity_msg/share/velocity_msg/cmake/ament_cmake_export_dependencies-extras.cmake
-- Up-to-date: /home/lennoxtr/turtlebot3_ws/src/install/velocity_msg/share/velocity_msg/cmake/rosidl_cmake_export_typesupport_libraries-extras.cmake
-- Up-to-date: /home/lennoxtr/turtlebot3_ws/src/install/velocity_msg/share/velocity_msg/cmake/velocity_msgConfig.cmake
-- Up-to-date: /home/lennoxtr/turtlebot3_ws/src/install/velocity_msg/share/velocity_msg/cmake/velocity_msgConfig-version.cmake
-- Up-to-date: /home/lennoxtr/turtlebot3_ws/src/install/velocity_msg/share/velocity_msg/package.xml
