running egg_info
writing ../build/robot_goal_pub/robot_goal_pub.egg-info/PKG-INFO
writing dependency_links to ../build/robot_goal_pub/robot_goal_pub.egg-info/dependency_links.txt
writing entry points to ../build/robot_goal_pub/robot_goal_pub.egg-info/entry_points.txt
writing requirements to ../build/robot_goal_pub/robot_goal_pub.egg-info/requires.txt
writing top-level names to ../build/robot_goal_pub/robot_goal_pub.egg-info/top_level.txt
reading manifest file '../build/robot_goal_pub/robot_goal_pub.egg-info/SOURCES.txt'
adding license file 'LICENSE'
writing manifest file '../build/robot_goal_pub/robot_goal_pub.egg-info/SOURCES.txt'
running build
running build_py
copying robot_goal_pub/ControlProtocol.py -> /home/lennoxtr/turtlebot3_ws/src/build/robot_goal_pub/build/lib/robot_goal_pub
running install
running install_lib
copying /home/lennoxtr/turtlebot3_ws/src/build/robot_goal_pub/build/lib/robot_goal_pub/ControlProtocol.py -> /home/lennoxtr/turtlebot3_ws/src/install/robot_goal_pub/lib/python3.10/site-packages/robot_goal_pub
byte-compiling /home/lennoxtr/turtlebot3_ws/src/install/robot_goal_pub/lib/python3.10/site-packages/robot_goal_pub/ControlProtocol.py to ControlProtocol.cpython-310.pyc
running install_data
running install_egg_info
removing '/home/lennoxtr/turtlebot3_ws/src/install/robot_goal_pub/lib/python3.10/site-packages/robot_goal_pub-0.0.0-py3.10.egg-info' (and everything under it)
Copying ../build/robot_goal_pub/robot_goal_pub.egg-info to /home/lennoxtr/turtlebot3_ws/src/install/robot_goal_pub/lib/python3.10/site-packages/robot_goal_pub-0.0.0-py3.10.egg-info
running install_scripts
Installing goal_pub script to /home/lennoxtr/turtlebot3_ws/src/install/robot_goal_pub/lib/robot_goal_pub
writing list of installed files to '/home/lennoxtr/turtlebot3_ws/src/build/robot_goal_pub/install.log'
