[0.637s] Invoking command in '/home/lennoxtr/turtlebot3_ws/src/robot_goal_pub': PYTHONPATH=/home/lennoxtr/turtlebot3_ws/src/build/robot_goal_pub/prefix_override:/usr/lib/python3/dist-packages/colcon_core/task/python/colcon_distutils_commands:/home/lennoxtr/turtlebot3_ws/src/install/robot_goal_pub/lib/python3.10/site-packages:${PYTHONPATH} /usr/bin/python3 -W ignore:setup.py install is deprecated setup.py egg_info --egg-base ../build/robot_goal_pub build --build-base /home/lennoxtr/turtlebot3_ws/src/build/robot_goal_pub/build install --record /home/lennoxtr/turtlebot3_ws/src/build/robot_goal_pub/install.log --single-version-externally-managed install_data
[0.788s] running egg_info
[0.789s] writing ../build/robot_goal_pub/robot_goal_pub.egg-info/PKG-INFO
[0.789s] writing dependency_links to ../build/robot_goal_pub/robot_goal_pub.egg-info/dependency_links.txt
[0.789s] writing entry points to ../build/robot_goal_pub/robot_goal_pub.egg-info/entry_points.txt
[0.789s] writing requirements to ../build/robot_goal_pub/robot_goal_pub.egg-info/requires.txt
[0.789s] writing top-level names to ../build/robot_goal_pub/robot_goal_pub.egg-info/top_level.txt
[0.790s] reading manifest file '../build/robot_goal_pub/robot_goal_pub.egg-info/SOURCES.txt'
[0.790s] adding license file 'LICENSE'
[0.791s] writing manifest file '../build/robot_goal_pub/robot_goal_pub.egg-info/SOURCES.txt'
[0.791s] running build
[0.791s] running build_py
[0.791s] copying robot_goal_pub/ControlProtocol.py -> /home/lennoxtr/turtlebot3_ws/src/build/robot_goal_pub/build/lib/robot_goal_pub
[0.791s] running install
[0.791s] running install_lib
[0.792s] copying /home/lennoxtr/turtlebot3_ws/src/build/robot_goal_pub/build/lib/robot_goal_pub/ControlProtocol.py -> /home/lennoxtr/turtlebot3_ws/src/install/robot_goal_pub/lib/python3.10/site-packages/robot_goal_pub
[0.792s] byte-compiling /home/lennoxtr/turtlebot3_ws/src/install/robot_goal_pub/lib/python3.10/site-packages/robot_goal_pub/ControlProtocol.py to ControlProtocol.cpython-310.pyc
[0.793s] running install_data
[0.793s] running install_egg_info
[0.795s] removing '/home/lennoxtr/turtlebot3_ws/src/install/robot_goal_pub/lib/python3.10/site-packages/robot_goal_pub-0.0.0-py3.10.egg-info' (and everything under it)
[0.795s] Copying ../build/robot_goal_pub/robot_goal_pub.egg-info to /home/lennoxtr/turtlebot3_ws/src/install/robot_goal_pub/lib/python3.10/site-packages/robot_goal_pub-0.0.0-py3.10.egg-info
[0.795s] running install_scripts
[0.810s] Installing goal_pub script to /home/lennoxtr/turtlebot3_ws/src/install/robot_goal_pub/lib/robot_goal_pub
[0.811s] writing list of installed files to '/home/lennoxtr/turtlebot3_ws/src/build/robot_goal_pub/install.log'
[0.828s] Invoked command in '/home/lennoxtr/turtlebot3_ws/src/robot_goal_pub' returned '0': PYTHONPATH=/home/lennoxtr/turtlebot3_ws/src/build/robot_goal_pub/prefix_override:/usr/lib/python3/dist-packages/colcon_core/task/python/colcon_distutils_commands:/home/lennoxtr/turtlebot3_ws/src/install/robot_goal_pub/lib/python3.10/site-packages:${PYTHONPATH} /usr/bin/python3 -W ignore:setup.py install is deprecated setup.py egg_info --egg-base ../build/robot_goal_pub build --build-base /home/lennoxtr/turtlebot3_ws/src/build/robot_goal_pub/build install --record /home/lennoxtr/turtlebot3_ws/src/build/robot_goal_pub/install.log --single-version-externally-managed install_data
