[0.226s] Invoking command in '/home/lennoxtr/turtlebot3_ws/src/build/velocity_msg': CMAKE_PREFIX_PATH=/opt/ros/humble /usr/bin/cmake /home/lennoxtr/turtlebot3_ws/src/velocity_msg -DCMAKE_INSTALL_PREFIX=/home/lennoxtr/turtlebot3_ws/src/install/velocity_msg
[0.263s] -- The C compiler identification is GNU 11.4.0
[0.312s] -- The CXX compiler identification is GNU 11.4.0
[0.317s] -- Detecting C compiler ABI info
[0.365s] -- Detecting C compiler ABI info - done
[0.374s] -- Check for working C compiler: /usr/bin/cc - skipped
[0.375s] -- Detecting C compile features
[0.375s] -- Detecting C compile features - done
[0.378s] -- Detecting CXX compiler ABI info
[0.440s] -- Detecting CXX compiler ABI info - done
[0.445s] -- Check for working CXX compiler: /usr/bin/c++ - skipped
[0.445s] -- Detecting CXX compile features
[0.446s] -- Detecting CXX compile features - done
[0.447s] -- Found ament_cmake: 1.3.10 (/opt/ros/humble/share/ament_cmake/cmake)
[0.552s] -- Found Python3: /usr/bin/python3 (found version "3.10.12") found components: Interpreter 
[0.621s] -- Found rosidl_default_generators: 1.2.0 (/opt/ros/humble/share/rosidl_default_generators/cmake)
[0.623s] -- Using all available rosidl_typesupport_c: rosidl_typesupport_fastrtps_c;rosidl_typesupport_introspection_c
[0.628s] -- Found rosidl_adapter: 3.1.5 (/opt/ros/humble/share/rosidl_adapter/cmake)
[0.653s] -- Using all available rosidl_typesupport_cpp: rosidl_typesupport_fastrtps_cpp;rosidl_typesupport_introspection_cpp
[0.851s] -- Found ament_cmake_ros: 0.10.0 (/opt/ros/humble/share/ament_cmake_ros/cmake)
[0.974s] -- Using all available rosidl_typesupport_c: rosidl_typesupport_fastrtps_c;rosidl_typesupport_introspection_c
[1.138s] -- Using all available rosidl_typesupport_cpp: rosidl_typesupport_fastrtps_cpp;rosidl_typesupport_introspection_cpp
[1.155s] -- Found PythonInterp: /usr/bin/python3 (found suitable version "3.10.12", minimum required is "3.6") 
[1.155s] -- Found python_cmake_module: 0.10.0 (/opt/ros/humble/share/python_cmake_module/cmake)
[1.176s] -- Found PythonLibs: /usr/lib/x86_64-linux-gnu/libpython3.10.so (found suitable version "3.10.12", minimum required is "3.5") 
[1.176s] -- Using PYTHON_EXECUTABLE: /usr/bin/python3
[1.176s] -- Using PYTHON_INCLUDE_DIRS: /usr/include/python3.10
[1.176s] -- Using PYTHON_LIBRARIES: /usr/lib/x86_64-linux-gnu/libpython3.10.so
[1.191s] -- Found PythonExtra: .so  
[1.217s] -- Found ament_lint_auto: 0.12.11 (/opt/ros/humble/share/ament_lint_auto/cmake)
[1.235s] -- Added test 'lint_cmake' to check CMake code style
[1.236s] -- Added test 'xmllint' to check XML markup files
[1.239s] -- Configuring done
[1.265s] -- Generating done
[1.267s] -- Build files have been written to: /home/lennoxtr/turtlebot3_ws/src/build/velocity_msg
[1.342s] Invoked command in '/home/lennoxtr/turtlebot3_ws/src/build/velocity_msg' returned '0': CMAKE_PREFIX_PATH=/opt/ros/humble /usr/bin/cmake /home/lennoxtr/turtlebot3_ws/src/velocity_msg -DCMAKE_INSTALL_PREFIX=/home/lennoxtr/turtlebot3_ws/src/install/velocity_msg
[1.343s] Invoking command in '/home/lennoxtr/turtlebot3_ws/src/build/velocity_msg': CMAKE_PREFIX_PATH=/opt/ros/humble /usr/bin/cmake --build /home/lennoxtr/turtlebot3_ws/src/build/velocity_msg -- -j12 -l12
[1.376s] [  3%] [34m[1mGenerating C code for ROS interfaces[0m
[1.380s] [  6%] [34m[1mGenerating C++ code for ROS interfaces[0m
[1.392s] [  6%] Built target ament_cmake_python_copy_velocity_msg
[1.575s] [  6%] Built target velocity_msg__cpp
[1.586s] [ 12%] [34m[1mGenerating C++ introspection for ROS interfaces[0m
[1.587s] [ 16%] [34m[1mGenerating C++ type support dispatch for ROS interfaces[0m
[1.587s] [ 16%] [34m[1mGenerating C++ type support for eProsima Fast-RTPS[0m
[1.652s] running egg_info
[1.652s] creating velocity_msg.egg-info
[1.652s] writing velocity_msg.egg-info/PKG-INFO
[1.653s] writing dependency_links to velocity_msg.egg-info/dependency_links.txt
[1.653s] writing top-level names to velocity_msg.egg-info/top_level.txt
[1.654s] writing manifest file 'velocity_msg.egg-info/SOURCES.txt'
[1.657s] reading manifest file 'velocity_msg.egg-info/SOURCES.txt'
[1.658s] writing manifest file 'velocity_msg.egg-info/SOURCES.txt'
[1.692s] [ 16%] Built target ament_cmake_python_build_velocity_msg_egg
[1.698s] [ 19%] [32mBuilding C object CMakeFiles/velocity_msg__rosidl_generator_c.dir/rosidl_generator_c/velocity_msg/msg/detail/velocity__functions.c.o[0m
[1.742s] [ 22%] [32m[1mLinking C shared library libvelocity_msg__rosidl_generator_c.so[0m
[1.783s] [ 22%] Built target velocity_msg__rosidl_generator_c
[1.794s] [ 29%] [34m[1mGenerating C introspection for ROS interfaces[0m
[1.794s] [ 32%] [34m[1mGenerating C type support dispatch for ROS interfaces[0m
[1.794s] [ 32%] [34m[1mGenerating C type support for eProsima Fast-RTPS[0m
[1.854s] [ 35%] [32mBuilding CXX object CMakeFiles/velocity_msg__rosidl_typesupport_fastrtps_cpp.dir/rosidl_typesupport_fastrtps_cpp/velocity_msg/msg/detail/dds_fastrtps/velocity__type_support.cpp.o[0m
[1.864s] [ 38%] [32mBuilding CXX object CMakeFiles/velocity_msg__rosidl_typesupport_cpp.dir/rosidl_typesupport_cpp/velocity_msg/msg/velocity__type_support.cpp.o[0m
[1.866s] [ 41%] [32mBuilding CXX object CMakeFiles/velocity_msg__rosidl_typesupport_introspection_cpp.dir/rosidl_typesupport_introspection_cpp/velocity_msg/msg/detail/velocity__type_support.cpp.o[0m
[2.049s] [ 45%] [32mBuilding CXX object CMakeFiles/velocity_msg__rosidl_typesupport_c.dir/rosidl_typesupport_c/velocity_msg/msg/velocity__type_support.cpp.o[0m
[2.067s] [ 48%] [32mBuilding C object CMakeFiles/velocity_msg__rosidl_typesupport_introspection_c.dir/rosidl_typesupport_introspection_c/velocity_msg/msg/detail/velocity__type_support.c.o[0m
[2.076s] [ 51%] [32m[1mLinking CXX shared library libvelocity_msg__rosidl_typesupport_c.so[0m
[2.083s] [ 54%] [32m[1mLinking CXX shared library libvelocity_msg__rosidl_typesupport_cpp.so[0m
[2.093s] [ 58%] [32m[1mLinking C shared library libvelocity_msg__rosidl_typesupport_introspection_c.so[0m
[2.097s] [ 61%] [32mBuilding CXX object CMakeFiles/velocity_msg__rosidl_typesupport_fastrtps_c.dir/rosidl_typesupport_fastrtps_c/velocity_msg/msg/detail/velocity__type_support_c.cpp.o[0m
[2.111s] [ 61%] Built target velocity_msg__rosidl_typesupport_c
[2.119s] [ 61%] Built target velocity_msg__rosidl_typesupport_introspection_c
[2.126s] [ 61%] Built target velocity_msg__rosidl_typesupport_cpp
[2.165s] [ 64%] [32m[1mLinking CXX shared library libvelocity_msg__rosidl_typesupport_fastrtps_cpp.so[0m
[2.182s] [ 67%] [32m[1mLinking CXX shared library libvelocity_msg__rosidl_typesupport_introspection_cpp.so[0m
[2.211s] [ 67%] Built target velocity_msg__rosidl_typesupport_introspection_cpp
[2.219s] [ 67%] Built target velocity_msg__rosidl_typesupport_fastrtps_cpp
[2.308s] [ 70%] [32m[1mLinking CXX shared library libvelocity_msg__rosidl_typesupport_fastrtps_c.so[0m
[2.358s] [ 70%] Built target velocity_msg__rosidl_typesupport_fastrtps_c
[2.371s] [ 70%] Built target velocity_msg
[2.384s] [ 74%] [34m[1mGenerating Python code for ROS interfaces[0m
[2.578s] [ 74%] Built target velocity_msg__py
[2.591s] [ 77%] [32mBuilding C object CMakeFiles/velocity_msg__rosidl_generator_py.dir/rosidl_generator_py/velocity_msg/msg/_velocity_s.c.o[0m
[2.654s] [ 80%] [32m[1mLinking C shared library rosidl_generator_py/velocity_msg/libvelocity_msg__rosidl_generator_py.so[0m
[2.680s] [ 80%] Built target velocity_msg__rosidl_generator_py
[2.694s] [ 87%] [32mBuilding C object CMakeFiles/velocity_msg__rosidl_typesupport_introspection_c__pyext.dir/rosidl_generator_py/velocity_msg/_velocity_msg_s.ep.rosidl_typesupport_introspection_c.c.o[0m
[2.694s] [ 87%] [32mBuilding C object CMakeFiles/velocity_msg__rosidl_typesupport_fastrtps_c__pyext.dir/rosidl_generator_py/velocity_msg/_velocity_msg_s.ep.rosidl_typesupport_fastrtps_c.c.o[0m
[2.695s] [ 90%] [32mBuilding C object CMakeFiles/velocity_msg__rosidl_typesupport_c__pyext.dir/rosidl_generator_py/velocity_msg/_velocity_msg_s.ep.rosidl_typesupport_c.c.o[0m
[2.751s] [ 96%] [32m[1mLinking C shared library rosidl_generator_py/velocity_msg/velocity_msg_s__rosidl_typesupport_introspection_c.cpython-310-x86_64-linux-gnu.so[0m
[2.751s] [ 96%] [32m[1mLinking C shared library rosidl_generator_py/velocity_msg/velocity_msg_s__rosidl_typesupport_c.cpython-310-x86_64-linux-gnu.so[0m
[2.752s] [100%] [32m[1mLinking C shared library rosidl_generator_py/velocity_msg/velocity_msg_s__rosidl_typesupport_fastrtps_c.cpython-310-x86_64-linux-gnu.so[0m
[2.773s] [100%] Built target velocity_msg__rosidl_typesupport_introspection_c__pyext
[2.773s] [100%] Built target velocity_msg__rosidl_typesupport_fastrtps_c__pyext
[2.773s] [100%] Built target velocity_msg__rosidl_typesupport_c__pyext
[2.781s] Invoked command in '/home/lennoxtr/turtlebot3_ws/src/build/velocity_msg' returned '0': CMAKE_PREFIX_PATH=/opt/ros/humble /usr/bin/cmake --build /home/lennoxtr/turtlebot3_ws/src/build/velocity_msg -- -j12 -l12
[2.818s] Invoking command in '/home/lennoxtr/turtlebot3_ws/src/build/velocity_msg': CMAKE_PREFIX_PATH=/opt/ros/humble /usr/bin/cmake --install /home/lennoxtr/turtlebot3_ws/src/build/velocity_msg
[2.824s] -- Install configuration: ""
[2.824s] -- Installing: /home/lennoxtr/turtlebot3_ws/src/install/velocity_msg/share/ament_index/resource_index/rosidl_interfaces/velocity_msg
[2.824s] -- Installing: /home/lennoxtr/turtlebot3_ws/src/install/velocity_msg/include/velocity_msg/velocity_msg
[2.824s] -- Installing: /home/lennoxtr/turtlebot3_ws/src/install/velocity_msg/include/velocity_msg/velocity_msg/msg
[2.824s] -- Installing: /home/lennoxtr/turtlebot3_ws/src/install/velocity_msg/include/velocity_msg/velocity_msg/msg/velocity.h
[2.824s] -- Installing: /home/lennoxtr/turtlebot3_ws/src/install/velocity_msg/include/velocity_msg/velocity_msg/msg/detail
[2.824s] -- Installing: /home/lennoxtr/turtlebot3_ws/src/install/velocity_msg/include/velocity_msg/velocity_msg/msg/detail/velocity__type_support.h
[2.824s] -- Installing: /home/lennoxtr/turtlebot3_ws/src/install/velocity_msg/include/velocity_msg/velocity_msg/msg/detail/velocity__functions.h
[2.824s] -- Installing: /home/lennoxtr/turtlebot3_ws/src/install/velocity_msg/include/velocity_msg/velocity_msg/msg/detail/velocity__struct.h
[2.824s] -- Installing: /home/lennoxtr/turtlebot3_ws/src/install/velocity_msg/include/velocity_msg/velocity_msg/msg/detail/velocity__functions.c
[2.824s] -- Installing: /home/lennoxtr/turtlebot3_ws/src/install/velocity_msg/include/velocity_msg/velocity_msg/msg/rosidl_generator_c__visibility_control.h
[2.824s] -- Installing: /home/lennoxtr/turtlebot3_ws/src/install/velocity_msg/share/velocity_msg/environment/library_path.sh
[2.825s] -- Installing: /home/lennoxtr/turtlebot3_ws/src/install/velocity_msg/share/velocity_msg/environment/library_path.dsv
[2.825s] -- Installing: /home/lennoxtr/turtlebot3_ws/src/install/velocity_msg/lib/libvelocity_msg__rosidl_generator_c.so
[2.825s] -- Set runtime path of "/home/lennoxtr/turtlebot3_ws/src/install/velocity_msg/lib/libvelocity_msg__rosidl_generator_c.so" to ""
[2.825s] -- Up-to-date: /home/lennoxtr/turtlebot3_ws/src/install/velocity_msg/include/velocity_msg/velocity_msg
[2.825s] -- Up-to-date: /home/lennoxtr/turtlebot3_ws/src/install/velocity_msg/include/velocity_msg/velocity_msg/msg
[2.825s] -- Installing: /home/lennoxtr/turtlebot3_ws/src/install/velocity_msg/include/velocity_msg/velocity_msg/msg/rosidl_typesupport_fastrtps_c__visibility_control.h
[2.825s] -- Up-to-date: /home/lennoxtr/turtlebot3_ws/src/install/velocity_msg/include/velocity_msg/velocity_msg/msg/detail
[2.825s] -- Installing: /home/lennoxtr/turtlebot3_ws/src/install/velocity_msg/include/velocity_msg/velocity_msg/msg/detail/velocity__rosidl_typesupport_fastrtps_c.h
[2.825s] -- Installing: /home/lennoxtr/turtlebot3_ws/src/install/velocity_msg/lib/libvelocity_msg__rosidl_typesupport_fastrtps_c.so
[2.825s] -- Set runtime path of "/home/lennoxtr/turtlebot3_ws/src/install/velocity_msg/lib/libvelocity_msg__rosidl_typesupport_fastrtps_c.so" to ""
[2.825s] -- Up-to-date: /home/lennoxtr/turtlebot3_ws/src/install/velocity_msg/include/velocity_msg/velocity_msg
[2.825s] -- Up-to-date: /home/lennoxtr/turtlebot3_ws/src/install/velocity_msg/include/velocity_msg/velocity_msg/msg
[2.825s] -- Installing: /home/lennoxtr/turtlebot3_ws/src/install/velocity_msg/include/velocity_msg/velocity_msg/msg/rosidl_typesupport_introspection_c__visibility_control.h
[2.825s] -- Up-to-date: /home/lennoxtr/turtlebot3_ws/src/install/velocity_msg/include/velocity_msg/velocity_msg/msg/detail
[2.825s] -- Installing: /home/lennoxtr/turtlebot3_ws/src/install/velocity_msg/include/velocity_msg/velocity_msg/msg/detail/velocity__rosidl_typesupport_introspection_c.h
[2.825s] -- Installing: /home/lennoxtr/turtlebot3_ws/src/install/velocity_msg/include/velocity_msg/velocity_msg/msg/detail/velocity__type_support.c
[2.826s] -- Installing: /home/lennoxtr/turtlebot3_ws/src/install/velocity_msg/lib/libvelocity_msg__rosidl_typesupport_introspection_c.so
[2.826s] -- Set runtime path of "/home/lennoxtr/turtlebot3_ws/src/install/velocity_msg/lib/libvelocity_msg__rosidl_typesupport_introspection_c.so" to ""
[2.826s] -- Installing: /home/lennoxtr/turtlebot3_ws/src/install/velocity_msg/lib/libvelocity_msg__rosidl_typesupport_c.so
[2.826s] -- Set runtime path of "/home/lennoxtr/turtlebot3_ws/src/install/velocity_msg/lib/libvelocity_msg__rosidl_typesupport_c.so" to ""
[2.826s] -- Up-to-date: /home/lennoxtr/turtlebot3_ws/src/install/velocity_msg/include/velocity_msg/velocity_msg
[2.826s] -- Up-to-date: /home/lennoxtr/turtlebot3_ws/src/install/velocity_msg/include/velocity_msg/velocity_msg/msg
[2.826s] -- Installing: /home/lennoxtr/turtlebot3_ws/src/install/velocity_msg/include/velocity_msg/velocity_msg/msg/velocity.hpp
[2.826s] -- Up-to-date: /home/lennoxtr/turtlebot3_ws/src/install/velocity_msg/include/velocity_msg/velocity_msg/msg/detail
[2.826s] -- Installing: /home/lennoxtr/turtlebot3_ws/src/install/velocity_msg/include/velocity_msg/velocity_msg/msg/detail/velocity__traits.hpp
[2.826s] -- Installing: /home/lennoxtr/turtlebot3_ws/src/install/velocity_msg/include/velocity_msg/velocity_msg/msg/detail/velocity__builder.hpp
[2.826s] -- Installing: /home/lennoxtr/turtlebot3_ws/src/install/velocity_msg/include/velocity_msg/velocity_msg/msg/detail/velocity__struct.hpp
[2.826s] -- Up-to-date: /home/lennoxtr/turtlebot3_ws/src/install/velocity_msg/include/velocity_msg/velocity_msg
[2.826s] -- Up-to-date: /home/lennoxtr/turtlebot3_ws/src/install/velocity_msg/include/velocity_msg/velocity_msg/msg
[2.826s] -- Installing: /home/lennoxtr/turtlebot3_ws/src/install/velocity_msg/include/velocity_msg/velocity_msg/msg/rosidl_typesupport_fastrtps_cpp__visibility_control.h
[2.826s] -- Up-to-date: /home/lennoxtr/turtlebot3_ws/src/install/velocity_msg/include/velocity_msg/velocity_msg/msg/detail
[2.826s] -- Installing: /home/lennoxtr/turtlebot3_ws/src/install/velocity_msg/include/velocity_msg/velocity_msg/msg/detail/dds_fastrtps
[2.826s] -- Installing: /home/lennoxtr/turtlebot3_ws/src/install/velocity_msg/include/velocity_msg/velocity_msg/msg/detail/velocity__rosidl_typesupport_fastrtps_cpp.hpp
[2.826s] -- Installing: /home/lennoxtr/turtlebot3_ws/src/install/velocity_msg/lib/libvelocity_msg__rosidl_typesupport_fastrtps_cpp.so
[2.826s] -- Set runtime path of "/home/lennoxtr/turtlebot3_ws/src/install/velocity_msg/lib/libvelocity_msg__rosidl_typesupport_fastrtps_cpp.so" to ""
[2.826s] -- Up-to-date: /home/lennoxtr/turtlebot3_ws/src/install/velocity_msg/include/velocity_msg/velocity_msg
[2.827s] -- Up-to-date: /home/lennoxtr/turtlebot3_ws/src/install/velocity_msg/include/velocity_msg/velocity_msg/msg
[2.827s] -- Up-to-date: /home/lennoxtr/turtlebot3_ws/src/install/velocity_msg/include/velocity_msg/velocity_msg/msg/detail
[2.827s] -- Installing: /home/lennoxtr/turtlebot3_ws/src/install/velocity_msg/include/velocity_msg/velocity_msg/msg/detail/velocity__type_support.cpp
[2.827s] -- Installing: /home/lennoxtr/turtlebot3_ws/src/install/velocity_msg/include/velocity_msg/velocity_msg/msg/detail/velocity__rosidl_typesupport_introspection_cpp.hpp
[2.827s] -- Installing: /home/lennoxtr/turtlebot3_ws/src/install/velocity_msg/lib/libvelocity_msg__rosidl_typesupport_introspection_cpp.so
[2.827s] -- Set runtime path of "/home/lennoxtr/turtlebot3_ws/src/install/velocity_msg/lib/libvelocity_msg__rosidl_typesupport_introspection_cpp.so" to ""
[2.827s] -- Installing: /home/lennoxtr/turtlebot3_ws/src/install/velocity_msg/lib/libvelocity_msg__rosidl_typesupport_cpp.so
[2.827s] -- Set runtime path of "/home/lennoxtr/turtlebot3_ws/src/install/velocity_msg/lib/libvelocity_msg__rosidl_typesupport_cpp.so" to ""
[2.827s] -- Installing: /home/lennoxtr/turtlebot3_ws/src/install/velocity_msg/share/velocity_msg/environment/pythonpath.sh
[2.827s] -- Installing: /home/lennoxtr/turtlebot3_ws/src/install/velocity_msg/share/velocity_msg/environment/pythonpath.dsv
[2.827s] -- Installing: /home/lennoxtr/turtlebot3_ws/src/install/velocity_msg/local/lib/python3.10/dist-packages/velocity_msg-0.0.0-py3.10.egg-info
[2.827s] -- Installing: /home/lennoxtr/turtlebot3_ws/src/install/velocity_msg/local/lib/python3.10/dist-packages/velocity_msg-0.0.0-py3.10.egg-info/dependency_links.txt
[2.827s] -- Installing: /home/lennoxtr/turtlebot3_ws/src/install/velocity_msg/local/lib/python3.10/dist-packages/velocity_msg-0.0.0-py3.10.egg-info/SOURCES.txt
[2.827s] -- Installing: /home/lennoxtr/turtlebot3_ws/src/install/velocity_msg/local/lib/python3.10/dist-packages/velocity_msg-0.0.0-py3.10.egg-info/PKG-INFO
[2.827s] -- Installing: /home/lennoxtr/turtlebot3_ws/src/install/velocity_msg/local/lib/python3.10/dist-packages/velocity_msg-0.0.0-py3.10.egg-info/top_level.txt
[2.827s] -- Installing: /home/lennoxtr/turtlebot3_ws/src/install/velocity_msg/local/lib/python3.10/dist-packages/velocity_msg
[2.827s] -- Installing: /home/lennoxtr/turtlebot3_ws/src/install/velocity_msg/local/lib/python3.10/dist-packages/velocity_msg/velocity_msg_s__rosidl_typesupport_c.cpython-310-x86_64-linux-gnu.so
[2.827s] -- Installing: /home/lennoxtr/turtlebot3_ws/src/install/velocity_msg/local/lib/python3.10/dist-packages/velocity_msg/_velocity_msg_s.ep.rosidl_typesupport_c.c
[2.828s] -- Installing: /home/lennoxtr/turtlebot3_ws/src/install/velocity_msg/local/lib/python3.10/dist-packages/velocity_msg/velocity_msg_s__rosidl_typesupport_fastrtps_c.cpython-310-x86_64-linux-gnu.so
[2.828s] -- Installing: /home/lennoxtr/turtlebot3_ws/src/install/velocity_msg/local/lib/python3.10/dist-packages/velocity_msg/__init__.py
[2.828s] -- Installing: /home/lennoxtr/turtlebot3_ws/src/install/velocity_msg/local/lib/python3.10/dist-packages/velocity_msg/velocity_msg_s__rosidl_typesupport_introspection_c.cpython-310-x86_64-linux-gnu.so
[2.828s] -- Installing: /home/lennoxtr/turtlebot3_ws/src/install/velocity_msg/local/lib/python3.10/dist-packages/velocity_msg/msg
[2.828s] -- Installing: /home/lennoxtr/turtlebot3_ws/src/install/velocity_msg/local/lib/python3.10/dist-packages/velocity_msg/msg/__init__.py
[2.828s] -- Installing: /home/lennoxtr/turtlebot3_ws/src/install/velocity_msg/local/lib/python3.10/dist-packages/velocity_msg/msg/_velocity.py
[2.828s] -- Installing: /home/lennoxtr/turtlebot3_ws/src/install/velocity_msg/local/lib/python3.10/dist-packages/velocity_msg/msg/_velocity_s.c
[2.828s] -- Installing: /home/lennoxtr/turtlebot3_ws/src/install/velocity_msg/local/lib/python3.10/dist-packages/velocity_msg/libvelocity_msg__rosidl_generator_py.so
[2.828s] -- Installing: /home/lennoxtr/turtlebot3_ws/src/install/velocity_msg/local/lib/python3.10/dist-packages/velocity_msg/_velocity_msg_s.ep.rosidl_typesupport_fastrtps_c.c
[2.828s] -- Installing: /home/lennoxtr/turtlebot3_ws/src/install/velocity_msg/local/lib/python3.10/dist-packages/velocity_msg/_velocity_msg_s.ep.rosidl_typesupport_introspection_c.c
[2.849s] Listing '/home/lennoxtr/turtlebot3_ws/src/install/velocity_msg/local/lib/python3.10/dist-packages/velocity_msg'...
[2.849s] Compiling '/home/lennoxtr/turtlebot3_ws/src/install/velocity_msg/local/lib/python3.10/dist-packages/velocity_msg/__init__.py'...
[2.849s] Listing '/home/lennoxtr/turtlebot3_ws/src/install/velocity_msg/local/lib/python3.10/dist-packages/velocity_msg/msg'...
[2.849s] Compiling '/home/lennoxtr/turtlebot3_ws/src/install/velocity_msg/local/lib/python3.10/dist-packages/velocity_msg/msg/__init__.py'...
[2.849s] Compiling '/home/lennoxtr/turtlebot3_ws/src/install/velocity_msg/local/lib/python3.10/dist-packages/velocity_msg/msg/_velocity.py'...
[2.852s] -- Installing: /home/lennoxtr/turtlebot3_ws/src/install/velocity_msg/local/lib/python3.10/dist-packages/velocity_msg/velocity_msg_s__rosidl_typesupport_fastrtps_c.cpython-310-x86_64-linux-gnu.so
[2.852s] -- Set runtime path of "/home/lennoxtr/turtlebot3_ws/src/install/velocity_msg/local/lib/python3.10/dist-packages/velocity_msg/velocity_msg_s__rosidl_typesupport_fastrtps_c.cpython-310-x86_64-linux-gnu.so" to ""
[2.852s] -- Installing: /home/lennoxtr/turtlebot3_ws/src/install/velocity_msg/local/lib/python3.10/dist-packages/velocity_msg/velocity_msg_s__rosidl_typesupport_introspection_c.cpython-310-x86_64-linux-gnu.so
[2.852s] -- Set runtime path of "/home/lennoxtr/turtlebot3_ws/src/install/velocity_msg/local/lib/python3.10/dist-packages/velocity_msg/velocity_msg_s__rosidl_typesupport_introspection_c.cpython-310-x86_64-linux-gnu.so" to ""
[2.852s] -- Installing: /home/lennoxtr/turtlebot3_ws/src/install/velocity_msg/local/lib/python3.10/dist-packages/velocity_msg/velocity_msg_s__rosidl_typesupport_c.cpython-310-x86_64-linux-gnu.so
[2.852s] -- Set runtime path of "/home/lennoxtr/turtlebot3_ws/src/install/velocity_msg/local/lib/python3.10/dist-packages/velocity_msg/velocity_msg_s__rosidl_typesupport_c.cpython-310-x86_64-linux-gnu.so" to ""
[2.852s] -- Installing: /home/lennoxtr/turtlebot3_ws/src/install/velocity_msg/lib/libvelocity_msg__rosidl_generator_py.so
[2.852s] -- Set runtime path of "/home/lennoxtr/turtlebot3_ws/src/install/velocity_msg/lib/libvelocity_msg__rosidl_generator_py.so" to ""
[2.853s] -- Installing: /home/lennoxtr/turtlebot3_ws/src/install/velocity_msg/share/velocity_msg/msg/Velocity.idl
[2.853s] -- Installing: /home/lennoxtr/turtlebot3_ws/src/install/velocity_msg/share/velocity_msg/msg/Velocity.msg
[2.853s] -- Installing: /home/lennoxtr/turtlebot3_ws/src/install/velocity_msg/share/ament_index/resource_index/package_run_dependencies/velocity_msg
[2.853s] -- Installing: /home/lennoxtr/turtlebot3_ws/src/install/velocity_msg/share/ament_index/resource_index/parent_prefix_path/velocity_msg
[2.853s] -- Installing: /home/lennoxtr/turtlebot3_ws/src/install/velocity_msg/share/velocity_msg/environment/ament_prefix_path.sh
[2.853s] -- Installing: /home/lennoxtr/turtlebot3_ws/src/install/velocity_msg/share/velocity_msg/environment/ament_prefix_path.dsv
[2.853s] -- Installing: /home/lennoxtr/turtlebot3_ws/src/install/velocity_msg/share/velocity_msg/environment/path.sh
[2.853s] -- Installing: /home/lennoxtr/turtlebot3_ws/src/install/velocity_msg/share/velocity_msg/environment/path.dsv
[2.853s] -- Installing: /home/lennoxtr/turtlebot3_ws/src/install/velocity_msg/share/velocity_msg/local_setup.bash
[2.853s] -- Installing: /home/lennoxtr/turtlebot3_ws/src/install/velocity_msg/share/velocity_msg/local_setup.sh
[2.853s] -- Installing: /home/lennoxtr/turtlebot3_ws/src/install/velocity_msg/share/velocity_msg/local_setup.zsh
[2.853s] -- Installing: /home/lennoxtr/turtlebot3_ws/src/install/velocity_msg/share/velocity_msg/local_setup.dsv
[2.853s] -- Installing: /home/lennoxtr/turtlebot3_ws/src/install/velocity_msg/share/velocity_msg/package.dsv
[2.853s] -- Installing: /home/lennoxtr/turtlebot3_ws/src/install/velocity_msg/share/ament_index/resource_index/packages/velocity_msg
[2.853s] -- Installing: /home/lennoxtr/turtlebot3_ws/src/install/velocity_msg/share/velocity_msg/cmake/export_velocity_msg__rosidl_generator_cExport.cmake
[2.854s] -- Installing: /home/lennoxtr/turtlebot3_ws/src/install/velocity_msg/share/velocity_msg/cmake/export_velocity_msg__rosidl_generator_cExport-noconfig.cmake
[2.854s] -- Installing: /home/lennoxtr/turtlebot3_ws/src/install/velocity_msg/share/velocity_msg/cmake/export_velocity_msg__rosidl_typesupport_fastrtps_cExport.cmake
[2.854s] -- Installing: /home/lennoxtr/turtlebot3_ws/src/install/velocity_msg/share/velocity_msg/cmake/export_velocity_msg__rosidl_typesupport_fastrtps_cExport-noconfig.cmake
[2.854s] -- Installing: /home/lennoxtr/turtlebot3_ws/src/install/velocity_msg/share/velocity_msg/cmake/velocity_msg__rosidl_typesupport_introspection_cExport.cmake
[2.854s] -- Installing: /home/lennoxtr/turtlebot3_ws/src/install/velocity_msg/share/velocity_msg/cmake/velocity_msg__rosidl_typesupport_introspection_cExport-noconfig.cmake
[2.854s] -- Installing: /home/lennoxtr/turtlebot3_ws/src/install/velocity_msg/share/velocity_msg/cmake/velocity_msg__rosidl_typesupport_cExport.cmake
[2.854s] -- Installing: /home/lennoxtr/turtlebot3_ws/src/install/velocity_msg/share/velocity_msg/cmake/velocity_msg__rosidl_typesupport_cExport-noconfig.cmake
[2.854s] -- Installing: /home/lennoxtr/turtlebot3_ws/src/install/velocity_msg/share/velocity_msg/cmake/export_velocity_msg__rosidl_generator_cppExport.cmake
[2.854s] -- Installing: /home/lennoxtr/turtlebot3_ws/src/install/velocity_msg/share/velocity_msg/cmake/export_velocity_msg__rosidl_typesupport_fastrtps_cppExport.cmake
[2.854s] -- Installing: /home/lennoxtr/turtlebot3_ws/src/install/velocity_msg/share/velocity_msg/cmake/export_velocity_msg__rosidl_typesupport_fastrtps_cppExport-noconfig.cmake
[2.854s] -- Installing: /home/lennoxtr/turtlebot3_ws/src/install/velocity_msg/share/velocity_msg/cmake/velocity_msg__rosidl_typesupport_introspection_cppExport.cmake
[2.854s] -- Installing: /home/lennoxtr/turtlebot3_ws/src/install/velocity_msg/share/velocity_msg/cmake/velocity_msg__rosidl_typesupport_introspection_cppExport-noconfig.cmake
[2.854s] -- Installing: /home/lennoxtr/turtlebot3_ws/src/install/velocity_msg/share/velocity_msg/cmake/velocity_msg__rosidl_typesupport_cppExport.cmake
[2.854s] -- Installing: /home/lennoxtr/turtlebot3_ws/src/install/velocity_msg/share/velocity_msg/cmake/velocity_msg__rosidl_typesupport_cppExport-noconfig.cmake
[2.854s] -- Installing: /home/lennoxtr/turtlebot3_ws/src/install/velocity_msg/share/velocity_msg/cmake/export_velocity_msg__rosidl_generator_pyExport.cmake
[2.855s] -- Installing: /home/lennoxtr/turtlebot3_ws/src/install/velocity_msg/share/velocity_msg/cmake/export_velocity_msg__rosidl_generator_pyExport-noconfig.cmake
[2.855s] -- Installing: /home/lennoxtr/turtlebot3_ws/src/install/velocity_msg/share/velocity_msg/cmake/rosidl_cmake-extras.cmake
[2.855s] -- Installing: /home/lennoxtr/turtlebot3_ws/src/install/velocity_msg/share/velocity_msg/cmake/ament_cmake_export_include_directories-extras.cmake
[2.855s] -- Installing: /home/lennoxtr/turtlebot3_ws/src/install/velocity_msg/share/velocity_msg/cmake/ament_cmake_export_libraries-extras.cmake
[2.855s] -- Installing: /home/lennoxtr/turtlebot3_ws/src/install/velocity_msg/share/velocity_msg/cmake/ament_cmake_export_targets-extras.cmake
[2.855s] -- Installing: /home/lennoxtr/turtlebot3_ws/src/install/velocity_msg/share/velocity_msg/cmake/rosidl_cmake_export_typesupport_targets-extras.cmake
[2.855s] -- Installing: /home/lennoxtr/turtlebot3_ws/src/install/velocity_msg/share/velocity_msg/cmake/ament_cmake_export_dependencies-extras.cmake
[2.855s] -- Installing: /home/lennoxtr/turtlebot3_ws/src/install/velocity_msg/share/velocity_msg/cmake/rosidl_cmake_export_typesupport_libraries-extras.cmake
[2.855s] -- Installing: /home/lennoxtr/turtlebot3_ws/src/install/velocity_msg/share/velocity_msg/cmake/velocity_msgConfig.cmake
[2.855s] -- Installing: /home/lennoxtr/turtlebot3_ws/src/install/velocity_msg/share/velocity_msg/cmake/velocity_msgConfig-version.cmake
[2.855s] -- Installing: /home/lennoxtr/turtlebot3_ws/src/install/velocity_msg/share/velocity_msg/package.xml
[2.857s] Invoked command in '/home/lennoxtr/turtlebot3_ws/src/build/velocity_msg' returned '0': CMAKE_PREFIX_PATH=/opt/ros/humble /usr/bin/cmake --install /home/lennoxtr/turtlebot3_ws/src/build/velocity_msg
