[0.150s] DEBUG:colcon:Command line arguments: ['/usr/bin/colcon', 'build']
[0.150s] DEBUG:colcon:Parsed command line arguments: Namespace(log_base=None, log_level=None, verb_name='build', build_base='build', install_base='install', merge_install=False, symlink_install=False, test_result_base=None, continue_on_error=False, executor='parallel', parallel_workers=12, event_handlers=None, ignore_user_meta=False, metas=['./colcon.meta'], base_paths=['.'], packages_ignore=None, packages_ignore_regex=None, paths=None, packages_up_to=None, packages_up_to_regex=None, packages_above=None, packages_above_and_dependencies=None, packages_above_depth=None, packages_select_by_dep=None, packages_skip_by_dep=None, packages_skip_up_to=None, packages_select_build_failed=False, packages_skip_build_finished=False, packages_select_test_failures=False, packages_skip_test_passed=False, packages_select=None, packages_skip=None, packages_select_regex=None, packages_skip_regex=None, packages_start=None, packages_end=None, allow_overriding=[], cmake_args=None, cmake_target=None, cmake_target_skip_unavailable=False, cmake_clean_cache=False, cmake_clean_first=False, cmake_force_configure=False, ament_cmake_args=None, catkin_cmake_args=None, catkin_skip_building_tests=False, mixin_files=None, mixin=None, verb_parser=<colcon_mixin.mixin.mixin_argument.MixinArgumentDecorator object at 0x7b996fe468c0>, verb_extension=<colcon_core.verb.build.BuildVerb object at 0x7b996fe46320>, main=<bound method BuildVerb.main of <colcon_core.verb.build.BuildVerb object at 0x7b996fe46320>>, mixin_verb=('build',))
[0.302s] Level 1:colcon.colcon_core.package_discovery:discover_packages(colcon_meta) check parameters
[0.302s] Level 1:colcon.colcon_core.package_discovery:discover_packages(recursive) check parameters
[0.302s] Level 1:colcon.colcon_core.package_discovery:discover_packages(ignore) check parameters
[0.302s] Level 1:colcon.colcon_core.package_discovery:discover_packages(path) check parameters
[0.302s] Level 1:colcon.colcon_core.package_discovery:discover_packages(colcon_meta) discover
[0.302s] Level 1:colcon.colcon_core.package_discovery:discover_packages(recursive) discover
[0.302s] INFO:colcon.colcon_core.package_discovery:Crawling recursively for packages in '/home/lennoxtr/turtlebot3_ws/src'
[0.302s] Level 1:colcon.colcon_core.package_identification:_identify(.) by extensions ['ignore', 'ignore_ament_install']
[0.303s] Level 1:colcon.colcon_core.package_identification:_identify(.) by extension 'ignore'
[0.303s] Level 1:colcon.colcon_core.package_identification:_identify(.) by extension 'ignore_ament_install'
[0.303s] Level 1:colcon.colcon_core.package_identification:_identify(.) by extensions ['colcon_pkg']
[0.303s] Level 1:colcon.colcon_core.package_identification:_identify(.) by extension 'colcon_pkg'
[0.303s] Level 1:colcon.colcon_core.package_identification:_identify(.) by extensions ['colcon_meta']
[0.303s] Level 1:colcon.colcon_core.package_identification:_identify(.) by extension 'colcon_meta'
[0.303s] Level 1:colcon.colcon_core.package_identification:_identify(.) by extensions ['ros']
[0.303s] Level 1:colcon.colcon_core.package_identification:_identify(.) by extension 'ros'
[0.310s] Level 1:colcon.colcon_core.package_identification:_identify(.) by extensions ['cmake', 'python']
[0.310s] Level 1:colcon.colcon_core.package_identification:_identify(.) by extension 'cmake'
[0.310s] Level 1:colcon.colcon_core.package_identification:_identify(.) by extension 'python'
[0.310s] Level 1:colcon.colcon_core.package_identification:_identify(.) by extensions ['python_setup_py']
[0.310s] Level 1:colcon.colcon_core.package_identification:_identify(.) by extension 'python_setup_py'
[0.310s] Level 1:colcon.colcon_core.package_identification:_identify(build) by extensions ['ignore', 'ignore_ament_install']
[0.310s] Level 1:colcon.colcon_core.package_identification:_identify(build) by extension 'ignore'
[0.310s] Level 1:colcon.colcon_core.package_identification:_identify(build) ignored
[0.310s] Level 1:colcon.colcon_core.package_identification:_identify(goal_input) by extensions ['ignore', 'ignore_ament_install']
[0.311s] Level 1:colcon.colcon_core.package_identification:_identify(goal_input) by extension 'ignore'
[0.311s] Level 1:colcon.colcon_core.package_identification:_identify(goal_input) by extension 'ignore_ament_install'
[0.311s] Level 1:colcon.colcon_core.package_identification:_identify(goal_input) by extensions ['colcon_pkg']
[0.311s] Level 1:colcon.colcon_core.package_identification:_identify(goal_input) by extension 'colcon_pkg'
[0.311s] Level 1:colcon.colcon_core.package_identification:_identify(goal_input) by extensions ['colcon_meta']
[0.311s] Level 1:colcon.colcon_core.package_identification:_identify(goal_input) by extension 'colcon_meta'
[0.311s] Level 1:colcon.colcon_core.package_identification:_identify(goal_input) by extensions ['ros']
[0.311s] Level 1:colcon.colcon_core.package_identification:_identify(goal_input) by extension 'ros'
[0.313s] DEBUG:colcon.colcon_core.package_identification:Package 'goal_input' with type 'ros.ament_python' and name 'goal_input'
[0.313s] Level 1:colcon.colcon_core.package_identification:_identify(install) by extensions ['ignore', 'ignore_ament_install']
[0.313s] Level 1:colcon.colcon_core.package_identification:_identify(install) by extension 'ignore'
[0.313s] Level 1:colcon.colcon_core.package_identification:_identify(install) ignored
[0.313s] Level 1:colcon.colcon_core.package_identification:_identify(log) by extensions ['ignore', 'ignore_ament_install']
[0.313s] Level 1:colcon.colcon_core.package_identification:_identify(log) by extension 'ignore'
[0.313s] Level 1:colcon.colcon_core.package_identification:_identify(log) ignored
[0.313s] Level 1:colcon.colcon_core.package_identification:_identify(robot_goal) by extensions ['ignore', 'ignore_ament_install']
[0.313s] Level 1:colcon.colcon_core.package_identification:_identify(robot_goal) by extension 'ignore'
[0.313s] Level 1:colcon.colcon_core.package_identification:_identify(robot_goal) by extension 'ignore_ament_install'
[0.313s] Level 1:colcon.colcon_core.package_identification:_identify(robot_goal) by extensions ['colcon_pkg']
[0.313s] Level 1:colcon.colcon_core.package_identification:_identify(robot_goal) by extension 'colcon_pkg'
[0.313s] Level 1:colcon.colcon_core.package_identification:_identify(robot_goal) by extensions ['colcon_meta']
[0.313s] Level 1:colcon.colcon_core.package_identification:_identify(robot_goal) by extension 'colcon_meta'
[0.313s] Level 1:colcon.colcon_core.package_identification:_identify(robot_goal) by extensions ['ros']
[0.313s] Level 1:colcon.colcon_core.package_identification:_identify(robot_goal) by extension 'ros'
[0.314s] DEBUG:colcon.colcon_core.package_identification:Package 'robot_goal' with type 'ros.ament_cmake' and name 'robot_goal'
[0.314s] Level 1:colcon.colcon_core.package_identification:_identify(robot_goal_pub) by extensions ['ignore', 'ignore_ament_install']
[0.314s] Level 1:colcon.colcon_core.package_identification:_identify(robot_goal_pub) by extension 'ignore'
[0.314s] Level 1:colcon.colcon_core.package_identification:_identify(robot_goal_pub) by extension 'ignore_ament_install'
[0.314s] Level 1:colcon.colcon_core.package_identification:_identify(robot_goal_pub) by extensions ['colcon_pkg']
[0.314s] Level 1:colcon.colcon_core.package_identification:_identify(robot_goal_pub) by extension 'colcon_pkg'
[0.314s] Level 1:colcon.colcon_core.package_identification:_identify(robot_goal_pub) by extensions ['colcon_meta']
[0.314s] Level 1:colcon.colcon_core.package_identification:_identify(robot_goal_pub) by extension 'colcon_meta'
[0.314s] Level 1:colcon.colcon_core.package_identification:_identify(robot_goal_pub) by extensions ['ros']
[0.314s] Level 1:colcon.colcon_core.package_identification:_identify(robot_goal_pub) by extension 'ros'
[0.314s] DEBUG:colcon.colcon_core.package_identification:Package 'robot_goal_pub' with type 'ros.ament_python' and name 'robot_goal_pub'
[0.314s] Level 1:colcon.colcon_core.package_identification:_identify(turtlebot3_simulations) by extensions ['ignore', 'ignore_ament_install']
[0.314s] Level 1:colcon.colcon_core.package_identification:_identify(turtlebot3_simulations) by extension 'ignore'
[0.314s] Level 1:colcon.colcon_core.package_identification:_identify(turtlebot3_simulations) by extension 'ignore_ament_install'
[0.314s] Level 1:colcon.colcon_core.package_identification:_identify(turtlebot3_simulations) by extensions ['colcon_pkg']
[0.315s] Level 1:colcon.colcon_core.package_identification:_identify(turtlebot3_simulations) by extension 'colcon_pkg'
[0.315s] Level 1:colcon.colcon_core.package_identification:_identify(turtlebot3_simulations) by extensions ['colcon_meta']
[0.315s] Level 1:colcon.colcon_core.package_identification:_identify(turtlebot3_simulations) by extension 'colcon_meta'
[0.315s] Level 1:colcon.colcon_core.package_identification:_identify(turtlebot3_simulations) by extensions ['ros']
[0.315s] Level 1:colcon.colcon_core.package_identification:_identify(turtlebot3_simulations) by extension 'ros'
[0.315s] Level 1:colcon.colcon_core.package_identification:_identify(turtlebot3_simulations) by extensions ['cmake', 'python']
[0.315s] Level 1:colcon.colcon_core.package_identification:_identify(turtlebot3_simulations) by extension 'cmake'
[0.315s] Level 1:colcon.colcon_core.package_identification:_identify(turtlebot3_simulations) by extension 'python'
[0.315s] Level 1:colcon.colcon_core.package_identification:_identify(turtlebot3_simulations) by extensions ['python_setup_py']
[0.315s] Level 1:colcon.colcon_core.package_identification:_identify(turtlebot3_simulations) by extension 'python_setup_py'
[0.315s] Level 1:colcon.colcon_core.package_identification:_identify(turtlebot3_simulations/turtlebot3_fake_node) by extensions ['ignore', 'ignore_ament_install']
[0.315s] Level 1:colcon.colcon_core.package_identification:_identify(turtlebot3_simulations/turtlebot3_fake_node) by extension 'ignore'
[0.315s] Level 1:colcon.colcon_core.package_identification:_identify(turtlebot3_simulations/turtlebot3_fake_node) by extension 'ignore_ament_install'
[0.315s] Level 1:colcon.colcon_core.package_identification:_identify(turtlebot3_simulations/turtlebot3_fake_node) by extensions ['colcon_pkg']
[0.315s] Level 1:colcon.colcon_core.package_identification:_identify(turtlebot3_simulations/turtlebot3_fake_node) by extension 'colcon_pkg'
[0.315s] Level 1:colcon.colcon_core.package_identification:_identify(turtlebot3_simulations/turtlebot3_fake_node) by extensions ['colcon_meta']
[0.315s] Level 1:colcon.colcon_core.package_identification:_identify(turtlebot3_simulations/turtlebot3_fake_node) by extension 'colcon_meta'
[0.315s] Level 1:colcon.colcon_core.package_identification:_identify(turtlebot3_simulations/turtlebot3_fake_node) by extensions ['ros']
[0.315s] Level 1:colcon.colcon_core.package_identification:_identify(turtlebot3_simulations/turtlebot3_fake_node) by extension 'ros'
[0.316s] DEBUG:colcon.colcon_core.package_identification:Package 'turtlebot3_simulations/turtlebot3_fake_node' with type 'ros.ament_cmake' and name 'turtlebot3_fake_node'
[0.316s] Level 1:colcon.colcon_core.package_identification:_identify(turtlebot3_simulations/turtlebot3_gazebo) by extensions ['ignore', 'ignore_ament_install']
[0.316s] Level 1:colcon.colcon_core.package_identification:_identify(turtlebot3_simulations/turtlebot3_gazebo) by extension 'ignore'
[0.316s] Level 1:colcon.colcon_core.package_identification:_identify(turtlebot3_simulations/turtlebot3_gazebo) by extension 'ignore_ament_install'
[0.316s] Level 1:colcon.colcon_core.package_identification:_identify(turtlebot3_simulations/turtlebot3_gazebo) by extensions ['colcon_pkg']
[0.316s] Level 1:colcon.colcon_core.package_identification:_identify(turtlebot3_simulations/turtlebot3_gazebo) by extension 'colcon_pkg'
[0.316s] Level 1:colcon.colcon_core.package_identification:_identify(turtlebot3_simulations/turtlebot3_gazebo) by extensions ['colcon_meta']
[0.316s] Level 1:colcon.colcon_core.package_identification:_identify(turtlebot3_simulations/turtlebot3_gazebo) by extension 'colcon_meta'
[0.316s] Level 1:colcon.colcon_core.package_identification:_identify(turtlebot3_simulations/turtlebot3_gazebo) by extensions ['ros']
[0.316s] Level 1:colcon.colcon_core.package_identification:_identify(turtlebot3_simulations/turtlebot3_gazebo) by extension 'ros'
[0.317s] DEBUG:colcon.colcon_core.package_identification:Package 'turtlebot3_simulations/turtlebot3_gazebo' with type 'ros.ament_cmake' and name 'turtlebot3_gazebo'
[0.317s] Level 1:colcon.colcon_core.package_identification:_identify(turtlebot3_simulations/turtlebot3_simulations) by extensions ['ignore', 'ignore_ament_install']
[0.317s] Level 1:colcon.colcon_core.package_identification:_identify(turtlebot3_simulations/turtlebot3_simulations) by extension 'ignore'
[0.317s] Level 1:colcon.colcon_core.package_identification:_identify(turtlebot3_simulations/turtlebot3_simulations) by extension 'ignore_ament_install'
[0.317s] Level 1:colcon.colcon_core.package_identification:_identify(turtlebot3_simulations/turtlebot3_simulations) by extensions ['colcon_pkg']
[0.317s] Level 1:colcon.colcon_core.package_identification:_identify(turtlebot3_simulations/turtlebot3_simulations) by extension 'colcon_pkg'
[0.317s] Level 1:colcon.colcon_core.package_identification:_identify(turtlebot3_simulations/turtlebot3_simulations) by extensions ['colcon_meta']
[0.317s] Level 1:colcon.colcon_core.package_identification:_identify(turtlebot3_simulations/turtlebot3_simulations) by extension 'colcon_meta'
[0.317s] Level 1:colcon.colcon_core.package_identification:_identify(turtlebot3_simulations/turtlebot3_simulations) by extensions ['ros']
[0.317s] Level 1:colcon.colcon_core.package_identification:_identify(turtlebot3_simulations/turtlebot3_simulations) by extension 'ros'
[0.317s] DEBUG:colcon.colcon_core.package_identification:Package 'turtlebot3_simulations/turtlebot3_simulations' with type 'ros.ament_cmake' and name 'turtlebot3_simulations'
[0.317s] Level 1:colcon.colcon_core.package_discovery:discover_packages(recursive) using defaults
[0.318s] Level 1:colcon.colcon_core.package_discovery:discover_packages(ignore) discover
[0.318s] Level 1:colcon.colcon_core.package_discovery:discover_packages(ignore) using defaults
[0.318s] Level 1:colcon.colcon_core.package_discovery:discover_packages(path) discover
[0.318s] Level 1:colcon.colcon_core.package_discovery:discover_packages(path) using defaults
[0.343s] Level 1:colcon.colcon_core.package_discovery:discover_packages(prefix_path) check parameters
[0.343s] Level 1:colcon.colcon_core.package_discovery:discover_packages(prefix_path) discover
[0.345s] DEBUG:colcon.colcon_installed_package_information.package_discovery:Found 373 installed packages in /opt/ros/humble
[0.346s] Level 1:colcon.colcon_core.package_discovery:discover_packages(prefix_path) using defaults
[0.374s] Level 5:colcon.colcon_core.verb:set package 'robot_goal' build argument 'cmake_args' from command line to 'None'
[0.374s] Level 5:colcon.colcon_core.verb:set package 'robot_goal' build argument 'cmake_target' from command line to 'None'
[0.374s] Level 5:colcon.colcon_core.verb:set package 'robot_goal' build argument 'cmake_target_skip_unavailable' from command line to 'False'
[0.374s] Level 5:colcon.colcon_core.verb:set package 'robot_goal' build argument 'cmake_clean_cache' from command line to 'False'
[0.374s] Level 5:colcon.colcon_core.verb:set package 'robot_goal' build argument 'cmake_clean_first' from command line to 'False'
[0.374s] Level 5:colcon.colcon_core.verb:set package 'robot_goal' build argument 'cmake_force_configure' from command line to 'False'
[0.374s] Level 5:colcon.colcon_core.verb:set package 'robot_goal' build argument 'ament_cmake_args' from command line to 'None'
[0.374s] Level 5:colcon.colcon_core.verb:set package 'robot_goal' build argument 'catkin_cmake_args' from command line to 'None'
[0.374s] Level 5:colcon.colcon_core.verb:set package 'robot_goal' build argument 'catkin_skip_building_tests' from command line to 'False'
[0.374s] DEBUG:colcon.colcon_core.verb:Building package 'robot_goal' with the following arguments: {'ament_cmake_args': None, 'build_base': '/home/lennoxtr/turtlebot3_ws/src/build/robot_goal', 'catkin_cmake_args': None, 'catkin_skip_building_tests': False, 'cmake_args': None, 'cmake_clean_cache': False, 'cmake_clean_first': False, 'cmake_force_configure': False, 'cmake_target': None, 'cmake_target_skip_unavailable': False, 'install_base': '/home/lennoxtr/turtlebot3_ws/src/install/robot_goal', 'merge_install': False, 'path': '/home/lennoxtr/turtlebot3_ws/src/robot_goal', 'symlink_install': False, 'test_result_base': None}
[0.374s] Level 5:colcon.colcon_core.verb:set package 'robot_goal_pub' build argument 'cmake_args' from command line to 'None'
[0.374s] Level 5:colcon.colcon_core.verb:set package 'robot_goal_pub' build argument 'cmake_target' from command line to 'None'
[0.374s] Level 5:colcon.colcon_core.verb:set package 'robot_goal_pub' build argument 'cmake_target_skip_unavailable' from command line to 'False'
[0.374s] Level 5:colcon.colcon_core.verb:set package 'robot_goal_pub' build argument 'cmake_clean_cache' from command line to 'False'
[0.374s] Level 5:colcon.colcon_core.verb:set package 'robot_goal_pub' build argument 'cmake_clean_first' from command line to 'False'
[0.374s] Level 5:colcon.colcon_core.verb:set package 'robot_goal_pub' build argument 'cmake_force_configure' from command line to 'False'
[0.374s] Level 5:colcon.colcon_core.verb:set package 'robot_goal_pub' build argument 'ament_cmake_args' from command line to 'None'
[0.375s] Level 5:colcon.colcon_core.verb:set package 'robot_goal_pub' build argument 'catkin_cmake_args' from command line to 'None'
[0.375s] Level 5:colcon.colcon_core.verb:set package 'robot_goal_pub' build argument 'catkin_skip_building_tests' from command line to 'False'
[0.375s] DEBUG:colcon.colcon_core.verb:Building package 'robot_goal_pub' with the following arguments: {'ament_cmake_args': None, 'build_base': '/home/lennoxtr/turtlebot3_ws/src/build/robot_goal_pub', 'catkin_cmake_args': None, 'catkin_skip_building_tests': False, 'cmake_args': None, 'cmake_clean_cache': False, 'cmake_clean_first': False, 'cmake_force_configure': False, 'cmake_target': None, 'cmake_target_skip_unavailable': False, 'install_base': '/home/lennoxtr/turtlebot3_ws/src/install/robot_goal_pub', 'merge_install': False, 'path': '/home/lennoxtr/turtlebot3_ws/src/robot_goal_pub', 'symlink_install': False, 'test_result_base': None}
[0.375s] Level 5:colcon.colcon_core.verb:set package 'turtlebot3_fake_node' build argument 'cmake_args' from command line to 'None'
[0.375s] Level 5:colcon.colcon_core.verb:set package 'turtlebot3_fake_node' build argument 'cmake_target' from command line to 'None'
[0.375s] Level 5:colcon.colcon_core.verb:set package 'turtlebot3_fake_node' build argument 'cmake_target_skip_unavailable' from command line to 'False'
[0.375s] Level 5:colcon.colcon_core.verb:set package 'turtlebot3_fake_node' build argument 'cmake_clean_cache' from command line to 'False'
[0.375s] Level 5:colcon.colcon_core.verb:set package 'turtlebot3_fake_node' build argument 'cmake_clean_first' from command line to 'False'
[0.375s] Level 5:colcon.colcon_core.verb:set package 'turtlebot3_fake_node' build argument 'cmake_force_configure' from command line to 'False'
[0.375s] Level 5:colcon.colcon_core.verb:set package 'turtlebot3_fake_node' build argument 'ament_cmake_args' from command line to 'None'
[0.375s] Level 5:colcon.colcon_core.verb:set package 'turtlebot3_fake_node' build argument 'catkin_cmake_args' from command line to 'None'
[0.375s] Level 5:colcon.colcon_core.verb:set package 'turtlebot3_fake_node' build argument 'catkin_skip_building_tests' from command line to 'False'
[0.375s] DEBUG:colcon.colcon_core.verb:Building package 'turtlebot3_fake_node' with the following arguments: {'ament_cmake_args': None, 'build_base': '/home/lennoxtr/turtlebot3_ws/src/build/turtlebot3_fake_node', 'catkin_cmake_args': None, 'catkin_skip_building_tests': False, 'cmake_args': None, 'cmake_clean_cache': False, 'cmake_clean_first': False, 'cmake_force_configure': False, 'cmake_target': None, 'cmake_target_skip_unavailable': False, 'install_base': '/home/lennoxtr/turtlebot3_ws/src/install/turtlebot3_fake_node', 'merge_install': False, 'path': '/home/lennoxtr/turtlebot3_ws/src/turtlebot3_simulations/turtlebot3_fake_node', 'symlink_install': False, 'test_result_base': None}
[0.375s] Level 5:colcon.colcon_core.verb:set package 'turtlebot3_gazebo' build argument 'cmake_args' from command line to 'None'
[0.375s] Level 5:colcon.colcon_core.verb:set package 'turtlebot3_gazebo' build argument 'cmake_target' from command line to 'None'
[0.375s] Level 5:colcon.colcon_core.verb:set package 'turtlebot3_gazebo' build argument 'cmake_target_skip_unavailable' from command line to 'False'
[0.375s] Level 5:colcon.colcon_core.verb:set package 'turtlebot3_gazebo' build argument 'cmake_clean_cache' from command line to 'False'
[0.375s] Level 5:colcon.colcon_core.verb:set package 'turtlebot3_gazebo' build argument 'cmake_clean_first' from command line to 'False'
[0.375s] Level 5:colcon.colcon_core.verb:set package 'turtlebot3_gazebo' build argument 'cmake_force_configure' from command line to 'False'
[0.375s] Level 5:colcon.colcon_core.verb:set package 'turtlebot3_gazebo' build argument 'ament_cmake_args' from command line to 'None'
[0.375s] Level 5:colcon.colcon_core.verb:set package 'turtlebot3_gazebo' build argument 'catkin_cmake_args' from command line to 'None'
[0.375s] Level 5:colcon.colcon_core.verb:set package 'turtlebot3_gazebo' build argument 'catkin_skip_building_tests' from command line to 'False'
[0.375s] DEBUG:colcon.colcon_core.verb:Building package 'turtlebot3_gazebo' with the following arguments: {'ament_cmake_args': None, 'build_base': '/home/lennoxtr/turtlebot3_ws/src/build/turtlebot3_gazebo', 'catkin_cmake_args': None, 'catkin_skip_building_tests': False, 'cmake_args': None, 'cmake_clean_cache': False, 'cmake_clean_first': False, 'cmake_force_configure': False, 'cmake_target': None, 'cmake_target_skip_unavailable': False, 'install_base': '/home/lennoxtr/turtlebot3_ws/src/install/turtlebot3_gazebo', 'merge_install': False, 'path': '/home/lennoxtr/turtlebot3_ws/src/turtlebot3_simulations/turtlebot3_gazebo', 'symlink_install': False, 'test_result_base': None}
[0.375s] Level 5:colcon.colcon_core.verb:set package 'goal_input' build argument 'cmake_args' from command line to 'None'
[0.375s] Level 5:colcon.colcon_core.verb:set package 'goal_input' build argument 'cmake_target' from command line to 'None'
[0.375s] Level 5:colcon.colcon_core.verb:set package 'goal_input' build argument 'cmake_target_skip_unavailable' from command line to 'False'
[0.375s] Level 5:colcon.colcon_core.verb:set package 'goal_input' build argument 'cmake_clean_cache' from command line to 'False'
[0.375s] Level 5:colcon.colcon_core.verb:set package 'goal_input' build argument 'cmake_clean_first' from command line to 'False'
[0.375s] Level 5:colcon.colcon_core.verb:set package 'goal_input' build argument 'cmake_force_configure' from command line to 'False'
[0.375s] Level 5:colcon.colcon_core.verb:set package 'goal_input' build argument 'ament_cmake_args' from command line to 'None'
[0.375s] Level 5:colcon.colcon_core.verb:set package 'goal_input' build argument 'catkin_cmake_args' from command line to 'None'
[0.375s] Level 5:colcon.colcon_core.verb:set package 'goal_input' build argument 'catkin_skip_building_tests' from command line to 'False'
[0.375s] DEBUG:colcon.colcon_core.verb:Building package 'goal_input' with the following arguments: {'ament_cmake_args': None, 'build_base': '/home/lennoxtr/turtlebot3_ws/src/build/goal_input', 'catkin_cmake_args': None, 'catkin_skip_building_tests': False, 'cmake_args': None, 'cmake_clean_cache': False, 'cmake_clean_first': False, 'cmake_force_configure': False, 'cmake_target': None, 'cmake_target_skip_unavailable': False, 'install_base': '/home/lennoxtr/turtlebot3_ws/src/install/goal_input', 'merge_install': False, 'path': '/home/lennoxtr/turtlebot3_ws/src/goal_input', 'symlink_install': False, 'test_result_base': None}
[0.376s] Level 5:colcon.colcon_core.verb:set package 'turtlebot3_simulations' build argument 'cmake_args' from command line to 'None'
[0.376s] Level 5:colcon.colcon_core.verb:set package 'turtlebot3_simulations' build argument 'cmake_target' from command line to 'None'
[0.376s] Level 5:colcon.colcon_core.verb:set package 'turtlebot3_simulations' build argument 'cmake_target_skip_unavailable' from command line to 'False'
[0.376s] Level 5:colcon.colcon_core.verb:set package 'turtlebot3_simulations' build argument 'cmake_clean_cache' from command line to 'False'
[0.376s] Level 5:colcon.colcon_core.verb:set package 'turtlebot3_simulations' build argument 'cmake_clean_first' from command line to 'False'
[0.376s] Level 5:colcon.colcon_core.verb:set package 'turtlebot3_simulations' build argument 'cmake_force_configure' from command line to 'False'
[0.376s] Level 5:colcon.colcon_core.verb:set package 'turtlebot3_simulations' build argument 'ament_cmake_args' from command line to 'None'
[0.376s] Level 5:colcon.colcon_core.verb:set package 'turtlebot3_simulations' build argument 'catkin_cmake_args' from command line to 'None'
[0.376s] Level 5:colcon.colcon_core.verb:set package 'turtlebot3_simulations' build argument 'catkin_skip_building_tests' from command line to 'False'
[0.376s] DEBUG:colcon.colcon_core.verb:Building package 'turtlebot3_simulations' with the following arguments: {'ament_cmake_args': None, 'build_base': '/home/lennoxtr/turtlebot3_ws/src/build/turtlebot3_simulations', 'catkin_cmake_args': None, 'catkin_skip_building_tests': False, 'cmake_args': None, 'cmake_clean_cache': False, 'cmake_clean_first': False, 'cmake_force_configure': False, 'cmake_target': None, 'cmake_target_skip_unavailable': False, 'install_base': '/home/lennoxtr/turtlebot3_ws/src/install/turtlebot3_simulations', 'merge_install': False, 'path': '/home/lennoxtr/turtlebot3_ws/src/turtlebot3_simulations/turtlebot3_simulations', 'symlink_install': False, 'test_result_base': None}
[0.376s] INFO:colcon.colcon_core.executor:Executing jobs using 'parallel' executor
[0.377s] DEBUG:colcon.colcon_parallel_executor.executor.parallel:run_until_complete
[0.377s] INFO:colcon.colcon_ros.task.ament_cmake.build:Building ROS package in '/home/lennoxtr/turtlebot3_ws/src/robot_goal' with build type 'ament_cmake'
[0.377s] INFO:colcon.colcon_cmake.task.cmake.build:Building CMake package in '/home/lennoxtr/turtlebot3_ws/src/robot_goal'
[0.380s] INFO:colcon.colcon_core.plugin_system:Skipping extension 'colcon_core.shell.bat': Not used on non-Windows systems
[0.380s] INFO:colcon.colcon_core.shell:Skip shell extension 'powershell' for command environment: Not usable outside of PowerShell
[0.380s] DEBUG:colcon.colcon_core.shell:Skip shell extension 'dsv' for command environment
[0.383s] INFO:colcon.colcon_ros.task.ament_cmake.build:Building ROS package in '/home/lennoxtr/turtlebot3_ws/src/turtlebot3_simulations/turtlebot3_fake_node' with build type 'ament_cmake'
[0.383s] INFO:colcon.colcon_cmake.task.cmake.build:Building CMake package in '/home/lennoxtr/turtlebot3_ws/src/turtlebot3_simulations/turtlebot3_fake_node'
[0.383s] INFO:colcon.colcon_core.shell:Skip shell extension 'powershell' for command environment: Not usable outside of PowerShell
[0.383s] DEBUG:colcon.colcon_core.shell:Skip shell extension 'dsv' for command environment
[0.385s] INFO:colcon.colcon_ros.task.ament_cmake.build:Building ROS package in '/home/lennoxtr/turtlebot3_ws/src/turtlebot3_simulations/turtlebot3_gazebo' with build type 'ament_cmake'
[0.385s] INFO:colcon.colcon_cmake.task.cmake.build:Building CMake package in '/home/lennoxtr/turtlebot3_ws/src/turtlebot3_simulations/turtlebot3_gazebo'
[0.385s] INFO:colcon.colcon_core.shell:Skip shell extension 'powershell' for command environment: Not usable outside of PowerShell
[0.385s] DEBUG:colcon.colcon_core.shell:Skip shell extension 'dsv' for command environment
[0.386s] INFO:colcon.colcon_ros.task.ament_python.build:Building ROS package in '/home/lennoxtr/turtlebot3_ws/src/robot_goal_pub' with build type 'ament_python'
[0.386s] Level 1:colcon.colcon_core.shell:create_environment_hook('robot_goal_pub', 'ament_prefix_path')
[0.387s] INFO:colcon.colcon_core.shell:Creating environment hook '/home/lennoxtr/turtlebot3_ws/src/install/robot_goal_pub/share/robot_goal_pub/hook/ament_prefix_path.ps1'
[0.387s] INFO:colcon.colcon_core.shell:Creating environment descriptor '/home/lennoxtr/turtlebot3_ws/src/install/robot_goal_pub/share/robot_goal_pub/hook/ament_prefix_path.dsv'
[0.388s] INFO:colcon.colcon_core.shell:Creating environment hook '/home/lennoxtr/turtlebot3_ws/src/install/robot_goal_pub/share/robot_goal_pub/hook/ament_prefix_path.sh'
[0.388s] INFO:colcon.colcon_core.shell:Skip shell extension 'powershell' for command environment: Not usable outside of PowerShell
[0.388s] DEBUG:colcon.colcon_core.shell:Skip shell extension 'dsv' for command environment
[0.392s] DEBUG:colcon.colcon_core.event_handler.log_command:Invoking command in '/home/lennoxtr/turtlebot3_ws/src/build/robot_goal': CMAKE_PREFIX_PATH=/opt/ros/humble /usr/bin/cmake /home/lennoxtr/turtlebot3_ws/src/robot_goal -DCMAKE_INSTALL_PREFIX=/home/lennoxtr/turtlebot3_ws/src/install/robot_goal
[0.395s] DEBUG:colcon.colcon_core.event_handler.log_command:Invoking command in '/home/lennoxtr/turtlebot3_ws/src/build/turtlebot3_fake_node': CMAKE_PREFIX_PATH=/opt/ros/humble /usr/bin/cmake /home/lennoxtr/turtlebot3_ws/src/turtlebot3_simulations/turtlebot3_fake_node -DCMAKE_INSTALL_PREFIX=/home/lennoxtr/turtlebot3_ws/src/install/turtlebot3_fake_node
[0.396s] DEBUG:colcon.colcon_core.event_handler.log_command:Invoking command in '/home/lennoxtr/turtlebot3_ws/src/build/turtlebot3_gazebo': CMAKE_PREFIX_PATH=/opt/ros/humble /usr/bin/cmake /home/lennoxtr/turtlebot3_ws/src/turtlebot3_simulations/turtlebot3_gazebo -DCMAKE_INSTALL_PREFIX=/home/lennoxtr/turtlebot3_ws/src/install/turtlebot3_gazebo
[0.582s] INFO:colcon.colcon_core.task.python.build:Building Python package in '/home/lennoxtr/turtlebot3_ws/src/robot_goal_pub'
[0.583s] INFO:colcon.colcon_core.shell:Skip shell extension 'powershell' for command environment: Not usable outside of PowerShell
[0.583s] DEBUG:colcon.colcon_core.shell:Skip shell extension 'dsv' for command environment
[0.932s] DEBUG:colcon.colcon_core.event_handler.log_command:Invoking command in '/home/lennoxtr/turtlebot3_ws/src/robot_goal_pub': PYTHONPATH=/home/lennoxtr/turtlebot3_ws/src/build/robot_goal_pub/prefix_override:/usr/lib/python3/dist-packages/colcon_core/task/python/colcon_distutils_commands:/home/lennoxtr/turtlebot3_ws/src/install/robot_goal_pub/lib/python3.10/site-packages:${PYTHONPATH} /usr/bin/python3 -W ignore:setup.py install is deprecated setup.py egg_info --egg-base ../build/robot_goal_pub build --build-base /home/lennoxtr/turtlebot3_ws/src/build/robot_goal_pub/build install --record /home/lennoxtr/turtlebot3_ws/src/build/robot_goal_pub/install.log --single-version-externally-managed install_data
[1.132s] DEBUG:colcon.colcon_core.event_handler.log_command:Invoked command in '/home/lennoxtr/turtlebot3_ws/src/robot_goal_pub' returned '0': PYTHONPATH=/home/lennoxtr/turtlebot3_ws/src/build/robot_goal_pub/prefix_override:/usr/lib/python3/dist-packages/colcon_core/task/python/colcon_distutils_commands:/home/lennoxtr/turtlebot3_ws/src/install/robot_goal_pub/lib/python3.10/site-packages:${PYTHONPATH} /usr/bin/python3 -W ignore:setup.py install is deprecated setup.py egg_info --egg-base ../build/robot_goal_pub build --build-base /home/lennoxtr/turtlebot3_ws/src/build/robot_goal_pub/build install --record /home/lennoxtr/turtlebot3_ws/src/build/robot_goal_pub/install.log --single-version-externally-managed install_data
[1.136s] Level 1:colcon.colcon_core.environment:checking '/home/lennoxtr/turtlebot3_ws/src/install/robot_goal_pub' for CMake module files
[1.136s] Level 1:colcon.colcon_core.environment:checking '/home/lennoxtr/turtlebot3_ws/src/install/robot_goal_pub' for CMake config files
[1.137s] Level 1:colcon.colcon_core.environment:checking '/home/lennoxtr/turtlebot3_ws/src/install/robot_goal_pub/lib'
[1.137s] Level 1:colcon.colcon_core.environment:checking '/home/lennoxtr/turtlebot3_ws/src/install/robot_goal_pub/bin'
[1.137s] Level 1:colcon.colcon_core.environment:checking '/home/lennoxtr/turtlebot3_ws/src/install/robot_goal_pub/lib/pkgconfig/robot_goal_pub.pc'
[1.137s] Level 1:colcon.colcon_core.environment:checking '/home/lennoxtr/turtlebot3_ws/src/install/robot_goal_pub/lib/python3.10/site-packages'
[1.137s] Level 1:colcon.colcon_core.shell:create_environment_hook('robot_goal_pub', 'pythonpath')
[1.137s] INFO:colcon.colcon_core.shell:Creating environment hook '/home/lennoxtr/turtlebot3_ws/src/install/robot_goal_pub/share/robot_goal_pub/hook/pythonpath.ps1'
[1.138s] INFO:colcon.colcon_core.shell:Creating environment descriptor '/home/lennoxtr/turtlebot3_ws/src/install/robot_goal_pub/share/robot_goal_pub/hook/pythonpath.dsv'
[1.138s] INFO:colcon.colcon_core.shell:Creating environment hook '/home/lennoxtr/turtlebot3_ws/src/install/robot_goal_pub/share/robot_goal_pub/hook/pythonpath.sh'
[1.139s] Level 1:colcon.colcon_core.environment:checking '/home/lennoxtr/turtlebot3_ws/src/install/robot_goal_pub/bin'
[1.139s] Level 1:colcon.colcon_core.environment:create_environment_scripts_only(robot_goal_pub)
[1.139s] INFO:colcon.colcon_core.shell:Creating package script '/home/lennoxtr/turtlebot3_ws/src/install/robot_goal_pub/share/robot_goal_pub/package.ps1'
[1.139s] INFO:colcon.colcon_core.shell:Creating package descriptor '/home/lennoxtr/turtlebot3_ws/src/install/robot_goal_pub/share/robot_goal_pub/package.dsv'
[1.140s] INFO:colcon.colcon_core.shell:Creating package script '/home/lennoxtr/turtlebot3_ws/src/install/robot_goal_pub/share/robot_goal_pub/package.sh'
[1.140s] INFO:colcon.colcon_core.shell:Creating package script '/home/lennoxtr/turtlebot3_ws/src/install/robot_goal_pub/share/robot_goal_pub/package.bash'
[1.141s] INFO:colcon.colcon_core.shell:Creating package script '/home/lennoxtr/turtlebot3_ws/src/install/robot_goal_pub/share/robot_goal_pub/package.zsh'
[1.142s] Level 1:colcon.colcon_core.environment:create_file_with_runtime_dependencies(/home/lennoxtr/turtlebot3_ws/src/install/robot_goal_pub/share/colcon-core/packages/robot_goal_pub)
[1.384s] DEBUG:colcon.colcon_core.event_handler.log_command:Invoked command in '/home/lennoxtr/turtlebot3_ws/src/build/turtlebot3_fake_node' returned '0': CMAKE_PREFIX_PATH=/opt/ros/humble /usr/bin/cmake /home/lennoxtr/turtlebot3_ws/src/turtlebot3_simulations/turtlebot3_fake_node -DCMAKE_INSTALL_PREFIX=/home/lennoxtr/turtlebot3_ws/src/install/turtlebot3_fake_node
[1.385s] DEBUG:colcon.colcon_core.event_handler.log_command:Invoking command in '/home/lennoxtr/turtlebot3_ws/src/build/turtlebot3_fake_node': CMAKE_PREFIX_PATH=/opt/ros/humble /usr/bin/cmake --build /home/lennoxtr/turtlebot3_ws/src/build/turtlebot3_fake_node -- -j12 -l12
[1.485s] DEBUG:colcon.colcon_core.event_handler.log_command:Invoked command in '/home/lennoxtr/turtlebot3_ws/src/build/robot_goal' returned '0': CMAKE_PREFIX_PATH=/opt/ros/humble /usr/bin/cmake /home/lennoxtr/turtlebot3_ws/src/robot_goal -DCMAKE_INSTALL_PREFIX=/home/lennoxtr/turtlebot3_ws/src/install/robot_goal
[1.487s] DEBUG:colcon.colcon_core.event_handler.log_command:Invoking command in '/home/lennoxtr/turtlebot3_ws/src/build/robot_goal': CMAKE_PREFIX_PATH=/opt/ros/humble /usr/bin/cmake --build /home/lennoxtr/turtlebot3_ws/src/build/robot_goal -- -j12 -l12
[2.040s] DEBUG:colcon.colcon_core.event_handler.log_command:Invoked command in '/home/lennoxtr/turtlebot3_ws/src/build/turtlebot3_gazebo' returned '0': CMAKE_PREFIX_PATH=/opt/ros/humble /usr/bin/cmake /home/lennoxtr/turtlebot3_ws/src/turtlebot3_simulations/turtlebot3_gazebo -DCMAKE_INSTALL_PREFIX=/home/lennoxtr/turtlebot3_ws/src/install/turtlebot3_gazebo
[2.042s] DEBUG:colcon.colcon_core.event_handler.log_command:Invoking command in '/home/lennoxtr/turtlebot3_ws/src/build/turtlebot3_gazebo': CMAKE_PREFIX_PATH=/opt/ros/humble /usr/bin/cmake --build /home/lennoxtr/turtlebot3_ws/src/build/turtlebot3_gazebo -- -j12 -l12
[2.844s] DEBUG:colcon.colcon_core.event_handler.log_command:Invoked command in '/home/lennoxtr/turtlebot3_ws/src/build/robot_goal' returned '0': CMAKE_PREFIX_PATH=/opt/ros/humble /usr/bin/cmake --build /home/lennoxtr/turtlebot3_ws/src/build/robot_goal -- -j12 -l12
[2.889s] DEBUG:colcon.colcon_core.event_handler.log_command:Invoking command in '/home/lennoxtr/turtlebot3_ws/src/build/robot_goal': CMAKE_PREFIX_PATH=/opt/ros/humble /usr/bin/cmake --install /home/lennoxtr/turtlebot3_ws/src/build/robot_goal
[2.933s] Level 1:colcon.colcon_core.environment:create_environment_scripts_only(robot_goal)
[2.933s] Level 1:colcon.colcon_core.environment:checking '/home/lennoxtr/turtlebot3_ws/src/install/robot_goal' for CMake module files
[2.934s] DEBUG:colcon.colcon_core.event_handler.log_command:Invoked command in '/home/lennoxtr/turtlebot3_ws/src/build/robot_goal' returned '0': CMAKE_PREFIX_PATH=/opt/ros/humble /usr/bin/cmake --install /home/lennoxtr/turtlebot3_ws/src/build/robot_goal
[2.934s] Level 1:colcon.colcon_core.environment:checking '/home/lennoxtr/turtlebot3_ws/src/install/robot_goal' for CMake config files
[2.934s] Level 1:colcon.colcon_core.shell:create_environment_hook('robot_goal', 'cmake_prefix_path')
[2.935s] INFO:colcon.colcon_core.shell:Creating environment hook '/home/lennoxtr/turtlebot3_ws/src/install/robot_goal/share/robot_goal/hook/cmake_prefix_path.ps1'
[2.935s] INFO:colcon.colcon_core.shell:Creating environment descriptor '/home/lennoxtr/turtlebot3_ws/src/install/robot_goal/share/robot_goal/hook/cmake_prefix_path.dsv'
[2.935s] INFO:colcon.colcon_core.shell:Creating environment hook '/home/lennoxtr/turtlebot3_ws/src/install/robot_goal/share/robot_goal/hook/cmake_prefix_path.sh'
[2.936s] Level 1:colcon.colcon_core.environment:checking '/home/lennoxtr/turtlebot3_ws/src/install/robot_goal/lib'
[2.936s] Level 1:colcon.colcon_core.shell:create_environment_hook('robot_goal', 'ld_library_path_lib')
[2.936s] INFO:colcon.colcon_core.shell:Creating environment hook '/home/lennoxtr/turtlebot3_ws/src/install/robot_goal/share/robot_goal/hook/ld_library_path_lib.ps1'
[2.936s] INFO:colcon.colcon_core.shell:Creating environment descriptor '/home/lennoxtr/turtlebot3_ws/src/install/robot_goal/share/robot_goal/hook/ld_library_path_lib.dsv'
[2.936s] INFO:colcon.colcon_core.shell:Creating environment hook '/home/lennoxtr/turtlebot3_ws/src/install/robot_goal/share/robot_goal/hook/ld_library_path_lib.sh'
[2.937s] Level 1:colcon.colcon_core.environment:checking '/home/lennoxtr/turtlebot3_ws/src/install/robot_goal/bin'
[2.937s] Level 1:colcon.colcon_core.environment:checking '/home/lennoxtr/turtlebot3_ws/src/install/robot_goal/lib/pkgconfig/robot_goal.pc'
[2.937s] Level 1:colcon.colcon_core.environment:checking '/home/lennoxtr/turtlebot3_ws/src/install/robot_goal/lib/python3.10/site-packages'
[2.937s] Level 1:colcon.colcon_core.environment:checking '/home/lennoxtr/turtlebot3_ws/src/install/robot_goal/bin'
[2.937s] INFO:colcon.colcon_core.shell:Creating package script '/home/lennoxtr/turtlebot3_ws/src/install/robot_goal/share/robot_goal/package.ps1'
[2.938s] INFO:colcon.colcon_core.shell:Creating package descriptor '/home/lennoxtr/turtlebot3_ws/src/install/robot_goal/share/robot_goal/package.dsv'
[2.938s] INFO:colcon.colcon_core.shell:Creating package script '/home/lennoxtr/turtlebot3_ws/src/install/robot_goal/share/robot_goal/package.sh'
[2.938s] INFO:colcon.colcon_core.shell:Creating package script '/home/lennoxtr/turtlebot3_ws/src/install/robot_goal/share/robot_goal/package.bash'
[2.938s] INFO:colcon.colcon_core.shell:Creating package script '/home/lennoxtr/turtlebot3_ws/src/install/robot_goal/share/robot_goal/package.zsh'
[2.938s] Level 1:colcon.colcon_core.environment:create_file_with_runtime_dependencies(/home/lennoxtr/turtlebot3_ws/src/install/robot_goal/share/colcon-core/packages/robot_goal)
[2.976s] Level 1:colcon.colcon_core.environment:create_environment_scripts_only(robot_goal)
[2.976s] Level 1:colcon.colcon_core.environment:checking '/home/lennoxtr/turtlebot3_ws/src/install/robot_goal' for CMake module files
[2.977s] Level 1:colcon.colcon_core.environment:checking '/home/lennoxtr/turtlebot3_ws/src/install/robot_goal' for CMake config files
[2.977s] Level 1:colcon.colcon_core.shell:create_environment_hook('robot_goal', 'cmake_prefix_path')
[2.977s] INFO:colcon.colcon_core.shell:Creating environment hook '/home/lennoxtr/turtlebot3_ws/src/install/robot_goal/share/robot_goal/hook/cmake_prefix_path.ps1'
[2.978s] INFO:colcon.colcon_core.shell:Creating environment descriptor '/home/lennoxtr/turtlebot3_ws/src/install/robot_goal/share/robot_goal/hook/cmake_prefix_path.dsv'
[2.978s] INFO:colcon.colcon_core.shell:Creating environment hook '/home/lennoxtr/turtlebot3_ws/src/install/robot_goal/share/robot_goal/hook/cmake_prefix_path.sh'
[2.979s] Level 1:colcon.colcon_core.environment:checking '/home/lennoxtr/turtlebot3_ws/src/install/robot_goal/lib'
[2.979s] Level 1:colcon.colcon_core.shell:create_environment_hook('robot_goal', 'ld_library_path_lib')
[2.979s] INFO:colcon.colcon_core.shell:Creating environment hook '/home/lennoxtr/turtlebot3_ws/src/install/robot_goal/share/robot_goal/hook/ld_library_path_lib.ps1'
[2.979s] INFO:colcon.colcon_core.shell:Creating environment descriptor '/home/lennoxtr/turtlebot3_ws/src/install/robot_goal/share/robot_goal/hook/ld_library_path_lib.dsv'
[2.980s] INFO:colcon.colcon_core.shell:Creating environment hook '/home/lennoxtr/turtlebot3_ws/src/install/robot_goal/share/robot_goal/hook/ld_library_path_lib.sh'
[2.980s] Level 1:colcon.colcon_core.environment:checking '/home/lennoxtr/turtlebot3_ws/src/install/robot_goal/bin'
[2.980s] Level 1:colcon.colcon_core.environment:checking '/home/lennoxtr/turtlebot3_ws/src/install/robot_goal/lib/pkgconfig/robot_goal.pc'
[2.980s] Level 1:colcon.colcon_core.environment:checking '/home/lennoxtr/turtlebot3_ws/src/install/robot_goal/lib/python3.10/site-packages'
[2.980s] Level 1:colcon.colcon_core.environment:checking '/home/lennoxtr/turtlebot3_ws/src/install/robot_goal/bin'
[2.981s] INFO:colcon.colcon_core.shell:Creating package script '/home/lennoxtr/turtlebot3_ws/src/install/robot_goal/share/robot_goal/package.ps1'
[2.981s] INFO:colcon.colcon_core.shell:Creating package descriptor '/home/lennoxtr/turtlebot3_ws/src/install/robot_goal/share/robot_goal/package.dsv'
[2.982s] INFO:colcon.colcon_core.shell:Creating package script '/home/lennoxtr/turtlebot3_ws/src/install/robot_goal/share/robot_goal/package.sh'
[2.982s] INFO:colcon.colcon_core.shell:Creating package script '/home/lennoxtr/turtlebot3_ws/src/install/robot_goal/share/robot_goal/package.bash'
[2.983s] INFO:colcon.colcon_core.shell:Creating package script '/home/lennoxtr/turtlebot3_ws/src/install/robot_goal/share/robot_goal/package.zsh'
[2.984s] Level 1:colcon.colcon_core.environment:create_file_with_runtime_dependencies(/home/lennoxtr/turtlebot3_ws/src/install/robot_goal/share/colcon-core/packages/robot_goal)
[2.984s] INFO:colcon.colcon_ros.task.ament_python.build:Building ROS package in '/home/lennoxtr/turtlebot3_ws/src/goal_input' with build type 'ament_python'
[2.984s] Level 1:colcon.colcon_core.shell:create_environment_hook('goal_input', 'ament_prefix_path')
[2.984s] INFO:colcon.colcon_core.shell:Creating environment hook '/home/lennoxtr/turtlebot3_ws/src/install/goal_input/share/goal_input/hook/ament_prefix_path.ps1'
[2.985s] INFO:colcon.colcon_core.shell:Creating environment descriptor '/home/lennoxtr/turtlebot3_ws/src/install/goal_input/share/goal_input/hook/ament_prefix_path.dsv'
[2.985s] INFO:colcon.colcon_core.shell:Creating environment hook '/home/lennoxtr/turtlebot3_ws/src/install/goal_input/share/goal_input/hook/ament_prefix_path.sh'
[2.986s] INFO:colcon.colcon_core.shell:Skip shell extension 'powershell' for command environment: Not usable outside of PowerShell
[2.986s] DEBUG:colcon.colcon_core.shell:Skip shell extension 'dsv' for command environment
[3.173s] INFO:colcon.colcon_core.task.python.build:Building Python package in '/home/lennoxtr/turtlebot3_ws/src/goal_input'
[3.173s] INFO:colcon.colcon_core.shell:Skip shell extension 'powershell' for command environment: Not usable outside of PowerShell
[3.173s] DEBUG:colcon.colcon_core.shell:Skip shell extension 'dsv' for command environment
[3.455s] DEBUG:colcon.colcon_core.event_handler.log_command:Invoking command in '/home/lennoxtr/turtlebot3_ws/src/goal_input': AMENT_PREFIX_PATH=/home/lennoxtr/turtlebot3_ws/src/install/robot_goal:${AMENT_PREFIX_PATH} CMAKE_PREFIX_PATH=/home/lennoxtr/turtlebot3_ws/src/install/robot_goal LD_LIBRARY_PATH=/home/lennoxtr/turtlebot3_ws/src/install/robot_goal/lib:/usr/lib/x86_64-linux-gnu/gazebo-11/plugins:/opt/ros/humble/opt/rviz_ogre_vendor/lib:/opt/ros/humble/lib/x86_64-linux-gnu:/opt/ros/humble/lib:/usr/lib/x86_64-linux-gnu/gazebo-11/plugins:/usr/lib/x86_64-linux-gnu/gazebo-11/plugins:/usr/lib/x86_64-linux-gnu/gazebo-11/plugins PYTHONPATH=/home/lennoxtr/turtlebot3_ws/src/build/goal_input/prefix_override:/usr/lib/python3/dist-packages/colcon_core/task/python/colcon_distutils_commands:/home/lennoxtr/turtlebot3_ws/src/install/goal_input/lib/python3.10/site-packages:/home/lennoxtr/turtlebot3_ws/src/install/robot_goal/local/lib/python3.10/dist-packages:${PYTHONPATH} /usr/bin/python3 -W ignore:setup.py install is deprecated setup.py egg_info --egg-base ../build/goal_input build --build-base /home/lennoxtr/turtlebot3_ws/src/build/goal_input/build install --record /home/lennoxtr/turtlebot3_ws/src/build/goal_input/install.log --single-version-externally-managed install_data
[3.658s] Level 1:colcon.colcon_core.environment:checking '/home/lennoxtr/turtlebot3_ws/src/install/goal_input' for CMake module files
[3.659s] DEBUG:colcon.colcon_core.event_handler.log_command:Invoked command in '/home/lennoxtr/turtlebot3_ws/src/goal_input' returned '0': AMENT_PREFIX_PATH=/home/lennoxtr/turtlebot3_ws/src/install/robot_goal:${AMENT_PREFIX_PATH} CMAKE_PREFIX_PATH=/home/lennoxtr/turtlebot3_ws/src/install/robot_goal LD_LIBRARY_PATH=/home/lennoxtr/turtlebot3_ws/src/install/robot_goal/lib:/usr/lib/x86_64-linux-gnu/gazebo-11/plugins:/opt/ros/humble/opt/rviz_ogre_vendor/lib:/opt/ros/humble/lib/x86_64-linux-gnu:/opt/ros/humble/lib:/usr/lib/x86_64-linux-gnu/gazebo-11/plugins:/usr/lib/x86_64-linux-gnu/gazebo-11/plugins:/usr/lib/x86_64-linux-gnu/gazebo-11/plugins PYTHONPATH=/home/lennoxtr/turtlebot3_ws/src/build/goal_input/prefix_override:/usr/lib/python3/dist-packages/colcon_core/task/python/colcon_distutils_commands:/home/lennoxtr/turtlebot3_ws/src/install/goal_input/lib/python3.10/site-packages:/home/lennoxtr/turtlebot3_ws/src/install/robot_goal/local/lib/python3.10/dist-packages:${PYTHONPATH} /usr/bin/python3 -W ignore:setup.py install is deprecated setup.py egg_info --egg-base ../build/goal_input build --build-base /home/lennoxtr/turtlebot3_ws/src/build/goal_input/build install --record /home/lennoxtr/turtlebot3_ws/src/build/goal_input/install.log --single-version-externally-managed install_data
[3.659s] Level 1:colcon.colcon_core.environment:checking '/home/lennoxtr/turtlebot3_ws/src/install/goal_input' for CMake config files
[3.659s] Level 1:colcon.colcon_core.environment:checking '/home/lennoxtr/turtlebot3_ws/src/install/goal_input/lib'
[3.660s] Level 1:colcon.colcon_core.environment:checking '/home/lennoxtr/turtlebot3_ws/src/install/goal_input/bin'
[3.660s] Level 1:colcon.colcon_core.environment:checking '/home/lennoxtr/turtlebot3_ws/src/install/goal_input/lib/pkgconfig/goal_input.pc'
[3.660s] Level 1:colcon.colcon_core.environment:checking '/home/lennoxtr/turtlebot3_ws/src/install/goal_input/lib/python3.10/site-packages'
[3.660s] Level 1:colcon.colcon_core.shell:create_environment_hook('goal_input', 'pythonpath')
[3.660s] INFO:colcon.colcon_core.shell:Creating environment hook '/home/lennoxtr/turtlebot3_ws/src/install/goal_input/share/goal_input/hook/pythonpath.ps1'
[3.661s] INFO:colcon.colcon_core.shell:Creating environment descriptor '/home/lennoxtr/turtlebot3_ws/src/install/goal_input/share/goal_input/hook/pythonpath.dsv'
[3.661s] INFO:colcon.colcon_core.shell:Creating environment hook '/home/lennoxtr/turtlebot3_ws/src/install/goal_input/share/goal_input/hook/pythonpath.sh'
[3.661s] Level 1:colcon.colcon_core.environment:checking '/home/lennoxtr/turtlebot3_ws/src/install/goal_input/bin'
[3.662s] Level 1:colcon.colcon_core.environment:create_environment_scripts_only(goal_input)
[3.662s] INFO:colcon.colcon_core.shell:Creating package script '/home/lennoxtr/turtlebot3_ws/src/install/goal_input/share/goal_input/package.ps1'
[3.662s] INFO:colcon.colcon_core.shell:Creating package descriptor '/home/lennoxtr/turtlebot3_ws/src/install/goal_input/share/goal_input/package.dsv'
[3.663s] INFO:colcon.colcon_core.shell:Creating package script '/home/lennoxtr/turtlebot3_ws/src/install/goal_input/share/goal_input/package.sh'
[3.663s] INFO:colcon.colcon_core.shell:Creating package script '/home/lennoxtr/turtlebot3_ws/src/install/goal_input/share/goal_input/package.bash'
[3.663s] INFO:colcon.colcon_core.shell:Creating package script '/home/lennoxtr/turtlebot3_ws/src/install/goal_input/share/goal_input/package.zsh'
[3.664s] Level 1:colcon.colcon_core.environment:create_file_with_runtime_dependencies(/home/lennoxtr/turtlebot3_ws/src/install/goal_input/share/colcon-core/packages/goal_input)
[8.993s] DEBUG:colcon.colcon_core.event_handler.log_command:Invoked command in '/home/lennoxtr/turtlebot3_ws/src/build/turtlebot3_fake_node' returned '0': CMAKE_PREFIX_PATH=/opt/ros/humble /usr/bin/cmake --build /home/lennoxtr/turtlebot3_ws/src/build/turtlebot3_fake_node -- -j12 -l12
[9.010s] DEBUG:colcon.colcon_core.event_handler.log_command:Invoking command in '/home/lennoxtr/turtlebot3_ws/src/build/turtlebot3_fake_node': CMAKE_PREFIX_PATH=/opt/ros/humble /usr/bin/cmake --install /home/lennoxtr/turtlebot3_ws/src/build/turtlebot3_fake_node
[9.029s] Level 1:colcon.colcon_core.environment:create_environment_scripts_only(turtlebot3_fake_node)
[9.030s] DEBUG:colcon.colcon_core.event_handler.log_command:Invoked command in '/home/lennoxtr/turtlebot3_ws/src/build/turtlebot3_fake_node' returned '0': CMAKE_PREFIX_PATH=/opt/ros/humble /usr/bin/cmake --install /home/lennoxtr/turtlebot3_ws/src/build/turtlebot3_fake_node
[9.030s] Level 1:colcon.colcon_core.environment:checking '/home/lennoxtr/turtlebot3_ws/src/install/turtlebot3_fake_node' for CMake module files
[9.031s] Level 1:colcon.colcon_core.environment:checking '/home/lennoxtr/turtlebot3_ws/src/install/turtlebot3_fake_node' for CMake config files
[9.031s] Level 1:colcon.colcon_core.shell:create_environment_hook('turtlebot3_fake_node', 'cmake_prefix_path')
[9.031s] INFO:colcon.colcon_core.shell:Creating environment hook '/home/lennoxtr/turtlebot3_ws/src/install/turtlebot3_fake_node/share/turtlebot3_fake_node/hook/cmake_prefix_path.ps1'
[9.032s] INFO:colcon.colcon_core.shell:Creating environment descriptor '/home/lennoxtr/turtlebot3_ws/src/install/turtlebot3_fake_node/share/turtlebot3_fake_node/hook/cmake_prefix_path.dsv'
[9.032s] INFO:colcon.colcon_core.shell:Creating environment hook '/home/lennoxtr/turtlebot3_ws/src/install/turtlebot3_fake_node/share/turtlebot3_fake_node/hook/cmake_prefix_path.sh'
[9.033s] Level 1:colcon.colcon_core.environment:checking '/home/lennoxtr/turtlebot3_ws/src/install/turtlebot3_fake_node/lib'
[9.033s] Level 1:colcon.colcon_core.environment:checking '/home/lennoxtr/turtlebot3_ws/src/install/turtlebot3_fake_node/bin'
[9.033s] Level 1:colcon.colcon_core.environment:checking '/home/lennoxtr/turtlebot3_ws/src/install/turtlebot3_fake_node/lib/pkgconfig/turtlebot3_fake_node.pc'
[9.033s] Level 1:colcon.colcon_core.environment:checking '/home/lennoxtr/turtlebot3_ws/src/install/turtlebot3_fake_node/lib/python3.10/site-packages'
[9.033s] Level 1:colcon.colcon_core.environment:checking '/home/lennoxtr/turtlebot3_ws/src/install/turtlebot3_fake_node/bin'
[9.034s] INFO:colcon.colcon_core.shell:Creating package script '/home/lennoxtr/turtlebot3_ws/src/install/turtlebot3_fake_node/share/turtlebot3_fake_node/package.ps1'
[9.034s] INFO:colcon.colcon_core.shell:Creating package descriptor '/home/lennoxtr/turtlebot3_ws/src/install/turtlebot3_fake_node/share/turtlebot3_fake_node/package.dsv'
[9.035s] INFO:colcon.colcon_core.shell:Creating package script '/home/lennoxtr/turtlebot3_ws/src/install/turtlebot3_fake_node/share/turtlebot3_fake_node/package.sh'
[9.035s] INFO:colcon.colcon_core.shell:Creating package script '/home/lennoxtr/turtlebot3_ws/src/install/turtlebot3_fake_node/share/turtlebot3_fake_node/package.bash'
[9.035s] INFO:colcon.colcon_core.shell:Creating package script '/home/lennoxtr/turtlebot3_ws/src/install/turtlebot3_fake_node/share/turtlebot3_fake_node/package.zsh'
[9.036s] Level 1:colcon.colcon_core.environment:create_file_with_runtime_dependencies(/home/lennoxtr/turtlebot3_ws/src/install/turtlebot3_fake_node/share/colcon-core/packages/turtlebot3_fake_node)
[9.052s] Level 1:colcon.colcon_core.environment:create_environment_scripts_only(turtlebot3_fake_node)
[9.053s] Level 1:colcon.colcon_core.environment:checking '/home/lennoxtr/turtlebot3_ws/src/install/turtlebot3_fake_node' for CMake module files
[9.053s] Level 1:colcon.colcon_core.environment:checking '/home/lennoxtr/turtlebot3_ws/src/install/turtlebot3_fake_node' for CMake config files
[9.054s] Level 1:colcon.colcon_core.shell:create_environment_hook('turtlebot3_fake_node', 'cmake_prefix_path')
[9.054s] INFO:colcon.colcon_core.shell:Creating environment hook '/home/lennoxtr/turtlebot3_ws/src/install/turtlebot3_fake_node/share/turtlebot3_fake_node/hook/cmake_prefix_path.ps1'
[9.054s] INFO:colcon.colcon_core.shell:Creating environment descriptor '/home/lennoxtr/turtlebot3_ws/src/install/turtlebot3_fake_node/share/turtlebot3_fake_node/hook/cmake_prefix_path.dsv'
[9.055s] INFO:colcon.colcon_core.shell:Creating environment hook '/home/lennoxtr/turtlebot3_ws/src/install/turtlebot3_fake_node/share/turtlebot3_fake_node/hook/cmake_prefix_path.sh'
[9.055s] Level 1:colcon.colcon_core.environment:checking '/home/lennoxtr/turtlebot3_ws/src/install/turtlebot3_fake_node/lib'
[9.056s] Level 1:colcon.colcon_core.environment:checking '/home/lennoxtr/turtlebot3_ws/src/install/turtlebot3_fake_node/bin'
[9.056s] Level 1:colcon.colcon_core.environment:checking '/home/lennoxtr/turtlebot3_ws/src/install/turtlebot3_fake_node/lib/pkgconfig/turtlebot3_fake_node.pc'
[9.056s] Level 1:colcon.colcon_core.environment:checking '/home/lennoxtr/turtlebot3_ws/src/install/turtlebot3_fake_node/lib/python3.10/site-packages'
[9.056s] Level 1:colcon.colcon_core.environment:checking '/home/lennoxtr/turtlebot3_ws/src/install/turtlebot3_fake_node/bin'
[9.056s] INFO:colcon.colcon_core.shell:Creating package script '/home/lennoxtr/turtlebot3_ws/src/install/turtlebot3_fake_node/share/turtlebot3_fake_node/package.ps1'
[9.057s] INFO:colcon.colcon_core.shell:Creating package descriptor '/home/lennoxtr/turtlebot3_ws/src/install/turtlebot3_fake_node/share/turtlebot3_fake_node/package.dsv'
[9.058s] INFO:colcon.colcon_core.shell:Creating package script '/home/lennoxtr/turtlebot3_ws/src/install/turtlebot3_fake_node/share/turtlebot3_fake_node/package.sh'
[9.058s] INFO:colcon.colcon_core.shell:Creating package script '/home/lennoxtr/turtlebot3_ws/src/install/turtlebot3_fake_node/share/turtlebot3_fake_node/package.bash'
[9.059s] INFO:colcon.colcon_core.shell:Creating package script '/home/lennoxtr/turtlebot3_ws/src/install/turtlebot3_fake_node/share/turtlebot3_fake_node/package.zsh'
[9.059s] Level 1:colcon.colcon_core.environment:create_file_with_runtime_dependencies(/home/lennoxtr/turtlebot3_ws/src/install/turtlebot3_fake_node/share/colcon-core/packages/turtlebot3_fake_node)
[11.073s] DEBUG:colcon.colcon_core.event_handler.log_command:Invoked command in '/home/lennoxtr/turtlebot3_ws/src/build/turtlebot3_gazebo' returned '0': CMAKE_PREFIX_PATH=/opt/ros/humble /usr/bin/cmake --build /home/lennoxtr/turtlebot3_ws/src/build/turtlebot3_gazebo -- -j12 -l12
[11.095s] DEBUG:colcon.colcon_core.event_handler.log_command:Invoking command in '/home/lennoxtr/turtlebot3_ws/src/build/turtlebot3_gazebo': CMAKE_PREFIX_PATH=/opt/ros/humble /usr/bin/cmake --install /home/lennoxtr/turtlebot3_ws/src/build/turtlebot3_gazebo
[11.117s] Level 1:colcon.colcon_core.environment:create_environment_scripts_only(turtlebot3_gazebo)
[11.117s] Level 1:colcon.colcon_core.environment:checking '/home/lennoxtr/turtlebot3_ws/src/install/turtlebot3_gazebo' for CMake module files
[11.117s] DEBUG:colcon.colcon_core.event_handler.log_command:Invoked command in '/home/lennoxtr/turtlebot3_ws/src/build/turtlebot3_gazebo' returned '0': CMAKE_PREFIX_PATH=/opt/ros/humble /usr/bin/cmake --install /home/lennoxtr/turtlebot3_ws/src/build/turtlebot3_gazebo
[11.117s] Level 1:colcon.colcon_core.environment:checking '/home/lennoxtr/turtlebot3_ws/src/install/turtlebot3_gazebo' for CMake config files
[11.117s] Level 1:colcon.colcon_core.shell:create_environment_hook('turtlebot3_gazebo', 'cmake_prefix_path')
[11.118s] INFO:colcon.colcon_core.shell:Creating environment hook '/home/lennoxtr/turtlebot3_ws/src/install/turtlebot3_gazebo/share/turtlebot3_gazebo/hook/cmake_prefix_path.ps1'
[11.118s] INFO:colcon.colcon_core.shell:Creating environment descriptor '/home/lennoxtr/turtlebot3_ws/src/install/turtlebot3_gazebo/share/turtlebot3_gazebo/hook/cmake_prefix_path.dsv'
[11.118s] INFO:colcon.colcon_core.shell:Creating environment hook '/home/lennoxtr/turtlebot3_ws/src/install/turtlebot3_gazebo/share/turtlebot3_gazebo/hook/cmake_prefix_path.sh'
[11.118s] Level 1:colcon.colcon_core.environment:checking '/home/lennoxtr/turtlebot3_ws/src/install/turtlebot3_gazebo/lib'
[11.119s] Level 1:colcon.colcon_core.environment:checking '/home/lennoxtr/turtlebot3_ws/src/install/turtlebot3_gazebo/bin'
[11.119s] Level 1:colcon.colcon_core.environment:checking '/home/lennoxtr/turtlebot3_ws/src/install/turtlebot3_gazebo/lib/pkgconfig/turtlebot3_gazebo.pc'
[11.119s] Level 1:colcon.colcon_core.environment:checking '/home/lennoxtr/turtlebot3_ws/src/install/turtlebot3_gazebo/lib/python3.10/site-packages'
[11.119s] Level 1:colcon.colcon_core.environment:checking '/home/lennoxtr/turtlebot3_ws/src/install/turtlebot3_gazebo/bin'
[11.119s] INFO:colcon.colcon_core.shell:Creating package script '/home/lennoxtr/turtlebot3_ws/src/install/turtlebot3_gazebo/share/turtlebot3_gazebo/package.ps1'
[11.119s] INFO:colcon.colcon_core.shell:Creating package descriptor '/home/lennoxtr/turtlebot3_ws/src/install/turtlebot3_gazebo/share/turtlebot3_gazebo/package.dsv'
[11.120s] INFO:colcon.colcon_core.shell:Creating package script '/home/lennoxtr/turtlebot3_ws/src/install/turtlebot3_gazebo/share/turtlebot3_gazebo/package.sh'
[11.120s] INFO:colcon.colcon_core.shell:Creating package script '/home/lennoxtr/turtlebot3_ws/src/install/turtlebot3_gazebo/share/turtlebot3_gazebo/package.bash'
[11.120s] INFO:colcon.colcon_core.shell:Creating package script '/home/lennoxtr/turtlebot3_ws/src/install/turtlebot3_gazebo/share/turtlebot3_gazebo/package.zsh'
[11.120s] Level 1:colcon.colcon_core.environment:create_file_with_runtime_dependencies(/home/lennoxtr/turtlebot3_ws/src/install/turtlebot3_gazebo/share/colcon-core/packages/turtlebot3_gazebo)
[11.142s] Level 1:colcon.colcon_core.environment:create_environment_scripts_only(turtlebot3_gazebo)
[11.142s] Level 1:colcon.colcon_core.environment:checking '/home/lennoxtr/turtlebot3_ws/src/install/turtlebot3_gazebo' for CMake module files
[11.143s] Level 1:colcon.colcon_core.environment:checking '/home/lennoxtr/turtlebot3_ws/src/install/turtlebot3_gazebo' for CMake config files
[11.143s] Level 1:colcon.colcon_core.shell:create_environment_hook('turtlebot3_gazebo', 'cmake_prefix_path')
[11.143s] INFO:colcon.colcon_core.shell:Creating environment hook '/home/lennoxtr/turtlebot3_ws/src/install/turtlebot3_gazebo/share/turtlebot3_gazebo/hook/cmake_prefix_path.ps1'
[11.143s] INFO:colcon.colcon_core.shell:Creating environment descriptor '/home/lennoxtr/turtlebot3_ws/src/install/turtlebot3_gazebo/share/turtlebot3_gazebo/hook/cmake_prefix_path.dsv'
[11.144s] INFO:colcon.colcon_core.shell:Creating environment hook '/home/lennoxtr/turtlebot3_ws/src/install/turtlebot3_gazebo/share/turtlebot3_gazebo/hook/cmake_prefix_path.sh'
[11.144s] Level 1:colcon.colcon_core.environment:checking '/home/lennoxtr/turtlebot3_ws/src/install/turtlebot3_gazebo/lib'
[11.144s] Level 1:colcon.colcon_core.environment:checking '/home/lennoxtr/turtlebot3_ws/src/install/turtlebot3_gazebo/bin'
[11.144s] Level 1:colcon.colcon_core.environment:checking '/home/lennoxtr/turtlebot3_ws/src/install/turtlebot3_gazebo/lib/pkgconfig/turtlebot3_gazebo.pc'
[11.144s] Level 1:colcon.colcon_core.environment:checking '/home/lennoxtr/turtlebot3_ws/src/install/turtlebot3_gazebo/lib/python3.10/site-packages'
[11.144s] Level 1:colcon.colcon_core.environment:checking '/home/lennoxtr/turtlebot3_ws/src/install/turtlebot3_gazebo/bin'
[11.144s] INFO:colcon.colcon_core.shell:Creating package script '/home/lennoxtr/turtlebot3_ws/src/install/turtlebot3_gazebo/share/turtlebot3_gazebo/package.ps1'
[11.145s] INFO:colcon.colcon_core.shell:Creating package descriptor '/home/lennoxtr/turtlebot3_ws/src/install/turtlebot3_gazebo/share/turtlebot3_gazebo/package.dsv'
[11.145s] INFO:colcon.colcon_core.shell:Creating package script '/home/lennoxtr/turtlebot3_ws/src/install/turtlebot3_gazebo/share/turtlebot3_gazebo/package.sh'
[11.145s] INFO:colcon.colcon_core.shell:Creating package script '/home/lennoxtr/turtlebot3_ws/src/install/turtlebot3_gazebo/share/turtlebot3_gazebo/package.bash'
[11.145s] INFO:colcon.colcon_core.shell:Creating package script '/home/lennoxtr/turtlebot3_ws/src/install/turtlebot3_gazebo/share/turtlebot3_gazebo/package.zsh'
[11.146s] Level 1:colcon.colcon_core.environment:create_file_with_runtime_dependencies(/home/lennoxtr/turtlebot3_ws/src/install/turtlebot3_gazebo/share/colcon-core/packages/turtlebot3_gazebo)
[11.146s] INFO:colcon.colcon_ros.task.ament_cmake.build:Building ROS package in '/home/lennoxtr/turtlebot3_ws/src/turtlebot3_simulations/turtlebot3_simulations' with build type 'ament_cmake'
[11.146s] INFO:colcon.colcon_cmake.task.cmake.build:Building CMake package in '/home/lennoxtr/turtlebot3_ws/src/turtlebot3_simulations/turtlebot3_simulations'
[11.146s] INFO:colcon.colcon_core.shell:Skip shell extension 'powershell' for command environment: Not usable outside of PowerShell
[11.146s] DEBUG:colcon.colcon_core.shell:Skip shell extension 'dsv' for command environment
[11.152s] DEBUG:colcon.colcon_core.event_handler.log_command:Invoking command in '/home/lennoxtr/turtlebot3_ws/src/build/turtlebot3_simulations': AMENT_PREFIX_PATH=/home/lennoxtr/turtlebot3_ws/src/install/turtlebot3_gazebo:/home/lennoxtr/turtlebot3_ws/src/install/turtlebot3_fake_node:${AMENT_PREFIX_PATH} CMAKE_PREFIX_PATH=/home/lennoxtr/turtlebot3_ws/src/install/turtlebot3_gazebo:/home/lennoxtr/turtlebot3_ws/src/install/turtlebot3_fake_node:/opt/ros/humble /usr/bin/cmake /home/lennoxtr/turtlebot3_ws/src/turtlebot3_simulations/turtlebot3_simulations -DCMAKE_INSTALL_PREFIX=/home/lennoxtr/turtlebot3_ws/src/install/turtlebot3_simulations
[11.522s] DEBUG:colcon.colcon_core.event_handler.log_command:Invoked command in '/home/lennoxtr/turtlebot3_ws/src/build/turtlebot3_simulations' returned '0': AMENT_PREFIX_PATH=/home/lennoxtr/turtlebot3_ws/src/install/turtlebot3_gazebo:/home/lennoxtr/turtlebot3_ws/src/install/turtlebot3_fake_node:${AMENT_PREFIX_PATH} CMAKE_PREFIX_PATH=/home/lennoxtr/turtlebot3_ws/src/install/turtlebot3_gazebo:/home/lennoxtr/turtlebot3_ws/src/install/turtlebot3_fake_node:/opt/ros/humble /usr/bin/cmake /home/lennoxtr/turtlebot3_ws/src/turtlebot3_simulations/turtlebot3_simulations -DCMAKE_INSTALL_PREFIX=/home/lennoxtr/turtlebot3_ws/src/install/turtlebot3_simulations
[11.523s] DEBUG:colcon.colcon_core.event_handler.log_command:Invoking command in '/home/lennoxtr/turtlebot3_ws/src/build/turtlebot3_simulations': AMENT_PREFIX_PATH=/home/lennoxtr/turtlebot3_ws/src/install/turtlebot3_gazebo:/home/lennoxtr/turtlebot3_ws/src/install/turtlebot3_fake_node:${AMENT_PREFIX_PATH} CMAKE_PREFIX_PATH=/home/lennoxtr/turtlebot3_ws/src/install/turtlebot3_gazebo:/home/lennoxtr/turtlebot3_ws/src/install/turtlebot3_fake_node:/opt/ros/humble /usr/bin/cmake --build /home/lennoxtr/turtlebot3_ws/src/build/turtlebot3_simulations -- -j12 -l12
[11.551s] DEBUG:colcon.colcon_core.event_handler.log_command:Invoked command in '/home/lennoxtr/turtlebot3_ws/src/build/turtlebot3_simulations' returned '0': AMENT_PREFIX_PATH=/home/lennoxtr/turtlebot3_ws/src/install/turtlebot3_gazebo:/home/lennoxtr/turtlebot3_ws/src/install/turtlebot3_fake_node:${AMENT_PREFIX_PATH} CMAKE_PREFIX_PATH=/home/lennoxtr/turtlebot3_ws/src/install/turtlebot3_gazebo:/home/lennoxtr/turtlebot3_ws/src/install/turtlebot3_fake_node:/opt/ros/humble /usr/bin/cmake --build /home/lennoxtr/turtlebot3_ws/src/build/turtlebot3_simulations -- -j12 -l12
[11.566s] DEBUG:colcon.colcon_core.event_handler.log_command:Invoking command in '/home/lennoxtr/turtlebot3_ws/src/build/turtlebot3_simulations': AMENT_PREFIX_PATH=/home/lennoxtr/turtlebot3_ws/src/install/turtlebot3_gazebo:/home/lennoxtr/turtlebot3_ws/src/install/turtlebot3_fake_node:${AMENT_PREFIX_PATH} CMAKE_PREFIX_PATH=/home/lennoxtr/turtlebot3_ws/src/install/turtlebot3_gazebo:/home/lennoxtr/turtlebot3_ws/src/install/turtlebot3_fake_node:/opt/ros/humble /usr/bin/cmake --install /home/lennoxtr/turtlebot3_ws/src/build/turtlebot3_simulations
[11.573s] Level 1:colcon.colcon_core.environment:create_environment_scripts_only(turtlebot3_simulations)
[11.573s] Level 1:colcon.colcon_core.environment:checking '/home/lennoxtr/turtlebot3_ws/src/install/turtlebot3_simulations' for CMake module files
[11.573s] DEBUG:colcon.colcon_core.event_handler.log_command:Invoked command in '/home/lennoxtr/turtlebot3_ws/src/build/turtlebot3_simulations' returned '0': AMENT_PREFIX_PATH=/home/lennoxtr/turtlebot3_ws/src/install/turtlebot3_gazebo:/home/lennoxtr/turtlebot3_ws/src/install/turtlebot3_fake_node:${AMENT_PREFIX_PATH} CMAKE_PREFIX_PATH=/home/lennoxtr/turtlebot3_ws/src/install/turtlebot3_gazebo:/home/lennoxtr/turtlebot3_ws/src/install/turtlebot3_fake_node:/opt/ros/humble /usr/bin/cmake --install /home/lennoxtr/turtlebot3_ws/src/build/turtlebot3_simulations
[11.573s] Level 1:colcon.colcon_core.environment:checking '/home/lennoxtr/turtlebot3_ws/src/install/turtlebot3_simulations' for CMake config files
[11.574s] Level 1:colcon.colcon_core.shell:create_environment_hook('turtlebot3_simulations', 'cmake_prefix_path')
[11.574s] INFO:colcon.colcon_core.shell:Creating environment hook '/home/lennoxtr/turtlebot3_ws/src/install/turtlebot3_simulations/share/turtlebot3_simulations/hook/cmake_prefix_path.ps1'
[11.574s] INFO:colcon.colcon_core.shell:Creating environment descriptor '/home/lennoxtr/turtlebot3_ws/src/install/turtlebot3_simulations/share/turtlebot3_simulations/hook/cmake_prefix_path.dsv'
[11.574s] INFO:colcon.colcon_core.shell:Creating environment hook '/home/lennoxtr/turtlebot3_ws/src/install/turtlebot3_simulations/share/turtlebot3_simulations/hook/cmake_prefix_path.sh'
[11.575s] Level 1:colcon.colcon_core.environment:checking '/home/lennoxtr/turtlebot3_ws/src/install/turtlebot3_simulations/bin'
[11.575s] Level 1:colcon.colcon_core.environment:checking '/home/lennoxtr/turtlebot3_ws/src/install/turtlebot3_simulations/lib/pkgconfig/turtlebot3_simulations.pc'
[11.575s] Level 1:colcon.colcon_core.environment:checking '/home/lennoxtr/turtlebot3_ws/src/install/turtlebot3_simulations/lib/python3.10/site-packages'
[11.575s] Level 1:colcon.colcon_core.environment:checking '/home/lennoxtr/turtlebot3_ws/src/install/turtlebot3_simulations/bin'
[11.575s] INFO:colcon.colcon_core.shell:Creating package script '/home/lennoxtr/turtlebot3_ws/src/install/turtlebot3_simulations/share/turtlebot3_simulations/package.ps1'
[11.575s] INFO:colcon.colcon_core.shell:Creating package descriptor '/home/lennoxtr/turtlebot3_ws/src/install/turtlebot3_simulations/share/turtlebot3_simulations/package.dsv'
[11.575s] INFO:colcon.colcon_core.shell:Creating package script '/home/lennoxtr/turtlebot3_ws/src/install/turtlebot3_simulations/share/turtlebot3_simulations/package.sh'
[11.576s] INFO:colcon.colcon_core.shell:Creating package script '/home/lennoxtr/turtlebot3_ws/src/install/turtlebot3_simulations/share/turtlebot3_simulations/package.bash'
[11.576s] INFO:colcon.colcon_core.shell:Creating package script '/home/lennoxtr/turtlebot3_ws/src/install/turtlebot3_simulations/share/turtlebot3_simulations/package.zsh'
[11.576s] Level 1:colcon.colcon_core.environment:create_file_with_runtime_dependencies(/home/lennoxtr/turtlebot3_ws/src/install/turtlebot3_simulations/share/colcon-core/packages/turtlebot3_simulations)
[11.590s] Level 1:colcon.colcon_core.environment:create_environment_scripts_only(turtlebot3_simulations)
[11.590s] Level 1:colcon.colcon_core.environment:checking '/home/lennoxtr/turtlebot3_ws/src/install/turtlebot3_simulations' for CMake module files
[11.590s] Level 1:colcon.colcon_core.environment:checking '/home/lennoxtr/turtlebot3_ws/src/install/turtlebot3_simulations' for CMake config files
[11.590s] Level 1:colcon.colcon_core.shell:create_environment_hook('turtlebot3_simulations', 'cmake_prefix_path')
[11.591s] INFO:colcon.colcon_core.shell:Creating environment hook '/home/lennoxtr/turtlebot3_ws/src/install/turtlebot3_simulations/share/turtlebot3_simulations/hook/cmake_prefix_path.ps1'
[11.591s] INFO:colcon.colcon_core.shell:Creating environment descriptor '/home/lennoxtr/turtlebot3_ws/src/install/turtlebot3_simulations/share/turtlebot3_simulations/hook/cmake_prefix_path.dsv'
[11.591s] INFO:colcon.colcon_core.shell:Creating environment hook '/home/lennoxtr/turtlebot3_ws/src/install/turtlebot3_simulations/share/turtlebot3_simulations/hook/cmake_prefix_path.sh'
[11.591s] Level 1:colcon.colcon_core.environment:checking '/home/lennoxtr/turtlebot3_ws/src/install/turtlebot3_simulations/bin'
[11.592s] Level 1:colcon.colcon_core.environment:checking '/home/lennoxtr/turtlebot3_ws/src/install/turtlebot3_simulations/lib/pkgconfig/turtlebot3_simulations.pc'
[11.592s] Level 1:colcon.colcon_core.environment:checking '/home/lennoxtr/turtlebot3_ws/src/install/turtlebot3_simulations/lib/python3.10/site-packages'
[11.592s] Level 1:colcon.colcon_core.environment:checking '/home/lennoxtr/turtlebot3_ws/src/install/turtlebot3_simulations/bin'
[11.592s] INFO:colcon.colcon_core.shell:Creating package script '/home/lennoxtr/turtlebot3_ws/src/install/turtlebot3_simulations/share/turtlebot3_simulations/package.ps1'
[11.592s] INFO:colcon.colcon_core.shell:Creating package descriptor '/home/lennoxtr/turtlebot3_ws/src/install/turtlebot3_simulations/share/turtlebot3_simulations/package.dsv'
[11.592s] INFO:colcon.colcon_core.shell:Creating package script '/home/lennoxtr/turtlebot3_ws/src/install/turtlebot3_simulations/share/turtlebot3_simulations/package.sh'
[11.593s] INFO:colcon.colcon_core.shell:Creating package script '/home/lennoxtr/turtlebot3_ws/src/install/turtlebot3_simulations/share/turtlebot3_simulations/package.bash'
[11.593s] INFO:colcon.colcon_core.shell:Creating package script '/home/lennoxtr/turtlebot3_ws/src/install/turtlebot3_simulations/share/turtlebot3_simulations/package.zsh'
[11.593s] Level 1:colcon.colcon_core.environment:create_file_with_runtime_dependencies(/home/lennoxtr/turtlebot3_ws/src/install/turtlebot3_simulations/share/colcon-core/packages/turtlebot3_simulations)
[11.593s] DEBUG:colcon.colcon_parallel_executor.executor.parallel:closing loop
[11.594s] DEBUG:colcon.colcon_parallel_executor.executor.parallel:loop closed
[11.594s] DEBUG:colcon.colcon_parallel_executor.executor.parallel:run_until_complete finished with '0'
[11.594s] DEBUG:colcon.colcon_core.event_reactor:joining thread
[11.598s] INFO:colcon.colcon_core.plugin_system:Skipping extension 'colcon_notification.desktop_notification.terminal_notifier': Not used on non-Darwin systems
[11.598s] INFO:colcon.colcon_core.plugin_system:Skipping extension 'colcon_notification.desktop_notification.win32': Not used on non-Windows systems
[11.598s] INFO:colcon.colcon_notification.desktop_notification:Sending desktop notification using 'notify2'
[11.612s] DEBUG:colcon.colcon_core.event_reactor:joined thread
[11.613s] INFO:colcon.colcon_core.shell:Creating prefix script '/home/lennoxtr/turtlebot3_ws/src/install/local_setup.ps1'
[11.613s] INFO:colcon.colcon_core.shell:Creating prefix util module '/home/lennoxtr/turtlebot3_ws/src/install/_local_setup_util_ps1.py'
[11.614s] INFO:colcon.colcon_core.shell:Creating prefix chain script '/home/lennoxtr/turtlebot3_ws/src/install/setup.ps1'
[11.615s] INFO:colcon.colcon_core.shell:Creating prefix script '/home/lennoxtr/turtlebot3_ws/src/install/local_setup.sh'
[11.616s] INFO:colcon.colcon_core.shell:Creating prefix util module '/home/lennoxtr/turtlebot3_ws/src/install/_local_setup_util_sh.py'
[11.616s] INFO:colcon.colcon_core.shell:Creating prefix chain script '/home/lennoxtr/turtlebot3_ws/src/install/setup.sh'
[11.617s] INFO:colcon.colcon_core.shell:Creating prefix script '/home/lennoxtr/turtlebot3_ws/src/install/local_setup.bash'
[11.617s] INFO:colcon.colcon_core.shell:Creating prefix chain script '/home/lennoxtr/turtlebot3_ws/src/install/setup.bash'
[11.618s] INFO:colcon.colcon_core.shell:Creating prefix script '/home/lennoxtr/turtlebot3_ws/src/install/local_setup.zsh'
[11.618s] INFO:colcon.colcon_core.shell:Creating prefix chain script '/home/lennoxtr/turtlebot3_ws/src/install/setup.zsh'
