running egg_info
creating ../build/robot_goal_pub/robot_goal_pub.egg-info
writing ../build/robot_goal_pub/robot_goal_pub.egg-info/PKG-INFO
writing dependency_links to ../build/robot_goal_pub/robot_goal_pub.egg-info/dependency_links.txt
writing entry points to ../build/robot_goal_pub/robot_goal_pub.egg-info/entry_points.txt
writing requirements to ../build/robot_goal_pub/robot_goal_pub.egg-info/requires.txt
writing top-level names to ../build/robot_goal_pub/robot_goal_pub.egg-info/top_level.txt
writing manifest file '../build/robot_goal_pub/robot_goal_pub.egg-info/SOURCES.txt'
reading manifest file '../build/robot_goal_pub/robot_goal_pub.egg-info/SOURCES.txt'
adding license file 'LICENSE'
writing manifest file '../build/robot_goal_pub/robot_goal_pub.egg-info/SOURCES.txt'
running build
running build_py
creating /home/lennoxtr/turtlebot3_ws/src/build/robot_goal_pub/build
creating /home/lennoxtr/turtlebot3_ws/src/build/robot_goal_pub/build/lib
creating /home/lennoxtr/turtlebot3_ws/src/build/robot_goal_pub/build/lib/robot_goal_pub
copying robot_goal_pub/GoalProcessor.py -> /home/lennoxtr/turtlebot3_ws/src/build/robot_goal_pub/build/lib/robot_goal_pub
copying robot_goal_pub/__init__.py -> /home/lennoxtr/turtlebot3_ws/src/build/robot_goal_pub/build/lib/robot_goal_pub
copying robot_goal_pub/PidController.py -> /home/lennoxtr/turtlebot3_ws/src/build/robot_goal_pub/build/lib/robot_goal_pub
copying robot_goal_pub/RobotGoalPublisher.py -> /home/lennoxtr/turtlebot3_ws/src/build/robot_goal_pub/build/lib/robot_goal_pub
running install
running install_lib
creating /home/lennoxtr/turtlebot3_ws/src/install/robot_goal_pub/lib/python3.10/site-packages/robot_goal_pub
copying /home/lennoxtr/turtlebot3_ws/src/build/robot_goal_pub/build/lib/robot_goal_pub/GoalProcessor.py -> /home/lennoxtr/turtlebot3_ws/src/install/robot_goal_pub/lib/python3.10/site-packages/robot_goal_pub
copying /home/lennoxtr/turtlebot3_ws/src/build/robot_goal_pub/build/lib/robot_goal_pub/__init__.py -> /home/lennoxtr/turtlebot3_ws/src/install/robot_goal_pub/lib/python3.10/site-packages/robot_goal_pub
copying /home/lennoxtr/turtlebot3_ws/src/build/robot_goal_pub/build/lib/robot_goal_pub/PidController.py -> /home/lennoxtr/turtlebot3_ws/src/install/robot_goal_pub/lib/python3.10/site-packages/robot_goal_pub
copying /home/lennoxtr/turtlebot3_ws/src/build/robot_goal_pub/build/lib/robot_goal_pub/RobotGoalPublisher.py -> /home/lennoxtr/turtlebot3_ws/src/install/robot_goal_pub/lib/python3.10/site-packages/robot_goal_pub
byte-compiling /home/lennoxtr/turtlebot3_ws/src/install/robot_goal_pub/lib/python3.10/site-packages/robot_goal_pub/GoalProcessor.py to GoalProcessor.cpython-310.pyc
byte-compiling /home/lennoxtr/turtlebot3_ws/src/install/robot_goal_pub/lib/python3.10/site-packages/robot_goal_pub/__init__.py to __init__.cpython-310.pyc
byte-compiling /home/lennoxtr/turtlebot3_ws/src/install/robot_goal_pub/lib/python3.10/site-packages/robot_goal_pub/PidController.py to PidController.cpython-310.pyc
byte-compiling /home/lennoxtr/turtlebot3_ws/src/install/robot_goal_pub/lib/python3.10/site-packages/robot_goal_pub/RobotGoalPublisher.py to RobotGoalPublisher.cpython-310.pyc
running install_data
creating /home/lennoxtr/turtlebot3_ws/src/install/robot_goal_pub/share/ament_index
creating /home/lennoxtr/turtlebot3_ws/src/install/robot_goal_pub/share/ament_index/resource_index
creating /home/lennoxtr/turtlebot3_ws/src/install/robot_goal_pub/share/ament_index/resource_index/packages
copying resource/robot_goal_pub -> /home/lennoxtr/turtlebot3_ws/src/install/robot_goal_pub/share/ament_index/resource_index/packages
copying package.xml -> /home/lennoxtr/turtlebot3_ws/src/install/robot_goal_pub/share/robot_goal_pub
running install_egg_info
Copying ../build/robot_goal_pub/robot_goal_pub.egg-info to /home/lennoxtr/turtlebot3_ws/src/install/robot_goal_pub/lib/python3.10/site-packages/robot_goal_pub-0.0.0-py3.10.egg-info
running install_scripts
Installing goal_pub script to /home/lennoxtr/turtlebot3_ws/src/install/robot_goal_pub/lib/robot_goal_pub
writing list of installed files to '/home/lennoxtr/turtlebot3_ws/src/build/robot_goal_pub/install.log'
