[0.545s] Invoking command in '/home/lennoxtr/turtlebot3_ws/src/robot_goal_pub': PYTHONPATH=/home/lennoxtr/turtlebot3_ws/src/build/robot_goal_pub/prefix_override:/usr/lib/python3/dist-packages/colcon_core/task/python/colcon_distutils_commands:/home/lennoxtr/turtlebot3_ws/src/install/robot_goal_pub/lib/python3.10/site-packages:${PYTHONPATH} /usr/bin/python3 -W ignore:setup.py install is deprecated setup.py egg_info --egg-base ../build/robot_goal_pub build --build-base /home/lennoxtr/turtlebot3_ws/src/build/robot_goal_pub/build install --record /home/lennoxtr/turtlebot3_ws/src/build/robot_goal_pub/install.log --single-version-externally-managed install_data
[0.703s] running egg_info
[0.703s] creating ../build/robot_goal_pub/robot_goal_pub.egg-info
[0.703s] writing ../build/robot_goal_pub/robot_goal_pub.egg-info/PKG-INFO
[0.704s] writing dependency_links to ../build/robot_goal_pub/robot_goal_pub.egg-info/dependency_links.txt
[0.704s] writing entry points to ../build/robot_goal_pub/robot_goal_pub.egg-info/entry_points.txt
[0.704s] writing requirements to ../build/robot_goal_pub/robot_goal_pub.egg-info/requires.txt
[0.704s] writing top-level names to ../build/robot_goal_pub/robot_goal_pub.egg-info/top_level.txt
[0.704s] writing manifest file '../build/robot_goal_pub/robot_goal_pub.egg-info/SOURCES.txt'
[0.705s] reading manifest file '../build/robot_goal_pub/robot_goal_pub.egg-info/SOURCES.txt'
[0.705s] adding license file 'LICENSE'
[0.706s] writing manifest file '../build/robot_goal_pub/robot_goal_pub.egg-info/SOURCES.txt'
[0.706s] running build
[0.706s] running build_py
[0.706s] creating /home/lennoxtr/turtlebot3_ws/src/build/robot_goal_pub/build
[0.706s] creating /home/lennoxtr/turtlebot3_ws/src/build/robot_goal_pub/build/lib
[0.706s] creating /home/lennoxtr/turtlebot3_ws/src/build/robot_goal_pub/build/lib/robot_goal_pub
[0.706s] copying robot_goal_pub/GoalProcessor.py -> /home/lennoxtr/turtlebot3_ws/src/build/robot_goal_pub/build/lib/robot_goal_pub
[0.706s] copying robot_goal_pub/__init__.py -> /home/lennoxtr/turtlebot3_ws/src/build/robot_goal_pub/build/lib/robot_goal_pub
[0.706s] copying robot_goal_pub/PidController.py -> /home/lennoxtr/turtlebot3_ws/src/build/robot_goal_pub/build/lib/robot_goal_pub
[0.706s] copying robot_goal_pub/RobotGoalPublisher.py -> /home/lennoxtr/turtlebot3_ws/src/build/robot_goal_pub/build/lib/robot_goal_pub
[0.707s] running install
[0.707s] running install_lib
[0.707s] creating /home/lennoxtr/turtlebot3_ws/src/install/robot_goal_pub/lib/python3.10/site-packages/robot_goal_pub
[0.707s] copying /home/lennoxtr/turtlebot3_ws/src/build/robot_goal_pub/build/lib/robot_goal_pub/GoalProcessor.py -> /home/lennoxtr/turtlebot3_ws/src/install/robot_goal_pub/lib/python3.10/site-packages/robot_goal_pub
[0.707s] copying /home/lennoxtr/turtlebot3_ws/src/build/robot_goal_pub/build/lib/robot_goal_pub/__init__.py -> /home/lennoxtr/turtlebot3_ws/src/install/robot_goal_pub/lib/python3.10/site-packages/robot_goal_pub
[0.707s] copying /home/lennoxtr/turtlebot3_ws/src/build/robot_goal_pub/build/lib/robot_goal_pub/PidController.py -> /home/lennoxtr/turtlebot3_ws/src/install/robot_goal_pub/lib/python3.10/site-packages/robot_goal_pub
[0.707s] copying /home/lennoxtr/turtlebot3_ws/src/build/robot_goal_pub/build/lib/robot_goal_pub/RobotGoalPublisher.py -> /home/lennoxtr/turtlebot3_ws/src/install/robot_goal_pub/lib/python3.10/site-packages/robot_goal_pub
[0.708s] byte-compiling /home/lennoxtr/turtlebot3_ws/src/install/robot_goal_pub/lib/python3.10/site-packages/robot_goal_pub/GoalProcessor.py to GoalProcessor.cpython-310.pyc
[0.708s] byte-compiling /home/lennoxtr/turtlebot3_ws/src/install/robot_goal_pub/lib/python3.10/site-packages/robot_goal_pub/__init__.py to __init__.cpython-310.pyc
[0.708s] byte-compiling /home/lennoxtr/turtlebot3_ws/src/install/robot_goal_pub/lib/python3.10/site-packages/robot_goal_pub/PidController.py to PidController.cpython-310.pyc
[0.708s] byte-compiling /home/lennoxtr/turtlebot3_ws/src/install/robot_goal_pub/lib/python3.10/site-packages/robot_goal_pub/RobotGoalPublisher.py to RobotGoalPublisher.cpython-310.pyc
[0.709s] running install_data
[0.709s] creating /home/lennoxtr/turtlebot3_ws/src/install/robot_goal_pub/share/ament_index
[0.709s] creating /home/lennoxtr/turtlebot3_ws/src/install/robot_goal_pub/share/ament_index/resource_index
[0.709s] creating /home/lennoxtr/turtlebot3_ws/src/install/robot_goal_pub/share/ament_index/resource_index/packages
[0.709s] copying resource/robot_goal_pub -> /home/lennoxtr/turtlebot3_ws/src/install/robot_goal_pub/share/ament_index/resource_index/packages
[0.710s] copying package.xml -> /home/lennoxtr/turtlebot3_ws/src/install/robot_goal_pub/share/robot_goal_pub
[0.710s] running install_egg_info
[0.711s] Copying ../build/robot_goal_pub/robot_goal_pub.egg-info to /home/lennoxtr/turtlebot3_ws/src/install/robot_goal_pub/lib/python3.10/site-packages/robot_goal_pub-0.0.0-py3.10.egg-info
[0.712s] running install_scripts
[0.726s] Installing goal_pub script to /home/lennoxtr/turtlebot3_ws/src/install/robot_goal_pub/lib/robot_goal_pub
[0.726s] writing list of installed files to '/home/lennoxtr/turtlebot3_ws/src/build/robot_goal_pub/install.log'
[0.745s] Invoked command in '/home/lennoxtr/turtlebot3_ws/src/robot_goal_pub' returned '0': PYTHONPATH=/home/lennoxtr/turtlebot3_ws/src/build/robot_goal_pub/prefix_override:/usr/lib/python3/dist-packages/colcon_core/task/python/colcon_distutils_commands:/home/lennoxtr/turtlebot3_ws/src/install/robot_goal_pub/lib/python3.10/site-packages:${PYTHONPATH} /usr/bin/python3 -W ignore:setup.py install is deprecated setup.py egg_info --egg-base ../build/robot_goal_pub build --build-base /home/lennoxtr/turtlebot3_ws/src/build/robot_goal_pub/build install --record /home/lennoxtr/turtlebot3_ws/src/build/robot_goal_pub/install.log --single-version-externally-managed install_data
