[0.100s] DEBUG:colcon:Command line arguments: ['/usr/bin/colcon', 'build']
[0.100s] DEBUG:colcon:Parsed command line arguments: Namespace(log_base=None, log_level=None, verb_name='build', build_base='build', install_base='install', merge_install=False, symlink_install=False, test_result_base=None, continue_on_error=False, executor='parallel', parallel_workers=12, event_handlers=None, ignore_user_meta=False, metas=['./colcon.meta'], base_paths=['.'], packages_ignore=None, packages_ignore_regex=None, paths=None, packages_up_to=None, packages_up_to_regex=None, packages_above=None, packages_above_and_dependencies=None, packages_above_depth=None, packages_select_by_dep=None, packages_skip_by_dep=None, packages_skip_up_to=None, packages_select_build_failed=False, packages_skip_build_finished=False, packages_select_test_failures=False, packages_skip_test_passed=False, packages_select=None, packages_skip=None, packages_select_regex=None, packages_skip_regex=None, packages_start=None, packages_end=None, allow_overriding=[], cmake_args=None, cmake_target=None, cmake_target_skip_unavailable=False, cmake_clean_cache=False, cmake_clean_first=False, cmake_force_configure=False, ament_cmake_args=None, catkin_cmake_args=None, catkin_skip_building_tests=False, mixin_files=None, mixin=None, verb_parser=<colcon_mixin.mixin.mixin_argument.MixinArgumentDecorator object at 0x7cd2047428c0>, verb_extension=<colcon_core.verb.build.BuildVerb object at 0x7cd204742320>, main=<bound method BuildVerb.main of <colcon_core.verb.build.BuildVerb object at 0x7cd204742320>>, mixin_verb=('build',))
[0.250s] Level 1:colcon.colcon_core.package_discovery:discover_packages(colcon_meta) check parameters
[0.250s] Level 1:colcon.colcon_core.package_discovery:discover_packages(recursive) check parameters
[0.250s] Level 1:colcon.colcon_core.package_discovery:discover_packages(ignore) check parameters
[0.250s] Level 1:colcon.colcon_core.package_discovery:discover_packages(path) check parameters
[0.251s] Level 1:colcon.colcon_core.package_discovery:discover_packages(colcon_meta) discover
[0.251s] Level 1:colcon.colcon_core.package_discovery:discover_packages(recursive) discover
[0.251s] INFO:colcon.colcon_core.package_discovery:Crawling recursively for packages in '/home/lennoxtr/turtlebot3_ws/src'
[0.251s] Level 1:colcon.colcon_core.package_identification:_identify(.) by extensions ['ignore', 'ignore_ament_install']
[0.251s] Level 1:colcon.colcon_core.package_identification:_identify(.) by extension 'ignore'
[0.251s] Level 1:colcon.colcon_core.package_identification:_identify(.) by extension 'ignore_ament_install'
[0.251s] Level 1:colcon.colcon_core.package_identification:_identify(.) by extensions ['colcon_pkg']
[0.251s] Level 1:colcon.colcon_core.package_identification:_identify(.) by extension 'colcon_pkg'
[0.251s] Level 1:colcon.colcon_core.package_identification:_identify(.) by extensions ['colcon_meta']
[0.251s] Level 1:colcon.colcon_core.package_identification:_identify(.) by extension 'colcon_meta'
[0.251s] Level 1:colcon.colcon_core.package_identification:_identify(.) by extensions ['ros']
[0.251s] Level 1:colcon.colcon_core.package_identification:_identify(.) by extension 'ros'
[0.257s] Level 1:colcon.colcon_core.package_identification:_identify(.) by extensions ['cmake', 'python']
[0.258s] Level 1:colcon.colcon_core.package_identification:_identify(.) by extension 'cmake'
[0.258s] Level 1:colcon.colcon_core.package_identification:_identify(.) by extension 'python'
[0.258s] Level 1:colcon.colcon_core.package_identification:_identify(.) by extensions ['python_setup_py']
[0.258s] Level 1:colcon.colcon_core.package_identification:_identify(.) by extension 'python_setup_py'
[0.258s] Level 1:colcon.colcon_core.package_identification:_identify(build) by extensions ['ignore', 'ignore_ament_install']
[0.258s] Level 1:colcon.colcon_core.package_identification:_identify(build) by extension 'ignore'
[0.258s] Level 1:colcon.colcon_core.package_identification:_identify(build) ignored
[0.258s] Level 1:colcon.colcon_core.package_identification:_identify(goal_input) by extensions ['ignore', 'ignore_ament_install']
[0.258s] Level 1:colcon.colcon_core.package_identification:_identify(goal_input) by extension 'ignore'
[0.258s] Level 1:colcon.colcon_core.package_identification:_identify(goal_input) by extension 'ignore_ament_install'
[0.258s] Level 1:colcon.colcon_core.package_identification:_identify(goal_input) by extensions ['colcon_pkg']
[0.258s] Level 1:colcon.colcon_core.package_identification:_identify(goal_input) by extension 'colcon_pkg'
[0.258s] Level 1:colcon.colcon_core.package_identification:_identify(goal_input) by extensions ['colcon_meta']
[0.258s] Level 1:colcon.colcon_core.package_identification:_identify(goal_input) by extension 'colcon_meta'
[0.258s] Level 1:colcon.colcon_core.package_identification:_identify(goal_input) by extensions ['ros']
[0.258s] Level 1:colcon.colcon_core.package_identification:_identify(goal_input) by extension 'ros'
[0.260s] DEBUG:colcon.colcon_core.package_identification:Package 'goal_input' with type 'ros.ament_python' and name 'goal_input'
[0.260s] Level 1:colcon.colcon_core.package_identification:_identify(heading_msg) by extensions ['ignore', 'ignore_ament_install']
[0.260s] Level 1:colcon.colcon_core.package_identification:_identify(heading_msg) by extension 'ignore'
[0.260s] Level 1:colcon.colcon_core.package_identification:_identify(heading_msg) by extension 'ignore_ament_install'
[0.260s] Level 1:colcon.colcon_core.package_identification:_identify(heading_msg) by extensions ['colcon_pkg']
[0.260s] Level 1:colcon.colcon_core.package_identification:_identify(heading_msg) by extension 'colcon_pkg'
[0.260s] Level 1:colcon.colcon_core.package_identification:_identify(heading_msg) by extensions ['colcon_meta']
[0.260s] Level 1:colcon.colcon_core.package_identification:_identify(heading_msg) by extension 'colcon_meta'
[0.260s] Level 1:colcon.colcon_core.package_identification:_identify(heading_msg) by extensions ['ros']
[0.260s] Level 1:colcon.colcon_core.package_identification:_identify(heading_msg) by extension 'ros'
[0.261s] DEBUG:colcon.colcon_core.package_identification:Package 'heading_msg' with type 'ros.ament_cmake' and name 'heading_msg'
[0.261s] Level 1:colcon.colcon_core.package_identification:_identify(install) by extensions ['ignore', 'ignore_ament_install']
[0.261s] Level 1:colcon.colcon_core.package_identification:_identify(install) by extension 'ignore'
[0.261s] Level 1:colcon.colcon_core.package_identification:_identify(install) ignored
[0.261s] Level 1:colcon.colcon_core.package_identification:_identify(log) by extensions ['ignore', 'ignore_ament_install']
[0.261s] Level 1:colcon.colcon_core.package_identification:_identify(log) by extension 'ignore'
[0.261s] Level 1:colcon.colcon_core.package_identification:_identify(log) ignored
[0.261s] Level 1:colcon.colcon_core.package_identification:_identify(robot_goal) by extensions ['ignore', 'ignore_ament_install']
[0.261s] Level 1:colcon.colcon_core.package_identification:_identify(robot_goal) by extension 'ignore'
[0.261s] Level 1:colcon.colcon_core.package_identification:_identify(robot_goal) by extension 'ignore_ament_install'
[0.261s] Level 1:colcon.colcon_core.package_identification:_identify(robot_goal) by extensions ['colcon_pkg']
[0.261s] Level 1:colcon.colcon_core.package_identification:_identify(robot_goal) by extension 'colcon_pkg'
[0.261s] Level 1:colcon.colcon_core.package_identification:_identify(robot_goal) by extensions ['colcon_meta']
[0.261s] Level 1:colcon.colcon_core.package_identification:_identify(robot_goal) by extension 'colcon_meta'
[0.261s] Level 1:colcon.colcon_core.package_identification:_identify(robot_goal) by extensions ['ros']
[0.261s] Level 1:colcon.colcon_core.package_identification:_identify(robot_goal) by extension 'ros'
[0.261s] DEBUG:colcon.colcon_core.package_identification:Package 'robot_goal' with type 'ros.ament_cmake' and name 'robot_goal'
[0.262s] Level 1:colcon.colcon_core.package_identification:_identify(robot_goal_pub) by extensions ['ignore', 'ignore_ament_install']
[0.262s] Level 1:colcon.colcon_core.package_identification:_identify(robot_goal_pub) by extension 'ignore'
[0.262s] Level 1:colcon.colcon_core.package_identification:_identify(robot_goal_pub) by extension 'ignore_ament_install'
[0.262s] Level 1:colcon.colcon_core.package_identification:_identify(robot_goal_pub) by extensions ['colcon_pkg']
[0.262s] Level 1:colcon.colcon_core.package_identification:_identify(robot_goal_pub) by extension 'colcon_pkg'
[0.262s] Level 1:colcon.colcon_core.package_identification:_identify(robot_goal_pub) by extensions ['colcon_meta']
[0.262s] Level 1:colcon.colcon_core.package_identification:_identify(robot_goal_pub) by extension 'colcon_meta'
[0.262s] Level 1:colcon.colcon_core.package_identification:_identify(robot_goal_pub) by extensions ['ros']
[0.262s] Level 1:colcon.colcon_core.package_identification:_identify(robot_goal_pub) by extension 'ros'
[0.262s] DEBUG:colcon.colcon_core.package_identification:Package 'robot_goal_pub' with type 'ros.ament_python' and name 'robot_goal_pub'
[0.262s] Level 1:colcon.colcon_core.package_identification:_identify(turtlebot3_simulations) by extensions ['ignore', 'ignore_ament_install']
[0.262s] Level 1:colcon.colcon_core.package_identification:_identify(turtlebot3_simulations) by extension 'ignore'
[0.262s] Level 1:colcon.colcon_core.package_identification:_identify(turtlebot3_simulations) by extension 'ignore_ament_install'
[0.262s] Level 1:colcon.colcon_core.package_identification:_identify(turtlebot3_simulations) by extensions ['colcon_pkg']
[0.262s] Level 1:colcon.colcon_core.package_identification:_identify(turtlebot3_simulations) by extension 'colcon_pkg'
[0.262s] Level 1:colcon.colcon_core.package_identification:_identify(turtlebot3_simulations) by extensions ['colcon_meta']
[0.262s] Level 1:colcon.colcon_core.package_identification:_identify(turtlebot3_simulations) by extension 'colcon_meta'
[0.262s] Level 1:colcon.colcon_core.package_identification:_identify(turtlebot3_simulations) by extensions ['ros']
[0.262s] Level 1:colcon.colcon_core.package_identification:_identify(turtlebot3_simulations) by extension 'ros'
[0.262s] Level 1:colcon.colcon_core.package_identification:_identify(turtlebot3_simulations) by extensions ['cmake', 'python']
[0.262s] Level 1:colcon.colcon_core.package_identification:_identify(turtlebot3_simulations) by extension 'cmake'
[0.262s] Level 1:colcon.colcon_core.package_identification:_identify(turtlebot3_simulations) by extension 'python'
[0.262s] Level 1:colcon.colcon_core.package_identification:_identify(turtlebot3_simulations) by extensions ['python_setup_py']
[0.263s] Level 1:colcon.colcon_core.package_identification:_identify(turtlebot3_simulations) by extension 'python_setup_py'
[0.263s] Level 1:colcon.colcon_core.package_identification:_identify(turtlebot3_simulations/turtlebot3_fake_node) by extensions ['ignore', 'ignore_ament_install']
[0.263s] Level 1:colcon.colcon_core.package_identification:_identify(turtlebot3_simulations/turtlebot3_fake_node) by extension 'ignore'
[0.263s] Level 1:colcon.colcon_core.package_identification:_identify(turtlebot3_simulations/turtlebot3_fake_node) by extension 'ignore_ament_install'
[0.263s] Level 1:colcon.colcon_core.package_identification:_identify(turtlebot3_simulations/turtlebot3_fake_node) by extensions ['colcon_pkg']
[0.263s] Level 1:colcon.colcon_core.package_identification:_identify(turtlebot3_simulations/turtlebot3_fake_node) by extension 'colcon_pkg'
[0.263s] Level 1:colcon.colcon_core.package_identification:_identify(turtlebot3_simulations/turtlebot3_fake_node) by extensions ['colcon_meta']
[0.263s] Level 1:colcon.colcon_core.package_identification:_identify(turtlebot3_simulations/turtlebot3_fake_node) by extension 'colcon_meta'
[0.263s] Level 1:colcon.colcon_core.package_identification:_identify(turtlebot3_simulations/turtlebot3_fake_node) by extensions ['ros']
[0.263s] Level 1:colcon.colcon_core.package_identification:_identify(turtlebot3_simulations/turtlebot3_fake_node) by extension 'ros'
[0.264s] DEBUG:colcon.colcon_core.package_identification:Package 'turtlebot3_simulations/turtlebot3_fake_node' with type 'ros.ament_cmake' and name 'turtlebot3_fake_node'
[0.264s] Level 1:colcon.colcon_core.package_identification:_identify(turtlebot3_simulations/turtlebot3_gazebo) by extensions ['ignore', 'ignore_ament_install']
[0.264s] Level 1:colcon.colcon_core.package_identification:_identify(turtlebot3_simulations/turtlebot3_gazebo) by extension 'ignore'
[0.264s] Level 1:colcon.colcon_core.package_identification:_identify(turtlebot3_simulations/turtlebot3_gazebo) by extension 'ignore_ament_install'
[0.264s] Level 1:colcon.colcon_core.package_identification:_identify(turtlebot3_simulations/turtlebot3_gazebo) by extensions ['colcon_pkg']
[0.264s] Level 1:colcon.colcon_core.package_identification:_identify(turtlebot3_simulations/turtlebot3_gazebo) by extension 'colcon_pkg'
[0.264s] Level 1:colcon.colcon_core.package_identification:_identify(turtlebot3_simulations/turtlebot3_gazebo) by extensions ['colcon_meta']
[0.264s] Level 1:colcon.colcon_core.package_identification:_identify(turtlebot3_simulations/turtlebot3_gazebo) by extension 'colcon_meta'
[0.264s] Level 1:colcon.colcon_core.package_identification:_identify(turtlebot3_simulations/turtlebot3_gazebo) by extensions ['ros']
[0.264s] Level 1:colcon.colcon_core.package_identification:_identify(turtlebot3_simulations/turtlebot3_gazebo) by extension 'ros'
[0.265s] DEBUG:colcon.colcon_core.package_identification:Package 'turtlebot3_simulations/turtlebot3_gazebo' with type 'ros.ament_cmake' and name 'turtlebot3_gazebo'
[0.265s] Level 1:colcon.colcon_core.package_identification:_identify(turtlebot3_simulations/turtlebot3_simulations) by extensions ['ignore', 'ignore_ament_install']
[0.265s] Level 1:colcon.colcon_core.package_identification:_identify(turtlebot3_simulations/turtlebot3_simulations) by extension 'ignore'
[0.265s] Level 1:colcon.colcon_core.package_identification:_identify(turtlebot3_simulations/turtlebot3_simulations) by extension 'ignore_ament_install'
[0.265s] Level 1:colcon.colcon_core.package_identification:_identify(turtlebot3_simulations/turtlebot3_simulations) by extensions ['colcon_pkg']
[0.265s] Level 1:colcon.colcon_core.package_identification:_identify(turtlebot3_simulations/turtlebot3_simulations) by extension 'colcon_pkg'
[0.265s] Level 1:colcon.colcon_core.package_identification:_identify(turtlebot3_simulations/turtlebot3_simulations) by extensions ['colcon_meta']
[0.265s] Level 1:colcon.colcon_core.package_identification:_identify(turtlebot3_simulations/turtlebot3_simulations) by extension 'colcon_meta'
[0.265s] Level 1:colcon.colcon_core.package_identification:_identify(turtlebot3_simulations/turtlebot3_simulations) by extensions ['ros']
[0.265s] Level 1:colcon.colcon_core.package_identification:_identify(turtlebot3_simulations/turtlebot3_simulations) by extension 'ros'
[0.265s] DEBUG:colcon.colcon_core.package_identification:Package 'turtlebot3_simulations/turtlebot3_simulations' with type 'ros.ament_cmake' and name 'turtlebot3_simulations'
[0.265s] Level 1:colcon.colcon_core.package_identification:_identify(velocity_msg) by extensions ['ignore', 'ignore_ament_install']
[0.265s] Level 1:colcon.colcon_core.package_identification:_identify(velocity_msg) by extension 'ignore'
[0.266s] Level 1:colcon.colcon_core.package_identification:_identify(velocity_msg) by extension 'ignore_ament_install'
[0.266s] Level 1:colcon.colcon_core.package_identification:_identify(velocity_msg) by extensions ['colcon_pkg']
[0.266s] Level 1:colcon.colcon_core.package_identification:_identify(velocity_msg) by extension 'colcon_pkg'
[0.266s] Level 1:colcon.colcon_core.package_identification:_identify(velocity_msg) by extensions ['colcon_meta']
[0.266s] Level 1:colcon.colcon_core.package_identification:_identify(velocity_msg) by extension 'colcon_meta'
[0.266s] Level 1:colcon.colcon_core.package_identification:_identify(velocity_msg) by extensions ['ros']
[0.266s] Level 1:colcon.colcon_core.package_identification:_identify(velocity_msg) by extension 'ros'
[0.266s] DEBUG:colcon.colcon_core.package_identification:Package 'velocity_msg' with type 'ros.ament_cmake' and name 'velocity_msg'
[0.266s] Level 1:colcon.colcon_core.package_discovery:discover_packages(recursive) using defaults
[0.266s] Level 1:colcon.colcon_core.package_discovery:discover_packages(ignore) discover
[0.266s] Level 1:colcon.colcon_core.package_discovery:discover_packages(ignore) using defaults
[0.266s] Level 1:colcon.colcon_core.package_discovery:discover_packages(path) discover
[0.266s] Level 1:colcon.colcon_core.package_discovery:discover_packages(path) using defaults
[0.292s] Level 1:colcon.colcon_core.package_discovery:discover_packages(prefix_path) check parameters
[0.292s] Level 1:colcon.colcon_core.package_discovery:discover_packages(prefix_path) discover
[0.294s] DEBUG:colcon.colcon_installed_package_information.package_discovery:Found 373 installed packages in /opt/ros/humble
[0.296s] Level 1:colcon.colcon_core.package_discovery:discover_packages(prefix_path) using defaults
[0.323s] Level 5:colcon.colcon_core.verb:set package 'heading_msg' build argument 'cmake_args' from command line to 'None'
[0.323s] Level 5:colcon.colcon_core.verb:set package 'heading_msg' build argument 'cmake_target' from command line to 'None'
[0.323s] Level 5:colcon.colcon_core.verb:set package 'heading_msg' build argument 'cmake_target_skip_unavailable' from command line to 'False'
[0.323s] Level 5:colcon.colcon_core.verb:set package 'heading_msg' build argument 'cmake_clean_cache' from command line to 'False'
[0.323s] Level 5:colcon.colcon_core.verb:set package 'heading_msg' build argument 'cmake_clean_first' from command line to 'False'
[0.323s] Level 5:colcon.colcon_core.verb:set package 'heading_msg' build argument 'cmake_force_configure' from command line to 'False'
[0.323s] Level 5:colcon.colcon_core.verb:set package 'heading_msg' build argument 'ament_cmake_args' from command line to 'None'
[0.323s] Level 5:colcon.colcon_core.verb:set package 'heading_msg' build argument 'catkin_cmake_args' from command line to 'None'
[0.323s] Level 5:colcon.colcon_core.verb:set package 'heading_msg' build argument 'catkin_skip_building_tests' from command line to 'False'
[0.323s] DEBUG:colcon.colcon_core.verb:Building package 'heading_msg' with the following arguments: {'ament_cmake_args': None, 'build_base': '/home/lennoxtr/turtlebot3_ws/src/build/heading_msg', 'catkin_cmake_args': None, 'catkin_skip_building_tests': False, 'cmake_args': None, 'cmake_clean_cache': False, 'cmake_clean_first': False, 'cmake_force_configure': False, 'cmake_target': None, 'cmake_target_skip_unavailable': False, 'install_base': '/home/lennoxtr/turtlebot3_ws/src/install/heading_msg', 'merge_install': False, 'path': '/home/lennoxtr/turtlebot3_ws/src/heading_msg', 'symlink_install': False, 'test_result_base': None}
[0.324s] Level 5:colcon.colcon_core.verb:set package 'robot_goal' build argument 'cmake_args' from command line to 'None'
[0.324s] Level 5:colcon.colcon_core.verb:set package 'robot_goal' build argument 'cmake_target' from command line to 'None'
[0.324s] Level 5:colcon.colcon_core.verb:set package 'robot_goal' build argument 'cmake_target_skip_unavailable' from command line to 'False'
[0.324s] Level 5:colcon.colcon_core.verb:set package 'robot_goal' build argument 'cmake_clean_cache' from command line to 'False'
[0.324s] Level 5:colcon.colcon_core.verb:set package 'robot_goal' build argument 'cmake_clean_first' from command line to 'False'
[0.324s] Level 5:colcon.colcon_core.verb:set package 'robot_goal' build argument 'cmake_force_configure' from command line to 'False'
[0.324s] Level 5:colcon.colcon_core.verb:set package 'robot_goal' build argument 'ament_cmake_args' from command line to 'None'
[0.324s] Level 5:colcon.colcon_core.verb:set package 'robot_goal' build argument 'catkin_cmake_args' from command line to 'None'
[0.324s] Level 5:colcon.colcon_core.verb:set package 'robot_goal' build argument 'catkin_skip_building_tests' from command line to 'False'
[0.324s] DEBUG:colcon.colcon_core.verb:Building package 'robot_goal' with the following arguments: {'ament_cmake_args': None, 'build_base': '/home/lennoxtr/turtlebot3_ws/src/build/robot_goal', 'catkin_cmake_args': None, 'catkin_skip_building_tests': False, 'cmake_args': None, 'cmake_clean_cache': False, 'cmake_clean_first': False, 'cmake_force_configure': False, 'cmake_target': None, 'cmake_target_skip_unavailable': False, 'install_base': '/home/lennoxtr/turtlebot3_ws/src/install/robot_goal', 'merge_install': False, 'path': '/home/lennoxtr/turtlebot3_ws/src/robot_goal', 'symlink_install': False, 'test_result_base': None}
[0.324s] Level 5:colcon.colcon_core.verb:set package 'robot_goal_pub' build argument 'cmake_args' from command line to 'None'
[0.324s] Level 5:colcon.colcon_core.verb:set package 'robot_goal_pub' build argument 'cmake_target' from command line to 'None'
[0.324s] Level 5:colcon.colcon_core.verb:set package 'robot_goal_pub' build argument 'cmake_target_skip_unavailable' from command line to 'False'
[0.324s] Level 5:colcon.colcon_core.verb:set package 'robot_goal_pub' build argument 'cmake_clean_cache' from command line to 'False'
[0.324s] Level 5:colcon.colcon_core.verb:set package 'robot_goal_pub' build argument 'cmake_clean_first' from command line to 'False'
[0.324s] Level 5:colcon.colcon_core.verb:set package 'robot_goal_pub' build argument 'cmake_force_configure' from command line to 'False'
[0.324s] Level 5:colcon.colcon_core.verb:set package 'robot_goal_pub' build argument 'ament_cmake_args' from command line to 'None'
[0.324s] Level 5:colcon.colcon_core.verb:set package 'robot_goal_pub' build argument 'catkin_cmake_args' from command line to 'None'
[0.324s] Level 5:colcon.colcon_core.verb:set package 'robot_goal_pub' build argument 'catkin_skip_building_tests' from command line to 'False'
[0.324s] DEBUG:colcon.colcon_core.verb:Building package 'robot_goal_pub' with the following arguments: {'ament_cmake_args': None, 'build_base': '/home/lennoxtr/turtlebot3_ws/src/build/robot_goal_pub', 'catkin_cmake_args': None, 'catkin_skip_building_tests': False, 'cmake_args': None, 'cmake_clean_cache': False, 'cmake_clean_first': False, 'cmake_force_configure': False, 'cmake_target': None, 'cmake_target_skip_unavailable': False, 'install_base': '/home/lennoxtr/turtlebot3_ws/src/install/robot_goal_pub', 'merge_install': False, 'path': '/home/lennoxtr/turtlebot3_ws/src/robot_goal_pub', 'symlink_install': False, 'test_result_base': None}
[0.324s] Level 5:colcon.colcon_core.verb:set package 'turtlebot3_fake_node' build argument 'cmake_args' from command line to 'None'
[0.324s] Level 5:colcon.colcon_core.verb:set package 'turtlebot3_fake_node' build argument 'cmake_target' from command line to 'None'
[0.324s] Level 5:colcon.colcon_core.verb:set package 'turtlebot3_fake_node' build argument 'cmake_target_skip_unavailable' from command line to 'False'
[0.324s] Level 5:colcon.colcon_core.verb:set package 'turtlebot3_fake_node' build argument 'cmake_clean_cache' from command line to 'False'
[0.324s] Level 5:colcon.colcon_core.verb:set package 'turtlebot3_fake_node' build argument 'cmake_clean_first' from command line to 'False'
[0.324s] Level 5:colcon.colcon_core.verb:set package 'turtlebot3_fake_node' build argument 'cmake_force_configure' from command line to 'False'
[0.324s] Level 5:colcon.colcon_core.verb:set package 'turtlebot3_fake_node' build argument 'ament_cmake_args' from command line to 'None'
[0.324s] Level 5:colcon.colcon_core.verb:set package 'turtlebot3_fake_node' build argument 'catkin_cmake_args' from command line to 'None'
[0.324s] Level 5:colcon.colcon_core.verb:set package 'turtlebot3_fake_node' build argument 'catkin_skip_building_tests' from command line to 'False'
[0.324s] DEBUG:colcon.colcon_core.verb:Building package 'turtlebot3_fake_node' with the following arguments: {'ament_cmake_args': None, 'build_base': '/home/lennoxtr/turtlebot3_ws/src/build/turtlebot3_fake_node', 'catkin_cmake_args': None, 'catkin_skip_building_tests': False, 'cmake_args': None, 'cmake_clean_cache': False, 'cmake_clean_first': False, 'cmake_force_configure': False, 'cmake_target': None, 'cmake_target_skip_unavailable': False, 'install_base': '/home/lennoxtr/turtlebot3_ws/src/install/turtlebot3_fake_node', 'merge_install': False, 'path': '/home/lennoxtr/turtlebot3_ws/src/turtlebot3_simulations/turtlebot3_fake_node', 'symlink_install': False, 'test_result_base': None}
[0.325s] Level 5:colcon.colcon_core.verb:set package 'turtlebot3_gazebo' build argument 'cmake_args' from command line to 'None'
[0.325s] Level 5:colcon.colcon_core.verb:set package 'turtlebot3_gazebo' build argument 'cmake_target' from command line to 'None'
[0.325s] Level 5:colcon.colcon_core.verb:set package 'turtlebot3_gazebo' build argument 'cmake_target_skip_unavailable' from command line to 'False'
[0.325s] Level 5:colcon.colcon_core.verb:set package 'turtlebot3_gazebo' build argument 'cmake_clean_cache' from command line to 'False'
[0.325s] Level 5:colcon.colcon_core.verb:set package 'turtlebot3_gazebo' build argument 'cmake_clean_first' from command line to 'False'
[0.325s] Level 5:colcon.colcon_core.verb:set package 'turtlebot3_gazebo' build argument 'cmake_force_configure' from command line to 'False'
[0.325s] Level 5:colcon.colcon_core.verb:set package 'turtlebot3_gazebo' build argument 'ament_cmake_args' from command line to 'None'
[0.325s] Level 5:colcon.colcon_core.verb:set package 'turtlebot3_gazebo' build argument 'catkin_cmake_args' from command line to 'None'
[0.325s] Level 5:colcon.colcon_core.verb:set package 'turtlebot3_gazebo' build argument 'catkin_skip_building_tests' from command line to 'False'
[0.325s] DEBUG:colcon.colcon_core.verb:Building package 'turtlebot3_gazebo' with the following arguments: {'ament_cmake_args': None, 'build_base': '/home/lennoxtr/turtlebot3_ws/src/build/turtlebot3_gazebo', 'catkin_cmake_args': None, 'catkin_skip_building_tests': False, 'cmake_args': None, 'cmake_clean_cache': False, 'cmake_clean_first': False, 'cmake_force_configure': False, 'cmake_target': None, 'cmake_target_skip_unavailable': False, 'install_base': '/home/lennoxtr/turtlebot3_ws/src/install/turtlebot3_gazebo', 'merge_install': False, 'path': '/home/lennoxtr/turtlebot3_ws/src/turtlebot3_simulations/turtlebot3_gazebo', 'symlink_install': False, 'test_result_base': None}
[0.325s] Level 5:colcon.colcon_core.verb:set package 'velocity_msg' build argument 'cmake_args' from command line to 'None'
[0.325s] Level 5:colcon.colcon_core.verb:set package 'velocity_msg' build argument 'cmake_target' from command line to 'None'
[0.325s] Level 5:colcon.colcon_core.verb:set package 'velocity_msg' build argument 'cmake_target_skip_unavailable' from command line to 'False'
[0.325s] Level 5:colcon.colcon_core.verb:set package 'velocity_msg' build argument 'cmake_clean_cache' from command line to 'False'
[0.325s] Level 5:colcon.colcon_core.verb:set package 'velocity_msg' build argument 'cmake_clean_first' from command line to 'False'
[0.325s] Level 5:colcon.colcon_core.verb:set package 'velocity_msg' build argument 'cmake_force_configure' from command line to 'False'
[0.325s] Level 5:colcon.colcon_core.verb:set package 'velocity_msg' build argument 'ament_cmake_args' from command line to 'None'
[0.325s] Level 5:colcon.colcon_core.verb:set package 'velocity_msg' build argument 'catkin_cmake_args' from command line to 'None'
[0.325s] Level 5:colcon.colcon_core.verb:set package 'velocity_msg' build argument 'catkin_skip_building_tests' from command line to 'False'
[0.325s] DEBUG:colcon.colcon_core.verb:Building package 'velocity_msg' with the following arguments: {'ament_cmake_args': None, 'build_base': '/home/lennoxtr/turtlebot3_ws/src/build/velocity_msg', 'catkin_cmake_args': None, 'catkin_skip_building_tests': False, 'cmake_args': None, 'cmake_clean_cache': False, 'cmake_clean_first': False, 'cmake_force_configure': False, 'cmake_target': None, 'cmake_target_skip_unavailable': False, 'install_base': '/home/lennoxtr/turtlebot3_ws/src/install/velocity_msg', 'merge_install': False, 'path': '/home/lennoxtr/turtlebot3_ws/src/velocity_msg', 'symlink_install': False, 'test_result_base': None}
[0.325s] Level 5:colcon.colcon_core.verb:set package 'goal_input' build argument 'cmake_args' from command line to 'None'
[0.325s] Level 5:colcon.colcon_core.verb:set package 'goal_input' build argument 'cmake_target' from command line to 'None'
[0.325s] Level 5:colcon.colcon_core.verb:set package 'goal_input' build argument 'cmake_target_skip_unavailable' from command line to 'False'
[0.325s] Level 5:colcon.colcon_core.verb:set package 'goal_input' build argument 'cmake_clean_cache' from command line to 'False'
[0.325s] Level 5:colcon.colcon_core.verb:set package 'goal_input' build argument 'cmake_clean_first' from command line to 'False'
[0.325s] Level 5:colcon.colcon_core.verb:set package 'goal_input' build argument 'cmake_force_configure' from command line to 'False'
[0.325s] Level 5:colcon.colcon_core.verb:set package 'goal_input' build argument 'ament_cmake_args' from command line to 'None'
[0.325s] Level 5:colcon.colcon_core.verb:set package 'goal_input' build argument 'catkin_cmake_args' from command line to 'None'
[0.325s] Level 5:colcon.colcon_core.verb:set package 'goal_input' build argument 'catkin_skip_building_tests' from command line to 'False'
[0.325s] DEBUG:colcon.colcon_core.verb:Building package 'goal_input' with the following arguments: {'ament_cmake_args': None, 'build_base': '/home/lennoxtr/turtlebot3_ws/src/build/goal_input', 'catkin_cmake_args': None, 'catkin_skip_building_tests': False, 'cmake_args': None, 'cmake_clean_cache': False, 'cmake_clean_first': False, 'cmake_force_configure': False, 'cmake_target': None, 'cmake_target_skip_unavailable': False, 'install_base': '/home/lennoxtr/turtlebot3_ws/src/install/goal_input', 'merge_install': False, 'path': '/home/lennoxtr/turtlebot3_ws/src/goal_input', 'symlink_install': False, 'test_result_base': None}
[0.326s] Level 5:colcon.colcon_core.verb:set package 'turtlebot3_simulations' build argument 'cmake_args' from command line to 'None'
[0.326s] Level 5:colcon.colcon_core.verb:set package 'turtlebot3_simulations' build argument 'cmake_target' from command line to 'None'
[0.326s] Level 5:colcon.colcon_core.verb:set package 'turtlebot3_simulations' build argument 'cmake_target_skip_unavailable' from command line to 'False'
[0.326s] Level 5:colcon.colcon_core.verb:set package 'turtlebot3_simulations' build argument 'cmake_clean_cache' from command line to 'False'
[0.326s] Level 5:colcon.colcon_core.verb:set package 'turtlebot3_simulations' build argument 'cmake_clean_first' from command line to 'False'
[0.326s] Level 5:colcon.colcon_core.verb:set package 'turtlebot3_simulations' build argument 'cmake_force_configure' from command line to 'False'
[0.326s] Level 5:colcon.colcon_core.verb:set package 'turtlebot3_simulations' build argument 'ament_cmake_args' from command line to 'None'
[0.326s] Level 5:colcon.colcon_core.verb:set package 'turtlebot3_simulations' build argument 'catkin_cmake_args' from command line to 'None'
[0.326s] Level 5:colcon.colcon_core.verb:set package 'turtlebot3_simulations' build argument 'catkin_skip_building_tests' from command line to 'False'
[0.326s] DEBUG:colcon.colcon_core.verb:Building package 'turtlebot3_simulations' with the following arguments: {'ament_cmake_args': None, 'build_base': '/home/lennoxtr/turtlebot3_ws/src/build/turtlebot3_simulations', 'catkin_cmake_args': None, 'catkin_skip_building_tests': False, 'cmake_args': None, 'cmake_clean_cache': False, 'cmake_clean_first': False, 'cmake_force_configure': False, 'cmake_target': None, 'cmake_target_skip_unavailable': False, 'install_base': '/home/lennoxtr/turtlebot3_ws/src/install/turtlebot3_simulations', 'merge_install': False, 'path': '/home/lennoxtr/turtlebot3_ws/src/turtlebot3_simulations/turtlebot3_simulations', 'symlink_install': False, 'test_result_base': None}
[0.326s] INFO:colcon.colcon_core.executor:Executing jobs using 'parallel' executor
[0.327s] DEBUG:colcon.colcon_parallel_executor.executor.parallel:run_until_complete
[0.327s] INFO:colcon.colcon_ros.task.ament_cmake.build:Building ROS package in '/home/lennoxtr/turtlebot3_ws/src/robot_goal' with build type 'ament_cmake'
[0.327s] INFO:colcon.colcon_cmake.task.cmake.build:Building CMake package in '/home/lennoxtr/turtlebot3_ws/src/robot_goal'
[0.330s] INFO:colcon.colcon_core.plugin_system:Skipping extension 'colcon_core.shell.bat': Not used on non-Windows systems
[0.330s] INFO:colcon.colcon_core.shell:Skip shell extension 'powershell' for command environment: Not usable outside of PowerShell
[0.330s] DEBUG:colcon.colcon_core.shell:Skip shell extension 'dsv' for command environment
[0.332s] INFO:colcon.colcon_ros.task.ament_cmake.build:Building ROS package in '/home/lennoxtr/turtlebot3_ws/src/turtlebot3_simulations/turtlebot3_fake_node' with build type 'ament_cmake'
[0.332s] INFO:colcon.colcon_cmake.task.cmake.build:Building CMake package in '/home/lennoxtr/turtlebot3_ws/src/turtlebot3_simulations/turtlebot3_fake_node'
[0.332s] INFO:colcon.colcon_core.shell:Skip shell extension 'powershell' for command environment: Not usable outside of PowerShell
[0.332s] DEBUG:colcon.colcon_core.shell:Skip shell extension 'dsv' for command environment
[0.334s] INFO:colcon.colcon_ros.task.ament_cmake.build:Building ROS package in '/home/lennoxtr/turtlebot3_ws/src/turtlebot3_simulations/turtlebot3_gazebo' with build type 'ament_cmake'
[0.334s] INFO:colcon.colcon_cmake.task.cmake.build:Building CMake package in '/home/lennoxtr/turtlebot3_ws/src/turtlebot3_simulations/turtlebot3_gazebo'
[0.334s] INFO:colcon.colcon_core.shell:Skip shell extension 'powershell' for command environment: Not usable outside of PowerShell
[0.334s] DEBUG:colcon.colcon_core.shell:Skip shell extension 'dsv' for command environment
[0.336s] INFO:colcon.colcon_ros.task.ament_cmake.build:Building ROS package in '/home/lennoxtr/turtlebot3_ws/src/heading_msg' with build type 'ament_cmake'
[0.336s] INFO:colcon.colcon_cmake.task.cmake.build:Building CMake package in '/home/lennoxtr/turtlebot3_ws/src/heading_msg'
[0.336s] INFO:colcon.colcon_core.shell:Skip shell extension 'powershell' for command environment: Not usable outside of PowerShell
[0.336s] DEBUG:colcon.colcon_core.shell:Skip shell extension 'dsv' for command environment
[0.338s] INFO:colcon.colcon_ros.task.ament_python.build:Building ROS package in '/home/lennoxtr/turtlebot3_ws/src/robot_goal_pub' with build type 'ament_python'
[0.338s] Level 1:colcon.colcon_core.shell:create_environment_hook('robot_goal_pub', 'ament_prefix_path')
[0.338s] INFO:colcon.colcon_core.shell:Creating environment hook '/home/lennoxtr/turtlebot3_ws/src/install/robot_goal_pub/share/robot_goal_pub/hook/ament_prefix_path.ps1'
[0.338s] INFO:colcon.colcon_core.shell:Creating environment descriptor '/home/lennoxtr/turtlebot3_ws/src/install/robot_goal_pub/share/robot_goal_pub/hook/ament_prefix_path.dsv'
[0.339s] INFO:colcon.colcon_core.shell:Creating environment hook '/home/lennoxtr/turtlebot3_ws/src/install/robot_goal_pub/share/robot_goal_pub/hook/ament_prefix_path.sh'
[0.340s] INFO:colcon.colcon_core.shell:Skip shell extension 'powershell' for command environment: Not usable outside of PowerShell
[0.340s] DEBUG:colcon.colcon_core.shell:Skip shell extension 'dsv' for command environment
[0.342s] INFO:colcon.colcon_ros.task.ament_cmake.build:Building ROS package in '/home/lennoxtr/turtlebot3_ws/src/velocity_msg' with build type 'ament_cmake'
[0.342s] INFO:colcon.colcon_cmake.task.cmake.build:Building CMake package in '/home/lennoxtr/turtlebot3_ws/src/velocity_msg'
[0.342s] INFO:colcon.colcon_core.shell:Skip shell extension 'powershell' for command environment: Not usable outside of PowerShell
[0.342s] DEBUG:colcon.colcon_core.shell:Skip shell extension 'dsv' for command environment
[0.347s] DEBUG:colcon.colcon_core.event_handler.log_command:Invoking command in '/home/lennoxtr/turtlebot3_ws/src/build/robot_goal': CMAKE_PREFIX_PATH=/opt/ros/humble /usr/bin/cmake --build /home/lennoxtr/turtlebot3_ws/src/build/robot_goal -- -j12 -l12
[0.351s] DEBUG:colcon.colcon_core.event_handler.log_command:Invoking command in '/home/lennoxtr/turtlebot3_ws/src/build/turtlebot3_fake_node': CMAKE_PREFIX_PATH=/opt/ros/humble /usr/bin/cmake --build /home/lennoxtr/turtlebot3_ws/src/build/turtlebot3_fake_node -- -j12 -l12
[0.353s] DEBUG:colcon.colcon_core.event_handler.log_command:Invoking command in '/home/lennoxtr/turtlebot3_ws/src/build/turtlebot3_gazebo': CMAKE_PREFIX_PATH=/opt/ros/humble /usr/bin/cmake --build /home/lennoxtr/turtlebot3_ws/src/build/turtlebot3_gazebo -- -j12 -l12
[0.354s] DEBUG:colcon.colcon_core.event_handler.log_command:Invoking command in '/home/lennoxtr/turtlebot3_ws/src/build/heading_msg': CMAKE_PREFIX_PATH=/opt/ros/humble /usr/bin/cmake /home/lennoxtr/turtlebot3_ws/src/heading_msg -DCMAKE_INSTALL_PREFIX=/home/lennoxtr/turtlebot3_ws/src/install/heading_msg
[0.561s] INFO:colcon.colcon_core.task.python.build:Building Python package in '/home/lennoxtr/turtlebot3_ws/src/robot_goal_pub'
[0.561s] INFO:colcon.colcon_core.shell:Skip shell extension 'powershell' for command environment: Not usable outside of PowerShell
[0.561s] DEBUG:colcon.colcon_core.shell:Skip shell extension 'dsv' for command environment
[0.569s] DEBUG:colcon.colcon_core.event_handler.log_command:Invoking command in '/home/lennoxtr/turtlebot3_ws/src/build/velocity_msg': CMAKE_PREFIX_PATH=/opt/ros/humble /usr/bin/cmake /home/lennoxtr/turtlebot3_ws/src/velocity_msg -DCMAKE_INSTALL_PREFIX=/home/lennoxtr/turtlebot3_ws/src/install/velocity_msg
[0.570s] DEBUG:colcon.colcon_core.event_handler.log_command:Invoked command in '/home/lennoxtr/turtlebot3_ws/src/build/turtlebot3_fake_node' returned '0': CMAKE_PREFIX_PATH=/opt/ros/humble /usr/bin/cmake --build /home/lennoxtr/turtlebot3_ws/src/build/turtlebot3_fake_node -- -j12 -l12
[0.570s] DEBUG:colcon.colcon_core.event_handler.log_command:Invoked command in '/home/lennoxtr/turtlebot3_ws/src/build/turtlebot3_gazebo' returned '0': CMAKE_PREFIX_PATH=/opt/ros/humble /usr/bin/cmake --build /home/lennoxtr/turtlebot3_ws/src/build/turtlebot3_gazebo -- -j12 -l12
[0.596s] DEBUG:colcon.colcon_core.event_handler.log_command:Invoking command in '/home/lennoxtr/turtlebot3_ws/src/build/turtlebot3_fake_node': CMAKE_PREFIX_PATH=/opt/ros/humble /usr/bin/cmake --install /home/lennoxtr/turtlebot3_ws/src/build/turtlebot3_fake_node
[0.598s] DEBUG:colcon.colcon_core.event_handler.log_command:Invoking command in '/home/lennoxtr/turtlebot3_ws/src/build/turtlebot3_gazebo': CMAKE_PREFIX_PATH=/opt/ros/humble /usr/bin/cmake --install /home/lennoxtr/turtlebot3_ws/src/build/turtlebot3_gazebo
[0.604s] Level 1:colcon.colcon_core.environment:create_environment_scripts_only(turtlebot3_fake_node)
[0.604s] DEBUG:colcon.colcon_core.event_handler.log_command:Invoked command in '/home/lennoxtr/turtlebot3_ws/src/build/turtlebot3_fake_node' returned '0': CMAKE_PREFIX_PATH=/opt/ros/humble /usr/bin/cmake --install /home/lennoxtr/turtlebot3_ws/src/build/turtlebot3_fake_node
[0.613s] Level 1:colcon.colcon_core.environment:checking '/home/lennoxtr/turtlebot3_ws/src/install/turtlebot3_fake_node' for CMake module files
[0.614s] Level 1:colcon.colcon_core.environment:checking '/home/lennoxtr/turtlebot3_ws/src/install/turtlebot3_fake_node' for CMake config files
[0.614s] Level 1:colcon.colcon_core.shell:create_environment_hook('turtlebot3_fake_node', 'cmake_prefix_path')
[0.614s] INFO:colcon.colcon_core.shell:Creating environment hook '/home/lennoxtr/turtlebot3_ws/src/install/turtlebot3_fake_node/share/turtlebot3_fake_node/hook/cmake_prefix_path.ps1'
[0.614s] INFO:colcon.colcon_core.shell:Creating environment descriptor '/home/lennoxtr/turtlebot3_ws/src/install/turtlebot3_fake_node/share/turtlebot3_fake_node/hook/cmake_prefix_path.dsv'
[0.615s] INFO:colcon.colcon_core.shell:Creating environment hook '/home/lennoxtr/turtlebot3_ws/src/install/turtlebot3_fake_node/share/turtlebot3_fake_node/hook/cmake_prefix_path.sh'
[0.615s] Level 1:colcon.colcon_core.environment:checking '/home/lennoxtr/turtlebot3_ws/src/install/turtlebot3_fake_node/lib'
[0.615s] Level 1:colcon.colcon_core.environment:checking '/home/lennoxtr/turtlebot3_ws/src/install/turtlebot3_fake_node/bin'
[0.615s] Level 1:colcon.colcon_core.environment:checking '/home/lennoxtr/turtlebot3_ws/src/install/turtlebot3_fake_node/lib/pkgconfig/turtlebot3_fake_node.pc'
[0.615s] Level 1:colcon.colcon_core.environment:checking '/home/lennoxtr/turtlebot3_ws/src/install/turtlebot3_fake_node/lib/python3.10/site-packages'
[0.616s] Level 1:colcon.colcon_core.environment:checking '/home/lennoxtr/turtlebot3_ws/src/install/turtlebot3_fake_node/bin'
[0.616s] INFO:colcon.colcon_core.shell:Creating package script '/home/lennoxtr/turtlebot3_ws/src/install/turtlebot3_fake_node/share/turtlebot3_fake_node/package.ps1'
[0.617s] INFO:colcon.colcon_core.shell:Creating package descriptor '/home/lennoxtr/turtlebot3_ws/src/install/turtlebot3_fake_node/share/turtlebot3_fake_node/package.dsv'
[0.617s] INFO:colcon.colcon_core.shell:Creating package script '/home/lennoxtr/turtlebot3_ws/src/install/turtlebot3_fake_node/share/turtlebot3_fake_node/package.sh'
[0.618s] INFO:colcon.colcon_core.shell:Creating package script '/home/lennoxtr/turtlebot3_ws/src/install/turtlebot3_fake_node/share/turtlebot3_fake_node/package.bash'
[0.618s] INFO:colcon.colcon_core.shell:Creating package script '/home/lennoxtr/turtlebot3_ws/src/install/turtlebot3_fake_node/share/turtlebot3_fake_node/package.zsh'
[0.619s] Level 1:colcon.colcon_core.environment:create_file_with_runtime_dependencies(/home/lennoxtr/turtlebot3_ws/src/install/turtlebot3_fake_node/share/colcon-core/packages/turtlebot3_fake_node)
[0.620s] Level 1:colcon.colcon_core.environment:create_environment_scripts_only(turtlebot3_gazebo)
[0.620s] Level 1:colcon.colcon_core.environment:checking '/home/lennoxtr/turtlebot3_ws/src/install/turtlebot3_gazebo' for CMake module files
[0.621s] DEBUG:colcon.colcon_core.event_handler.log_command:Invoked command in '/home/lennoxtr/turtlebot3_ws/src/build/turtlebot3_gazebo' returned '0': CMAKE_PREFIX_PATH=/opt/ros/humble /usr/bin/cmake --install /home/lennoxtr/turtlebot3_ws/src/build/turtlebot3_gazebo
[0.621s] Level 1:colcon.colcon_core.environment:checking '/home/lennoxtr/turtlebot3_ws/src/install/turtlebot3_gazebo' for CMake config files
[0.621s] Level 1:colcon.colcon_core.shell:create_environment_hook('turtlebot3_gazebo', 'cmake_prefix_path')
[0.621s] INFO:colcon.colcon_core.shell:Creating environment hook '/home/lennoxtr/turtlebot3_ws/src/install/turtlebot3_gazebo/share/turtlebot3_gazebo/hook/cmake_prefix_path.ps1'
[0.622s] INFO:colcon.colcon_core.shell:Creating environment descriptor '/home/lennoxtr/turtlebot3_ws/src/install/turtlebot3_gazebo/share/turtlebot3_gazebo/hook/cmake_prefix_path.dsv'
[0.622s] INFO:colcon.colcon_core.shell:Creating environment hook '/home/lennoxtr/turtlebot3_ws/src/install/turtlebot3_gazebo/share/turtlebot3_gazebo/hook/cmake_prefix_path.sh'
[0.622s] Level 1:colcon.colcon_core.environment:checking '/home/lennoxtr/turtlebot3_ws/src/install/turtlebot3_gazebo/lib'
[0.622s] Level 1:colcon.colcon_core.environment:checking '/home/lennoxtr/turtlebot3_ws/src/install/turtlebot3_gazebo/bin'
[0.622s] Level 1:colcon.colcon_core.environment:checking '/home/lennoxtr/turtlebot3_ws/src/install/turtlebot3_gazebo/lib/pkgconfig/turtlebot3_gazebo.pc'
[0.622s] Level 1:colcon.colcon_core.environment:checking '/home/lennoxtr/turtlebot3_ws/src/install/turtlebot3_gazebo/lib/python3.10/site-packages'
[0.623s] Level 1:colcon.colcon_core.environment:checking '/home/lennoxtr/turtlebot3_ws/src/install/turtlebot3_gazebo/bin'
[0.623s] INFO:colcon.colcon_core.shell:Creating package script '/home/lennoxtr/turtlebot3_ws/src/install/turtlebot3_gazebo/share/turtlebot3_gazebo/package.ps1'
[0.623s] INFO:colcon.colcon_core.shell:Creating package descriptor '/home/lennoxtr/turtlebot3_ws/src/install/turtlebot3_gazebo/share/turtlebot3_gazebo/package.dsv'
[0.623s] INFO:colcon.colcon_core.shell:Creating package script '/home/lennoxtr/turtlebot3_ws/src/install/turtlebot3_gazebo/share/turtlebot3_gazebo/package.sh'
[0.624s] INFO:colcon.colcon_core.shell:Creating package script '/home/lennoxtr/turtlebot3_ws/src/install/turtlebot3_gazebo/share/turtlebot3_gazebo/package.bash'
[0.624s] INFO:colcon.colcon_core.shell:Creating package script '/home/lennoxtr/turtlebot3_ws/src/install/turtlebot3_gazebo/share/turtlebot3_gazebo/package.zsh'
[0.624s] Level 1:colcon.colcon_core.environment:create_file_with_runtime_dependencies(/home/lennoxtr/turtlebot3_ws/src/install/turtlebot3_gazebo/share/colcon-core/packages/turtlebot3_gazebo)
[0.635s] Level 1:colcon.colcon_core.environment:create_environment_scripts_only(turtlebot3_fake_node)
[0.636s] Level 1:colcon.colcon_core.environment:checking '/home/lennoxtr/turtlebot3_ws/src/install/turtlebot3_fake_node' for CMake module files
[0.636s] Level 1:colcon.colcon_core.environment:checking '/home/lennoxtr/turtlebot3_ws/src/install/turtlebot3_fake_node' for CMake config files
[0.636s] Level 1:colcon.colcon_core.shell:create_environment_hook('turtlebot3_fake_node', 'cmake_prefix_path')
[0.637s] INFO:colcon.colcon_core.shell:Creating environment hook '/home/lennoxtr/turtlebot3_ws/src/install/turtlebot3_fake_node/share/turtlebot3_fake_node/hook/cmake_prefix_path.ps1'
[0.637s] INFO:colcon.colcon_core.shell:Creating environment descriptor '/home/lennoxtr/turtlebot3_ws/src/install/turtlebot3_fake_node/share/turtlebot3_fake_node/hook/cmake_prefix_path.dsv'
[0.637s] INFO:colcon.colcon_core.shell:Creating environment hook '/home/lennoxtr/turtlebot3_ws/src/install/turtlebot3_fake_node/share/turtlebot3_fake_node/hook/cmake_prefix_path.sh'
[0.638s] Level 1:colcon.colcon_core.environment:checking '/home/lennoxtr/turtlebot3_ws/src/install/turtlebot3_fake_node/lib'
[0.638s] Level 1:colcon.colcon_core.environment:checking '/home/lennoxtr/turtlebot3_ws/src/install/turtlebot3_fake_node/bin'
[0.638s] Level 1:colcon.colcon_core.environment:checking '/home/lennoxtr/turtlebot3_ws/src/install/turtlebot3_fake_node/lib/pkgconfig/turtlebot3_fake_node.pc'
[0.638s] Level 1:colcon.colcon_core.environment:checking '/home/lennoxtr/turtlebot3_ws/src/install/turtlebot3_fake_node/lib/python3.10/site-packages'
[0.638s] Level 1:colcon.colcon_core.environment:checking '/home/lennoxtr/turtlebot3_ws/src/install/turtlebot3_fake_node/bin'
[0.639s] INFO:colcon.colcon_core.shell:Creating package script '/home/lennoxtr/turtlebot3_ws/src/install/turtlebot3_fake_node/share/turtlebot3_fake_node/package.ps1'
[0.639s] INFO:colcon.colcon_core.shell:Creating package descriptor '/home/lennoxtr/turtlebot3_ws/src/install/turtlebot3_fake_node/share/turtlebot3_fake_node/package.dsv'
[0.640s] INFO:colcon.colcon_core.shell:Creating package script '/home/lennoxtr/turtlebot3_ws/src/install/turtlebot3_fake_node/share/turtlebot3_fake_node/package.sh'
[0.640s] INFO:colcon.colcon_core.shell:Creating package script '/home/lennoxtr/turtlebot3_ws/src/install/turtlebot3_fake_node/share/turtlebot3_fake_node/package.bash'
[0.640s] INFO:colcon.colcon_core.shell:Creating package script '/home/lennoxtr/turtlebot3_ws/src/install/turtlebot3_fake_node/share/turtlebot3_fake_node/package.zsh'
[0.641s] Level 1:colcon.colcon_core.environment:create_file_with_runtime_dependencies(/home/lennoxtr/turtlebot3_ws/src/install/turtlebot3_fake_node/share/colcon-core/packages/turtlebot3_fake_node)
[0.647s] Level 1:colcon.colcon_core.environment:create_environment_scripts_only(turtlebot3_gazebo)
[0.648s] Level 1:colcon.colcon_core.environment:checking '/home/lennoxtr/turtlebot3_ws/src/install/turtlebot3_gazebo' for CMake module files
[0.648s] Level 1:colcon.colcon_core.environment:checking '/home/lennoxtr/turtlebot3_ws/src/install/turtlebot3_gazebo' for CMake config files
[0.649s] Level 1:colcon.colcon_core.shell:create_environment_hook('turtlebot3_gazebo', 'cmake_prefix_path')
[0.649s] INFO:colcon.colcon_core.shell:Creating environment hook '/home/lennoxtr/turtlebot3_ws/src/install/turtlebot3_gazebo/share/turtlebot3_gazebo/hook/cmake_prefix_path.ps1'
[0.649s] INFO:colcon.colcon_core.shell:Creating environment descriptor '/home/lennoxtr/turtlebot3_ws/src/install/turtlebot3_gazebo/share/turtlebot3_gazebo/hook/cmake_prefix_path.dsv'
[0.650s] INFO:colcon.colcon_core.shell:Creating environment hook '/home/lennoxtr/turtlebot3_ws/src/install/turtlebot3_gazebo/share/turtlebot3_gazebo/hook/cmake_prefix_path.sh'
[0.650s] Level 1:colcon.colcon_core.environment:checking '/home/lennoxtr/turtlebot3_ws/src/install/turtlebot3_gazebo/lib'
[0.650s] Level 1:colcon.colcon_core.environment:checking '/home/lennoxtr/turtlebot3_ws/src/install/turtlebot3_gazebo/bin'
[0.650s] Level 1:colcon.colcon_core.environment:checking '/home/lennoxtr/turtlebot3_ws/src/install/turtlebot3_gazebo/lib/pkgconfig/turtlebot3_gazebo.pc'
[0.650s] Level 1:colcon.colcon_core.environment:checking '/home/lennoxtr/turtlebot3_ws/src/install/turtlebot3_gazebo/lib/python3.10/site-packages'
[0.651s] Level 1:colcon.colcon_core.environment:checking '/home/lennoxtr/turtlebot3_ws/src/install/turtlebot3_gazebo/bin'
[0.651s] INFO:colcon.colcon_core.shell:Creating package script '/home/lennoxtr/turtlebot3_ws/src/install/turtlebot3_gazebo/share/turtlebot3_gazebo/package.ps1'
[0.651s] INFO:colcon.colcon_core.shell:Creating package descriptor '/home/lennoxtr/turtlebot3_ws/src/install/turtlebot3_gazebo/share/turtlebot3_gazebo/package.dsv'
[0.652s] INFO:colcon.colcon_core.shell:Creating package script '/home/lennoxtr/turtlebot3_ws/src/install/turtlebot3_gazebo/share/turtlebot3_gazebo/package.sh'
[0.652s] INFO:colcon.colcon_core.shell:Creating package script '/home/lennoxtr/turtlebot3_ws/src/install/turtlebot3_gazebo/share/turtlebot3_gazebo/package.bash'
[0.653s] INFO:colcon.colcon_core.shell:Creating package script '/home/lennoxtr/turtlebot3_ws/src/install/turtlebot3_gazebo/share/turtlebot3_gazebo/package.zsh'
[0.653s] Level 1:colcon.colcon_core.environment:create_file_with_runtime_dependencies(/home/lennoxtr/turtlebot3_ws/src/install/turtlebot3_gazebo/share/colcon-core/packages/turtlebot3_gazebo)
[0.653s] INFO:colcon.colcon_ros.task.ament_cmake.build:Building ROS package in '/home/lennoxtr/turtlebot3_ws/src/turtlebot3_simulations/turtlebot3_simulations' with build type 'ament_cmake'
[0.653s] INFO:colcon.colcon_cmake.task.cmake.build:Building CMake package in '/home/lennoxtr/turtlebot3_ws/src/turtlebot3_simulations/turtlebot3_simulations'
[0.654s] INFO:colcon.colcon_core.shell:Skip shell extension 'powershell' for command environment: Not usable outside of PowerShell
[0.654s] DEBUG:colcon.colcon_core.shell:Skip shell extension 'dsv' for command environment
[0.663s] DEBUG:colcon.colcon_core.event_handler.log_command:Invoking command in '/home/lennoxtr/turtlebot3_ws/src/build/turtlebot3_simulations': AMENT_PREFIX_PATH=/home/lennoxtr/turtlebot3_ws/src/install/turtlebot3_gazebo:/home/lennoxtr/turtlebot3_ws/src/install/turtlebot3_fake_node:${AMENT_PREFIX_PATH} CMAKE_PREFIX_PATH=/home/lennoxtr/turtlebot3_ws/src/install/turtlebot3_gazebo:/home/lennoxtr/turtlebot3_ws/src/install/turtlebot3_fake_node:/opt/ros/humble /usr/bin/cmake --build /home/lennoxtr/turtlebot3_ws/src/build/turtlebot3_simulations -- -j12 -l12
[0.690s] DEBUG:colcon.colcon_core.event_handler.log_command:Invoked command in '/home/lennoxtr/turtlebot3_ws/src/build/turtlebot3_simulations' returned '0': AMENT_PREFIX_PATH=/home/lennoxtr/turtlebot3_ws/src/install/turtlebot3_gazebo:/home/lennoxtr/turtlebot3_ws/src/install/turtlebot3_fake_node:${AMENT_PREFIX_PATH} CMAKE_PREFIX_PATH=/home/lennoxtr/turtlebot3_ws/src/install/turtlebot3_gazebo:/home/lennoxtr/turtlebot3_ws/src/install/turtlebot3_fake_node:/opt/ros/humble /usr/bin/cmake --build /home/lennoxtr/turtlebot3_ws/src/build/turtlebot3_simulations -- -j12 -l12
[0.708s] DEBUG:colcon.colcon_core.event_handler.log_command:Invoking command in '/home/lennoxtr/turtlebot3_ws/src/build/turtlebot3_simulations': AMENT_PREFIX_PATH=/home/lennoxtr/turtlebot3_ws/src/install/turtlebot3_gazebo:/home/lennoxtr/turtlebot3_ws/src/install/turtlebot3_fake_node:${AMENT_PREFIX_PATH} CMAKE_PREFIX_PATH=/home/lennoxtr/turtlebot3_ws/src/install/turtlebot3_gazebo:/home/lennoxtr/turtlebot3_ws/src/install/turtlebot3_fake_node:/opt/ros/humble /usr/bin/cmake --install /home/lennoxtr/turtlebot3_ws/src/build/turtlebot3_simulations
[0.716s] Level 1:colcon.colcon_core.environment:create_environment_scripts_only(turtlebot3_simulations)
[0.716s] Level 1:colcon.colcon_core.environment:checking '/home/lennoxtr/turtlebot3_ws/src/install/turtlebot3_simulations' for CMake module files
[0.717s] DEBUG:colcon.colcon_core.event_handler.log_command:Invoked command in '/home/lennoxtr/turtlebot3_ws/src/build/turtlebot3_simulations' returned '0': AMENT_PREFIX_PATH=/home/lennoxtr/turtlebot3_ws/src/install/turtlebot3_gazebo:/home/lennoxtr/turtlebot3_ws/src/install/turtlebot3_fake_node:${AMENT_PREFIX_PATH} CMAKE_PREFIX_PATH=/home/lennoxtr/turtlebot3_ws/src/install/turtlebot3_gazebo:/home/lennoxtr/turtlebot3_ws/src/install/turtlebot3_fake_node:/opt/ros/humble /usr/bin/cmake --install /home/lennoxtr/turtlebot3_ws/src/build/turtlebot3_simulations
[0.717s] Level 1:colcon.colcon_core.environment:checking '/home/lennoxtr/turtlebot3_ws/src/install/turtlebot3_simulations' for CMake config files
[0.717s] Level 1:colcon.colcon_core.shell:create_environment_hook('turtlebot3_simulations', 'cmake_prefix_path')
[0.718s] INFO:colcon.colcon_core.shell:Creating environment hook '/home/lennoxtr/turtlebot3_ws/src/install/turtlebot3_simulations/share/turtlebot3_simulations/hook/cmake_prefix_path.ps1'
[0.718s] INFO:colcon.colcon_core.shell:Creating environment descriptor '/home/lennoxtr/turtlebot3_ws/src/install/turtlebot3_simulations/share/turtlebot3_simulations/hook/cmake_prefix_path.dsv'
[0.719s] INFO:colcon.colcon_core.shell:Creating environment hook '/home/lennoxtr/turtlebot3_ws/src/install/turtlebot3_simulations/share/turtlebot3_simulations/hook/cmake_prefix_path.sh'
[0.719s] Level 1:colcon.colcon_core.environment:checking '/home/lennoxtr/turtlebot3_ws/src/install/turtlebot3_simulations/bin'
[0.719s] Level 1:colcon.colcon_core.environment:checking '/home/lennoxtr/turtlebot3_ws/src/install/turtlebot3_simulations/lib/pkgconfig/turtlebot3_simulations.pc'
[0.720s] Level 1:colcon.colcon_core.environment:checking '/home/lennoxtr/turtlebot3_ws/src/install/turtlebot3_simulations/lib/python3.10/site-packages'
[0.720s] Level 1:colcon.colcon_core.environment:checking '/home/lennoxtr/turtlebot3_ws/src/install/turtlebot3_simulations/bin'
[0.720s] INFO:colcon.colcon_core.shell:Creating package script '/home/lennoxtr/turtlebot3_ws/src/install/turtlebot3_simulations/share/turtlebot3_simulations/package.ps1'
[0.721s] INFO:colcon.colcon_core.shell:Creating package descriptor '/home/lennoxtr/turtlebot3_ws/src/install/turtlebot3_simulations/share/turtlebot3_simulations/package.dsv'
[0.721s] INFO:colcon.colcon_core.shell:Creating package script '/home/lennoxtr/turtlebot3_ws/src/install/turtlebot3_simulations/share/turtlebot3_simulations/package.sh'
[0.722s] INFO:colcon.colcon_core.shell:Creating package script '/home/lennoxtr/turtlebot3_ws/src/install/turtlebot3_simulations/share/turtlebot3_simulations/package.bash'
[0.722s] INFO:colcon.colcon_core.shell:Creating package script '/home/lennoxtr/turtlebot3_ws/src/install/turtlebot3_simulations/share/turtlebot3_simulations/package.zsh'
[0.722s] Level 1:colcon.colcon_core.environment:create_file_with_runtime_dependencies(/home/lennoxtr/turtlebot3_ws/src/install/turtlebot3_simulations/share/colcon-core/packages/turtlebot3_simulations)
[0.740s] Level 1:colcon.colcon_core.environment:create_environment_scripts_only(turtlebot3_simulations)
[0.740s] Level 1:colcon.colcon_core.environment:checking '/home/lennoxtr/turtlebot3_ws/src/install/turtlebot3_simulations' for CMake module files
[0.741s] Level 1:colcon.colcon_core.environment:checking '/home/lennoxtr/turtlebot3_ws/src/install/turtlebot3_simulations' for CMake config files
[0.741s] Level 1:colcon.colcon_core.shell:create_environment_hook('turtlebot3_simulations', 'cmake_prefix_path')
[0.741s] INFO:colcon.colcon_core.shell:Creating environment hook '/home/lennoxtr/turtlebot3_ws/src/install/turtlebot3_simulations/share/turtlebot3_simulations/hook/cmake_prefix_path.ps1'
[0.742s] INFO:colcon.colcon_core.shell:Creating environment descriptor '/home/lennoxtr/turtlebot3_ws/src/install/turtlebot3_simulations/share/turtlebot3_simulations/hook/cmake_prefix_path.dsv'
[0.742s] INFO:colcon.colcon_core.shell:Creating environment hook '/home/lennoxtr/turtlebot3_ws/src/install/turtlebot3_simulations/share/turtlebot3_simulations/hook/cmake_prefix_path.sh'
[0.742s] Level 1:colcon.colcon_core.environment:checking '/home/lennoxtr/turtlebot3_ws/src/install/turtlebot3_simulations/bin'
[0.743s] Level 1:colcon.colcon_core.environment:checking '/home/lennoxtr/turtlebot3_ws/src/install/turtlebot3_simulations/lib/pkgconfig/turtlebot3_simulations.pc'
[0.743s] Level 1:colcon.colcon_core.environment:checking '/home/lennoxtr/turtlebot3_ws/src/install/turtlebot3_simulations/lib/python3.10/site-packages'
[0.743s] Level 1:colcon.colcon_core.environment:checking '/home/lennoxtr/turtlebot3_ws/src/install/turtlebot3_simulations/bin'
[0.743s] INFO:colcon.colcon_core.shell:Creating package script '/home/lennoxtr/turtlebot3_ws/src/install/turtlebot3_simulations/share/turtlebot3_simulations/package.ps1'
[0.743s] INFO:colcon.colcon_core.shell:Creating package descriptor '/home/lennoxtr/turtlebot3_ws/src/install/turtlebot3_simulations/share/turtlebot3_simulations/package.dsv'
[0.744s] INFO:colcon.colcon_core.shell:Creating package script '/home/lennoxtr/turtlebot3_ws/src/install/turtlebot3_simulations/share/turtlebot3_simulations/package.sh'
[0.744s] INFO:colcon.colcon_core.shell:Creating package script '/home/lennoxtr/turtlebot3_ws/src/install/turtlebot3_simulations/share/turtlebot3_simulations/package.bash'
[0.744s] INFO:colcon.colcon_core.shell:Creating package script '/home/lennoxtr/turtlebot3_ws/src/install/turtlebot3_simulations/share/turtlebot3_simulations/package.zsh'
[0.744s] Level 1:colcon.colcon_core.environment:create_file_with_runtime_dependencies(/home/lennoxtr/turtlebot3_ws/src/install/turtlebot3_simulations/share/colcon-core/packages/turtlebot3_simulations)
[0.917s] DEBUG:colcon.colcon_core.event_handler.log_command:Invoking command in '/home/lennoxtr/turtlebot3_ws/src/robot_goal_pub': PYTHONPATH=/home/lennoxtr/turtlebot3_ws/src/build/robot_goal_pub/prefix_override:/usr/lib/python3/dist-packages/colcon_core/task/python/colcon_distutils_commands:/home/lennoxtr/turtlebot3_ws/src/install/robot_goal_pub/lib/python3.10/site-packages:${PYTHONPATH} /usr/bin/python3 -W ignore:setup.py install is deprecated setup.py egg_info --egg-base ../build/robot_goal_pub build --build-base /home/lennoxtr/turtlebot3_ws/src/build/robot_goal_pub/build install --record /home/lennoxtr/turtlebot3_ws/src/build/robot_goal_pub/install.log --single-version-externally-managed install_data
[1.130s] Level 1:colcon.colcon_core.environment:checking '/home/lennoxtr/turtlebot3_ws/src/install/robot_goal_pub' for CMake module files
[1.131s] DEBUG:colcon.colcon_core.event_handler.log_command:Invoked command in '/home/lennoxtr/turtlebot3_ws/src/robot_goal_pub' returned '0': PYTHONPATH=/home/lennoxtr/turtlebot3_ws/src/build/robot_goal_pub/prefix_override:/usr/lib/python3/dist-packages/colcon_core/task/python/colcon_distutils_commands:/home/lennoxtr/turtlebot3_ws/src/install/robot_goal_pub/lib/python3.10/site-packages:${PYTHONPATH} /usr/bin/python3 -W ignore:setup.py install is deprecated setup.py egg_info --egg-base ../build/robot_goal_pub build --build-base /home/lennoxtr/turtlebot3_ws/src/build/robot_goal_pub/build install --record /home/lennoxtr/turtlebot3_ws/src/build/robot_goal_pub/install.log --single-version-externally-managed install_data
[1.131s] Level 1:colcon.colcon_core.environment:checking '/home/lennoxtr/turtlebot3_ws/src/install/robot_goal_pub' for CMake config files
[1.131s] Level 1:colcon.colcon_core.environment:checking '/home/lennoxtr/turtlebot3_ws/src/install/robot_goal_pub/lib'
[1.131s] Level 1:colcon.colcon_core.environment:checking '/home/lennoxtr/turtlebot3_ws/src/install/robot_goal_pub/bin'
[1.131s] Level 1:colcon.colcon_core.environment:checking '/home/lennoxtr/turtlebot3_ws/src/install/robot_goal_pub/lib/pkgconfig/robot_goal_pub.pc'
[1.132s] Level 1:colcon.colcon_core.environment:checking '/home/lennoxtr/turtlebot3_ws/src/install/robot_goal_pub/lib/python3.10/site-packages'
[1.132s] Level 1:colcon.colcon_core.shell:create_environment_hook('robot_goal_pub', 'pythonpath')
[1.132s] INFO:colcon.colcon_core.shell:Creating environment hook '/home/lennoxtr/turtlebot3_ws/src/install/robot_goal_pub/share/robot_goal_pub/hook/pythonpath.ps1'
[1.132s] INFO:colcon.colcon_core.shell:Creating environment descriptor '/home/lennoxtr/turtlebot3_ws/src/install/robot_goal_pub/share/robot_goal_pub/hook/pythonpath.dsv'
[1.132s] INFO:colcon.colcon_core.shell:Creating environment hook '/home/lennoxtr/turtlebot3_ws/src/install/robot_goal_pub/share/robot_goal_pub/hook/pythonpath.sh'
[1.133s] Level 1:colcon.colcon_core.environment:checking '/home/lennoxtr/turtlebot3_ws/src/install/robot_goal_pub/bin'
[1.133s] Level 1:colcon.colcon_core.environment:create_environment_scripts_only(robot_goal_pub)
[1.133s] INFO:colcon.colcon_core.shell:Creating package script '/home/lennoxtr/turtlebot3_ws/src/install/robot_goal_pub/share/robot_goal_pub/package.ps1'
[1.133s] INFO:colcon.colcon_core.shell:Creating package descriptor '/home/lennoxtr/turtlebot3_ws/src/install/robot_goal_pub/share/robot_goal_pub/package.dsv'
[1.134s] INFO:colcon.colcon_core.shell:Creating package script '/home/lennoxtr/turtlebot3_ws/src/install/robot_goal_pub/share/robot_goal_pub/package.sh'
[1.134s] INFO:colcon.colcon_core.shell:Creating package script '/home/lennoxtr/turtlebot3_ws/src/install/robot_goal_pub/share/robot_goal_pub/package.bash'
[1.134s] INFO:colcon.colcon_core.shell:Creating package script '/home/lennoxtr/turtlebot3_ws/src/install/robot_goal_pub/share/robot_goal_pub/package.zsh'
[1.134s] Level 1:colcon.colcon_core.environment:create_file_with_runtime_dependencies(/home/lennoxtr/turtlebot3_ws/src/install/robot_goal_pub/share/colcon-core/packages/robot_goal_pub)
[1.368s] DEBUG:colcon.colcon_core.event_handler.log_command:Invoked command in '/home/lennoxtr/turtlebot3_ws/src/build/robot_goal' returned '0': CMAKE_PREFIX_PATH=/opt/ros/humble /usr/bin/cmake --build /home/lennoxtr/turtlebot3_ws/src/build/robot_goal -- -j12 -l12
[1.403s] DEBUG:colcon.colcon_core.event_handler.log_command:Invoking command in '/home/lennoxtr/turtlebot3_ws/src/build/robot_goal': CMAKE_PREFIX_PATH=/opt/ros/humble /usr/bin/cmake --install /home/lennoxtr/turtlebot3_ws/src/build/robot_goal
[1.442s] Level 1:colcon.colcon_core.environment:create_environment_scripts_only(robot_goal)
[1.442s] Level 1:colcon.colcon_core.environment:checking '/home/lennoxtr/turtlebot3_ws/src/install/robot_goal' for CMake module files
[1.443s] DEBUG:colcon.colcon_core.event_handler.log_command:Invoked command in '/home/lennoxtr/turtlebot3_ws/src/build/robot_goal' returned '0': CMAKE_PREFIX_PATH=/opt/ros/humble /usr/bin/cmake --install /home/lennoxtr/turtlebot3_ws/src/build/robot_goal
[1.443s] Level 1:colcon.colcon_core.environment:checking '/home/lennoxtr/turtlebot3_ws/src/install/robot_goal' for CMake config files
[1.443s] Level 1:colcon.colcon_core.shell:create_environment_hook('robot_goal', 'cmake_prefix_path')
[1.443s] INFO:colcon.colcon_core.shell:Creating environment hook '/home/lennoxtr/turtlebot3_ws/src/install/robot_goal/share/robot_goal/hook/cmake_prefix_path.ps1'
[1.444s] INFO:colcon.colcon_core.shell:Creating environment descriptor '/home/lennoxtr/turtlebot3_ws/src/install/robot_goal/share/robot_goal/hook/cmake_prefix_path.dsv'
[1.444s] INFO:colcon.colcon_core.shell:Creating environment hook '/home/lennoxtr/turtlebot3_ws/src/install/robot_goal/share/robot_goal/hook/cmake_prefix_path.sh'
[1.444s] Level 1:colcon.colcon_core.environment:checking '/home/lennoxtr/turtlebot3_ws/src/install/robot_goal/lib'
[1.444s] Level 1:colcon.colcon_core.shell:create_environment_hook('robot_goal', 'ld_library_path_lib')
[1.445s] INFO:colcon.colcon_core.shell:Creating environment hook '/home/lennoxtr/turtlebot3_ws/src/install/robot_goal/share/robot_goal/hook/ld_library_path_lib.ps1'
[1.445s] INFO:colcon.colcon_core.shell:Creating environment descriptor '/home/lennoxtr/turtlebot3_ws/src/install/robot_goal/share/robot_goal/hook/ld_library_path_lib.dsv'
[1.445s] INFO:colcon.colcon_core.shell:Creating environment hook '/home/lennoxtr/turtlebot3_ws/src/install/robot_goal/share/robot_goal/hook/ld_library_path_lib.sh'
[1.445s] Level 1:colcon.colcon_core.environment:checking '/home/lennoxtr/turtlebot3_ws/src/install/robot_goal/bin'
[1.445s] Level 1:colcon.colcon_core.environment:checking '/home/lennoxtr/turtlebot3_ws/src/install/robot_goal/lib/pkgconfig/robot_goal.pc'
[1.445s] Level 1:colcon.colcon_core.environment:checking '/home/lennoxtr/turtlebot3_ws/src/install/robot_goal/lib/python3.10/site-packages'
[1.446s] Level 1:colcon.colcon_core.environment:checking '/home/lennoxtr/turtlebot3_ws/src/install/robot_goal/bin'
[1.446s] INFO:colcon.colcon_core.shell:Creating package script '/home/lennoxtr/turtlebot3_ws/src/install/robot_goal/share/robot_goal/package.ps1'
[1.446s] INFO:colcon.colcon_core.shell:Creating package descriptor '/home/lennoxtr/turtlebot3_ws/src/install/robot_goal/share/robot_goal/package.dsv'
[1.446s] INFO:colcon.colcon_core.shell:Creating package script '/home/lennoxtr/turtlebot3_ws/src/install/robot_goal/share/robot_goal/package.sh'
[1.447s] INFO:colcon.colcon_core.shell:Creating package script '/home/lennoxtr/turtlebot3_ws/src/install/robot_goal/share/robot_goal/package.bash'
[1.447s] INFO:colcon.colcon_core.shell:Creating package script '/home/lennoxtr/turtlebot3_ws/src/install/robot_goal/share/robot_goal/package.zsh'
[1.447s] Level 1:colcon.colcon_core.environment:create_file_with_runtime_dependencies(/home/lennoxtr/turtlebot3_ws/src/install/robot_goal/share/colcon-core/packages/robot_goal)
[1.448s] DEBUG:colcon.colcon_core.event_handler.log_command:Invoked command in '/home/lennoxtr/turtlebot3_ws/src/build/heading_msg' returned '0': CMAKE_PREFIX_PATH=/opt/ros/humble /usr/bin/cmake /home/lennoxtr/turtlebot3_ws/src/heading_msg -DCMAKE_INSTALL_PREFIX=/home/lennoxtr/turtlebot3_ws/src/install/heading_msg
[1.449s] DEBUG:colcon.colcon_core.event_handler.log_command:Invoking command in '/home/lennoxtr/turtlebot3_ws/src/build/heading_msg': CMAKE_PREFIX_PATH=/opt/ros/humble /usr/bin/cmake --build /home/lennoxtr/turtlebot3_ws/src/build/heading_msg -- -j12 -l12
[1.483s] Level 1:colcon.colcon_core.environment:create_environment_scripts_only(robot_goal)
[1.483s] Level 1:colcon.colcon_core.environment:checking '/home/lennoxtr/turtlebot3_ws/src/install/robot_goal' for CMake module files
[1.484s] Level 1:colcon.colcon_core.environment:checking '/home/lennoxtr/turtlebot3_ws/src/install/robot_goal' for CMake config files
[1.484s] Level 1:colcon.colcon_core.shell:create_environment_hook('robot_goal', 'cmake_prefix_path')
[1.485s] INFO:colcon.colcon_core.shell:Creating environment hook '/home/lennoxtr/turtlebot3_ws/src/install/robot_goal/share/robot_goal/hook/cmake_prefix_path.ps1'
[1.485s] INFO:colcon.colcon_core.shell:Creating environment descriptor '/home/lennoxtr/turtlebot3_ws/src/install/robot_goal/share/robot_goal/hook/cmake_prefix_path.dsv'
[1.486s] INFO:colcon.colcon_core.shell:Creating environment hook '/home/lennoxtr/turtlebot3_ws/src/install/robot_goal/share/robot_goal/hook/cmake_prefix_path.sh'
[1.486s] Level 1:colcon.colcon_core.environment:checking '/home/lennoxtr/turtlebot3_ws/src/install/robot_goal/lib'
[1.486s] Level 1:colcon.colcon_core.shell:create_environment_hook('robot_goal', 'ld_library_path_lib')
[1.487s] INFO:colcon.colcon_core.shell:Creating environment hook '/home/lennoxtr/turtlebot3_ws/src/install/robot_goal/share/robot_goal/hook/ld_library_path_lib.ps1'
[1.487s] INFO:colcon.colcon_core.shell:Creating environment descriptor '/home/lennoxtr/turtlebot3_ws/src/install/robot_goal/share/robot_goal/hook/ld_library_path_lib.dsv'
[1.487s] INFO:colcon.colcon_core.shell:Creating environment hook '/home/lennoxtr/turtlebot3_ws/src/install/robot_goal/share/robot_goal/hook/ld_library_path_lib.sh'
[1.488s] Level 1:colcon.colcon_core.environment:checking '/home/lennoxtr/turtlebot3_ws/src/install/robot_goal/bin'
[1.488s] Level 1:colcon.colcon_core.environment:checking '/home/lennoxtr/turtlebot3_ws/src/install/robot_goal/lib/pkgconfig/robot_goal.pc'
[1.488s] Level 1:colcon.colcon_core.environment:checking '/home/lennoxtr/turtlebot3_ws/src/install/robot_goal/lib/python3.10/site-packages'
[1.488s] Level 1:colcon.colcon_core.environment:checking '/home/lennoxtr/turtlebot3_ws/src/install/robot_goal/bin'
[1.489s] INFO:colcon.colcon_core.shell:Creating package script '/home/lennoxtr/turtlebot3_ws/src/install/robot_goal/share/robot_goal/package.ps1'
[1.489s] INFO:colcon.colcon_core.shell:Creating package descriptor '/home/lennoxtr/turtlebot3_ws/src/install/robot_goal/share/robot_goal/package.dsv'
[1.490s] INFO:colcon.colcon_core.shell:Creating package script '/home/lennoxtr/turtlebot3_ws/src/install/robot_goal/share/robot_goal/package.sh'
[1.490s] INFO:colcon.colcon_core.shell:Creating package script '/home/lennoxtr/turtlebot3_ws/src/install/robot_goal/share/robot_goal/package.bash'
[1.491s] INFO:colcon.colcon_core.shell:Creating package script '/home/lennoxtr/turtlebot3_ws/src/install/robot_goal/share/robot_goal/package.zsh'
[1.491s] Level 1:colcon.colcon_core.environment:create_file_with_runtime_dependencies(/home/lennoxtr/turtlebot3_ws/src/install/robot_goal/share/colcon-core/packages/robot_goal)
[1.491s] INFO:colcon.colcon_ros.task.ament_python.build:Building ROS package in '/home/lennoxtr/turtlebot3_ws/src/goal_input' with build type 'ament_python'
[1.492s] Level 1:colcon.colcon_core.shell:create_environment_hook('goal_input', 'ament_prefix_path')
[1.492s] INFO:colcon.colcon_core.shell:Creating environment hook '/home/lennoxtr/turtlebot3_ws/src/install/goal_input/share/goal_input/hook/ament_prefix_path.ps1'
[1.493s] INFO:colcon.colcon_core.shell:Creating environment descriptor '/home/lennoxtr/turtlebot3_ws/src/install/goal_input/share/goal_input/hook/ament_prefix_path.dsv'
[1.493s] INFO:colcon.colcon_core.shell:Creating environment hook '/home/lennoxtr/turtlebot3_ws/src/install/goal_input/share/goal_input/hook/ament_prefix_path.sh'
[1.494s] INFO:colcon.colcon_core.shell:Skip shell extension 'powershell' for command environment: Not usable outside of PowerShell
[1.494s] DEBUG:colcon.colcon_core.shell:Skip shell extension 'dsv' for command environment
[1.680s] INFO:colcon.colcon_core.task.python.build:Building Python package in '/home/lennoxtr/turtlebot3_ws/src/goal_input'
[1.680s] INFO:colcon.colcon_core.shell:Skip shell extension 'powershell' for command environment: Not usable outside of PowerShell
[1.680s] DEBUG:colcon.colcon_core.shell:Skip shell extension 'dsv' for command environment
[1.685s] DEBUG:colcon.colcon_core.event_handler.log_command:Invoked command in '/home/lennoxtr/turtlebot3_ws/src/build/velocity_msg' returned '0': CMAKE_PREFIX_PATH=/opt/ros/humble /usr/bin/cmake /home/lennoxtr/turtlebot3_ws/src/velocity_msg -DCMAKE_INSTALL_PREFIX=/home/lennoxtr/turtlebot3_ws/src/install/velocity_msg
[1.686s] DEBUG:colcon.colcon_core.event_handler.log_command:Invoking command in '/home/lennoxtr/turtlebot3_ws/src/build/velocity_msg': CMAKE_PREFIX_PATH=/opt/ros/humble /usr/bin/cmake --build /home/lennoxtr/turtlebot3_ws/src/build/velocity_msg -- -j12 -l12
[2.093s] DEBUG:colcon.colcon_core.event_handler.log_command:Invoking command in '/home/lennoxtr/turtlebot3_ws/src/goal_input': AMENT_PREFIX_PATH=/home/lennoxtr/turtlebot3_ws/src/install/robot_goal:${AMENT_PREFIX_PATH} CMAKE_PREFIX_PATH=/home/lennoxtr/turtlebot3_ws/src/install/robot_goal LD_LIBRARY_PATH=/home/lennoxtr/turtlebot3_ws/src/install/robot_goal/lib:/usr/lib/x86_64-linux-gnu/gazebo-11/plugins:/opt/ros/humble/opt/rviz_ogre_vendor/lib:/opt/ros/humble/lib/x86_64-linux-gnu:/opt/ros/humble/lib:/usr/lib/x86_64-linux-gnu/gazebo-11/plugins:/usr/lib/x86_64-linux-gnu/gazebo-11/plugins:/usr/lib/x86_64-linux-gnu/gazebo-11/plugins PYTHONPATH=/home/lennoxtr/turtlebot3_ws/src/build/goal_input/prefix_override:/usr/lib/python3/dist-packages/colcon_core/task/python/colcon_distutils_commands:/home/lennoxtr/turtlebot3_ws/src/install/goal_input/lib/python3.10/site-packages:/home/lennoxtr/turtlebot3_ws/src/install/robot_goal/local/lib/python3.10/dist-packages:${PYTHONPATH} /usr/bin/python3 -W ignore:setup.py install is deprecated setup.py egg_info --egg-base ../build/goal_input build --build-base /home/lennoxtr/turtlebot3_ws/src/build/goal_input/build install --record /home/lennoxtr/turtlebot3_ws/src/build/goal_input/install.log --single-version-externally-managed install_data
[2.421s] Level 1:colcon.colcon_core.environment:checking '/home/lennoxtr/turtlebot3_ws/src/install/goal_input' for CMake module files
[2.422s] DEBUG:colcon.colcon_core.event_handler.log_command:Invoked command in '/home/lennoxtr/turtlebot3_ws/src/goal_input' returned '0': AMENT_PREFIX_PATH=/home/lennoxtr/turtlebot3_ws/src/install/robot_goal:${AMENT_PREFIX_PATH} CMAKE_PREFIX_PATH=/home/lennoxtr/turtlebot3_ws/src/install/robot_goal LD_LIBRARY_PATH=/home/lennoxtr/turtlebot3_ws/src/install/robot_goal/lib:/usr/lib/x86_64-linux-gnu/gazebo-11/plugins:/opt/ros/humble/opt/rviz_ogre_vendor/lib:/opt/ros/humble/lib/x86_64-linux-gnu:/opt/ros/humble/lib:/usr/lib/x86_64-linux-gnu/gazebo-11/plugins:/usr/lib/x86_64-linux-gnu/gazebo-11/plugins:/usr/lib/x86_64-linux-gnu/gazebo-11/plugins PYTHONPATH=/home/lennoxtr/turtlebot3_ws/src/build/goal_input/prefix_override:/usr/lib/python3/dist-packages/colcon_core/task/python/colcon_distutils_commands:/home/lennoxtr/turtlebot3_ws/src/install/goal_input/lib/python3.10/site-packages:/home/lennoxtr/turtlebot3_ws/src/install/robot_goal/local/lib/python3.10/dist-packages:${PYTHONPATH} /usr/bin/python3 -W ignore:setup.py install is deprecated setup.py egg_info --egg-base ../build/goal_input build --build-base /home/lennoxtr/turtlebot3_ws/src/build/goal_input/build install --record /home/lennoxtr/turtlebot3_ws/src/build/goal_input/install.log --single-version-externally-managed install_data
[2.422s] Level 1:colcon.colcon_core.environment:checking '/home/lennoxtr/turtlebot3_ws/src/install/goal_input' for CMake config files
[2.423s] Level 1:colcon.colcon_core.environment:checking '/home/lennoxtr/turtlebot3_ws/src/install/goal_input/lib'
[2.423s] Level 1:colcon.colcon_core.environment:checking '/home/lennoxtr/turtlebot3_ws/src/install/goal_input/bin'
[2.423s] Level 1:colcon.colcon_core.environment:checking '/home/lennoxtr/turtlebot3_ws/src/install/goal_input/lib/pkgconfig/goal_input.pc'
[2.424s] Level 1:colcon.colcon_core.environment:checking '/home/lennoxtr/turtlebot3_ws/src/install/goal_input/lib/python3.10/site-packages'
[2.424s] Level 1:colcon.colcon_core.shell:create_environment_hook('goal_input', 'pythonpath')
[2.424s] INFO:colcon.colcon_core.shell:Creating environment hook '/home/lennoxtr/turtlebot3_ws/src/install/goal_input/share/goal_input/hook/pythonpath.ps1'
[2.425s] INFO:colcon.colcon_core.shell:Creating environment descriptor '/home/lennoxtr/turtlebot3_ws/src/install/goal_input/share/goal_input/hook/pythonpath.dsv'
[2.425s] INFO:colcon.colcon_core.shell:Creating environment hook '/home/lennoxtr/turtlebot3_ws/src/install/goal_input/share/goal_input/hook/pythonpath.sh'
[2.427s] Level 1:colcon.colcon_core.environment:checking '/home/lennoxtr/turtlebot3_ws/src/install/goal_input/bin'
[2.427s] Level 1:colcon.colcon_core.environment:create_environment_scripts_only(goal_input)
[2.427s] INFO:colcon.colcon_core.shell:Creating package script '/home/lennoxtr/turtlebot3_ws/src/install/goal_input/share/goal_input/package.ps1'
[2.428s] INFO:colcon.colcon_core.shell:Creating package descriptor '/home/lennoxtr/turtlebot3_ws/src/install/goal_input/share/goal_input/package.dsv'
[2.429s] INFO:colcon.colcon_core.shell:Creating package script '/home/lennoxtr/turtlebot3_ws/src/install/goal_input/share/goal_input/package.sh'
[2.429s] INFO:colcon.colcon_core.shell:Creating package script '/home/lennoxtr/turtlebot3_ws/src/install/goal_input/share/goal_input/package.bash'
[2.430s] INFO:colcon.colcon_core.shell:Creating package script '/home/lennoxtr/turtlebot3_ws/src/install/goal_input/share/goal_input/package.zsh'
[2.430s] Level 1:colcon.colcon_core.environment:create_file_with_runtime_dependencies(/home/lennoxtr/turtlebot3_ws/src/install/goal_input/share/colcon-core/packages/goal_input)
[2.910s] DEBUG:colcon.colcon_core.event_handler.log_command:Invoked command in '/home/lennoxtr/turtlebot3_ws/src/build/heading_msg' returned '0': CMAKE_PREFIX_PATH=/opt/ros/humble /usr/bin/cmake --build /home/lennoxtr/turtlebot3_ws/src/build/heading_msg -- -j12 -l12
[2.946s] DEBUG:colcon.colcon_core.event_handler.log_command:Invoking command in '/home/lennoxtr/turtlebot3_ws/src/build/heading_msg': CMAKE_PREFIX_PATH=/opt/ros/humble /usr/bin/cmake --install /home/lennoxtr/turtlebot3_ws/src/build/heading_msg
[2.985s] Level 1:colcon.colcon_core.environment:create_environment_scripts_only(heading_msg)
[2.985s] Level 1:colcon.colcon_core.environment:checking '/home/lennoxtr/turtlebot3_ws/src/install/heading_msg' for CMake module files
[2.985s] DEBUG:colcon.colcon_core.event_handler.log_command:Invoked command in '/home/lennoxtr/turtlebot3_ws/src/build/heading_msg' returned '0': CMAKE_PREFIX_PATH=/opt/ros/humble /usr/bin/cmake --install /home/lennoxtr/turtlebot3_ws/src/build/heading_msg
[2.986s] Level 1:colcon.colcon_core.environment:checking '/home/lennoxtr/turtlebot3_ws/src/install/heading_msg' for CMake config files
[2.986s] Level 1:colcon.colcon_core.shell:create_environment_hook('heading_msg', 'cmake_prefix_path')
[2.986s] INFO:colcon.colcon_core.shell:Creating environment hook '/home/lennoxtr/turtlebot3_ws/src/install/heading_msg/share/heading_msg/hook/cmake_prefix_path.ps1'
[2.986s] INFO:colcon.colcon_core.shell:Creating environment descriptor '/home/lennoxtr/turtlebot3_ws/src/install/heading_msg/share/heading_msg/hook/cmake_prefix_path.dsv'
[2.987s] INFO:colcon.colcon_core.shell:Creating environment hook '/home/lennoxtr/turtlebot3_ws/src/install/heading_msg/share/heading_msg/hook/cmake_prefix_path.sh'
[2.987s] Level 1:colcon.colcon_core.environment:checking '/home/lennoxtr/turtlebot3_ws/src/install/heading_msg/lib'
[2.987s] Level 1:colcon.colcon_core.shell:create_environment_hook('heading_msg', 'ld_library_path_lib')
[2.987s] INFO:colcon.colcon_core.shell:Creating environment hook '/home/lennoxtr/turtlebot3_ws/src/install/heading_msg/share/heading_msg/hook/ld_library_path_lib.ps1'
[2.987s] INFO:colcon.colcon_core.shell:Creating environment descriptor '/home/lennoxtr/turtlebot3_ws/src/install/heading_msg/share/heading_msg/hook/ld_library_path_lib.dsv'
[2.988s] INFO:colcon.colcon_core.shell:Creating environment hook '/home/lennoxtr/turtlebot3_ws/src/install/heading_msg/share/heading_msg/hook/ld_library_path_lib.sh'
[2.988s] Level 1:colcon.colcon_core.environment:checking '/home/lennoxtr/turtlebot3_ws/src/install/heading_msg/bin'
[2.988s] Level 1:colcon.colcon_core.environment:checking '/home/lennoxtr/turtlebot3_ws/src/install/heading_msg/lib/pkgconfig/heading_msg.pc'
[2.988s] Level 1:colcon.colcon_core.environment:checking '/home/lennoxtr/turtlebot3_ws/src/install/heading_msg/lib/python3.10/site-packages'
[2.988s] Level 1:colcon.colcon_core.environment:checking '/home/lennoxtr/turtlebot3_ws/src/install/heading_msg/bin'
[2.988s] INFO:colcon.colcon_core.shell:Creating package script '/home/lennoxtr/turtlebot3_ws/src/install/heading_msg/share/heading_msg/package.ps1'
[2.989s] INFO:colcon.colcon_core.shell:Creating package descriptor '/home/lennoxtr/turtlebot3_ws/src/install/heading_msg/share/heading_msg/package.dsv'
[2.989s] INFO:colcon.colcon_core.shell:Creating package script '/home/lennoxtr/turtlebot3_ws/src/install/heading_msg/share/heading_msg/package.sh'
[2.989s] INFO:colcon.colcon_core.shell:Creating package script '/home/lennoxtr/turtlebot3_ws/src/install/heading_msg/share/heading_msg/package.bash'
[2.989s] INFO:colcon.colcon_core.shell:Creating package script '/home/lennoxtr/turtlebot3_ws/src/install/heading_msg/share/heading_msg/package.zsh'
[2.990s] Level 1:colcon.colcon_core.environment:create_file_with_runtime_dependencies(/home/lennoxtr/turtlebot3_ws/src/install/heading_msg/share/colcon-core/packages/heading_msg)
[3.026s] Level 1:colcon.colcon_core.environment:create_environment_scripts_only(heading_msg)
[3.026s] Level 1:colcon.colcon_core.environment:checking '/home/lennoxtr/turtlebot3_ws/src/install/heading_msg' for CMake module files
[3.027s] Level 1:colcon.colcon_core.environment:checking '/home/lennoxtr/turtlebot3_ws/src/install/heading_msg' for CMake config files
[3.027s] Level 1:colcon.colcon_core.shell:create_environment_hook('heading_msg', 'cmake_prefix_path')
[3.027s] INFO:colcon.colcon_core.shell:Creating environment hook '/home/lennoxtr/turtlebot3_ws/src/install/heading_msg/share/heading_msg/hook/cmake_prefix_path.ps1'
[3.028s] INFO:colcon.colcon_core.shell:Creating environment descriptor '/home/lennoxtr/turtlebot3_ws/src/install/heading_msg/share/heading_msg/hook/cmake_prefix_path.dsv'
[3.028s] INFO:colcon.colcon_core.shell:Creating environment hook '/home/lennoxtr/turtlebot3_ws/src/install/heading_msg/share/heading_msg/hook/cmake_prefix_path.sh'
[3.029s] Level 1:colcon.colcon_core.environment:checking '/home/lennoxtr/turtlebot3_ws/src/install/heading_msg/lib'
[3.029s] Level 1:colcon.colcon_core.shell:create_environment_hook('heading_msg', 'ld_library_path_lib')
[3.029s] INFO:colcon.colcon_core.shell:Creating environment hook '/home/lennoxtr/turtlebot3_ws/src/install/heading_msg/share/heading_msg/hook/ld_library_path_lib.ps1'
[3.029s] INFO:colcon.colcon_core.shell:Creating environment descriptor '/home/lennoxtr/turtlebot3_ws/src/install/heading_msg/share/heading_msg/hook/ld_library_path_lib.dsv'
[3.030s] INFO:colcon.colcon_core.shell:Creating environment hook '/home/lennoxtr/turtlebot3_ws/src/install/heading_msg/share/heading_msg/hook/ld_library_path_lib.sh'
[3.030s] Level 1:colcon.colcon_core.environment:checking '/home/lennoxtr/turtlebot3_ws/src/install/heading_msg/bin'
[3.030s] Level 1:colcon.colcon_core.environment:checking '/home/lennoxtr/turtlebot3_ws/src/install/heading_msg/lib/pkgconfig/heading_msg.pc'
[3.030s] Level 1:colcon.colcon_core.environment:checking '/home/lennoxtr/turtlebot3_ws/src/install/heading_msg/lib/python3.10/site-packages'
[3.031s] Level 1:colcon.colcon_core.environment:checking '/home/lennoxtr/turtlebot3_ws/src/install/heading_msg/bin'
[3.031s] INFO:colcon.colcon_core.shell:Creating package script '/home/lennoxtr/turtlebot3_ws/src/install/heading_msg/share/heading_msg/package.ps1'
[3.031s] INFO:colcon.colcon_core.shell:Creating package descriptor '/home/lennoxtr/turtlebot3_ws/src/install/heading_msg/share/heading_msg/package.dsv'
[3.032s] INFO:colcon.colcon_core.shell:Creating package script '/home/lennoxtr/turtlebot3_ws/src/install/heading_msg/share/heading_msg/package.sh'
[3.032s] INFO:colcon.colcon_core.shell:Creating package script '/home/lennoxtr/turtlebot3_ws/src/install/heading_msg/share/heading_msg/package.bash'
[3.032s] INFO:colcon.colcon_core.shell:Creating package script '/home/lennoxtr/turtlebot3_ws/src/install/heading_msg/share/heading_msg/package.zsh'
[3.032s] Level 1:colcon.colcon_core.environment:create_file_with_runtime_dependencies(/home/lennoxtr/turtlebot3_ws/src/install/heading_msg/share/colcon-core/packages/heading_msg)
[3.123s] DEBUG:colcon.colcon_core.event_handler.log_command:Invoked command in '/home/lennoxtr/turtlebot3_ws/src/build/velocity_msg' returned '0': CMAKE_PREFIX_PATH=/opt/ros/humble /usr/bin/cmake --build /home/lennoxtr/turtlebot3_ws/src/build/velocity_msg -- -j12 -l12
[3.161s] DEBUG:colcon.colcon_core.event_handler.log_command:Invoking command in '/home/lennoxtr/turtlebot3_ws/src/build/velocity_msg': CMAKE_PREFIX_PATH=/opt/ros/humble /usr/bin/cmake --install /home/lennoxtr/turtlebot3_ws/src/build/velocity_msg
[3.199s] Level 1:colcon.colcon_core.environment:create_environment_scripts_only(velocity_msg)
[3.199s] Level 1:colcon.colcon_core.environment:checking '/home/lennoxtr/turtlebot3_ws/src/install/velocity_msg' for CMake module files
[3.200s] DEBUG:colcon.colcon_core.event_handler.log_command:Invoked command in '/home/lennoxtr/turtlebot3_ws/src/build/velocity_msg' returned '0': CMAKE_PREFIX_PATH=/opt/ros/humble /usr/bin/cmake --install /home/lennoxtr/turtlebot3_ws/src/build/velocity_msg
[3.200s] Level 1:colcon.colcon_core.environment:checking '/home/lennoxtr/turtlebot3_ws/src/install/velocity_msg' for CMake config files
[3.200s] Level 1:colcon.colcon_core.shell:create_environment_hook('velocity_msg', 'cmake_prefix_path')
[3.200s] INFO:colcon.colcon_core.shell:Creating environment hook '/home/lennoxtr/turtlebot3_ws/src/install/velocity_msg/share/velocity_msg/hook/cmake_prefix_path.ps1'
[3.200s] INFO:colcon.colcon_core.shell:Creating environment descriptor '/home/lennoxtr/turtlebot3_ws/src/install/velocity_msg/share/velocity_msg/hook/cmake_prefix_path.dsv'
[3.201s] INFO:colcon.colcon_core.shell:Creating environment hook '/home/lennoxtr/turtlebot3_ws/src/install/velocity_msg/share/velocity_msg/hook/cmake_prefix_path.sh'
[3.201s] Level 1:colcon.colcon_core.environment:checking '/home/lennoxtr/turtlebot3_ws/src/install/velocity_msg/lib'
[3.201s] Level 1:colcon.colcon_core.shell:create_environment_hook('velocity_msg', 'ld_library_path_lib')
[3.201s] INFO:colcon.colcon_core.shell:Creating environment hook '/home/lennoxtr/turtlebot3_ws/src/install/velocity_msg/share/velocity_msg/hook/ld_library_path_lib.ps1'
[3.201s] INFO:colcon.colcon_core.shell:Creating environment descriptor '/home/lennoxtr/turtlebot3_ws/src/install/velocity_msg/share/velocity_msg/hook/ld_library_path_lib.dsv'
[3.202s] INFO:colcon.colcon_core.shell:Creating environment hook '/home/lennoxtr/turtlebot3_ws/src/install/velocity_msg/share/velocity_msg/hook/ld_library_path_lib.sh'
[3.202s] Level 1:colcon.colcon_core.environment:checking '/home/lennoxtr/turtlebot3_ws/src/install/velocity_msg/bin'
[3.202s] Level 1:colcon.colcon_core.environment:checking '/home/lennoxtr/turtlebot3_ws/src/install/velocity_msg/lib/pkgconfig/velocity_msg.pc'
[3.202s] Level 1:colcon.colcon_core.environment:checking '/home/lennoxtr/turtlebot3_ws/src/install/velocity_msg/lib/python3.10/site-packages'
[3.202s] Level 1:colcon.colcon_core.environment:checking '/home/lennoxtr/turtlebot3_ws/src/install/velocity_msg/bin'
[3.202s] INFO:colcon.colcon_core.shell:Creating package script '/home/lennoxtr/turtlebot3_ws/src/install/velocity_msg/share/velocity_msg/package.ps1'
[3.203s] INFO:colcon.colcon_core.shell:Creating package descriptor '/home/lennoxtr/turtlebot3_ws/src/install/velocity_msg/share/velocity_msg/package.dsv'
[3.203s] INFO:colcon.colcon_core.shell:Creating package script '/home/lennoxtr/turtlebot3_ws/src/install/velocity_msg/share/velocity_msg/package.sh'
[3.203s] INFO:colcon.colcon_core.shell:Creating package script '/home/lennoxtr/turtlebot3_ws/src/install/velocity_msg/share/velocity_msg/package.bash'
[3.203s] INFO:colcon.colcon_core.shell:Creating package script '/home/lennoxtr/turtlebot3_ws/src/install/velocity_msg/share/velocity_msg/package.zsh'
[3.203s] Level 1:colcon.colcon_core.environment:create_file_with_runtime_dependencies(/home/lennoxtr/turtlebot3_ws/src/install/velocity_msg/share/colcon-core/packages/velocity_msg)
[3.240s] Level 1:colcon.colcon_core.environment:create_environment_scripts_only(velocity_msg)
[3.240s] Level 1:colcon.colcon_core.environment:checking '/home/lennoxtr/turtlebot3_ws/src/install/velocity_msg' for CMake module files
[3.240s] Level 1:colcon.colcon_core.environment:checking '/home/lennoxtr/turtlebot3_ws/src/install/velocity_msg' for CMake config files
[3.240s] Level 1:colcon.colcon_core.shell:create_environment_hook('velocity_msg', 'cmake_prefix_path')
[3.241s] INFO:colcon.colcon_core.shell:Creating environment hook '/home/lennoxtr/turtlebot3_ws/src/install/velocity_msg/share/velocity_msg/hook/cmake_prefix_path.ps1'
[3.241s] INFO:colcon.colcon_core.shell:Creating environment descriptor '/home/lennoxtr/turtlebot3_ws/src/install/velocity_msg/share/velocity_msg/hook/cmake_prefix_path.dsv'
[3.241s] INFO:colcon.colcon_core.shell:Creating environment hook '/home/lennoxtr/turtlebot3_ws/src/install/velocity_msg/share/velocity_msg/hook/cmake_prefix_path.sh'
[3.242s] Level 1:colcon.colcon_core.environment:checking '/home/lennoxtr/turtlebot3_ws/src/install/velocity_msg/lib'
[3.242s] Level 1:colcon.colcon_core.shell:create_environment_hook('velocity_msg', 'ld_library_path_lib')
[3.242s] INFO:colcon.colcon_core.shell:Creating environment hook '/home/lennoxtr/turtlebot3_ws/src/install/velocity_msg/share/velocity_msg/hook/ld_library_path_lib.ps1'
[3.242s] INFO:colcon.colcon_core.shell:Creating environment descriptor '/home/lennoxtr/turtlebot3_ws/src/install/velocity_msg/share/velocity_msg/hook/ld_library_path_lib.dsv'
[3.242s] INFO:colcon.colcon_core.shell:Creating environment hook '/home/lennoxtr/turtlebot3_ws/src/install/velocity_msg/share/velocity_msg/hook/ld_library_path_lib.sh'
[3.243s] Level 1:colcon.colcon_core.environment:checking '/home/lennoxtr/turtlebot3_ws/src/install/velocity_msg/bin'
[3.243s] Level 1:colcon.colcon_core.environment:checking '/home/lennoxtr/turtlebot3_ws/src/install/velocity_msg/lib/pkgconfig/velocity_msg.pc'
[3.243s] Level 1:colcon.colcon_core.environment:checking '/home/lennoxtr/turtlebot3_ws/src/install/velocity_msg/lib/python3.10/site-packages'
[3.243s] Level 1:colcon.colcon_core.environment:checking '/home/lennoxtr/turtlebot3_ws/src/install/velocity_msg/bin'
[3.243s] INFO:colcon.colcon_core.shell:Creating package script '/home/lennoxtr/turtlebot3_ws/src/install/velocity_msg/share/velocity_msg/package.ps1'
[3.243s] INFO:colcon.colcon_core.shell:Creating package descriptor '/home/lennoxtr/turtlebot3_ws/src/install/velocity_msg/share/velocity_msg/package.dsv'
[3.244s] INFO:colcon.colcon_core.shell:Creating package script '/home/lennoxtr/turtlebot3_ws/src/install/velocity_msg/share/velocity_msg/package.sh'
[3.244s] INFO:colcon.colcon_core.shell:Creating package script '/home/lennoxtr/turtlebot3_ws/src/install/velocity_msg/share/velocity_msg/package.bash'
[3.244s] INFO:colcon.colcon_core.shell:Creating package script '/home/lennoxtr/turtlebot3_ws/src/install/velocity_msg/share/velocity_msg/package.zsh'
[3.244s] Level 1:colcon.colcon_core.environment:create_file_with_runtime_dependencies(/home/lennoxtr/turtlebot3_ws/src/install/velocity_msg/share/colcon-core/packages/velocity_msg)
[3.245s] DEBUG:colcon.colcon_parallel_executor.executor.parallel:closing loop
[3.245s] DEBUG:colcon.colcon_parallel_executor.executor.parallel:loop closed
[3.245s] DEBUG:colcon.colcon_parallel_executor.executor.parallel:run_until_complete finished with '0'
[3.245s] DEBUG:colcon.colcon_core.event_reactor:joining thread
[3.249s] INFO:colcon.colcon_core.plugin_system:Skipping extension 'colcon_notification.desktop_notification.terminal_notifier': Not used on non-Darwin systems
[3.249s] INFO:colcon.colcon_core.plugin_system:Skipping extension 'colcon_notification.desktop_notification.win32': Not used on non-Windows systems
[3.249s] INFO:colcon.colcon_notification.desktop_notification:Sending desktop notification using 'notify2'
[3.261s] DEBUG:colcon.colcon_core.event_reactor:joined thread
[3.261s] INFO:colcon.colcon_core.shell:Creating prefix script '/home/lennoxtr/turtlebot3_ws/src/install/local_setup.ps1'
[3.262s] INFO:colcon.colcon_core.shell:Creating prefix util module '/home/lennoxtr/turtlebot3_ws/src/install/_local_setup_util_ps1.py'
[3.264s] INFO:colcon.colcon_core.shell:Creating prefix chain script '/home/lennoxtr/turtlebot3_ws/src/install/setup.ps1'
[3.264s] INFO:colcon.colcon_core.shell:Creating prefix script '/home/lennoxtr/turtlebot3_ws/src/install/local_setup.sh'
[3.265s] INFO:colcon.colcon_core.shell:Creating prefix util module '/home/lennoxtr/turtlebot3_ws/src/install/_local_setup_util_sh.py'
[3.265s] INFO:colcon.colcon_core.shell:Creating prefix chain script '/home/lennoxtr/turtlebot3_ws/src/install/setup.sh'
[3.266s] INFO:colcon.colcon_core.shell:Creating prefix script '/home/lennoxtr/turtlebot3_ws/src/install/local_setup.bash'
[3.266s] INFO:colcon.colcon_core.shell:Creating prefix chain script '/home/lennoxtr/turtlebot3_ws/src/install/setup.bash'
[3.267s] INFO:colcon.colcon_core.shell:Creating prefix script '/home/lennoxtr/turtlebot3_ws/src/install/local_setup.zsh'
[3.267s] INFO:colcon.colcon_core.shell:Creating prefix chain script '/home/lennoxtr/turtlebot3_ws/src/install/setup.zsh'
