[0.447s] Invoking command in '/home/lennoxtr/turtlebot3_ws/src/robot_goal_pub': CMAKE_PREFIX_PATH=/home/lennoxtr/turtlebot3_ws/src/install/velocity_msg:/home/lennoxtr/turtlebot3_ws/src/install/heading_msg:/home/lennoxtr/turtlebot3_ws/src/install/turtlebot3_simulations:/home/lennoxtr/turtlebot3_ws/src/install/turtlebot3_gazebo:/home/lennoxtr/turtlebot3_ws/src/install/turtlebot3_fake_node:/home/lennoxtr/turtlebot3_ws/src/install/robot_goal LD_LIBRARY_PATH=/home/lennoxtr/turtlebot3_ws/src/install/velocity_msg/lib:/home/lennoxtr/turtlebot3_ws/src/install/heading_msg/lib:/home/lennoxtr/turtlebot3_ws/src/install/robot_goal/lib:/usr/lib/x86_64-linux-gnu/gazebo-11/plugins:/opt/ros/humble/opt/rviz_ogre_vendor/lib:/opt/ros/humble/lib/x86_64-linux-gnu:/opt/ros/humble/lib:/usr/lib/x86_64-linux-gnu/gazebo-11/plugins:/usr/lib/x86_64-linux-gnu/gazebo-11/plugins:/usr/lib/x86_64-linux-gnu/gazebo-11/plugins:/usr/lib/x86_64-linux-gnu/gazebo-11/plugins:/usr/lib/x86_64-linux-gnu/gazebo-11/plugins:/usr/lib/x86_64-linux-gnu/gazebo-11/plugins:/usr/lib/x86_64-linux-gnu/gazebo-11/plugins:/usr/lib/x86_64-linux-gnu/gazebo-11/plugins:/usr/lib/x86_64-linux-gnu/gazebo-11/plugins:/usr/lib/x86_64-linux-gnu/gazebo-11/plugins PYTHONPATH=/home/lennoxtr/turtlebot3_ws/src/build/robot_goal_pub/prefix_override:/usr/lib/python3/dist-packages/colcon_core/task/python/colcon_distutils_commands:/home/lennoxtr/turtlebot3_ws/src/install/robot_goal_pub/lib/python3.10/site-packages:${PYTHONPATH} /usr/bin/python3 -W ignore:setup.py install is deprecated setup.py egg_info --egg-base ../build/robot_goal_pub build --build-base /home/lennoxtr/turtlebot3_ws/src/build/robot_goal_pub/build install --record /home/lennoxtr/turtlebot3_ws/src/build/robot_goal_pub/install.log --single-version-externally-managed install_data
[0.615s] running egg_info
[0.616s] writing ../build/robot_goal_pub/robot_goal_pub.egg-info/PKG-INFO
[0.616s] writing dependency_links to ../build/robot_goal_pub/robot_goal_pub.egg-info/dependency_links.txt
[0.616s] writing entry points to ../build/robot_goal_pub/robot_goal_pub.egg-info/entry_points.txt
[0.616s] writing requirements to ../build/robot_goal_pub/robot_goal_pub.egg-info/requires.txt
[0.616s] writing top-level names to ../build/robot_goal_pub/robot_goal_pub.egg-info/top_level.txt
[0.618s] reading manifest file '../build/robot_goal_pub/robot_goal_pub.egg-info/SOURCES.txt'
[0.618s] adding license file 'LICENSE'
[0.619s] writing manifest file '../build/robot_goal_pub/robot_goal_pub.egg-info/SOURCES.txt'
[0.619s] running build
[0.619s] running build_py
[0.619s] copying robot_goal_pub/RobotController.py -> /home/lennoxtr/turtlebot3_ws/src/build/robot_goal_pub/build/lib/robot_goal_pub
[0.619s] running install
[0.619s] running install_lib
[0.620s] copying /home/lennoxtr/turtlebot3_ws/src/build/robot_goal_pub/build/lib/robot_goal_pub/RobotController.py -> /home/lennoxtr/turtlebot3_ws/src/install/robot_goal_pub/lib/python3.10/site-packages/robot_goal_pub
[0.621s] byte-compiling /home/lennoxtr/turtlebot3_ws/src/install/robot_goal_pub/lib/python3.10/site-packages/robot_goal_pub/RobotController.py to RobotController.cpython-310.pyc
[0.622s] running install_data
[0.622s] running install_egg_info
[0.624s] removing '/home/lennoxtr/turtlebot3_ws/src/install/robot_goal_pub/lib/python3.10/site-packages/robot_goal_pub-0.0.0-py3.10.egg-info' (and everything under it)
[0.624s] Copying ../build/robot_goal_pub/robot_goal_pub.egg-info to /home/lennoxtr/turtlebot3_ws/src/install/robot_goal_pub/lib/python3.10/site-packages/robot_goal_pub-0.0.0-py3.10.egg-info
[0.625s] running install_scripts
[0.640s] Installing goal_pub script to /home/lennoxtr/turtlebot3_ws/src/install/robot_goal_pub/lib/robot_goal_pub
[0.641s] writing list of installed files to '/home/lennoxtr/turtlebot3_ws/src/build/robot_goal_pub/install.log'
[0.662s] Invoked command in '/home/lennoxtr/turtlebot3_ws/src/robot_goal_pub' returned '0': CMAKE_PREFIX_PATH=/home/lennoxtr/turtlebot3_ws/src/install/velocity_msg:/home/lennoxtr/turtlebot3_ws/src/install/heading_msg:/home/lennoxtr/turtlebot3_ws/src/install/turtlebot3_simulations:/home/lennoxtr/turtlebot3_ws/src/install/turtlebot3_gazebo:/home/lennoxtr/turtlebot3_ws/src/install/turtlebot3_fake_node:/home/lennoxtr/turtlebot3_ws/src/install/robot_goal LD_LIBRARY_PATH=/home/lennoxtr/turtlebot3_ws/src/install/velocity_msg/lib:/home/lennoxtr/turtlebot3_ws/src/install/heading_msg/lib:/home/lennoxtr/turtlebot3_ws/src/install/robot_goal/lib:/usr/lib/x86_64-linux-gnu/gazebo-11/plugins:/opt/ros/humble/opt/rviz_ogre_vendor/lib:/opt/ros/humble/lib/x86_64-linux-gnu:/opt/ros/humble/lib:/usr/lib/x86_64-linux-gnu/gazebo-11/plugins:/usr/lib/x86_64-linux-gnu/gazebo-11/plugins:/usr/lib/x86_64-linux-gnu/gazebo-11/plugins:/usr/lib/x86_64-linux-gnu/gazebo-11/plugins:/usr/lib/x86_64-linux-gnu/gazebo-11/plugins:/usr/lib/x86_64-linux-gnu/gazebo-11/plugins:/usr/lib/x86_64-linux-gnu/gazebo-11/plugins:/usr/lib/x86_64-linux-gnu/gazebo-11/plugins:/usr/lib/x86_64-linux-gnu/gazebo-11/plugins:/usr/lib/x86_64-linux-gnu/gazebo-11/plugins PYTHONPATH=/home/lennoxtr/turtlebot3_ws/src/build/robot_goal_pub/prefix_override:/usr/lib/python3/dist-packages/colcon_core/task/python/colcon_distutils_commands:/home/lennoxtr/turtlebot3_ws/src/install/robot_goal_pub/lib/python3.10/site-packages:${PYTHONPATH} /usr/bin/python3 -W ignore:setup.py install is deprecated setup.py egg_info --egg-base ../build/robot_goal_pub build --build-base /home/lennoxtr/turtlebot3_ws/src/build/robot_goal_pub/build install --record /home/lennoxtr/turtlebot3_ws/src/build/robot_goal_pub/install.log --single-version-externally-managed install_data
