[0.006s] Invoking command in '/home/lennoxtr/turtlebot3_ws/src/build/turtlebot3_simulations': CMAKE_PREFIX_PATH=/home/lennoxtr/turtlebot3_ws/src/install/turtlebot3_gazebo:/home/lennoxtr/turtlebot3_ws/src/install/turtlebot3_fake_node:/home/lennoxtr/turtlebot3_ws/src/install/velocity_msg:/home/lennoxtr/turtlebot3_ws/src/install/turtlebot3_simulations:/home/lennoxtr/turtlebot3_ws/src/install/robot_goal:/home/lennoxtr/turtlebot3_ws/src/install/heading_msg:/home/lennoxtr/turtlebot3_ws/src/install/robot_goal_pub:/home/lennoxtr/turtlebot3_ws/src/install/goal_input:/opt/ros/humble /usr/bin/cmake --build /home/lennoxtr/turtlebot3_ws/src/build/turtlebot3_simulations -- -j12 -l12
[0.035s] Invoked command in '/home/lennoxtr/turtlebot3_ws/src/build/turtlebot3_simulations' returned '0': CMAKE_PREFIX_PATH=/home/lennoxtr/turtlebot3_ws/src/install/turtlebot3_gazebo:/home/lennoxtr/turtlebot3_ws/src/install/turtlebot3_fake_node:/home/lennoxtr/turtlebot3_ws/src/install/velocity_msg:/home/lennoxtr/turtlebot3_ws/src/install/turtlebot3_simulations:/home/lennoxtr/turtlebot3_ws/src/install/robot_goal:/home/lennoxtr/turtlebot3_ws/src/install/heading_msg:/home/lennoxtr/turtlebot3_ws/src/install/robot_goal_pub:/home/lennoxtr/turtlebot3_ws/src/install/goal_input:/opt/ros/humble /usr/bin/cmake --build /home/lennoxtr/turtlebot3_ws/src/build/turtlebot3_simulations -- -j12 -l12
[0.053s] Invoking command in '/home/lennoxtr/turtlebot3_ws/src/build/turtlebot3_simulations': CMAKE_PREFIX_PATH=/home/lennoxtr/turtlebot3_ws/src/install/turtlebot3_gazebo:/home/lennoxtr/turtlebot3_ws/src/install/turtlebot3_fake_node:/home/lennoxtr/turtlebot3_ws/src/install/velocity_msg:/home/lennoxtr/turtlebot3_ws/src/install/turtlebot3_simulations:/home/lennoxtr/turtlebot3_ws/src/install/robot_goal:/home/lennoxtr/turtlebot3_ws/src/install/heading_msg:/home/lennoxtr/turtlebot3_ws/src/install/robot_goal_pub:/home/lennoxtr/turtlebot3_ws/src/install/goal_input:/opt/ros/humble /usr/bin/cmake --install /home/lennoxtr/turtlebot3_ws/src/build/turtlebot3_simulations
[0.059s] -- Install configuration: ""
[0.059s] -- Up-to-date: /home/lennoxtr/turtlebot3_ws/src/install/turtlebot3_simulations/share/ament_index/resource_index/package_run_dependencies/turtlebot3_simulations
[0.059s] -- Up-to-date: /home/lennoxtr/turtlebot3_ws/src/install/turtlebot3_simulations/share/ament_index/resource_index/parent_prefix_path/turtlebot3_simulations
[0.059s] -- Up-to-date: /home/lennoxtr/turtlebot3_ws/src/install/turtlebot3_simulations/share/turtlebot3_simulations/environment/ament_prefix_path.sh
[0.059s] -- Up-to-date: /home/lennoxtr/turtlebot3_ws/src/install/turtlebot3_simulations/share/turtlebot3_simulations/environment/ament_prefix_path.dsv
[0.059s] -- Up-to-date: /home/lennoxtr/turtlebot3_ws/src/install/turtlebot3_simulations/share/turtlebot3_simulations/environment/path.sh
[0.059s] -- Up-to-date: /home/lennoxtr/turtlebot3_ws/src/install/turtlebot3_simulations/share/turtlebot3_simulations/environment/path.dsv
[0.059s] -- Up-to-date: /home/lennoxtr/turtlebot3_ws/src/install/turtlebot3_simulations/share/turtlebot3_simulations/local_setup.bash
[0.059s] -- Up-to-date: /home/lennoxtr/turtlebot3_ws/src/install/turtlebot3_simulations/share/turtlebot3_simulations/local_setup.sh
[0.059s] -- Up-to-date: /home/lennoxtr/turtlebot3_ws/src/install/turtlebot3_simulations/share/turtlebot3_simulations/local_setup.zsh
[0.059s] -- Up-to-date: /home/lennoxtr/turtlebot3_ws/src/install/turtlebot3_simulations/share/turtlebot3_simulations/local_setup.dsv
[0.059s] -- Installing: /home/lennoxtr/turtlebot3_ws/src/install/turtlebot3_simulations/share/turtlebot3_simulations/package.dsv
[0.059s] -- Up-to-date: /home/lennoxtr/turtlebot3_ws/src/install/turtlebot3_simulations/share/ament_index/resource_index/packages/turtlebot3_simulations
[0.059s] -- Up-to-date: /home/lennoxtr/turtlebot3_ws/src/install/turtlebot3_simulations/share/turtlebot3_simulations/cmake/turtlebot3_simulationsConfig.cmake
[0.060s] -- Up-to-date: /home/lennoxtr/turtlebot3_ws/src/install/turtlebot3_simulations/share/turtlebot3_simulations/cmake/turtlebot3_simulationsConfig-version.cmake
[0.060s] -- Up-to-date: /home/lennoxtr/turtlebot3_ws/src/install/turtlebot3_simulations/share/turtlebot3_simulations/package.xml
[0.061s] Invoked command in '/home/lennoxtr/turtlebot3_ws/src/build/turtlebot3_simulations' returned '0': CMAKE_PREFIX_PATH=/home/lennoxtr/turtlebot3_ws/src/install/turtlebot3_gazebo:/home/lennoxtr/turtlebot3_ws/src/install/turtlebot3_fake_node:/home/lennoxtr/turtlebot3_ws/src/install/velocity_msg:/home/lennoxtr/turtlebot3_ws/src/install/turtlebot3_simulations:/home/lennoxtr/turtlebot3_ws/src/install/robot_goal:/home/lennoxtr/turtlebot3_ws/src/install/heading_msg:/home/lennoxtr/turtlebot3_ws/src/install/robot_goal_pub:/home/lennoxtr/turtlebot3_ws/src/install/goal_input:/opt/ros/humble /usr/bin/cmake --install /home/lennoxtr/turtlebot3_ws/src/build/turtlebot3_simulations
