-- Found ament_cmake: 1.3.10 (/opt/ros/humble/share/ament_cmake/cmake)
-- Found rosidl_default_generators: 1.2.0 (/opt/ros/humble/share/rosidl_default_generators/cmake)
-- Using all available rosidl_typesupport_c: rosidl_typesupport_fastrtps_c;rosidl_typesupport_introspection_c
-- Found rosidl_adapter: 3.1.5 (/opt/ros/humble/share/rosidl_adapter/cmake)
-- Using all available rosidl_typesupport_cpp: rosidl_typesupport_fastrtps_cpp;rosidl_typesupport_introspection_cpp
-- Found ament_cmake_ros: 0.10.0 (/opt/ros/humble/share/ament_cmake_ros/cmake)
-- Using all available rosidl_typesupport_c: rosidl_typesupport_fastrtps_c;rosidl_typesupport_introspection_c
-- Using all available rosidl_typesupport_cpp: rosidl_typesupport_fastrtps_cpp;rosidl_typesupport_introspection_cpp
-- Found python_cmake_module: 0.10.0 (/opt/ros/humble/share/python_cmake_module/cmake)
-- Using PYTHON_EXECUTABLE: /usr/bin/python3
-- Using PYTHON_INCLUDE_DIRS: /usr/include/python3.10
-- Using PYTHON_LIBRARIES: /usr/lib/x86_64-linux-gnu/libpython3.10.so
-- Found ament_lint_auto: 0.12.11 (/opt/ros/humble/share/ament_lint_auto/cmake)
-- Added test 'lint_cmake' to check CMake code style
-- Added test 'xmllint' to check XML markup files
-- Configuring done
-- Generating done
-- Build files have been written to: /home/lennoxtr/turtlebot3_ws/src/build/robot_goal
[35m[1mConsolidate compiler generated dependencies of target robot_goal__rosidl_generator_c[0m
[ 12%] Built target robot_goal__rosidl_generator_c
[ 12%] Built target robot_goal__cpp
[ 12%] Built target ament_cmake_python_copy_robot_goal
[35m[1mConsolidate compiler generated dependencies of target robot_goal__rosidl_typesupport_introspection_c[0m
[35m[1mConsolidate compiler generated dependencies of target robot_goal__rosidl_typesupport_fastrtps_c[0m
[35m[1mConsolidate compiler generated dependencies of target robot_goal__rosidl_typesupport_c[0m
[35m[1mConsolidate compiler generated dependencies of target robot_goal__rosidl_typesupport_introspection_cpp[0m
[35m[1mConsolidate compiler generated dependencies of target robot_goal__rosidl_typesupport_fastrtps_cpp[0m
[35m[1mConsolidate compiler generated dependencies of target robot_goal__rosidl_typesupport_cpp[0m
[ 22%] Built target robot_goal__rosidl_typesupport_c
[ 32%] Built target robot_goal__rosidl_typesupport_introspection_c
[ 41%] Built target robot_goal__rosidl_typesupport_fastrtps_c
[ 58%] Built target robot_goal__rosidl_typesupport_introspection_cpp
[ 61%] Built target robot_goal__rosidl_typesupport_fastrtps_cpp
[ 70%] Built target robot_goal__rosidl_typesupport_cpp
[ 70%] Built target robot_goal
[ 74%] Built target robot_goal__py
[35m[1mConsolidate compiler generated dependencies of target robot_goal__rosidl_generator_py[0m
[ 80%] Built target robot_goal__rosidl_generator_py
[35m[1mConsolidate compiler generated dependencies of target robot_goal__rosidl_typesupport_fastrtps_c__pyext[0m
[35m[1mConsolidate compiler generated dependencies of target robot_goal__rosidl_typesupport_introspection_c__pyext[0m
[35m[1mConsolidate compiler generated dependencies of target robot_goal__rosidl_typesupport_c__pyext[0m
[ 87%] Built target robot_goal__rosidl_typesupport_introspection_c__pyext
[ 93%] Built target robot_goal__rosidl_typesupport_fastrtps_c__pyext
[100%] Built target robot_goal__rosidl_typesupport_c__pyext
running egg_info
writing robot_goal.egg-info/PKG-INFO
writing dependency_links to robot_goal.egg-info/dependency_links.txt
writing top-level names to robot_goal.egg-info/top_level.txt
reading manifest file 'robot_goal.egg-info/SOURCES.txt'
writing manifest file 'robot_goal.egg-info/SOURCES.txt'
[100%] Built target ament_cmake_python_build_robot_goal_egg
-- Install configuration: ""
-- Up-to-date: /home/lennoxtr/turtlebot3_ws/src/install/robot_goal/share/ament_index/resource_index/rosidl_interfaces/robot_goal
-- Up-to-date: /home/lennoxtr/turtlebot3_ws/src/install/robot_goal/include/robot_goal/robot_goal
-- Up-to-date: /home/lennoxtr/turtlebot3_ws/src/install/robot_goal/include/robot_goal/robot_goal/msg
-- Up-to-date: /home/lennoxtr/turtlebot3_ws/src/install/robot_goal/include/robot_goal/robot_goal/msg/goal.h
-- Up-to-date: /home/lennoxtr/turtlebot3_ws/src/install/robot_goal/include/robot_goal/robot_goal/msg/detail
-- Up-to-date: /home/lennoxtr/turtlebot3_ws/src/install/robot_goal/include/robot_goal/robot_goal/msg/detail/goal__type_support.h
-- Up-to-date: /home/lennoxtr/turtlebot3_ws/src/install/robot_goal/include/robot_goal/robot_goal/msg/detail/goal__functions.c
-- Up-to-date: /home/lennoxtr/turtlebot3_ws/src/install/robot_goal/include/robot_goal/robot_goal/msg/detail/goal__functions.h
-- Up-to-date: /home/lennoxtr/turtlebot3_ws/src/install/robot_goal/include/robot_goal/robot_goal/msg/detail/goal__struct.h
-- Up-to-date: /home/lennoxtr/turtlebot3_ws/src/install/robot_goal/include/robot_goal/robot_goal/msg/rosidl_generator_c__visibility_control.h
-- Up-to-date: /home/lennoxtr/turtlebot3_ws/src/install/robot_goal/share/robot_goal/environment/library_path.sh
-- Installing: /home/lennoxtr/turtlebot3_ws/src/install/robot_goal/share/robot_goal/environment/library_path.dsv
-- Up-to-date: /home/lennoxtr/turtlebot3_ws/src/install/robot_goal/lib/librobot_goal__rosidl_generator_c.so
-- Up-to-date: /home/lennoxtr/turtlebot3_ws/src/install/robot_goal/include/robot_goal/robot_goal
-- Up-to-date: /home/lennoxtr/turtlebot3_ws/src/install/robot_goal/include/robot_goal/robot_goal/msg
-- Up-to-date: /home/lennoxtr/turtlebot3_ws/src/install/robot_goal/include/robot_goal/robot_goal/msg/rosidl_typesupport_fastrtps_c__visibility_control.h
-- Up-to-date: /home/lennoxtr/turtlebot3_ws/src/install/robot_goal/include/robot_goal/robot_goal/msg/detail
-- Up-to-date: /home/lennoxtr/turtlebot3_ws/src/install/robot_goal/include/robot_goal/robot_goal/msg/detail/goal__rosidl_typesupport_fastrtps_c.h
-- Up-to-date: /home/lennoxtr/turtlebot3_ws/src/install/robot_goal/lib/librobot_goal__rosidl_typesupport_fastrtps_c.so
-- Up-to-date: /home/lennoxtr/turtlebot3_ws/src/install/robot_goal/include/robot_goal/robot_goal
-- Up-to-date: /home/lennoxtr/turtlebot3_ws/src/install/robot_goal/include/robot_goal/robot_goal/msg
-- Up-to-date: /home/lennoxtr/turtlebot3_ws/src/install/robot_goal/include/robot_goal/robot_goal/msg/rosidl_typesupport_introspection_c__visibility_control.h
-- Up-to-date: /home/lennoxtr/turtlebot3_ws/src/install/robot_goal/include/robot_goal/robot_goal/msg/detail
-- Up-to-date: /home/lennoxtr/turtlebot3_ws/src/install/robot_goal/include/robot_goal/robot_goal/msg/detail/goal__type_support.c
-- Up-to-date: /home/lennoxtr/turtlebot3_ws/src/install/robot_goal/include/robot_goal/robot_goal/msg/detail/goal__rosidl_typesupport_introspection_c.h
-- Up-to-date: /home/lennoxtr/turtlebot3_ws/src/install/robot_goal/lib/librobot_goal__rosidl_typesupport_introspection_c.so
-- Up-to-date: /home/lennoxtr/turtlebot3_ws/src/install/robot_goal/lib/librobot_goal__rosidl_typesupport_c.so
-- Up-to-date: /home/lennoxtr/turtlebot3_ws/src/install/robot_goal/include/robot_goal/robot_goal
-- Up-to-date: /home/lennoxtr/turtlebot3_ws/src/install/robot_goal/include/robot_goal/robot_goal/msg
-- Up-to-date: /home/lennoxtr/turtlebot3_ws/src/install/robot_goal/include/robot_goal/robot_goal/msg/goal.hpp
-- Up-to-date: /home/lennoxtr/turtlebot3_ws/src/install/robot_goal/include/robot_goal/robot_goal/msg/detail
-- Up-to-date: /home/lennoxtr/turtlebot3_ws/src/install/robot_goal/include/robot_goal/robot_goal/msg/detail/goal__struct.hpp
-- Up-to-date: /home/lennoxtr/turtlebot3_ws/src/install/robot_goal/include/robot_goal/robot_goal/msg/detail/goal__traits.hpp
-- Up-to-date: /home/lennoxtr/turtlebot3_ws/src/install/robot_goal/include/robot_goal/robot_goal/msg/detail/goal__builder.hpp
-- Up-to-date: /home/lennoxtr/turtlebot3_ws/src/install/robot_goal/include/robot_goal/robot_goal
-- Up-to-date: /home/lennoxtr/turtlebot3_ws/src/install/robot_goal/include/robot_goal/robot_goal/msg
-- Up-to-date: /home/lennoxtr/turtlebot3_ws/src/install/robot_goal/include/robot_goal/robot_goal/msg/rosidl_typesupport_fastrtps_cpp__visibility_control.h
-- Up-to-date: /home/lennoxtr/turtlebot3_ws/src/install/robot_goal/include/robot_goal/robot_goal/msg/detail
-- Up-to-date: /home/lennoxtr/turtlebot3_ws/src/install/robot_goal/include/robot_goal/robot_goal/msg/detail/goal__rosidl_typesupport_fastrtps_cpp.hpp
-- Up-to-date: /home/lennoxtr/turtlebot3_ws/src/install/robot_goal/include/robot_goal/robot_goal/msg/detail/dds_fastrtps
-- Up-to-date: /home/lennoxtr/turtlebot3_ws/src/install/robot_goal/lib/librobot_goal__rosidl_typesupport_fastrtps_cpp.so
-- Up-to-date: /home/lennoxtr/turtlebot3_ws/src/install/robot_goal/include/robot_goal/robot_goal
-- Up-to-date: /home/lennoxtr/turtlebot3_ws/src/install/robot_goal/include/robot_goal/robot_goal/msg
-- Up-to-date: /home/lennoxtr/turtlebot3_ws/src/install/robot_goal/include/robot_goal/robot_goal/msg/detail
-- Up-to-date: /home/lennoxtr/turtlebot3_ws/src/install/robot_goal/include/robot_goal/robot_goal/msg/detail/goal__rosidl_typesupport_introspection_cpp.hpp
-- Up-to-date: /home/lennoxtr/turtlebot3_ws/src/install/robot_goal/include/robot_goal/robot_goal/msg/detail/goal__type_support.cpp
-- Up-to-date: /home/lennoxtr/turtlebot3_ws/src/install/robot_goal/lib/librobot_goal__rosidl_typesupport_introspection_cpp.so
-- Up-to-date: /home/lennoxtr/turtlebot3_ws/src/install/robot_goal/lib/librobot_goal__rosidl_typesupport_cpp.so
-- Up-to-date: /home/lennoxtr/turtlebot3_ws/src/install/robot_goal/share/robot_goal/environment/pythonpath.sh
-- Installing: /home/lennoxtr/turtlebot3_ws/src/install/robot_goal/share/robot_goal/environment/pythonpath.dsv
-- Up-to-date: /home/lennoxtr/turtlebot3_ws/src/install/robot_goal/local/lib/python3.10/dist-packages/robot_goal-0.0.0-py3.10.egg-info
-- Installing: /home/lennoxtr/turtlebot3_ws/src/install/robot_goal/local/lib/python3.10/dist-packages/robot_goal-0.0.0-py3.10.egg-info/dependency_links.txt
-- Installing: /home/lennoxtr/turtlebot3_ws/src/install/robot_goal/local/lib/python3.10/dist-packages/robot_goal-0.0.0-py3.10.egg-info/SOURCES.txt
-- Installing: /home/lennoxtr/turtlebot3_ws/src/install/robot_goal/local/lib/python3.10/dist-packages/robot_goal-0.0.0-py3.10.egg-info/PKG-INFO
-- Installing: /home/lennoxtr/turtlebot3_ws/src/install/robot_goal/local/lib/python3.10/dist-packages/robot_goal-0.0.0-py3.10.egg-info/top_level.txt
-- Up-to-date: /home/lennoxtr/turtlebot3_ws/src/install/robot_goal/local/lib/python3.10/dist-packages/robot_goal
-- Up-to-date: /home/lennoxtr/turtlebot3_ws/src/install/robot_goal/local/lib/python3.10/dist-packages/robot_goal/robot_goal_s__rosidl_typesupport_introspection_c.cpython-310-x86_64-linux-gnu.so
-- Up-to-date: /home/lennoxtr/turtlebot3_ws/src/install/robot_goal/local/lib/python3.10/dist-packages/robot_goal/_robot_goal_s.ep.rosidl_typesupport_introspection_c.c
-- Installing: /home/lennoxtr/turtlebot3_ws/src/install/robot_goal/local/lib/python3.10/dist-packages/robot_goal/__init__.py
-- Up-to-date: /home/lennoxtr/turtlebot3_ws/src/install/robot_goal/local/lib/python3.10/dist-packages/robot_goal/robot_goal_s__rosidl_typesupport_fastrtps_c.cpython-310-x86_64-linux-gnu.so
-- Up-to-date: /home/lennoxtr/turtlebot3_ws/src/install/robot_goal/local/lib/python3.10/dist-packages/robot_goal/librobot_goal__rosidl_generator_py.so
-- Up-to-date: /home/lennoxtr/turtlebot3_ws/src/install/robot_goal/local/lib/python3.10/dist-packages/robot_goal/msg
-- Up-to-date: /home/lennoxtr/turtlebot3_ws/src/install/robot_goal/local/lib/python3.10/dist-packages/robot_goal/msg/_goal_s.c
-- Up-to-date: /home/lennoxtr/turtlebot3_ws/src/install/robot_goal/local/lib/python3.10/dist-packages/robot_goal/msg/__init__.py
-- Up-to-date: /home/lennoxtr/turtlebot3_ws/src/install/robot_goal/local/lib/python3.10/dist-packages/robot_goal/msg/_goal.py
-- Up-to-date: /home/lennoxtr/turtlebot3_ws/src/install/robot_goal/local/lib/python3.10/dist-packages/robot_goal/_robot_goal_s.ep.rosidl_typesupport_fastrtps_c.c
-- Up-to-date: /home/lennoxtr/turtlebot3_ws/src/install/robot_goal/local/lib/python3.10/dist-packages/robot_goal/_robot_goal_s.ep.rosidl_typesupport_c.c
-- Up-to-date: /home/lennoxtr/turtlebot3_ws/src/install/robot_goal/local/lib/python3.10/dist-packages/robot_goal/robot_goal_s__rosidl_typesupport_c.cpython-310-x86_64-linux-gnu.so
Listing '/home/lennoxtr/turtlebot3_ws/src/install/robot_goal/local/lib/python3.10/dist-packages/robot_goal'...
Compiling '/home/lennoxtr/turtlebot3_ws/src/install/robot_goal/local/lib/python3.10/dist-packages/robot_goal/__init__.py'...
Listing '/home/lennoxtr/turtlebot3_ws/src/install/robot_goal/local/lib/python3.10/dist-packages/robot_goal/msg'...
-- Up-to-date: /home/lennoxtr/turtlebot3_ws/src/install/robot_goal/local/lib/python3.10/dist-packages/robot_goal/robot_goal_s__rosidl_typesupport_fastrtps_c.cpython-310-x86_64-linux-gnu.so
-- Up-to-date: /home/lennoxtr/turtlebot3_ws/src/install/robot_goal/local/lib/python3.10/dist-packages/robot_goal/robot_goal_s__rosidl_typesupport_introspection_c.cpython-310-x86_64-linux-gnu.so
-- Up-to-date: /home/lennoxtr/turtlebot3_ws/src/install/robot_goal/local/lib/python3.10/dist-packages/robot_goal/robot_goal_s__rosidl_typesupport_c.cpython-310-x86_64-linux-gnu.so
-- Up-to-date: /home/lennoxtr/turtlebot3_ws/src/install/robot_goal/lib/librobot_goal__rosidl_generator_py.so
-- Up-to-date: /home/lennoxtr/turtlebot3_ws/src/install/robot_goal/share/robot_goal/msg/Goal.idl
-- Up-to-date: /home/lennoxtr/turtlebot3_ws/src/install/robot_goal/share/robot_goal/msg/Goal.msg
-- Up-to-date: /home/lennoxtr/turtlebot3_ws/src/install/robot_goal/share/ament_index/resource_index/package_run_dependencies/robot_goal
-- Up-to-date: /home/lennoxtr/turtlebot3_ws/src/install/robot_goal/share/ament_index/resource_index/parent_prefix_path/robot_goal
-- Up-to-date: /home/lennoxtr/turtlebot3_ws/src/install/robot_goal/share/robot_goal/environment/ament_prefix_path.sh
-- Installing: /home/lennoxtr/turtlebot3_ws/src/install/robot_goal/share/robot_goal/environment/ament_prefix_path.dsv
-- Up-to-date: /home/lennoxtr/turtlebot3_ws/src/install/robot_goal/share/robot_goal/environment/path.sh
-- Installing: /home/lennoxtr/turtlebot3_ws/src/install/robot_goal/share/robot_goal/environment/path.dsv
-- Up-to-date: /home/lennoxtr/turtlebot3_ws/src/install/robot_goal/share/robot_goal/local_setup.bash
-- Up-to-date: /home/lennoxtr/turtlebot3_ws/src/install/robot_goal/share/robot_goal/local_setup.sh
-- Up-to-date: /home/lennoxtr/turtlebot3_ws/src/install/robot_goal/share/robot_goal/local_setup.zsh
-- Installing: /home/lennoxtr/turtlebot3_ws/src/install/robot_goal/share/robot_goal/local_setup.dsv
-- Installing: /home/lennoxtr/turtlebot3_ws/src/install/robot_goal/share/robot_goal/package.dsv
-- Up-to-date: /home/lennoxtr/turtlebot3_ws/src/install/robot_goal/share/ament_index/resource_index/packages/robot_goal
-- Up-to-date: /home/lennoxtr/turtlebot3_ws/src/install/robot_goal/share/robot_goal/cmake/export_robot_goal__rosidl_generator_cExport.cmake
-- Up-to-date: /home/lennoxtr/turtlebot3_ws/src/install/robot_goal/share/robot_goal/cmake/export_robot_goal__rosidl_generator_cExport-noconfig.cmake
-- Up-to-date: /home/lennoxtr/turtlebot3_ws/src/install/robot_goal/share/robot_goal/cmake/export_robot_goal__rosidl_typesupport_fastrtps_cExport.cmake
-- Up-to-date: /home/lennoxtr/turtlebot3_ws/src/install/robot_goal/share/robot_goal/cmake/export_robot_goal__rosidl_typesupport_fastrtps_cExport-noconfig.cmake
-- Up-to-date: /home/lennoxtr/turtlebot3_ws/src/install/robot_goal/share/robot_goal/cmake/robot_goal__rosidl_typesupport_introspection_cExport.cmake
-- Up-to-date: /home/lennoxtr/turtlebot3_ws/src/install/robot_goal/share/robot_goal/cmake/robot_goal__rosidl_typesupport_introspection_cExport-noconfig.cmake
-- Up-to-date: /home/lennoxtr/turtlebot3_ws/src/install/robot_goal/share/robot_goal/cmake/robot_goal__rosidl_typesupport_cExport.cmake
-- Up-to-date: /home/lennoxtr/turtlebot3_ws/src/install/robot_goal/share/robot_goal/cmake/robot_goal__rosidl_typesupport_cExport-noconfig.cmake
-- Up-to-date: /home/lennoxtr/turtlebot3_ws/src/install/robot_goal/share/robot_goal/cmake/export_robot_goal__rosidl_generator_cppExport.cmake
-- Up-to-date: /home/lennoxtr/turtlebot3_ws/src/install/robot_goal/share/robot_goal/cmake/export_robot_goal__rosidl_typesupport_fastrtps_cppExport.cmake
-- Up-to-date: /home/lennoxtr/turtlebot3_ws/src/install/robot_goal/share/robot_goal/cmake/export_robot_goal__rosidl_typesupport_fastrtps_cppExport-noconfig.cmake
-- Up-to-date: /home/lennoxtr/turtlebot3_ws/src/install/robot_goal/share/robot_goal/cmake/robot_goal__rosidl_typesupport_introspection_cppExport.cmake
-- Up-to-date: /home/lennoxtr/turtlebot3_ws/src/install/robot_goal/share/robot_goal/cmake/robot_goal__rosidl_typesupport_introspection_cppExport-noconfig.cmake
-- Up-to-date: /home/lennoxtr/turtlebot3_ws/src/install/robot_goal/share/robot_goal/cmake/robot_goal__rosidl_typesupport_cppExport.cmake
-- Up-to-date: /home/lennoxtr/turtlebot3_ws/src/install/robot_goal/share/robot_goal/cmake/robot_goal__rosidl_typesupport_cppExport-noconfig.cmake
-- Up-to-date: /home/lennoxtr/turtlebot3_ws/src/install/robot_goal/share/robot_goal/cmake/export_robot_goal__rosidl_generator_pyExport.cmake
-- Up-to-date: /home/lennoxtr/turtlebot3_ws/src/install/robot_goal/share/robot_goal/cmake/export_robot_goal__rosidl_generator_pyExport-noconfig.cmake
-- Up-to-date: /home/lennoxtr/turtlebot3_ws/src/install/robot_goal/share/robot_goal/cmake/rosidl_cmake-extras.cmake
-- Up-to-date: /home/lennoxtr/turtlebot3_ws/src/install/robot_goal/share/robot_goal/cmake/ament_cmake_export_include_directories-extras.cmake
-- Up-to-date: /home/lennoxtr/turtlebot3_ws/src/install/robot_goal/share/robot_goal/cmake/ament_cmake_export_libraries-extras.cmake
-- Up-to-date: /home/lennoxtr/turtlebot3_ws/src/install/robot_goal/share/robot_goal/cmake/ament_cmake_export_targets-extras.cmake
-- Up-to-date: /home/lennoxtr/turtlebot3_ws/src/install/robot_goal/share/robot_goal/cmake/rosidl_cmake_export_typesupport_targets-extras.cmake
-- Up-to-date: /home/lennoxtr/turtlebot3_ws/src/install/robot_goal/share/robot_goal/cmake/ament_cmake_export_dependencies-extras.cmake
-- Up-to-date: /home/lennoxtr/turtlebot3_ws/src/install/robot_goal/share/robot_goal/cmake/rosidl_cmake_export_typesupport_libraries-extras.cmake
-- Up-to-date: /home/lennoxtr/turtlebot3_ws/src/install/robot_goal/share/robot_goal/cmake/robot_goalConfig.cmake
-- Up-to-date: /home/lennoxtr/turtlebot3_ws/src/install/robot_goal/share/robot_goal/cmake/robot_goalConfig-version.cmake
-- Installing: /home/lennoxtr/turtlebot3_ws/src/install/robot_goal/share/robot_goal/package.xml
